==============================================================================
TestCases                                                                     
==============================================================================
TestCases.Test User Payment :: To validate Banking - payment to user Functi...
==============================================================================
To validate payment to user functionality with valid data               
  Traceback (most recent call last):
    ~~~~~~~~~~~~~~~~~~~~~~~~~~~~~~~~~~~~~~~~~~~~~~~~~~~~~~~~~~~~~~~~~~~~~~~~~~
    File  C:\Cyclos_project\PilotProject_Cyclos_Team1-5\TestCases\test_user_payment.robot:12
    T:  To validate payment to user functionality with valid data    
    ~~~~~~~~~~~~~~~~~~~~~~~~~~~~~~~~~~~~~~~~~~~~~~~~~~~~~~~~~~~~~~~~~~~~~~~~~~
    File  C:\Cyclos_project\PilotProject_Cyclos_Team1-5\TestCases\test_user_payment.robot:22
      Select the user    
    ~~~~~~~~~~~~~~~~~~~~~~~~~~~~~~~~~~~~~~~~~~~~~~~~~~~~~~~~~~~~~~~~~~~~~~~~~~
    File  C:\Cyclos_project\PilotProject_Cyclos_Team1-5\Resources\PaymentUser.robot:71
      Click Element    ${select_user}
      |  ${select_user} = xpath://div[@class="dropdown-menu show"]//a[1] (str)
______________________________________________________________________________
| FAIL |
Element with locator 'xpath://div[@class="dropdown-menu show"]//a[1]' not found.
------------------------------------------------------------------------------
To validate payment to user functionality with blank user name          
  Traceback (most recent call last):
    ~~~~~~~~~~~~~~~~~~~~~~~~~~~~~~~~~~~~~~~~~~~~~~~~~~~~~~~~~~~~~~~~~~~~~~~~~~
    File  C:\Cyclos_project\PilotProject_Cyclos_Team1-5\TestCases\test_user_payment.robot:35
    T:  To validate payment to user functionality with blank user name    
    ~~~~~~~~~~~~~~~~~~~~~~~~~~~~~~~~~~~~~~~~~~~~~~~~~~~~~~~~~~~~~~~~~~~~~~~~~~
    File  C:\Cyclos_project\PilotProject_Cyclos_Team1-5\TestCases\test_user_payment.robot:42
      Select the option payment to user    
    ~~~~~~~~~~~~~~~~~~~~~~~~~~~~~~~~~~~~~~~~~~~~~~~~~~~~~~~~~~~~~~~~~~~~~~~~~~
    File  C:\Cyclos_project\PilotProject_Cyclos_Team1-5\Resources\PaymentUser.robot:57
      Wait Until Element Is Visible    ${select_payment_to_user}
      |  ${select_payment_to_user} = xpath://div[text()="Payment to user"] (str)
______________________________________________________________________________
| FAIL |
Element 'xpath://div[text()="Payment to user"]' not visible after 5 seconds.
------------------------------------------------------------------------------
To validate payment to user functionality with blank amount field       
  Traceback (most recent call last):
    ~~~~~~~~~~~~~~~~~~~~~~~~~~~~~~~~~~~~~~~~~~~~~~~~~~~~~~~~~~~~~~~~~~~~~~~~~~
    File  C:\Cyclos_project\PilotProject_Cyclos_Team1-5\TestCases\test_user_payment.robot:48
    T:  To validate payment to user functionality with blank amount field    
    ~~~~~~~~~~~~~~~~~~~~~~~~~~~~~~~~~~~~~~~~~~~~~~~~~~~~~~~~~~~~~~~~~~~~~~~~~~
    File  C:\Cyclos_project\PilotProject_Cyclos_Team1-5\TestCases\test_user_payment.robot:50
      Go to Login Page    
    ~~~~~~~~~~~~~~~~~~~~~~~~~~~~~~~~~~~~~~~~~~~~~~~~~~~~~~~~~~~~~~~~~~~~~~~~~~
    File  C:\Cyclos_project\PilotProject_Cyclos_Team1-5\Resources\HomeResource.robot:31
      Click Element    ${login_btn}
      |  ${login_btn} = xpath:(//div[@class="ml-2"])[3] (str)
______________________________________________________________________________
| FAIL |
Element with locator 'xpath:(//div[@class="ml-2"])[3]' not found.
------------------------------------------------------------------------------
To validate payment to user functionality with blank fields             
  Traceback (most recent call last):
    ~~~~~~~~~~~~~~~~~~~~~~~~~~~~~~~~~~~~~~~~~~~~~~~~~~~~~~~~~~~~~~~~~~~~~~~~~~
    File  C:\Cyclos_project\PilotProject_Cyclos_Team1-5\TestCases\test_user_payment.robot:68
    T:  To validate payment to user functionality with blank fields    
    ~~~~~~~~~~~~~~~~~~~~~~~~~~~~~~~~~~~~~~~~~~~~~~~~~~~~~~~~~~~~~~~~~~~~~~~~~~
    File  C:\Cyclos_project\PilotProject_Cyclos_Team1-5\TestCases\test_user_payment.robot:75
      Select the option payment to user    
    ~~~~~~~~~~~~~~~~~~~~~~~~~~~~~~~~~~~~~~~~~~~~~~~~~~~~~~~~~~~~~~~~~~~~~~~~~~
    File  C:\Cyclos_project\PilotProject_Cyclos_Team1-5\Resources\PaymentUser.robot:57
      Wait Until Element Is Visible    ${select_payment_to_user}
      |  ${select_payment_to_user} = xpath://div[text()="Payment to user"] (str)
______________________________________________________________________________
| FAIL |
Element 'xpath://div[text()="Payment to user"]' not visible after 5 seconds.
------------------------------------------------------------------------------
TestCases.Test User Payment :: To validate Banking - payment to us... | FAIL |
4 tests, 0 passed, 4 failed
==============================================================================
TestCases                                                             | FAIL |
4 tests, 0 passed, 4 failed
==============================================================================
Output:  C:\Cyclos_project\PilotProject_Cyclos_Team1-5\TestCases\pabot_results\10\output.xml
