<?xml version="1.0" encoding="UTF-8"?>
<robot generator="Robot 7.0 (Python 3.12.2 on win32)" generated="2024-07-16T16:01:07.375629" rpa="false" schemaversion="5">
<suite id="s1" name="TestCases" source="C:\Users\ASUS\Desktop\PilotProject_Cyclos_Team1-1\TestCases">
<suite id="s1-s1" name="test memberAccount" source="C:\Users\ASUS\Desktop\PilotProject_Cyclos_Team1-1\TestCases\test_memberAccount.robot">
<test id="s1-s1-t1" name="Validate the Member Account" line="13">
<kw name="Open the Browser with URL" owner="GenericResource" type="SETUP">
<kw name="Create Webdriver" owner="SeleniumLibrary">
<msg time="2024-07-16T16:01:07.806092" level="INFO">Creating an instance of the Chrome WebDriver.</msg>
<arg>${brower_name}</arg>
<doc>Creates an instance of Selenium WebDriver.</doc>
<status status="PASS" start="2024-07-16T16:01:07.804742" elapsed="1.861013"/>
</kw>
<kw name="Go To" owner="SeleniumLibrary">
<msg time="2024-07-16T16:01:09.667116" level="INFO">Opening url 'https://demo.cyclos.org/ui/home'</msg>
<arg>${url}</arg>
<doc>Navigates the current browser window to the provided ``url``.</doc>
<status status="PASS" start="2024-07-16T16:01:09.665755" elapsed="3.780015"/>
</kw>
<kw name="Maximize Browser Window" owner="SeleniumLibrary">
<doc>Maximizes current browser window.</doc>
<status status="PASS" start="2024-07-16T16:01:13.445770" elapsed="0.155924"/>
</kw>
<kw name="Set Selenium Implicit Wait" owner="SeleniumLibrary">
<arg>5</arg>
<doc>Sets the implicit wait value used by Selenium.</doc>
<status status="PASS" start="2024-07-16T16:01:13.601694" elapsed="0.008458"/>
</kw>
<status status="PASS" start="2024-07-16T16:01:07.804742" elapsed="5.805410"/>
</kw>
<kw name="Go to Login Page" owner="HomeResource">
<kw name="Wait Until Element Is Visible" owner="SeleniumLibrary">
<arg>${login_btn}</arg>
<doc>Waits until the element ``locator`` is visible.</doc>
<status status="PASS" start="2024-07-16T16:01:13.611157" elapsed="2.101473"/>
</kw>
<kw name="Click Element" owner="SeleniumLibrary">
<msg time="2024-07-16T16:01:15.713629" level="INFO">Clicking element 'xpath:(//div[@class="ml-2"])[3]'.</msg>
<arg>${login_btn}</arg>
<doc>Click the element identified by ``locator``.</doc>
<status status="PASS" start="2024-07-16T16:01:15.712630" elapsed="0.239199"/>
</kw>
<status status="PASS" start="2024-07-16T16:01:13.610152" elapsed="2.341677"/>
</kw>
<kw name="Fill the login form" owner="LoginResource">
<kw name="Input Text" owner="SeleniumLibrary">
<msg time="2024-07-16T16:01:15.955204" level="INFO">Typing text 'dharun' into text field 'css:input[placeholder="User"]'.</msg>
<arg>${username}</arg>
<arg>${user}</arg>
<doc>Types the given ``text`` into the text field identified by ``locator``.</doc>
<status status="PASS" start="2024-07-16T16:01:15.954204" elapsed="0.378601"/>
</kw>
<kw name="Input Password" owner="SeleniumLibrary">
<msg time="2024-07-16T16:01:16.332805" level="INFO">Typing password into text field 'css:input[placeholder="Password"]'.</msg>
<msg time="2024-07-16T16:01:16.381006" level="INFO">Temporally setting log level to: NONE</msg>
<arg>${password}</arg>
<arg>${pass}</arg>
<doc>Types the given password into the text field identified by ``locator``.</doc>
<status status="PASS" start="2024-07-16T16:01:16.332805" elapsed="0.145998"/>
</kw>
<arg>dharun</arg>
<arg>1234</arg>
<status status="PASS" start="2024-07-16T16:01:15.951829" elapsed="0.526974"/>
</kw>
<kw name="click the login button" owner="LoginResource">
<kw name="Click Button" owner="SeleniumLibrary">
<msg time="2024-07-16T16:01:16.479806" level="INFO">Clicking button 'xpath://button[@class="btn d-flex justify-content-center align-items-center w-100 h-100 btn-primary btn-action-primary"]'.</msg>
<arg>${submit_btn}</arg>
<doc>Clicks the button identified by ``locator``.</doc>
<status status="PASS" start="2024-07-16T16:01:16.479806" elapsed="0.128276"/>
</kw>
<status status="PASS" start="2024-07-16T16:01:16.479806" elapsed="0.128276"/>
</kw>
<kw name="Click the Banking Option" owner="HomeResource">
<kw name="Wait Until Element Is Visible" owner="SeleniumLibrary">
<arg>${Banking}</arg>
<doc>Waits until the element ``locator`` is visible.</doc>
<status status="PASS" start="2024-07-16T16:01:16.609086" elapsed="0.807221"/>
</kw>
<kw name="Click Element" owner="SeleniumLibrary">
<msg time="2024-07-16T16:01:17.417307" level="INFO">Clicking element 'xpath://div[text()='Banking']'.</msg>
<arg>${Banking}</arg>
<doc>Click the element identified by ``locator``.</doc>
<status status="PASS" start="2024-07-16T16:01:17.417307" elapsed="0.509245"/>
</kw>
<status status="PASS" start="2024-07-16T16:01:16.609086" elapsed="1.317466"/>
</kw>
<kw name="Verify the Banking page is displayed" owner="HomeResource">
<kw name="Element Text Should Be" owner="SeleniumLibrary">
<msg time="2024-07-16T16:01:17.927552" level="INFO">Verifying element 'xpath://div[text()='Banking']' contains exact text 'Banking'.</msg>
<arg>${Banking_page_verify}</arg>
<arg>${Banking_page_keyword}</arg>
<doc>Verifies that element ``locator`` contains exact the text ``expected``.</doc>
<status status="PASS" start="2024-07-16T16:01:17.927552" elapsed="0.203592"/>
</kw>
<status status="PASS" start="2024-07-16T16:01:17.926552" elapsed="0.205592"/>
</kw>
<kw name="Verify the Member account page" owner="MemberAccountResource">
<kw name="Wait Until Element Is Visible" owner="SeleniumLibrary">
<arg>${Member_acc}</arg>
<doc>Waits until the element ``locator`` is visible.</doc>
<status status="PASS" start="2024-07-16T16:01:18.132144" elapsed="1.045759"/>
</kw>
<kw name="Click Element" owner="SeleniumLibrary">
<msg time="2024-07-16T16:01:19.177903" level="INFO">Clicking element 'xpath://div[text()='Member account']'.</msg>
<arg>${Member_acc}</arg>
<doc>Click the element identified by ``locator``.</doc>
<status status="PASS" start="2024-07-16T16:01:19.177903" elapsed="0.230450"/>
</kw>
<kw name="Element Text Should Be" owner="SeleniumLibrary">
<msg time="2024-07-16T16:01:19.409352" level="INFO">Verifying element 'xpath://div[text()=' Member account ']' contains exact text 'Member account'.</msg>
<arg>${Member_acc_keyword_xpath}</arg>
<arg>${Member_acc_keyword}</arg>
<doc>Verifies that element ``locator`` contains exact the text ``expected``.</doc>
<status status="PASS" start="2024-07-16T16:01:19.408353" elapsed="0.800260"/>
</kw>
<status status="PASS" start="2024-07-16T16:01:18.132144" elapsed="2.076469"/>
</kw>
<kw name="Verify the balance" owner="MemberAccountResource">
<kw name="Wait Until Element Is Visible" owner="SeleniumLibrary">
<arg>${balance_xpath}</arg>
<doc>Waits until the element ``locator`` is visible.</doc>
<status status="PASS" start="2024-07-16T16:01:20.209614" elapsed="0.119093"/>
</kw>
<kw name="Get Text" owner="SeleniumLibrary">
<msg time="2024-07-16T16:01:20.392677" level="INFO">${balance} = 503,00 IU's</msg>
<var>${balance}</var>
<arg>${balance_xpath}</arg>
<doc>Returns the text value of the element identified by ``locator``.</doc>
<status status="PASS" start="2024-07-16T16:01:20.328707" elapsed="0.063970"/>
</kw>
<kw name="Element Should Contain" owner="SeleniumLibrary">
<msg time="2024-07-16T16:01:20.475595" level="INFO">Element 'xpath://div[@class='status-label col-6 col-sm-3']/following-sibling::div' contains text '503,00 IU's'.</msg>
<arg>${balance_xpath}</arg>
<arg>${balance}</arg>
<doc>Verifies that element ``locator`` contains text ``expected``.</doc>
<status status="PASS" start="2024-07-16T16:01:20.393677" elapsed="0.082918"/>
</kw>
<status status="PASS" start="2024-07-16T16:01:20.209614" elapsed="0.266981"/>
</kw>
<kw name="Assert the transaction data" owner="MemberAccountResource">
<kw name="Wait Until Element Is Visible" owner="SeleniumLibrary">
<arg>${table_xpath}</arg>
<doc>Waits until the element ``locator`` is visible.</doc>
<status status="PASS" start="2024-07-16T16:01:20.477595" elapsed="0.150806"/>
</kw>
<kw name="Get Element Count" owner="SeleniumLibrary">
<msg time="2024-07-16T16:01:20.647535" level="INFO">${element_count} = 1</msg>
<var>${element_count}</var>
<arg>${table_xpath}</arg>
<doc>Returns the number of elements matching ``locator``.</doc>
<status status="PASS" start="2024-07-16T16:01:20.628401" elapsed="0.019134"/>
</kw>
<kw name="Should Not Be Equal As Numbers" owner="BuiltIn">
<msg time="2024-07-16T16:01:20.649539" level="INFO">Argument types are:
&lt;class 'str'&gt;
&lt;class 'int'&gt;</msg>
<arg>0</arg>
<arg>${element_count}</arg>
<doc>Fails if objects are equal after converting them to real numbers.</doc>
<status status="PASS" start="2024-07-16T16:01:20.647535" elapsed="0.002004"/>
</kw>
<status status="PASS" start="2024-07-16T16:01:20.476595" elapsed="0.172944"/>
</kw>
<kw name="Close Browser Session" owner="GenericResource" type="TEARDOWN">
<kw name="Close Browser" owner="SeleniumLibrary">
<doc>Closes the current browser.</doc>
<status status="PASS" start="2024-07-16T16:01:20.650538" elapsed="3.281398"/>
</kw>
<status status="PASS" start="2024-07-16T16:01:20.649539" elapsed="3.282397"/>
</kw>
<doc>validate the balance and transaction</doc>
<tag>smoke</tag>
<status status="PASS" start="2024-07-16T16:01:07.803587" elapsed="16.128349"/>
</test>
<doc>This checks the Member account fubctionality</doc>
<status status="PASS" start="2024-07-16T16:01:07.424657" elapsed="16.508282"/>
</suite>
<status status="PASS" start="2024-07-16T16:01:07.407148" elapsed="16.525791"/>
</suite>
<statistics>
<total>
<stat pass="1" fail="0" skip="0">All Tests</stat>
</total>
<tag>
<stat pass="1" fail="0" skip="0">smoke</stat>
</tag>
<suite>
<stat pass="1" fail="0" skip="0" id="s1" name="TestCases">TestCases</stat>
<stat pass="1" fail="0" skip="0" id="s1-s1" name="test memberAccount">TestCases.test memberAccount</stat>
</suite>
</statistics>
<errors>
</errors>
</robot>
