<?xml version="1.0" encoding="UTF-8"?>
<robot generator="Rebot 7.0 (Python 3.12.2 on win32)" generated="2024-07-10T11:59:25.342368" rpa="false" schemaversion="5">
<suite id="s1" name="TestCases" source="C:\Users\ASUS\Desktop\PilotProject_Cyclos_Team1-1\TestCases">
<suite id="s1-s1" name="Test Advertisement" source="C:\Users\ASUS\Desktop\PilotProject_Cyclos_Team1-1\TestCases\test_advertisement.robot">
<test id="s1-s1-t1" name="verify that the valid keyword is entered in the keyword field" line="14">
<kw name="Open the Browser with URL" owner="GenericResource" type="SETUP">
<kw name="Create Webdriver" owner="SeleniumLibrary">
<msg time="2024-07-10T11:52:29.195789" level="INFO">Creating an instance of the Chrome WebDriver.</msg>
<arg>${brower_name}</arg>
<doc>Creates an instance of Selenium WebDriver.</doc>
<status status="PASS" start="2024-07-10T11:52:29.195789" elapsed="2.893982"/>
</kw>
<kw name="Go To" owner="SeleniumLibrary">
<msg time="2024-07-10T11:52:32.089771" level="INFO">Opening url 'https://demo.cyclos.org/ui/home'</msg>
<arg>${url}</arg>
<doc>Navigates the current browser window to the provided ``url``.</doc>
<status status="PASS" start="2024-07-10T11:52:32.089771" elapsed="2.502753"/>
</kw>
<kw name="Maximize Browser Window" owner="SeleniumLibrary">
<doc>Maximizes current browser window.</doc>
<status status="PASS" start="2024-07-10T11:52:34.593527" elapsed="0.145530"/>
</kw>
<kw name="Set Selenium Implicit Wait" owner="SeleniumLibrary">
<arg>5</arg>
<doc>Sets the implicit wait value used by Selenium.</doc>
<status status="PASS" start="2024-07-10T11:52:34.739057" elapsed="0.003000"/>
</kw>
<status status="PASS" start="2024-07-10T11:52:29.194785" elapsed="5.547272"/>
</kw>
<kw name="Go to Login Page" owner="HomeResource">
<kw name="Sleep" owner="BuiltIn">
<msg time="2024-07-10T11:52:39.743351" level="INFO">Slept 5 seconds.</msg>
<arg>5s</arg>
<doc>Pauses the test executed for the given time.</doc>
<status status="PASS" start="2024-07-10T11:52:34.743057" elapsed="5.000294"/>
</kw>
<kw name="Click Element" owner="SeleniumLibrary">
<msg time="2024-07-10T11:52:39.744359" level="INFO">Clicking element 'xpath:(//div[@class="ml-2"])[3]'.</msg>
<arg>${login_btn}</arg>
<doc>Click the element identified by ``locator``.</doc>
<status status="PASS" start="2024-07-10T11:52:39.744359" elapsed="0.341886"/>
</kw>
<status status="PASS" start="2024-07-10T11:52:34.743057" elapsed="5.343188"/>
</kw>
<kw name="Fill the login form" owner="LoginResource">
<kw name="Input Text" owner="SeleniumLibrary">
<msg time="2024-07-10T11:52:40.088560" level="INFO">Typing text 'Sanjay_stark' into text field 'css:input[placeholder="User"]'.</msg>
<arg>${username}</arg>
<arg>${user}</arg>
<doc>Types the given ``text`` into the text field identified by ``locator``.</doc>
<status status="PASS" start="2024-07-10T11:52:40.087384" elapsed="0.180512"/>
</kw>
<kw name="Input Password" owner="SeleniumLibrary">
<msg time="2024-07-10T11:52:40.268957" level="INFO">Typing password into text field 'css:input[placeholder="Password"]'.</msg>
<msg time="2024-07-10T11:52:40.304775" level="INFO">Temporally setting log level to: NONE</msg>
<arg>${password}</arg>
<arg>${pass}</arg>
<doc>Types the given password into the text field identified by ``locator``.</doc>
<status status="PASS" start="2024-07-10T11:52:40.267896" elapsed="0.127297"/>
</kw>
<arg>Sanjay_stark</arg>
<arg>Sanjay</arg>
<status status="PASS" start="2024-07-10T11:52:40.086245" elapsed="0.308948"/>
</kw>
<kw name="click the login button" owner="LoginResource">
<kw name="Click Button" owner="SeleniumLibrary">
<msg time="2024-07-10T11:52:40.396527" level="INFO">Clicking button 'xpath://button[@class="btn d-flex justify-content-center align-items-center w-100 h-100 btn-primary btn-action-primary"]'.</msg>
<arg>${submit_btn}</arg>
<doc>Clicks the button identified by ``locator``.</doc>
<status status="PASS" start="2024-07-10T11:52:40.396527" elapsed="0.669750"/>
</kw>
<status status="PASS" start="2024-07-10T11:52:40.395193" elapsed="0.671084"/>
</kw>
<kw name="Click on the MarketPlace button" owner="HomeResource">
<kw name="Wait Until Element Is Visible" owner="SeleniumLibrary">
<arg>${Marketplace}</arg>
<doc>Waits until the element ``locator`` is visible.</doc>
<status status="PASS" start="2024-07-10T11:52:41.067277" elapsed="1.896351"/>
</kw>
<kw name="Click Element" owner="SeleniumLibrary">
<msg time="2024-07-10T11:52:42.964911" level="INFO">Clicking element 'xpath://div[text()="Marketplace"]'.</msg>
<arg>${Marketplace}</arg>
<doc>Click the element identified by ``locator``.</doc>
<status status="PASS" start="2024-07-10T11:52:42.964911" elapsed="0.085506"/>
</kw>
<status status="PASS" start="2024-07-10T11:52:41.066277" elapsed="1.984140"/>
</kw>
<kw name="Click on the advertisement page button" owner="AdvertisementResource">
<kw name="Wait Until Element Is Visible" owner="SeleniumLibrary">
<arg>${Advertisement}</arg>
<doc>Waits until the element ``locator`` is visible.</doc>
<status status="PASS" start="2024-07-10T11:52:43.051418" elapsed="2.083221"/>
</kw>
<kw name="Click Element" owner="SeleniumLibrary">
<msg time="2024-07-10T11:52:45.134639" level="INFO">Clicking element 'xpath://div[text()='Advertisements']'.</msg>
<arg>${Advertisement}</arg>
<doc>Click the element identified by ``locator``.</doc>
<status status="PASS" start="2024-07-10T11:52:45.134639" elapsed="0.347949"/>
</kw>
<status status="PASS" start="2024-07-10T11:52:43.050417" elapsed="2.432171"/>
</kw>
<kw name="Sleep" owner="BuiltIn">
<msg time="2024-07-10T11:52:50.483616" level="INFO">Slept 5 seconds.</msg>
<arg>5</arg>
<doc>Pauses the test executed for the given time.</doc>
<status status="PASS" start="2024-07-10T11:52:45.482588" elapsed="5.001028"/>
</kw>
<kw name="Enter the valid Keyword in the keyword box" owner="AdvertisementResource">
<kw name="Input Text" owner="SeleniumLibrary">
<msg time="2024-07-10T11:52:50.485618" level="INFO">Typing text 'food' into text field 'xpath=(//div[@class='d-flex label-value-value']//input)[1]'.</msg>
<arg>${keyword}</arg>
<arg>food</arg>
<doc>Types the given ``text`` into the text field identified by ``locator``.</doc>
<status status="PASS" start="2024-07-10T11:52:50.484619" elapsed="1.718484"/>
</kw>
<status status="PASS" start="2024-07-10T11:52:50.483616" elapsed="1.720491"/>
</kw>
<kw name="verify the keyword based items displayed" owner="AdvertisementResource">
<kw name="Wait Until Element Is Visible" owner="SeleniumLibrary">
<arg>${keyword_based}</arg>
<doc>Waits until the element ``locator`` is visible.</doc>
<status status="PASS" start="2024-07-10T11:52:52.204107" elapsed="2.471263"/>
</kw>
<kw name="Element Text Should Be" owner="SeleniumLibrary">
<msg time="2024-07-10T11:52:54.675370" level="INFO">Verifying element 'xpath:(//div[text()=' food '])[1]' contains exact text 'food'.</msg>
<arg>${keyword_based}</arg>
<arg>food</arg>
<doc>Verifies that element ``locator`` contains exact the text ``expected``.</doc>
<status status="PASS" start="2024-07-10T11:52:54.675370" elapsed="0.076718"/>
</kw>
<status status="PASS" start="2024-07-10T11:52:52.204107" elapsed="2.547981"/>
</kw>
<kw name="Close Browser Session" owner="GenericResource" type="TEARDOWN">
<kw name="Close Browser" owner="SeleniumLibrary">
<doc>Closes the current browser.</doc>
<status status="PASS" start="2024-07-10T11:52:54.753595" elapsed="6.077563"/>
</kw>
<status status="PASS" start="2024-07-10T11:52:54.753089" elapsed="6.078069"/>
</kw>
<doc>Validate the Advetisment functionality by giving a valid keyword</doc>
<tag>Smoke</tag>
<status status="PASS" start="2024-07-10T11:52:29.192655" elapsed="31.638503"/>
</test>
<test id="s1-s1-t2" name="verify that the Invalid keyword is entered in the keyword field" line="28">
<kw name="Open the Browser with URL" owner="GenericResource" type="SETUP">
<kw name="Create Webdriver" owner="SeleniumLibrary">
<msg time="2024-07-10T11:53:00.833157" level="INFO">Creating an instance of the Chrome WebDriver.</msg>
<arg>${brower_name}</arg>
<doc>Creates an instance of Selenium WebDriver.</doc>
<status status="PASS" start="2024-07-10T11:53:00.833157" elapsed="1.582761"/>
</kw>
<kw name="Go To" owner="SeleniumLibrary">
<msg time="2024-07-10T11:53:02.416918" level="INFO">Opening url 'https://demo.cyclos.org/ui/home'</msg>
<arg>${url}</arg>
<doc>Navigates the current browser window to the provided ``url``.</doc>
<status status="PASS" start="2024-07-10T11:53:02.415918" elapsed="2.811761"/>
</kw>
<kw name="Maximize Browser Window" owner="SeleniumLibrary">
<doc>Maximizes current browser window.</doc>
<status status="PASS" start="2024-07-10T11:53:05.227679" elapsed="0.052251"/>
</kw>
<kw name="Set Selenium Implicit Wait" owner="SeleniumLibrary">
<arg>5</arg>
<doc>Sets the implicit wait value used by Selenium.</doc>
<status status="PASS" start="2024-07-10T11:53:05.281389" elapsed="0.008392"/>
</kw>
<status status="PASS" start="2024-07-10T11:53:00.832160" elapsed="4.458621"/>
</kw>
<kw name="Go to Login Page" owner="HomeResource">
<kw name="Sleep" owner="BuiltIn">
<msg time="2024-07-10T11:53:10.292288" level="INFO">Slept 5 seconds.</msg>
<arg>5s</arg>
<doc>Pauses the test executed for the given time.</doc>
<status status="PASS" start="2024-07-10T11:53:05.290781" elapsed="5.001507"/>
</kw>
<kw name="Click Element" owner="SeleniumLibrary">
<msg time="2024-07-10T11:53:10.292794" level="INFO">Clicking element 'xpath:(//div[@class="ml-2"])[3]'.</msg>
<arg>${login_btn}</arg>
<doc>Click the element identified by ``locator``.</doc>
<status status="PASS" start="2024-07-10T11:53:10.292288" elapsed="0.331487"/>
</kw>
<status status="PASS" start="2024-07-10T11:53:05.290781" elapsed="5.334207"/>
</kw>
<kw name="Fill the login form" owner="LoginResource">
<kw name="Input Text" owner="SeleniumLibrary">
<msg time="2024-07-10T11:53:10.625990" level="INFO">Typing text 'Sanjay_stark' into text field 'css:input[placeholder="User"]'.</msg>
<arg>${username}</arg>
<arg>${user}</arg>
<doc>Types the given ``text`` into the text field identified by ``locator``.</doc>
<status status="PASS" start="2024-07-10T11:53:10.624988" elapsed="0.152561"/>
</kw>
<kw name="Input Password" owner="SeleniumLibrary">
<msg time="2024-07-10T11:53:10.778941" level="INFO">Typing password into text field 'css:input[placeholder="Password"]'.</msg>
<msg time="2024-07-10T11:53:10.825806" level="INFO">Temporally setting log level to: NONE</msg>
<arg>${password}</arg>
<arg>${pass}</arg>
<doc>Types the given password into the text field identified by ``locator``.</doc>
<status status="PASS" start="2024-07-10T11:53:10.778941" elapsed="0.113581"/>
</kw>
<arg>Sanjay_stark</arg>
<arg>Sanjay</arg>
<status status="PASS" start="2024-07-10T11:53:10.624988" elapsed="0.267534"/>
</kw>
<kw name="click the login button" owner="LoginResource">
<kw name="Click Button" owner="SeleniumLibrary">
<msg time="2024-07-10T11:53:10.893524" level="INFO">Clicking button 'xpath://button[@class="btn d-flex justify-content-center align-items-center w-100 h-100 btn-primary btn-action-primary"]'.</msg>
<arg>${submit_btn}</arg>
<doc>Clicks the button identified by ``locator``.</doc>
<status status="PASS" start="2024-07-10T11:53:10.893524" elapsed="0.112931"/>
</kw>
<status status="PASS" start="2024-07-10T11:53:10.892522" elapsed="0.113933"/>
</kw>
<kw name="Click on the MarketPlace button" owner="HomeResource">
<kw name="Wait Until Element Is Visible" owner="SeleniumLibrary">
<arg>${Marketplace}</arg>
<doc>Waits until the element ``locator`` is visible.</doc>
<status status="PASS" start="2024-07-10T11:53:11.007455" elapsed="1.415781"/>
</kw>
<kw name="Click Element" owner="SeleniumLibrary">
<msg time="2024-07-10T11:53:12.424285" level="INFO">Clicking element 'xpath://div[text()="Marketplace"]'.</msg>
<arg>${Marketplace}</arg>
<doc>Click the element identified by ``locator``.</doc>
<status status="PASS" start="2024-07-10T11:53:12.424285" elapsed="0.143586"/>
</kw>
<status status="PASS" start="2024-07-10T11:53:11.006455" elapsed="1.561416"/>
</kw>
<kw name="Click on the advertisement page button" owner="AdvertisementResource">
<kw name="Wait Until Element Is Visible" owner="SeleniumLibrary">
<arg>${Advertisement}</arg>
<doc>Waits until the element ``locator`` is visible.</doc>
<status status="PASS" start="2024-07-10T11:53:12.569873" elapsed="1.640374"/>
</kw>
<kw name="Click Element" owner="SeleniumLibrary">
<msg time="2024-07-10T11:53:14.212011" level="INFO">Clicking element 'xpath://div[text()='Advertisements']'.</msg>
<arg>${Advertisement}</arg>
<doc>Click the element identified by ``locator``.</doc>
<status status="PASS" start="2024-07-10T11:53:14.211505" elapsed="0.254593"/>
</kw>
<status status="PASS" start="2024-07-10T11:53:12.567871" elapsed="1.899239"/>
</kw>
<kw name="Sleep" owner="BuiltIn">
<msg time="2024-07-10T11:53:19.467404" level="INFO">Slept 5 seconds.</msg>
<arg>5</arg>
<doc>Pauses the test executed for the given time.</doc>
<status status="PASS" start="2024-07-10T11:53:14.467110" elapsed="5.000294"/>
</kw>
<kw name="Enter the invalid Keyword in the keyword box" owner="AdvertisementResource">
<kw name="Wait Until Element Is Visible" owner="SeleniumLibrary">
<arg>${keyword}</arg>
<doc>Waits until the element ``locator`` is visible.</doc>
<status status="PASS" start="2024-07-10T11:53:19.467404" elapsed="0.041157"/>
</kw>
<kw name="Input Text" owner="SeleniumLibrary">
<msg time="2024-07-10T11:53:19.508561" level="INFO">Typing text '@#$!' into text field 'xpath=(//div[@class='d-flex label-value-value']//input)[1]'.</msg>
<arg>${keyword}</arg>
<arg>@#$!</arg>
<doc>Types the given ``text`` into the text field identified by ``locator``.</doc>
<status status="PASS" start="2024-07-10T11:53:19.508561" elapsed="0.151669"/>
</kw>
<status status="PASS" start="2024-07-10T11:53:19.467404" elapsed="0.192826"/>
</kw>
<kw name="verify the invalid keyword error message is displayed" owner="AdvertisementResource">
<kw name="Wait Until Element Is Visible" owner="SeleniumLibrary">
<arg>${invalid_keyword_message}</arg>
<doc>Waits until the element ``locator`` is visible.</doc>
<status status="PASS" start="2024-07-10T11:53:19.661230" elapsed="2.536782"/>
</kw>
<kw name="Element Text Should Be" owner="SeleniumLibrary">
<msg time="2024-07-10T11:53:22.199211" level="INFO">Verifying element 'xpath://div[text()='Invalid keywords']' contains exact text 'Invalid keywords'.</msg>
<arg>${invalid_keyword_message}</arg>
<arg>Invalid keywords</arg>
<doc>Verifies that element ``locator`` contains exact the text ``expected``.</doc>
<status status="PASS" start="2024-07-10T11:53:22.199211" elapsed="0.043121"/>
</kw>
<status status="PASS" start="2024-07-10T11:53:19.660230" elapsed="2.582102"/>
</kw>
<kw name="Close Browser Session" owner="GenericResource" type="TEARDOWN">
<kw name="Close Browser" owner="SeleniumLibrary">
<doc>Closes the current browser.</doc>
<status status="PASS" start="2024-07-10T11:53:22.243525" elapsed="2.282530"/>
</kw>
<status status="PASS" start="2024-07-10T11:53:22.242332" elapsed="2.283723"/>
</kw>
<doc>To Validate the advertisement functionality with invalid keyword</doc>
<tag>Retest</tag>
<status status="PASS" start="2024-07-10T11:53:00.831158" elapsed="23.694897"/>
</test>
<test id="s1-s1-t3" name="Verify the advertisements functionality with dropdownlist order by Relevance" line="42">
<kw name="Open the Browser with URL" owner="GenericResource" type="SETUP">
<kw name="Create Webdriver" owner="SeleniumLibrary">
<msg time="2024-07-10T11:53:24.528055" level="INFO">Creating an instance of the Chrome WebDriver.</msg>
<arg>${brower_name}</arg>
<doc>Creates an instance of Selenium WebDriver.</doc>
<status status="PASS" start="2024-07-10T11:53:24.528055" elapsed="2.216371"/>
</kw>
<kw name="Go To" owner="SeleniumLibrary">
<msg time="2024-07-10T11:53:26.745429" level="INFO">Opening url 'https://demo.cyclos.org/ui/home'</msg>
<arg>${url}</arg>
<doc>Navigates the current browser window to the provided ``url``.</doc>
<status status="PASS" start="2024-07-10T11:53:26.745429" elapsed="1.561936"/>
</kw>
<kw name="Maximize Browser Window" owner="SeleniumLibrary">
<doc>Maximizes current browser window.</doc>
<status status="PASS" start="2024-07-10T11:53:28.307365" elapsed="2.427862"/>
</kw>
<kw name="Set Selenium Implicit Wait" owner="SeleniumLibrary">
<arg>5</arg>
<doc>Sets the implicit wait value used by Selenium.</doc>
<status status="PASS" start="2024-07-10T11:53:30.736226" elapsed="0.000997"/>
</kw>
<status status="PASS" start="2024-07-10T11:53:24.527055" elapsed="6.210168"/>
</kw>
<kw name="Go to Login Page" owner="HomeResource">
<kw name="Sleep" owner="BuiltIn">
<msg time="2024-07-10T11:53:35.738557" level="INFO">Slept 5 seconds.</msg>
<arg>5s</arg>
<doc>Pauses the test executed for the given time.</doc>
<status status="PASS" start="2024-07-10T11:53:30.738223" elapsed="5.000840"/>
</kw>
<kw name="Click Element" owner="SeleniumLibrary">
<msg time="2024-07-10T11:53:35.739063" level="INFO">Clicking element 'xpath:(//div[@class="ml-2"])[3]'.</msg>
<arg>${login_btn}</arg>
<doc>Click the element identified by ``locator``.</doc>
<status status="PASS" start="2024-07-10T11:53:35.739063" elapsed="1.026510"/>
</kw>
<status status="PASS" start="2024-07-10T11:53:30.737223" elapsed="6.028350"/>
</kw>
<kw name="Fill the login form" owner="LoginResource">
<kw name="Input Text" owner="SeleniumLibrary">
<msg time="2024-07-10T11:53:36.766573" level="INFO">Typing text 'Sanjay_stark' into text field 'css:input[placeholder="User"]'.</msg>
<arg>${username}</arg>
<arg>${user}</arg>
<doc>Types the given ``text`` into the text field identified by ``locator``.</doc>
<status status="PASS" start="2024-07-10T11:53:36.766573" elapsed="0.460684"/>
</kw>
<kw name="Input Password" owner="SeleniumLibrary">
<msg time="2024-07-10T11:53:37.228258" level="INFO">Typing password into text field 'css:input[placeholder="Password"]'.</msg>
<msg time="2024-07-10T11:53:37.270376" level="INFO">Temporally setting log level to: NONE</msg>
<arg>${password}</arg>
<arg>${pass}</arg>
<doc>Types the given password into the text field identified by ``locator``.</doc>
<status status="PASS" start="2024-07-10T11:53:37.227257" elapsed="0.355600"/>
</kw>
<arg>Sanjay_stark</arg>
<arg>Sanjay</arg>
<status status="PASS" start="2024-07-10T11:53:36.765573" elapsed="0.817284"/>
</kw>
<kw name="click the login button" owner="LoginResource">
<kw name="Click Button" owner="SeleniumLibrary">
<msg time="2024-07-10T11:53:37.583363" level="INFO">Clicking button 'xpath://button[@class="btn d-flex justify-content-center align-items-center w-100 h-100 btn-primary btn-action-primary"]'.</msg>
<arg>${submit_btn}</arg>
<doc>Clicks the button identified by ``locator``.</doc>
<status status="PASS" start="2024-07-10T11:53:37.583363" elapsed="0.498274"/>
</kw>
<status status="PASS" start="2024-07-10T11:53:37.583363" elapsed="0.498274"/>
</kw>
<kw name="Click on the MarketPlace button" owner="HomeResource">
<kw name="Wait Until Element Is Visible" owner="SeleniumLibrary">
<arg>${Marketplace}</arg>
<doc>Waits until the element ``locator`` is visible.</doc>
<status status="PASS" start="2024-07-10T11:53:38.083117" elapsed="1.378725"/>
</kw>
<kw name="Click Element" owner="SeleniumLibrary">
<msg time="2024-07-10T11:53:39.463980" level="INFO">Clicking element 'xpath://div[text()="Marketplace"]'.</msg>
<arg>${Marketplace}</arg>
<doc>Click the element identified by ``locator``.</doc>
<status status="PASS" start="2024-07-10T11:53:39.462959" elapsed="0.706200"/>
</kw>
<status status="PASS" start="2024-07-10T11:53:38.083117" elapsed="2.086042"/>
</kw>
<kw name="Click on the advertisement page button" owner="AdvertisementResource">
<kw name="Wait Until Element Is Visible" owner="SeleniumLibrary">
<arg>${Advertisement}</arg>
<doc>Waits until the element ``locator`` is visible.</doc>
<status status="PASS" start="2024-07-10T11:53:40.170629" elapsed="1.575375"/>
</kw>
<kw name="Click Element" owner="SeleniumLibrary">
<msg time="2024-07-10T11:53:41.747053" level="INFO">Clicking element 'xpath://div[text()='Advertisements']'.</msg>
<arg>${Advertisement}</arg>
<doc>Click the element identified by ``locator``.</doc>
<status status="PASS" start="2024-07-10T11:53:41.746004" elapsed="0.365875"/>
</kw>
<status status="PASS" start="2024-07-10T11:53:40.169159" elapsed="1.942720"/>
</kw>
<kw name="Click the show advertisement button" owner="AdvertisementResource">
<kw name="Click Element" owner="SeleniumLibrary">
<msg time="2024-07-10T11:53:42.113877" level="INFO">Clicking element 'xpath://span[text()="Show advertisements"]'.</msg>
<arg>${show_advertisement}</arg>
<doc>Click the element identified by ``locator``.</doc>
<status status="PASS" start="2024-07-10T11:53:42.112877" elapsed="1.556909"/>
</kw>
<status status="PASS" start="2024-07-10T11:53:42.112877" elapsed="1.556909"/>
</kw>
<kw name="Click on the dropdown button Order by" owner="AdvertisementResource">
<kw name="Click Element" owner="SeleniumLibrary">
<msg time="2024-07-10T11:53:43.671780" level="INFO">Clicking element 'xpath://div[@class='w-100 mw-100 text-truncate pr-3']'.</msg>
<arg>${order_By}</arg>
<doc>Click the element identified by ``locator``.</doc>
<status status="PASS" start="2024-07-10T11:53:43.670779" elapsed="0.092763"/>
</kw>
<status status="PASS" start="2024-07-10T11:53:43.669786" elapsed="0.093756"/>
</kw>
<kw name="Select the option relevance" owner="AdvertisementResource">
<kw name="Click Element" owner="SeleniumLibrary">
<msg time="2024-07-10T11:53:43.765542" level="INFO">Clicking element 'xpath://a[@class="select-option mt-1"]'.</msg>
<arg>${Relevance}</arg>
<doc>Click the element identified by ``locator``.</doc>
<status status="PASS" start="2024-07-10T11:53:43.764542" elapsed="0.175225"/>
</kw>
<status status="PASS" start="2024-07-10T11:53:43.763542" elapsed="0.176225"/>
</kw>
<kw name="verify relevance option" owner="AdvertisementResource">
<kw name="Wait Until Element Is Visible" owner="SeleniumLibrary">
<arg>${relevance_item}</arg>
<doc>Waits until the element ``locator`` is visible.</doc>
<status status="PASS" start="2024-07-10T11:53:43.940766" elapsed="0.177303"/>
</kw>
<kw name="Element Text Should Be" owner="SeleniumLibrary">
<msg time="2024-07-10T11:53:44.119070" level="INFO">Verifying element 'xpath:(//div[text()=" Orange "])[1]' contains exact text 'Orange'.</msg>
<arg>${relevance_item}</arg>
<arg>Orange</arg>
<doc>Verifies that element ``locator`` contains exact the text ``expected``.</doc>
<status status="PASS" start="2024-07-10T11:53:44.118069" elapsed="0.037456"/>
</kw>
<status status="PASS" start="2024-07-10T11:53:43.939767" elapsed="0.215758"/>
</kw>
<kw name="Close Browser Session" owner="GenericResource" type="TEARDOWN">
<kw name="Close Browser" owner="SeleniumLibrary">
<doc>Closes the current browser.</doc>
<status status="PASS" start="2024-07-10T11:53:44.156528" elapsed="9.049902"/>
</kw>
<status status="PASS" start="2024-07-10T11:53:44.156528" elapsed="9.049902"/>
</kw>
<doc>To validate the advertisement functionalist with Relevance</doc>
<tag>Smoke</tag>
<status status="PASS" start="2024-07-10T11:53:24.526055" elapsed="28.680375"/>
</test>
<test id="s1-s1-t4" name="Verify the advertisements functionality with dropdownlist order by last published" line="56">
<kw name="Open the Browser with URL" owner="GenericResource" type="SETUP">
<kw name="Create Webdriver" owner="SeleniumLibrary">
<msg time="2024-07-10T11:53:53.209461" level="INFO">Creating an instance of the Chrome WebDriver.</msg>
<arg>${brower_name}</arg>
<doc>Creates an instance of Selenium WebDriver.</doc>
<status status="PASS" start="2024-07-10T11:53:53.208461" elapsed="1.803131"/>
</kw>
<kw name="Go To" owner="SeleniumLibrary">
<msg time="2024-07-10T11:53:55.012592" level="INFO">Opening url 'https://demo.cyclos.org/ui/home'</msg>
<arg>${url}</arg>
<doc>Navigates the current browser window to the provided ``url``.</doc>
<status status="PASS" start="2024-07-10T11:53:55.011592" elapsed="3.250122"/>
</kw>
<kw name="Maximize Browser Window" owner="SeleniumLibrary">
<doc>Maximizes current browser window.</doc>
<status status="PASS" start="2024-07-10T11:53:58.262716" elapsed="0.094833"/>
</kw>
<kw name="Set Selenium Implicit Wait" owner="SeleniumLibrary">
<arg>5</arg>
<doc>Sets the implicit wait value used by Selenium.</doc>
<status status="PASS" start="2024-07-10T11:53:58.358553" elapsed="0.016853"/>
</kw>
<status status="PASS" start="2024-07-10T11:53:53.208461" elapsed="5.166945"/>
</kw>
<kw name="Go to Login Page" owner="HomeResource">
<kw name="Sleep" owner="BuiltIn">
<msg time="2024-07-10T11:54:03.376923" level="INFO">Slept 5 seconds.</msg>
<arg>5s</arg>
<doc>Pauses the test executed for the given time.</doc>
<status status="PASS" start="2024-07-10T11:53:58.376407" elapsed="5.000516"/>
</kw>
<kw name="Click Element" owner="SeleniumLibrary">
<msg time="2024-07-10T11:54:03.377430" level="INFO">Clicking element 'xpath:(//div[@class="ml-2"])[3]'.</msg>
<arg>${login_btn}</arg>
<doc>Click the element identified by ``locator``.</doc>
<status status="PASS" start="2024-07-10T11:54:03.377430" elapsed="1.113218"/>
</kw>
<status status="PASS" start="2024-07-10T11:53:58.375406" elapsed="6.115242"/>
</kw>
<kw name="Fill the login form" owner="LoginResource">
<kw name="Input Text" owner="SeleniumLibrary">
<msg time="2024-07-10T11:54:04.492648" level="INFO">Typing text 'Sanjay_stark' into text field 'css:input[placeholder="User"]'.</msg>
<arg>${username}</arg>
<arg>${user}</arg>
<doc>Types the given ``text`` into the text field identified by ``locator``.</doc>
<status status="PASS" start="2024-07-10T11:54:04.492648" elapsed="2.005235"/>
</kw>
<kw name="Input Password" owner="SeleniumLibrary">
<msg time="2024-07-10T11:54:06.497883" level="INFO">Typing password into text field 'css:input[placeholder="Password"]'.</msg>
<msg time="2024-07-10T11:54:06.733547" level="INFO">Temporally setting log level to: NONE</msg>
<arg>${password}</arg>
<arg>${pass}</arg>
<doc>Types the given password into the text field identified by ``locator``.</doc>
<status status="PASS" start="2024-07-10T11:54:06.497883" elapsed="0.978736"/>
</kw>
<arg>Sanjay_stark</arg>
<arg>Sanjay</arg>
<status status="PASS" start="2024-07-10T11:54:04.491648" elapsed="2.985976"/>
</kw>
<kw name="click the login button" owner="LoginResource">
<kw name="Click Button" owner="SeleniumLibrary">
<msg time="2024-07-10T11:54:07.480122" level="INFO">Clicking button 'xpath://button[@class="btn d-flex justify-content-center align-items-center w-100 h-100 btn-primary btn-action-primary"]'.</msg>
<arg>${submit_btn}</arg>
<doc>Clicks the button identified by ``locator``.</doc>
<status status="PASS" start="2024-07-10T11:54:07.479112" elapsed="0.141890"/>
</kw>
<status status="PASS" start="2024-07-10T11:54:07.477624" elapsed="0.143378"/>
</kw>
<kw name="Click on the MarketPlace button" owner="HomeResource">
<kw name="Wait Until Element Is Visible" owner="SeleniumLibrary">
<arg>${Marketplace}</arg>
<doc>Waits until the element ``locator`` is visible.</doc>
<status status="PASS" start="2024-07-10T11:54:07.622003" elapsed="2.294296"/>
</kw>
<kw name="Click Element" owner="SeleniumLibrary">
<msg time="2024-07-10T11:54:09.917809" level="INFO">Clicking element 'xpath://div[text()="Marketplace"]'.</msg>
<arg>${Marketplace}</arg>
<doc>Click the element identified by ``locator``.</doc>
<status status="PASS" start="2024-07-10T11:54:09.916299" elapsed="0.123333"/>
</kw>
<status status="PASS" start="2024-07-10T11:54:07.622003" elapsed="2.419143"/>
</kw>
<kw name="Click on the advertisement page button" owner="AdvertisementResource">
<kw name="Wait Until Element Is Visible" owner="SeleniumLibrary">
<arg>${Advertisement}</arg>
<doc>Waits until the element ``locator`` is visible.</doc>
<status status="PASS" start="2024-07-10T11:54:10.042150" elapsed="1.727908"/>
</kw>
<kw name="Click Element" owner="SeleniumLibrary">
<msg time="2024-07-10T11:54:11.773575" level="INFO">Clicking element 'xpath://div[text()='Advertisements']'.</msg>
<arg>${Advertisement}</arg>
<doc>Click the element identified by ``locator``.</doc>
<status status="PASS" start="2024-07-10T11:54:11.771056" elapsed="0.190118"/>
</kw>
<status status="PASS" start="2024-07-10T11:54:10.041146" elapsed="1.920028"/>
</kw>
<kw name="Click the show advertisement button" owner="AdvertisementResource">
<kw name="Click Element" owner="SeleniumLibrary">
<msg time="2024-07-10T11:54:11.962687" level="INFO">Clicking element 'xpath://span[text()="Show advertisements"]'.</msg>
<arg>${show_advertisement}</arg>
<doc>Click the element identified by ``locator``.</doc>
<status status="PASS" start="2024-07-10T11:54:11.962179" elapsed="0.737206"/>
</kw>
<status status="PASS" start="2024-07-10T11:54:11.961174" elapsed="0.738211"/>
</kw>
<kw name="Click on the dropdown button Order by" owner="AdvertisementResource">
<kw name="Click Element" owner="SeleniumLibrary">
<msg time="2024-07-10T11:54:12.700388" level="INFO">Clicking element 'xpath://div[@class='w-100 mw-100 text-truncate pr-3']'.</msg>
<arg>${order_By}</arg>
<doc>Click the element identified by ``locator``.</doc>
<status status="PASS" start="2024-07-10T11:54:12.700388" elapsed="0.145768"/>
</kw>
<status status="PASS" start="2024-07-10T11:54:12.699385" elapsed="0.147776"/>
</kw>
<kw name="Select the option last published" owner="AdvertisementResource">
<kw name="Click Element" owner="SeleniumLibrary">
<msg time="2024-07-10T11:54:12.849161" level="INFO">Clicking element 'xpath://div[@class="dropdown-menu show"]//a[2]'.</msg>
<arg>${last_published}</arg>
<doc>Click the element identified by ``locator``.</doc>
<status status="PASS" start="2024-07-10T11:54:12.848162" elapsed="0.503640"/>
</kw>
<status status="PASS" start="2024-07-10T11:54:12.847161" elapsed="0.504641"/>
</kw>
<kw name="verify relevance option" owner="AdvertisementResource">
<kw name="Wait Until Element Is Visible" owner="SeleniumLibrary">
<arg>${relevance_item}</arg>
<doc>Waits until the element ``locator`` is visible.</doc>
<status status="PASS" start="2024-07-10T11:54:13.355810" elapsed="0.161791"/>
</kw>
<kw name="Element Text Should Be" owner="SeleniumLibrary">
<msg time="2024-07-10T11:54:13.522112" level="INFO">Verifying element 'xpath:(//div[text()=" Orange "])[1]' contains exact text 'Orange'.</msg>
<arg>${relevance_item}</arg>
<arg>Orange</arg>
<doc>Verifies that element ``locator`` contains exact the text ``expected``.</doc>
<status status="PASS" start="2024-07-10T11:54:13.518600" elapsed="0.047506"/>
</kw>
<status status="PASS" start="2024-07-10T11:54:13.354809" elapsed="0.211297"/>
</kw>
<kw name="Close Browser Session" owner="GenericResource" type="TEARDOWN">
<kw name="Close Browser" owner="SeleniumLibrary">
<doc>Closes the current browser.</doc>
<status status="PASS" start="2024-07-10T11:54:13.567620" elapsed="2.866984"/>
</kw>
<status status="PASS" start="2024-07-10T11:54:13.566613" elapsed="2.867991"/>
</kw>
<doc>To validate the advertisement functionalist with last published</doc>
<tag>Smoke</tag>
<status status="PASS" start="2024-07-10T11:53:53.207452" elapsed="23.228526"/>
</test>
<test id="s1-s1-t5" name="Verify the advertisements functionality with dropdownlist order by lowest" line="71">
<kw name="Open the Browser with URL" owner="GenericResource" type="SETUP">
<kw name="Create Webdriver" owner="SeleniumLibrary">
<msg time="2024-07-10T11:54:16.439447" level="INFO">Creating an instance of the Chrome WebDriver.</msg>
<arg>${brower_name}</arg>
<doc>Creates an instance of Selenium WebDriver.</doc>
<status status="PASS" start="2024-07-10T11:54:16.437983" elapsed="2.772525"/>
</kw>
<kw name="Go To" owner="SeleniumLibrary">
<msg time="2024-07-10T11:54:19.211508" level="INFO">Opening url 'https://demo.cyclos.org/ui/home'</msg>
<arg>${url}</arg>
<doc>Navigates the current browser window to the provided ``url``.</doc>
<status status="PASS" start="2024-07-10T11:54:19.210508" elapsed="8.946901"/>
</kw>
<kw name="Maximize Browser Window" owner="SeleniumLibrary">
<doc>Maximizes current browser window.</doc>
<status status="PASS" start="2024-07-10T11:54:28.159450" elapsed="0.172114"/>
</kw>
<kw name="Set Selenium Implicit Wait" owner="SeleniumLibrary">
<arg>5</arg>
<doc>Sets the implicit wait value used by Selenium.</doc>
<status status="PASS" start="2024-07-10T11:54:28.332564" elapsed="0.004000"/>
</kw>
<status status="PASS" start="2024-07-10T11:54:16.437983" elapsed="11.899090"/>
</kw>
<kw name="Go to Login Page" owner="HomeResource">
<kw name="Sleep" owner="BuiltIn">
<msg time="2024-07-10T11:54:33.339444" level="INFO">Slept 5 seconds.</msg>
<arg>5s</arg>
<doc>Pauses the test executed for the given time.</doc>
<status status="PASS" start="2024-07-10T11:54:28.338080" elapsed="5.001364"/>
</kw>
<kw name="Click Element" owner="SeleniumLibrary">
<msg time="2024-07-10T11:54:33.341474" level="INFO">Clicking element 'xpath:(//div[@class="ml-2"])[3]'.</msg>
<arg>${login_btn}</arg>
<doc>Click the element identified by ``locator``.</doc>
<status status="PASS" start="2024-07-10T11:54:33.340477" elapsed="0.200069"/>
</kw>
<status status="PASS" start="2024-07-10T11:54:28.338080" elapsed="5.202466"/>
</kw>
<kw name="Fill the login form" owner="LoginResource">
<kw name="Input Text" owner="SeleniumLibrary">
<msg time="2024-07-10T11:54:33.544068" level="INFO">Typing text 'Sanjay_stark' into text field 'css:input[placeholder="User"]'.</msg>
<arg>${username}</arg>
<arg>${user}</arg>
<doc>Types the given ``text`` into the text field identified by ``locator``.</doc>
<status status="PASS" start="2024-07-10T11:54:33.543068" elapsed="0.398277"/>
</kw>
<kw name="Input Password" owner="SeleniumLibrary">
<msg time="2024-07-10T11:54:33.943122" level="INFO">Typing password into text field 'css:input[placeholder="Password"]'.</msg>
<msg time="2024-07-10T11:54:34.015263" level="INFO">Temporally setting log level to: NONE</msg>
<arg>${password}</arg>
<arg>${pass}</arg>
<doc>Types the given password into the text field identified by ``locator``.</doc>
<status status="PASS" start="2024-07-10T11:54:33.943122" elapsed="0.179794"/>
</kw>
<arg>Sanjay_stark</arg>
<arg>Sanjay</arg>
<status status="PASS" start="2024-07-10T11:54:33.540546" elapsed="0.582370"/>
</kw>
<kw name="click the login button" owner="LoginResource">
<kw name="Click Button" owner="SeleniumLibrary">
<msg time="2024-07-10T11:54:34.125189" level="INFO">Clicking button 'xpath://button[@class="btn d-flex justify-content-center align-items-center w-100 h-100 btn-primary btn-action-primary"]'.</msg>
<arg>${submit_btn}</arg>
<doc>Clicks the button identified by ``locator``.</doc>
<status status="PASS" start="2024-07-10T11:54:34.124183" elapsed="0.122840"/>
</kw>
<status status="PASS" start="2024-07-10T11:54:34.124183" elapsed="0.122840"/>
</kw>
<kw name="Click on the MarketPlace button" owner="HomeResource">
<kw name="Wait Until Element Is Visible" owner="SeleniumLibrary">
<arg>${Marketplace}</arg>
<doc>Waits until the element ``locator`` is visible.</doc>
<status status="PASS" start="2024-07-10T11:54:34.248376" elapsed="1.275025"/>
</kw>
<kw name="Click Element" owner="SeleniumLibrary">
<msg time="2024-07-10T11:54:35.524467" level="INFO">Clicking element 'xpath://div[text()="Marketplace"]'.</msg>
<arg>${Marketplace}</arg>
<doc>Click the element identified by ``locator``.</doc>
<status status="PASS" start="2024-07-10T11:54:35.524467" elapsed="0.169481"/>
</kw>
<status status="PASS" start="2024-07-10T11:54:34.247023" elapsed="1.446925"/>
</kw>
<kw name="Click on the advertisement page button" owner="AdvertisementResource">
<kw name="Wait Until Element Is Visible" owner="SeleniumLibrary">
<arg>${Advertisement}</arg>
<doc>Waits until the element ``locator`` is visible.</doc>
<status status="PASS" start="2024-07-10T11:54:35.694952" elapsed="1.580694"/>
</kw>
<kw name="Click Element" owner="SeleniumLibrary">
<msg time="2024-07-10T11:54:37.276652" level="INFO">Clicking element 'xpath://div[text()='Advertisements']'.</msg>
<arg>${Advertisement}</arg>
<doc>Click the element identified by ``locator``.</doc>
<status status="PASS" start="2024-07-10T11:54:37.275646" elapsed="0.599054"/>
</kw>
<status status="PASS" start="2024-07-10T11:54:35.694952" elapsed="2.180751"/>
</kw>
<kw name="Click the show advertisement button" owner="AdvertisementResource">
<kw name="Click Element" owner="SeleniumLibrary">
<msg time="2024-07-10T11:54:37.878213" level="INFO">Clicking element 'xpath://span[text()="Show advertisements"]'.</msg>
<arg>${show_advertisement}</arg>
<doc>Click the element identified by ``locator``.</doc>
<status status="PASS" start="2024-07-10T11:54:37.877702" elapsed="1.674902"/>
</kw>
<status status="PASS" start="2024-07-10T11:54:37.876703" elapsed="1.675901"/>
</kw>
<kw name="Click on the dropdown button Order by" owner="AdvertisementResource">
<kw name="Click Element" owner="SeleniumLibrary">
<msg time="2024-07-10T11:54:39.553604" level="INFO">Clicking element 'xpath://div[@class='w-100 mw-100 text-truncate pr-3']'.</msg>
<arg>${order_By}</arg>
<doc>Click the element identified by ``locator``.</doc>
<status status="PASS" start="2024-07-10T11:54:39.553604" elapsed="1.032747"/>
</kw>
<status status="PASS" start="2024-07-10T11:54:39.552604" elapsed="1.033747"/>
</kw>
<kw name="Select the option lowest price" owner="AdvertisementResource">
<kw name="Click Element" owner="SeleniumLibrary">
<msg time="2024-07-10T11:54:40.587350" level="INFO">Clicking element 'xpath://div[@class="dropdown-menu show"]//a[3]'.</msg>
<arg>${lowest_price}</arg>
<doc>Click the element identified by ``locator``.</doc>
<status status="PASS" start="2024-07-10T11:54:40.587350" elapsed="0.367406"/>
</kw>
<status status="PASS" start="2024-07-10T11:54:40.586351" elapsed="0.368405"/>
</kw>
<kw name="verify the lowest price" owner="AdvertisementResource">
<kw name="Element Text Should Be" owner="SeleniumLibrary">
<msg time="2024-07-10T11:54:40.957755" level="INFO">Verifying element 'xpath://div[text()=" Java Development Course "]' contains exact text 'Java Development Course'.</msg>
<arg>${lowest_price_item}</arg>
<arg>Java Development Course</arg>
<doc>Verifies that element ``locator`` contains exact the text ``expected``.</doc>
<status status="PASS" start="2024-07-10T11:54:40.956756" elapsed="0.063089"/>
</kw>
<status status="PASS" start="2024-07-10T11:54:40.955756" elapsed="0.064089"/>
</kw>
<kw name="Close Browser Session" owner="GenericResource" type="TEARDOWN">
<kw name="Close Browser" owner="SeleniumLibrary">
<doc>Closes the current browser.</doc>
<status status="PASS" start="2024-07-10T11:54:41.020972" elapsed="10.012795"/>
</kw>
<status status="PASS" start="2024-07-10T11:54:41.019845" elapsed="10.014920"/>
</kw>
<doc>To validate the advertisement functionalist with lowest price</doc>
<tag>Smoke</tag>
<status status="PASS" start="2024-07-10T11:54:16.436984" elapsed="34.597781"/>
</test>
<test id="s1-s1-t6" name="Verify the advertisements functionality with dropdownlist order by Highest" line="86">
<kw name="Open the Browser with URL" owner="GenericResource" type="SETUP">
<kw name="Create Webdriver" owner="SeleniumLibrary">
<msg time="2024-07-10T11:54:51.039134" level="INFO">Creating an instance of the Chrome WebDriver.</msg>
<arg>${brower_name}</arg>
<doc>Creates an instance of Selenium WebDriver.</doc>
<status status="PASS" start="2024-07-10T11:54:51.038134" elapsed="4.655434"/>
</kw>
<kw name="Go To" owner="SeleniumLibrary">
<msg time="2024-07-10T11:54:55.695575" level="INFO">Opening url 'https://demo.cyclos.org/ui/home'</msg>
<arg>${url}</arg>
<doc>Navigates the current browser window to the provided ``url``.</doc>
<status status="PASS" start="2024-07-10T11:54:55.694575" elapsed="3.098172"/>
</kw>
<kw name="Maximize Browser Window" owner="SeleniumLibrary">
<doc>Maximizes current browser window.</doc>
<status status="PASS" start="2024-07-10T11:54:58.793748" elapsed="0.081290"/>
</kw>
<kw name="Set Selenium Implicit Wait" owner="SeleniumLibrary">
<arg>5</arg>
<doc>Sets the implicit wait value used by Selenium.</doc>
<status status="PASS" start="2024-07-10T11:54:58.876043" elapsed="0.007084"/>
</kw>
<status status="PASS" start="2024-07-10T11:54:51.038134" elapsed="7.844993"/>
</kw>
<kw name="Go to Login Page" owner="HomeResource">
<kw name="Sleep" owner="BuiltIn">
<msg time="2024-07-10T11:55:03.887427" level="INFO">Slept 5 seconds.</msg>
<arg>5s</arg>
<doc>Pauses the test executed for the given time.</doc>
<status status="PASS" start="2024-07-10T11:54:58.886132" elapsed="5.001295"/>
</kw>
<kw name="Click Element" owner="SeleniumLibrary">
<msg time="2024-07-10T11:55:03.889728" level="INFO">Clicking element 'xpath:(//div[@class="ml-2"])[3]'.</msg>
<arg>${login_btn}</arg>
<doc>Click the element identified by ``locator``.</doc>
<status status="PASS" start="2024-07-10T11:55:03.887427" elapsed="0.911595"/>
</kw>
<status status="PASS" start="2024-07-10T11:54:58.884133" elapsed="5.914889"/>
</kw>
<kw name="Fill the login form" owner="LoginResource">
<kw name="Input Text" owner="SeleniumLibrary">
<msg time="2024-07-10T11:55:04.801269" level="INFO">Typing text 'Sanjay_stark' into text field 'css:input[placeholder="User"]'.</msg>
<arg>${username}</arg>
<arg>${user}</arg>
<doc>Types the given ``text`` into the text field identified by ``locator``.</doc>
<status status="PASS" start="2024-07-10T11:55:04.800263" elapsed="1.216764"/>
</kw>
<kw name="Input Password" owner="SeleniumLibrary">
<msg time="2024-07-10T11:55:06.019028" level="INFO">Typing password into text field 'css:input[placeholder="Password"]'.</msg>
<msg time="2024-07-10T11:55:08.165281" level="INFO">Temporally setting log level to: NONE</msg>
<arg>${password}</arg>
<arg>${pass}</arg>
<doc>Types the given password into the text field identified by ``locator``.</doc>
<status status="PASS" start="2024-07-10T11:55:06.018027" elapsed="2.845327"/>
</kw>
<arg>Sanjay_stark</arg>
<arg>Sanjay</arg>
<status status="PASS" start="2024-07-10T11:55:04.799022" elapsed="4.064332"/>
</kw>
<kw name="click the login button" owner="LoginResource">
<kw name="Click Button" owner="SeleniumLibrary">
<msg time="2024-07-10T11:55:08.864354" level="INFO">Clicking button 'xpath://button[@class="btn d-flex justify-content-center align-items-center w-100 h-100 btn-primary btn-action-primary"]'.</msg>
<arg>${submit_btn}</arg>
<doc>Clicks the button identified by ``locator``.</doc>
<status status="PASS" start="2024-07-10T11:55:08.864354" elapsed="2.963308"/>
</kw>
<status status="PASS" start="2024-07-10T11:55:08.863354" elapsed="2.964308"/>
</kw>
<kw name="Click on the MarketPlace button" owner="HomeResource">
<kw name="Wait Until Element Is Visible" owner="SeleniumLibrary">
<arg>${Marketplace}</arg>
<doc>Waits until the element ``locator`` is visible.</doc>
<status status="PASS" start="2024-07-10T11:55:11.828666" elapsed="1.632621"/>
</kw>
<kw name="Click Element" owner="SeleniumLibrary">
<msg time="2024-07-10T11:55:13.462289" level="INFO">Clicking element 'xpath://div[text()="Marketplace"]'.</msg>
<arg>${Marketplace}</arg>
<doc>Click the element identified by ``locator``.</doc>
<status status="PASS" start="2024-07-10T11:55:13.461287" elapsed="1.071394"/>
</kw>
<status status="PASS" start="2024-07-10T11:55:11.827662" elapsed="2.705019"/>
</kw>
<kw name="Click on the advertisement page button" owner="AdvertisementResource">
<kw name="Wait Until Element Is Visible" owner="SeleniumLibrary">
<arg>${Advertisement}</arg>
<doc>Waits until the element ``locator`` is visible.</doc>
<status status="PASS" start="2024-07-10T11:55:14.534188" elapsed="1.253714"/>
</kw>
<kw name="Click Element" owner="SeleniumLibrary">
<msg time="2024-07-10T11:55:15.788905" level="INFO">Clicking element 'xpath://div[text()='Advertisements']'.</msg>
<arg>${Advertisement}</arg>
<doc>Click the element identified by ``locator``.</doc>
<status status="PASS" start="2024-07-10T11:55:15.787902" elapsed="0.269005"/>
</kw>
<status status="PASS" start="2024-07-10T11:55:14.532681" elapsed="1.524226"/>
</kw>
<kw name="Click the show advertisement button" owner="AdvertisementResource">
<kw name="Click Element" owner="SeleniumLibrary">
<msg time="2024-07-10T11:55:16.058914" level="INFO">Clicking element 'xpath://span[text()="Show advertisements"]'.</msg>
<arg>${show_advertisement}</arg>
<doc>Click the element identified by ``locator``.</doc>
<status status="PASS" start="2024-07-10T11:55:16.058914" elapsed="1.537769"/>
</kw>
<status status="PASS" start="2024-07-10T11:55:16.057913" elapsed="1.538770"/>
</kw>
<kw name="Click on the dropdown button Order by" owner="AdvertisementResource">
<kw name="Click Element" owner="SeleniumLibrary">
<msg time="2024-07-10T11:55:17.600171" level="INFO">Clicking element 'xpath://div[@class='w-100 mw-100 text-truncate pr-3']'.</msg>
<arg>${order_By}</arg>
<doc>Click the element identified by ``locator``.</doc>
<status status="PASS" start="2024-07-10T11:55:17.599170" elapsed="0.691850"/>
</kw>
<status status="PASS" start="2024-07-10T11:55:17.598163" elapsed="0.692857"/>
</kw>
<kw name="Select the option highest price" owner="AdvertisementResource">
<kw name="Click Element" owner="SeleniumLibrary">
<msg time="2024-07-10T11:55:18.295207" level="INFO">Clicking element 'xpath://div[@class="dropdown-menu show"]//a[4]'.</msg>
<arg>${highest_price}</arg>
<doc>Click the element identified by ``locator``.</doc>
<status status="PASS" start="2024-07-10T11:55:18.294026" elapsed="0.527441"/>
</kw>
<status status="PASS" start="2024-07-10T11:55:18.291020" elapsed="0.530447"/>
</kw>
<kw name="verify the highest price" owner="AdvertisementResource">
<kw name="Element Text Should Be" owner="SeleniumLibrary">
<msg time="2024-07-10T11:55:18.822473" level="INFO">Verifying element 'xpath://div[text()=" test1 "]' contains exact text 'test1'.</msg>
<arg>${highest_price_item}</arg>
<arg>test1</arg>
<doc>Verifies that element ``locator`` contains exact the text ``expected``.</doc>
<status status="PASS" start="2024-07-10T11:55:18.822473" elapsed="0.050340"/>
</kw>
<status status="PASS" start="2024-07-10T11:55:18.821467" elapsed="0.051346"/>
</kw>
<kw name="Close Browser Session" owner="GenericResource" type="TEARDOWN">
<kw name="Close Browser" owner="SeleniumLibrary">
<doc>Closes the current browser.</doc>
<status status="PASS" start="2024-07-10T11:55:18.876352" elapsed="5.539579"/>
</kw>
<status status="PASS" start="2024-07-10T11:55:18.873818" elapsed="5.542113"/>
</kw>
<doc>To validate the advertisement functionalist with Highest price</doc>
<tag>Smoke</tag>
<status status="PASS" start="2024-07-10T11:54:51.035766" elapsed="33.380165"/>
</test>
<test id="s1-s1-t7" name="verify the wishlist functionality" line="101">
<kw name="Open the Browser with URL" owner="GenericResource" type="SETUP">
<kw name="Create Webdriver" owner="SeleniumLibrary">
<msg time="2024-07-10T11:55:24.417923" level="INFO">Creating an instance of the Chrome WebDriver.</msg>
<arg>${brower_name}</arg>
<doc>Creates an instance of Selenium WebDriver.</doc>
<status status="PASS" start="2024-07-10T11:55:24.417923" elapsed="1.661872"/>
</kw>
<kw name="Go To" owner="SeleniumLibrary">
<msg time="2024-07-10T11:55:26.080795" level="INFO">Opening url 'https://demo.cyclos.org/ui/home'</msg>
<arg>${url}</arg>
<doc>Navigates the current browser window to the provided ``url``.</doc>
<status status="PASS" start="2024-07-10T11:55:26.079795" elapsed="1.146277"/>
</kw>
<kw name="Maximize Browser Window" owner="SeleniumLibrary">
<doc>Maximizes current browser window.</doc>
<status status="PASS" start="2024-07-10T11:55:27.226072" elapsed="1.941616"/>
</kw>
<kw name="Set Selenium Implicit Wait" owner="SeleniumLibrary">
<arg>5</arg>
<doc>Sets the implicit wait value used by Selenium.</doc>
<status status="PASS" start="2024-07-10T11:55:29.168694" elapsed="0.003993"/>
</kw>
<status status="PASS" start="2024-07-10T11:55:24.417923" elapsed="4.754764"/>
</kw>
<kw name="Go to Login Page" owner="HomeResource">
<kw name="Sleep" owner="BuiltIn">
<msg time="2024-07-10T11:55:34.175103" level="INFO">Slept 5 seconds.</msg>
<arg>5s</arg>
<doc>Pauses the test executed for the given time.</doc>
<status status="PASS" start="2024-07-10T11:55:29.173687" elapsed="5.001927"/>
</kw>
<kw name="Click Element" owner="SeleniumLibrary">
<msg time="2024-07-10T11:55:34.175794" level="INFO">Clicking element 'xpath:(//div[@class="ml-2"])[3]'.</msg>
<arg>${login_btn}</arg>
<doc>Click the element identified by ``locator``.</doc>
<status status="PASS" start="2024-07-10T11:55:34.175794" elapsed="1.656683"/>
</kw>
<status status="PASS" start="2024-07-10T11:55:29.173687" elapsed="6.658790"/>
</kw>
<kw name="Fill the login form" owner="LoginResource">
<kw name="Input Text" owner="SeleniumLibrary">
<msg time="2024-07-10T11:55:35.833983" level="INFO">Typing text 'Sanjay_stark' into text field 'css:input[placeholder="User"]'.</msg>
<arg>${username}</arg>
<arg>${user}</arg>
<doc>Types the given ``text`` into the text field identified by ``locator``.</doc>
<status status="PASS" start="2024-07-10T11:55:35.833983" elapsed="1.766544"/>
</kw>
<kw name="Input Password" owner="SeleniumLibrary">
<msg time="2024-07-10T11:55:37.602527" level="INFO">Typing password into text field 'css:input[placeholder="Password"]'.</msg>
<msg time="2024-07-10T11:55:37.929720" level="INFO">Temporally setting log level to: NONE</msg>
<arg>${password}</arg>
<arg>${pass}</arg>
<doc>Types the given password into the text field identified by ``locator``.</doc>
<status status="PASS" start="2024-07-10T11:55:37.601527" elapsed="0.481792"/>
</kw>
<arg>Sanjay_stark</arg>
<arg>Sanjay</arg>
<status status="PASS" start="2024-07-10T11:55:35.832477" elapsed="2.250842"/>
</kw>
<kw name="click the login button" owner="LoginResource">
<kw name="Click Button" owner="SeleniumLibrary">
<msg time="2024-07-10T11:55:38.084415" level="INFO">Clicking button 'xpath://button[@class="btn d-flex justify-content-center align-items-center w-100 h-100 btn-primary btn-action-primary"]'.</msg>
<arg>${submit_btn}</arg>
<doc>Clicks the button identified by ``locator``.</doc>
<status status="PASS" start="2024-07-10T11:55:38.084415" elapsed="0.128329"/>
</kw>
<status status="PASS" start="2024-07-10T11:55:38.083319" elapsed="0.129425"/>
</kw>
<kw name="Click on the MarketPlace button" owner="HomeResource">
<kw name="Wait Until Element Is Visible" owner="SeleniumLibrary">
<arg>${Marketplace}</arg>
<doc>Waits until the element ``locator`` is visible.</doc>
<status status="PASS" start="2024-07-10T11:55:38.214047" elapsed="1.139585"/>
</kw>
<kw name="Click Element" owner="SeleniumLibrary">
<msg time="2024-07-10T11:55:39.354632" level="INFO">Clicking element 'xpath://div[text()="Marketplace"]'.</msg>
<arg>${Marketplace}</arg>
<doc>Click the element identified by ``locator``.</doc>
<status status="PASS" start="2024-07-10T11:55:39.353632" elapsed="0.271925"/>
</kw>
<status status="PASS" start="2024-07-10T11:55:38.214047" elapsed="1.412519"/>
</kw>
<kw name="Click on the advertisement page button" owner="AdvertisementResource">
<kw name="Wait Until Element Is Visible" owner="SeleniumLibrary">
<arg>${Advertisement}</arg>
<doc>Waits until the element ``locator`` is visible.</doc>
<status status="PASS" start="2024-07-10T11:55:39.628793" elapsed="1.835817"/>
</kw>
<kw name="Click Element" owner="SeleniumLibrary">
<msg time="2024-07-10T11:55:41.466190" level="INFO">Clicking element 'xpath://div[text()='Advertisements']'.</msg>
<arg>${Advertisement}</arg>
<doc>Click the element identified by ``locator``.</doc>
<status status="PASS" start="2024-07-10T11:55:41.464610" elapsed="0.384638"/>
</kw>
<status status="PASS" start="2024-07-10T11:55:39.627783" elapsed="2.221465"/>
</kw>
<kw name="Sleep" owner="BuiltIn">
<msg time="2024-07-10T11:55:46.850065" level="INFO">Slept 5 seconds.</msg>
<arg>5</arg>
<doc>Pauses the test executed for the given time.</doc>
<status status="PASS" start="2024-07-10T11:55:41.849757" elapsed="5.000308"/>
</kw>
<kw name="Enter the keyword in the search" owner="AdvertisementResource">
<kw name="Wait Until Element Is Visible" owner="SeleniumLibrary">
<arg>${keyword}</arg>
<doc>Waits until the element ``locator`` is visible.</doc>
<status status="PASS" start="2024-07-10T11:55:46.851560" elapsed="0.045150"/>
</kw>
<kw name="Input Text" owner="SeleniumLibrary">
<msg time="2024-07-10T11:55:46.899002" level="INFO">Typing text 'donut' into text field 'xpath=(//div[@class='d-flex label-value-value']//input)[1]'.</msg>
<arg>${keyword}</arg>
<arg>donut</arg>
<doc>Types the given ``text`` into the text field identified by ``locator``.</doc>
<status status="PASS" start="2024-07-10T11:55:46.897711" elapsed="0.141566"/>
</kw>
<status status="PASS" start="2024-07-10T11:55:46.850065" elapsed="0.189212"/>
</kw>
<kw name="click the element donut" owner="AdvertisementResource">
<kw name="Wait Until Element Is Visible" owner="SeleniumLibrary">
<arg>${donut}</arg>
<doc>Waits until the element ``locator`` is visible.</doc>
<status status="PASS" start="2024-07-10T11:55:47.040282" elapsed="0.970507"/>
</kw>
<kw name="Click Element" owner="SeleniumLibrary">
<msg time="2024-07-10T11:55:48.011790" level="INFO">Clicking element 'xpath://div[text()=" Donuts "]'.</msg>
<arg>${donut}</arg>
<doc>Click the element identified by ``locator``.</doc>
<status status="PASS" start="2024-07-10T11:55:48.011790" elapsed="1.164806"/>
</kw>
<status status="PASS" start="2024-07-10T11:55:47.040282" elapsed="2.137314"/>
</kw>
<kw name="click the like button" owner="AdvertisementResource">
<kw name="Wait Until Element Is Visible" owner="SeleniumLibrary">
<arg>${like_button}</arg>
<doc>Waits until the element ``locator`` is visible.</doc>
<status status="PASS" start="2024-07-10T11:55:49.178596" elapsed="0.676739"/>
</kw>
<kw name="Click Element" owner="SeleniumLibrary">
<msg time="2024-07-10T11:55:49.856340" level="INFO">Clicking element 'xpath://div[text()='Add to favorites']'.</msg>
<arg>${like_button}</arg>
<doc>Click the element identified by ``locator``.</doc>
<status status="PASS" start="2024-07-10T11:55:49.855335" elapsed="0.330991"/>
</kw>
<status status="PASS" start="2024-07-10T11:55:49.177596" elapsed="1.009726"/>
</kw>
<kw name="Click on the advertisement page button" owner="AdvertisementResource">
<kw name="Wait Until Element Is Visible" owner="SeleniumLibrary">
<arg>${Advertisement}</arg>
<doc>Waits until the element ``locator`` is visible.</doc>
<status status="PASS" start="2024-07-10T11:55:50.188323" elapsed="0.217167"/>
</kw>
<kw name="Click Element" owner="SeleniumLibrary">
<msg time="2024-07-10T11:55:50.406491" level="INFO">Clicking element 'xpath://div[text()='Advertisements']'.</msg>
<arg>${Advertisement}</arg>
<doc>Click the element identified by ``locator``.</doc>
<status status="PASS" start="2024-07-10T11:55:50.405490" elapsed="0.853129"/>
</kw>
<status status="PASS" start="2024-07-10T11:55:50.187322" elapsed="1.072298"/>
</kw>
<kw name="Sleep" owner="BuiltIn">
<msg time="2024-07-10T11:55:56.259890" level="INFO">Slept 5 seconds.</msg>
<arg>5</arg>
<doc>Pauses the test executed for the given time.</doc>
<status status="PASS" start="2024-07-10T11:55:51.259620" elapsed="5.000270"/>
</kw>
<kw name="Select the favourite only checkbox" owner="AdvertisementResource">
<kw name="Click Element" owner="SeleniumLibrary">
<msg time="2024-07-10T11:55:56.260967" level="INFO">Clicking element 'xpath://label[@class="custom-control-label"]'.</msg>
<arg>${favourite_item}</arg>
<doc>Click the element identified by ``locator``.</doc>
<status status="PASS" start="2024-07-10T11:55:56.260967" elapsed="0.052176"/>
</kw>
<status status="PASS" start="2024-07-10T11:55:56.259890" elapsed="0.053253"/>
</kw>
<kw name="verify the favourite list contains favorite item" owner="AdvertisementResource">
<kw name="Element Text Should Be" owner="SeleniumLibrary">
<msg time="2024-07-10T11:55:56.315140" level="INFO">Verifying element 'xpath://div[text()=" Donuts "]' contains exact text 'Donuts'.</msg>
<arg>${donut}</arg>
<arg>Donuts</arg>
<doc>Verifies that element ``locator`` contains exact the text ``expected``.</doc>
<status status="PASS" start="2024-07-10T11:55:56.314141" elapsed="0.754635"/>
</kw>
<status status="PASS" start="2024-07-10T11:55:56.313143" elapsed="0.755633"/>
</kw>
<kw name="Close Browser Session" owner="GenericResource" type="TEARDOWN">
<kw name="Close Browser" owner="SeleniumLibrary">
<doc>Closes the current browser.</doc>
<status status="PASS" start="2024-07-10T11:55:57.071777" elapsed="2.358673"/>
</kw>
<status status="PASS" start="2024-07-10T11:55:57.069778" elapsed="2.360672"/>
</kw>
<doc>To validate the wishlist functionalist</doc>
<tag>Regression</tag>
<tag>wishlist</tag>
<status status="PASS" start="2024-07-10T11:55:24.416921" elapsed="35.013529"/>
</test>
<doc>To validate Advertisement Functionality</doc>
<status status="PASS" start="2024-07-10T11:52:28.940000" elapsed="210.492220"/>
</suite>
<suite id="s1-s2" name="Test Pay User Invalid" source="C:\Users\ASUS\Desktop\PilotProject_Cyclos_Team1-1\TestCases\test_pay_user_invalid.robot">
<test id="s1-s2-t1" name="To validate payment" line="17">
<kw name="Open the Browser with URL" owner="GenericResource" type="SETUP">
<kw name="Create Webdriver" owner="SeleniumLibrary">
<msg time="2024-07-10T11:52:33.384565" level="INFO">Creating an instance of the Chrome WebDriver.</msg>
<arg>${brower_name}</arg>
<doc>Creates an instance of Selenium WebDriver.</doc>
<status status="PASS" start="2024-07-10T11:52:33.384565" elapsed="3.733602"/>
</kw>
<kw name="Go To" owner="SeleniumLibrary">
<msg time="2024-07-10T11:52:37.119458" level="INFO">Opening url 'https://demo.cyclos.org/ui/home'</msg>
<arg>${url}</arg>
<doc>Navigates the current browser window to the provided ``url``.</doc>
<status status="PASS" start="2024-07-10T11:52:37.119458" elapsed="3.645068"/>
</kw>
<kw name="Maximize Browser Window" owner="SeleniumLibrary">
<doc>Maximizes current browser window.</doc>
<status status="PASS" start="2024-07-10T11:52:40.764526" elapsed="0.222909"/>
</kw>
<kw name="Set Selenium Implicit Wait" owner="SeleniumLibrary">
<arg>5</arg>
<doc>Sets the implicit wait value used by Selenium.</doc>
<status status="PASS" start="2024-07-10T11:52:40.987435" elapsed="0.009003"/>
</kw>
<status status="PASS" start="2024-07-10T11:52:33.383562" elapsed="7.612876"/>
</kw>
<kw name="To validate payment to user functionality with invalid amount">
<kw name="Go to Login Page" owner="HomeResource">
<kw name="Sleep" owner="BuiltIn">
<msg time="2024-07-10T11:52:46.005916" level="INFO">Slept 5 seconds.</msg>
<arg>5s</arg>
<doc>Pauses the test executed for the given time.</doc>
<status status="PASS" start="2024-07-10T11:52:41.001434" elapsed="5.005538"/>
</kw>
<kw name="Click Element" owner="SeleniumLibrary">
<msg time="2024-07-10T11:52:46.008978" level="INFO">Clicking element 'xpath:(//div[@class="ml-2"])[3]'.</msg>
<arg>${login_btn}</arg>
<doc>Click the element identified by ``locator``.</doc>
<status status="PASS" start="2024-07-10T11:52:46.007977" elapsed="0.208912"/>
</kw>
<status status="PASS" start="2024-07-10T11:52:41.000434" elapsed="5.216455"/>
</kw>
<kw name="Fill the login form" owner="LoginResource">
<kw name="Input Text" owner="SeleniumLibrary">
<msg time="2024-07-10T11:52:46.218890" level="INFO">Typing text 'Sanjay_stark' into text field 'css:input[placeholder="User"]'.</msg>
<arg>${username}</arg>
<arg>${user}</arg>
<doc>Types the given ``text`` into the text field identified by ``locator``.</doc>
<status status="PASS" start="2024-07-10T11:52:46.217889" elapsed="0.301114"/>
</kw>
<kw name="Input Password" owner="SeleniumLibrary">
<msg time="2024-07-10T11:52:46.520257" level="INFO">Typing password into text field 'css:input[placeholder="Password"]'.</msg>
<msg time="2024-07-10T11:52:46.565375" level="INFO">Temporally setting log level to: NONE</msg>
<arg>${password}</arg>
<arg>${pass}</arg>
<doc>Types the given password into the text field identified by ``locator``.</doc>
<status status="PASS" start="2024-07-10T11:52:46.520257" elapsed="0.107403"/>
</kw>
<arg>Sanjay_stark</arg>
<arg>Sanjay</arg>
<status status="PASS" start="2024-07-10T11:52:46.216889" elapsed="0.410771"/>
</kw>
<kw name="click the login button" owner="LoginResource">
<kw name="Click Button" owner="SeleniumLibrary">
<msg time="2024-07-10T11:52:46.630371" level="INFO">Clicking button 'xpath://button[@class="btn d-flex justify-content-center align-items-center w-100 h-100 btn-primary btn-action-primary"]'.</msg>
<arg>${submit_btn}</arg>
<doc>Clicks the button identified by ``locator``.</doc>
<status status="PASS" start="2024-07-10T11:52:46.630371" elapsed="0.168812"/>
</kw>
<status status="PASS" start="2024-07-10T11:52:46.628779" elapsed="0.171411"/>
</kw>
<kw name="Click on the Banking button" owner="HomeResource">
<kw name="Wait Until Element Is Visible" owner="SeleniumLibrary">
<arg>${Banking}</arg>
<doc>Waits until the element ``locator`` is visible.</doc>
<status status="PASS" start="2024-07-10T11:52:46.803325" elapsed="0.971485"/>
</kw>
<kw name="Click Element" owner="SeleniumLibrary">
<msg time="2024-07-10T11:52:47.774810" level="INFO">Clicking element 'xpath://div[text()='Banking']'.</msg>
<arg>${Banking}</arg>
<doc>Click the element identified by ``locator``.</doc>
<status status="PASS" start="2024-07-10T11:52:47.774810" elapsed="0.072472"/>
</kw>
<status status="PASS" start="2024-07-10T11:52:46.802688" elapsed="1.044594"/>
</kw>
<kw name="verify the Banking page open" owner="PaymentUser">
<kw name="Wait Until Element Is Visible" owner="SeleniumLibrary">
<arg>${Banking_title}</arg>
<doc>Waits until the element ``locator`` is visible.</doc>
<status status="PASS" start="2024-07-10T11:52:47.848289" elapsed="2.900398"/>
</kw>
<kw name="Element Text Should Be" owner="SeleniumLibrary">
<msg time="2024-07-10T11:52:50.749688" level="INFO">Verifying element 'xpath://div[@class="side-menu-header"]//following-sibling::div' contains exact text 'Banking'.</msg>
<arg>${Banking_title}</arg>
<arg>Banking</arg>
<doc>Verifies that element ``locator`` contains exact the text ``expected``.</doc>
<status status="PASS" start="2024-07-10T11:52:50.748687" elapsed="0.024062"/>
</kw>
<status status="PASS" start="2024-07-10T11:52:47.847282" elapsed="2.926467"/>
</kw>
<kw name="Select the option payment to user" owner="PaymentUser">
<kw name="Wait Until Element Is Visible" owner="SeleniumLibrary">
<arg>${select_payment_to_user}</arg>
<doc>Waits until the element ``locator`` is visible.</doc>
<status status="PASS" start="2024-07-10T11:52:50.773749" elapsed="0.019000"/>
</kw>
<kw name="Click Element" owner="SeleniumLibrary">
<msg time="2024-07-10T11:52:50.792749" level="INFO">Clicking element 'xpath://div[text()="Payment to user"]'.</msg>
<arg>${select_payment_to_user}</arg>
<doc>Click the element identified by ``locator``.</doc>
<status status="PASS" start="2024-07-10T11:52:50.792749" elapsed="0.082512"/>
</kw>
<status status="PASS" start="2024-07-10T11:52:50.773749" elapsed="0.101512"/>
</kw>
<kw name="verify the payment to user page open" owner="PaymentUser">
<kw name="Element Text Should Be" owner="SeleniumLibrary">
<msg time="2024-07-10T11:52:50.876261" level="INFO">Verifying element 'xpath://div[@class="content-title d-flex"]//div' contains exact text 'Payment to user'.</msg>
<arg>${payment_user_title}</arg>
<arg>Payment to user</arg>
<doc>Verifies that element ``locator`` contains exact the text ``expected``.</doc>
<status status="PASS" start="2024-07-10T11:52:50.876261" elapsed="0.769158"/>
</kw>
<status status="PASS" start="2024-07-10T11:52:50.875261" elapsed="0.770158"/>
</kw>
<kw name="Enter the username in the to user field" owner="PaymentUser">
<kw name="Input Text" owner="SeleniumLibrary">
<msg time="2024-07-10T11:52:51.649420" level="INFO">Typing text 'Dinesh dk' into text field 'xpath://input[@placeholder="Type to search"]'.</msg>
<arg>${to_User}</arg>
<arg>${user_name}</arg>
<doc>Types the given ``text`` into the text field identified by ``locator``.</doc>
<status status="PASS" start="2024-07-10T11:52:51.649420" elapsed="0.708864"/>
</kw>
<arg>${user_name}</arg>
<status status="PASS" start="2024-07-10T11:52:51.645419" elapsed="0.712865"/>
</kw>
<kw name="Select the user" owner="PaymentUser">
<kw name="Click Element" owner="SeleniumLibrary">
<msg time="2024-07-10T11:52:52.359288" level="INFO">Clicking element 'xpath://div[@class="dropdown-menu show"]//a[1]'.</msg>
<arg>${select_user}</arg>
<doc>Click the element identified by ``locator``.</doc>
<status status="PASS" start="2024-07-10T11:52:52.359288" elapsed="1.179589"/>
</kw>
<status status="PASS" start="2024-07-10T11:52:52.358284" elapsed="1.180593"/>
</kw>
<kw name="Enter the valid amount in the amount field" owner="PaymentUser">
<kw name="Input Text" owner="SeleniumLibrary">
<msg time="2024-07-10T11:52:53.540885" level="INFO">Typing text '501' into text field 'xpath://div[@class="input-group"]//input'.</msg>
<arg>${amount}</arg>
<arg>${amount_data}</arg>
<doc>Types the given ``text`` into the text field identified by ``locator``.</doc>
<status status="PASS" start="2024-07-10T11:52:53.540885" elapsed="0.134230"/>
</kw>
<arg>${exceeded_amount_data}</arg>
<status status="PASS" start="2024-07-10T11:52:53.539885" elapsed="0.135230"/>
</kw>
<kw name="Sleep" owner="BuiltIn">
<msg time="2024-07-10T11:52:58.676558" level="INFO">Slept 5 seconds.</msg>
<arg>5</arg>
<doc>Pauses the test executed for the given time.</doc>
<status status="PASS" start="2024-07-10T11:52:53.675115" elapsed="5.001443"/>
</kw>
<kw name="Click the next Button in payment page" owner="PaymentUser">
<kw name="Wait Until Element Is Visible" owner="SeleniumLibrary">
<arg>${next}</arg>
<doc>Waits until the element ``locator`` is visible.</doc>
<status status="PASS" start="2024-07-10T11:52:58.676558" elapsed="0.017936"/>
</kw>
<kw name="Click Element" owner="SeleniumLibrary">
<msg time="2024-07-10T11:52:58.694494" level="INFO">Clicking element 'xpath://action-button[@class="d-inline-block button"]/button'.</msg>
<arg>${next}</arg>
<doc>Click the element identified by ``locator``.</doc>
<status status="PASS" start="2024-07-10T11:52:58.694494" elapsed="0.038375"/>
</kw>
<status status="PASS" start="2024-07-10T11:52:58.676558" elapsed="0.056311"/>
</kw>
<kw name="verify exceeded amount is entered" owner="PaymentUser">
<kw name="Wait Until Element Is Visible" owner="SeleniumLibrary">
<arg>${invalid_amount_error_msg}</arg>
<doc>Waits until the element ``locator`` is visible.</doc>
<status status="PASS" start="2024-07-10T11:52:58.733974" elapsed="1.082860"/>
</kw>
<kw name="Element Text Should Be" owner="SeleniumLibrary">
<msg time="2024-07-10T11:52:59.817839" level="INFO">Verifying element 'xpath://div[@class='invalid-feedback']' contains exact text 'Amount must be less or equal to 500,00 IU's.'.</msg>
<arg>${invalid_amount_error_msg}</arg>
<arg>Amount must be less or equal to 500,00 IU's.</arg>
<doc>Verifies that element ``locator`` contains exact the text ``expected``.</doc>
<status status="PASS" start="2024-07-10T11:52:59.817839" elapsed="0.014053"/>
</kw>
<status status="PASS" start="2024-07-10T11:52:58.732869" elapsed="1.099023"/>
</kw>
<arg>user_name=Dinesh dk</arg>
<arg>exceeded_amount_data=501</arg>
<tag>Smoke</tag>
<doc>To validate the Exceeded amount is entered</doc>
<status status="PASS" start="2024-07-10T11:52:40.999434" elapsed="18.832458"/>
</kw>
<kw name="Close Browser Session" owner="GenericResource" type="TEARDOWN">
<kw name="Close Browser" owner="SeleniumLibrary">
<doc>Closes the current browser.</doc>
<status status="PASS" start="2024-07-10T11:52:59.832896" elapsed="2.310169"/>
</kw>
<status status="PASS" start="2024-07-10T11:52:59.831892" elapsed="2.311173"/>
</kw>
<status status="PASS" start="2024-07-10T11:52:33.379180" elapsed="28.763885"/>
</test>
<doc>To validate Banking - payment to user Functionality</doc>
<status status="PASS" start="2024-07-10T11:52:28.884908" elapsed="33.259160"/>
</suite>
<suite id="s1-s3" name="Test Payment To User" source="C:\Users\ASUS\Desktop\PilotProject_Cyclos_Team1-1\TestCases\test_payment_to_user.robot">
<test id="s1-s3-t1" name="To validate payment" line="20">
<kw name="Open the Browser with URL" owner="GenericResource" type="SETUP">
<kw name="Create Webdriver" owner="SeleniumLibrary">
<msg time="2024-07-10T11:52:33.394841" level="INFO">Creating an instance of the Chrome WebDriver.</msg>
<arg>${brower_name}</arg>
<doc>Creates an instance of Selenium WebDriver.</doc>
<status status="PASS" start="2024-07-10T11:52:33.393565" elapsed="4.305380"/>
</kw>
<kw name="Go To" owner="SeleniumLibrary">
<msg time="2024-07-10T11:52:37.699945" level="INFO">Opening url 'https://demo.cyclos.org/ui/home'</msg>
<arg>${url}</arg>
<doc>Navigates the current browser window to the provided ``url``.</doc>
<status status="PASS" start="2024-07-10T11:52:37.699945" elapsed="3.759418"/>
</kw>
<kw name="Maximize Browser Window" owner="SeleniumLibrary">
<doc>Maximizes current browser window.</doc>
<status status="PASS" start="2024-07-10T11:52:41.459363" elapsed="0.157570"/>
</kw>
<kw name="Set Selenium Implicit Wait" owner="SeleniumLibrary">
<arg>5</arg>
<doc>Sets the implicit wait value used by Selenium.</doc>
<status status="PASS" start="2024-07-10T11:52:41.616933" elapsed="0.002006"/>
</kw>
<status status="PASS" start="2024-07-10T11:52:33.392565" elapsed="8.226374"/>
</kw>
<kw name="To validate payment to user functionality with valid amount">
<kw name="Go to Login Page" owner="HomeResource">
<kw name="Sleep" owner="BuiltIn">
<msg time="2024-07-10T11:52:46.630371" level="INFO">Slept 5 seconds.</msg>
<arg>5s</arg>
<doc>Pauses the test executed for the given time.</doc>
<status status="PASS" start="2024-07-10T11:52:41.628673" elapsed="5.001698"/>
</kw>
<kw name="Click Element" owner="SeleniumLibrary">
<msg time="2024-07-10T11:52:46.631558" level="INFO">Clicking element 'xpath:(//div[@class="ml-2"])[3]'.</msg>
<arg>${login_btn}</arg>
<doc>Click the element identified by ``locator``.</doc>
<status status="PASS" start="2024-07-10T11:52:46.630371" elapsed="0.191645"/>
</kw>
<status status="PASS" start="2024-07-10T11:52:41.628673" elapsed="5.193343"/>
</kw>
<kw name="Fill the login form" owner="LoginResource">
<kw name="Input Text" owner="SeleniumLibrary">
<msg time="2024-07-10T11:52:46.823016" level="INFO">Typing text 'sandhiyas' into text field 'css:input[placeholder="User"]'.</msg>
<arg>${username}</arg>
<arg>${user}</arg>
<doc>Types the given ``text`` into the text field identified by ``locator``.</doc>
<status status="PASS" start="2024-07-10T11:52:46.823016" elapsed="0.199886"/>
</kw>
<kw name="Input Password" owner="SeleniumLibrary">
<msg time="2024-07-10T11:52:47.022902" level="INFO">Typing password into text field 'css:input[placeholder="Password"]'.</msg>
<msg time="2024-07-10T11:52:47.066286" level="INFO">Temporally setting log level to: NONE</msg>
<arg>${password}</arg>
<arg>${pass}</arg>
<doc>Types the given password into the text field identified by ``locator``.</doc>
<status status="PASS" start="2024-07-10T11:52:47.022902" elapsed="0.118563"/>
</kw>
<arg>sandhiyas</arg>
<arg>Sand@123</arg>
<status status="PASS" start="2024-07-10T11:52:46.822016" elapsed="0.319449"/>
</kw>
<kw name="click the login button" owner="LoginResource">
<kw name="Click Button" owner="SeleniumLibrary">
<msg time="2024-07-10T11:52:47.142469" level="INFO">Clicking button 'xpath://button[@class="btn d-flex justify-content-center align-items-center w-100 h-100 btn-primary btn-action-primary"]'.</msg>
<arg>${submit_btn}</arg>
<doc>Clicks the button identified by ``locator``.</doc>
<status status="PASS" start="2024-07-10T11:52:47.142469" elapsed="0.087311"/>
</kw>
<status status="PASS" start="2024-07-10T11:52:47.141465" elapsed="0.088315"/>
</kw>
<kw name="Click on the Banking button" owner="HomeResource">
<kw name="Wait Until Element Is Visible" owner="SeleniumLibrary">
<arg>${Banking}</arg>
<doc>Waits until the element ``locator`` is visible.</doc>
<status status="PASS" start="2024-07-10T11:52:47.229780" elapsed="1.019056"/>
</kw>
<kw name="Click Element" owner="SeleniumLibrary">
<msg time="2024-07-10T11:52:48.250837" level="INFO">Clicking element 'xpath://div[text()='Banking']'.</msg>
<arg>${Banking}</arg>
<doc>Click the element identified by ``locator``.</doc>
<status status="PASS" start="2024-07-10T11:52:48.248836" elapsed="0.431822"/>
</kw>
<status status="PASS" start="2024-07-10T11:52:47.229780" elapsed="1.450878"/>
</kw>
<kw name="Select the option payment to user" owner="PaymentUser">
<kw name="Wait Until Element Is Visible" owner="SeleniumLibrary">
<arg>${select_payment_to_user}</arg>
<doc>Waits until the element ``locator`` is visible.</doc>
<status status="PASS" start="2024-07-10T11:52:48.683161" elapsed="3.237079"/>
</kw>
<kw name="Click Element" owner="SeleniumLibrary">
<msg time="2024-07-10T11:52:51.921240" level="INFO">Clicking element 'xpath://div[text()="Payment to user"]'.</msg>
<arg>${select_payment_to_user}</arg>
<doc>Click the element identified by ``locator``.</doc>
<status status="PASS" start="2024-07-10T11:52:51.920240" elapsed="0.544771"/>
</kw>
<status status="PASS" start="2024-07-10T11:52:48.681829" elapsed="3.783182"/>
</kw>
<kw name="verify the payment to user page open" owner="PaymentUser">
<kw name="Element Text Should Be" owner="SeleniumLibrary">
<msg time="2024-07-10T11:52:52.467052" level="INFO">Verifying element 'xpath://div[@class="content-title d-flex"]//div' contains exact text 'Payment to user'.</msg>
<arg>${payment_user_title}</arg>
<arg>Payment to user</arg>
<doc>Verifies that element ``locator`` contains exact the text ``expected``.</doc>
<status status="PASS" start="2024-07-10T11:52:52.466049" elapsed="0.621455"/>
</kw>
<status status="PASS" start="2024-07-10T11:52:52.465011" elapsed="0.622493"/>
</kw>
<kw name="Enter the username in the to user field" owner="PaymentUser">
<kw name="Input Text" owner="SeleniumLibrary">
<msg time="2024-07-10T11:52:53.088508" level="INFO">Typing text 'dinesh dk' into text field 'xpath://input[@placeholder="Type to search"]'.</msg>
<arg>${to_User}</arg>
<arg>${user_name}</arg>
<doc>Types the given ``text`` into the text field identified by ``locator``.</doc>
<status status="PASS" start="2024-07-10T11:52:53.088508" elapsed="0.148171"/>
</kw>
<arg>${user_name}</arg>
<status status="PASS" start="2024-07-10T11:52:53.087504" elapsed="0.149175"/>
</kw>
<kw name="Select the user" owner="PaymentUser">
<kw name="Click Element" owner="SeleniumLibrary">
<msg time="2024-07-10T11:52:53.237682" level="INFO">Clicking element 'xpath://div[@class="dropdown-menu show"]//a[1]'.</msg>
<arg>${select_user}</arg>
<doc>Click the element identified by ``locator``.</doc>
<status status="PASS" start="2024-07-10T11:52:53.237682" elapsed="1.476828"/>
</kw>
<status status="PASS" start="2024-07-10T11:52:53.236679" elapsed="1.477831"/>
</kw>
<kw name="Enter the valid amount in the amount field" owner="PaymentUser">
<kw name="Input Text" owner="SeleniumLibrary">
<msg time="2024-07-10T11:52:54.716508" level="INFO">Typing text '10' into text field 'xpath://div[@class="input-group"]//input'.</msg>
<arg>${amount}</arg>
<arg>${amount_data}</arg>
<doc>Types the given ``text`` into the text field identified by ``locator``.</doc>
<status status="PASS" start="2024-07-10T11:52:54.715508" elapsed="0.218859"/>
</kw>
<arg>${amount_data}</arg>
<status status="PASS" start="2024-07-10T11:52:54.715508" elapsed="0.219864"/>
</kw>
<kw name="Click the scheduling dropdown button" owner="PaymentUser">
<kw name="Click Element" owner="SeleniumLibrary">
<msg time="2024-07-10T11:52:54.937371" level="INFO">Clicking element 'xpath://button[@title="Pay now"]'.</msg>
<arg>${Scheduling}</arg>
<doc>Click the element identified by ``locator``.</doc>
<status status="PASS" start="2024-07-10T11:52:54.936371" elapsed="1.136913"/>
</kw>
<status status="PASS" start="2024-07-10T11:52:54.935372" elapsed="1.137912"/>
</kw>
<kw name="Click the pay now option" owner="PaymentUser">
<kw name="Click Element" owner="SeleniumLibrary">
<msg time="2024-07-10T11:52:56.074283" level="INFO">Clicking element 'xpath://a[text()=' Pay now ']'.</msg>
<arg>${pay_now_option}</arg>
<doc>Click the element identified by ``locator``.</doc>
<status status="PASS" start="2024-07-10T11:52:56.074283" elapsed="0.093951"/>
</kw>
<status status="PASS" start="2024-07-10T11:52:56.074283" elapsed="0.094950"/>
</kw>
<kw name="Click the next Button in payment page" owner="PaymentUser">
<kw name="Wait Until Element Is Visible" owner="SeleniumLibrary">
<arg>${next}</arg>
<doc>Waits until the element ``locator`` is visible.</doc>
<status status="PASS" start="2024-07-10T11:52:56.169233" elapsed="0.031253"/>
</kw>
<kw name="Click Element" owner="SeleniumLibrary">
<msg time="2024-07-10T11:52:56.201486" level="INFO">Clicking element 'xpath://action-button[@class="d-inline-block button"]/button'.</msg>
<arg>${next}</arg>
<doc>Click the element identified by ``locator``.</doc>
<status status="PASS" start="2024-07-10T11:52:56.200486" elapsed="0.080652"/>
</kw>
<status status="PASS" start="2024-07-10T11:52:56.169233" elapsed="0.111905"/>
</kw>
<kw name="Click the confirm button in the payment page" owner="PaymentUser">
<kw name="Wait Until Element Is Visible" owner="SeleniumLibrary">
<arg>${confirm_button}</arg>
<doc>Waits until the element ``locator`` is visible.</doc>
<status status="PASS" start="2024-07-10T11:52:56.281138" elapsed="0.516885"/>
</kw>
<kw name="Click Element" owner="SeleniumLibrary">
<msg time="2024-07-10T11:52:56.798023" level="INFO">Clicking element 'xpath://span[text()='Confirm']'.</msg>
<arg>${confirm_button}</arg>
<doc>Click the element identified by ``locator``.</doc>
<status status="PASS" start="2024-07-10T11:52:56.798023" elapsed="0.051614"/>
</kw>
<status status="PASS" start="2024-07-10T11:52:56.281138" elapsed="0.569768"/>
</kw>
<kw name="verify the succesfull payment notification" owner="PaymentUser">
<kw name="Wait Until Element Is Visible" owner="SeleniumLibrary">
<arg>${successfull_payment_msg}</arg>
<doc>Waits until the element ``locator`` is visible.</doc>
<status status="PASS" start="2024-07-10T11:52:56.850906" elapsed="0.792484"/>
</kw>
<kw name="Element Text Should Be" owner="SeleniumLibrary">
<msg time="2024-07-10T11:52:57.643390" level="INFO">Verifying element 'xpath://div[@class="notification-message"]//div' contains exact text 'The payment was successfully processed'.</msg>
<arg>${successfull_payment_msg}</arg>
<arg>The payment was successfully processed</arg>
<doc>Verifies that element ``locator`` contains exact the text ``expected``.</doc>
<status status="PASS" start="2024-07-10T11:52:57.643390" elapsed="0.017014"/>
</kw>
<status status="PASS" start="2024-07-10T11:52:56.850906" elapsed="0.809498"/>
</kw>
<arg>user_name=dinesh dk</arg>
<arg>amount_data=10</arg>
<tag>Smoke</tag>
<doc>To validate the successfull payment notification</doc>
<status status="PASS" start="2024-07-10T11:52:41.627673" elapsed="16.032731"/>
</kw>
<kw name="Close Browser Session" owner="GenericResource" type="TEARDOWN">
<kw name="Close Browser" owner="SeleniumLibrary">
<doc>Closes the current browser.</doc>
<status status="PASS" start="2024-07-10T11:52:57.661727" elapsed="2.281213"/>
</kw>
<status status="PASS" start="2024-07-10T11:52:57.660404" elapsed="2.282536"/>
</kw>
<status status="PASS" start="2024-07-10T11:52:33.389565" elapsed="26.554475"/>
</test>
<doc>To validate Banking - payment to user Functionality</doc>
<status status="PASS" start="2024-07-10T11:52:28.903863" elapsed="31.040177"/>
</suite>
<suite id="s1-s4" name="test Blankfields" source="C:\Users\ASUS\Desktop\PilotProject_Cyclos_Team1-1\TestCases\test_Blankfields.robot">
<test id="s1-s4-t1" name="To validate payment to user functionality with blank fields" line="15">
<kw name="Open the Browser with URL" owner="GenericResource" type="SETUP">
<kw name="Create Webdriver" owner="SeleniumLibrary">
<msg time="2024-07-10T11:52:29.224070" level="INFO">Creating an instance of the Chrome WebDriver.</msg>
<arg>${brower_name}</arg>
<doc>Creates an instance of Selenium WebDriver.</doc>
<status status="PASS" start="2024-07-10T11:52:29.224070" elapsed="2.808048"/>
</kw>
<kw name="Go To" owner="SeleniumLibrary">
[...]
<arg>${Banking_page_verify}</arg>
<arg>${Banking_page_keyword}</arg>
<doc>Verifies that element ``locator`` contains exact the text ``expected``.</doc>
<status status="PASS" start="2024-07-10T11:58:27.350272" elapsed="0.083950"/>
</kw>
<status status="PASS" start="2024-07-10T11:58:27.348982" elapsed="0.086239"/>
</kw>
<kw name="Verify the Receive payment page" owner="ReceivePaymentResouce">
<kw name="Wait Until Element Is Visible" owner="SeleniumLibrary">
<arg>${receive_payment}</arg>
<doc>Waits until the element ``locator`` is visible.</doc>
<status status="PASS" start="2024-07-10T11:58:27.435221" elapsed="1.784170"/>
</kw>
<kw name="Click Element" owner="SeleniumLibrary">
<msg time="2024-07-10T11:58:29.220903" level="INFO">Clicking element 'xpath:(//nav[@class='navbar d-flex flex-column align-items-stretch']//a/div)[4]'.</msg>
<arg>${receive_payment}</arg>
<doc>Click the element identified by ``locator``.</doc>
<status status="PASS" start="2024-07-10T11:58:29.220391" elapsed="0.388680"/>
</kw>
<kw name="Element Text Should Be" owner="SeleniumLibrary">
<msg time="2024-07-10T11:58:29.610073" level="INFO">Verifying element 'xpath://div[text()=' Receive payment ']' contains exact text 'Receive payment'.</msg>
<arg>${rec_pay_verify}</arg>
<arg>${rec_pay_verify_keyword}</arg>
<doc>Verifies that element ``locator`` contains exact the text ``expected``.</doc>
<status status="PASS" start="2024-07-10T11:58:29.610073" elapsed="0.441994"/>
</kw>
<status status="PASS" start="2024-07-10T11:58:27.435221" elapsed="2.616846"/>
</kw>
<kw name="Fill the receive payment form with data" owner="ReceivePaymentResouce">
<kw name="Input Text" owner="SeleniumLibrary">
<msg time="2024-07-10T11:58:30.056585" level="INFO">Typing text 'demo' into text field 'xpath://input[@placeholder='Type to search']'.</msg>
<arg>${input_user}</arg>
<arg>${user}</arg>
<doc>Types the given ``text`` into the text field identified by ``locator``.</doc>
<status status="PASS" start="2024-07-10T11:58:30.055066" elapsed="0.314488"/>
</kw>
<kw name="Input Text" owner="SeleniumLibrary">
<msg time="2024-07-10T11:58:30.369554" level="INFO">Typing text '10' into text field 'xpath://div[@class='label-value-container']//div[@class='input-group']//input'.</msg>
<arg>${input_amount}</arg>
<arg>${amount}</arg>
<doc>Types the given ``text`` into the text field identified by ``locator``.</doc>
<status status="PASS" start="2024-07-10T11:58:30.369554" elapsed="0.142744"/>
</kw>
<arg>${user}</arg>
<arg>${amount}</arg>
<status status="PASS" start="2024-07-10T11:58:30.053066" elapsed="0.460235"/>
</kw>
<kw name="Select the schedule" owner="ReceivePaymentResouce">
<kw name="Click Button" owner="SeleniumLibrary">
<msg time="2024-07-10T11:58:30.514803" level="INFO">Clicking button 'xpath://button[@class='form-control text-left custom-select w-100']'.</msg>
<arg>${schedue}</arg>
<doc>Clicks the button identified by ``locator``.</doc>
<status status="PASS" start="2024-07-10T11:58:30.514803" elapsed="1.508137"/>
</kw>
<kw name="Click Element" owner="SeleniumLibrary">
<msg time="2024-07-10T11:58:32.024941" level="INFO">Clicking element 'xpath://div[@role='listbox']//a[text()=' Pay now ']'.</msg>
<arg>${pay_type}</arg>
<doc>Click the element identified by ``locator``.</doc>
<status status="PASS" start="2024-07-10T11:58:32.023942" elapsed="0.086364"/>
</kw>
<status status="PASS" start="2024-07-10T11:58:30.513301" elapsed="1.597005"/>
</kw>
<kw name="Fill the description" owner="ReceivePaymentResouce">
<kw name="Input Text" owner="SeleniumLibrary">
<msg time="2024-07-10T11:58:32.114485" level="INFO">Typing text 'Receive payment from users' into text field 'xpath://div[@class='d-flex label-value-value']//textarea'.</msg>
<arg>${descrip_xpath}</arg>
<arg>${description}</arg>
<doc>Types the given ``text`` into the text field identified by ``locator``.</doc>
<status status="PASS" start="2024-07-10T11:58:32.113486" elapsed="0.220550"/>
</kw>
<arg>${description}</arg>
<status status="PASS" start="2024-07-10T11:58:32.112480" elapsed="0.221556"/>
</kw>
<kw name="Click the next button" owner="ReceivePaymentResouce">
<kw name="Click Button" owner="SeleniumLibrary">
<msg time="2024-07-10T11:58:32.337692" level="INFO">Clicking button 'xpath://action-button/button'.</msg>
<arg>${next_button}</arg>
<doc>Clicks the button identified by ``locator``.</doc>
<status status="PASS" start="2024-07-10T11:58:32.336689" elapsed="0.107134"/>
</kw>
<status status="PASS" start="2024-07-10T11:58:32.335480" elapsed="0.108343"/>
</kw>
<kw name="Verify the confirmation page is displayed" owner="ReceivePaymentResouce">
<kw name="Element Should Be Visible" owner="SeleniumLibrary">
<msg time="2024-07-10T11:58:32.474170" level="INFO">Element 'xpath:(//action-button[@class='d-inline-block button']//button)[1]' is displayed.</msg>
<arg>${confirm_button}</arg>
<doc>Verifies that the element identified by ``locator`` is visible.</doc>
<status status="PASS" start="2024-07-10T11:58:32.445892" elapsed="0.029538"/>
</kw>
<kw name="Click Button" owner="SeleniumLibrary">
<msg time="2024-07-10T11:58:32.476497" level="INFO">Clicking button 'xpath:(//action-button[@class='d-inline-block button']//button)[1]'.</msg>
<arg>${confirm_button}</arg>
<doc>Clicks the button identified by ``locator``.</doc>
<status status="PASS" start="2024-07-10T11:58:32.475430" elapsed="0.074726"/>
</kw>
<status status="PASS" start="2024-07-10T11:58:32.444823" elapsed="0.105333"/>
</kw>
<arg>user=demo</arg>
<arg>amount=10</arg>
<arg>description=Receive payment from users</arg>
<doc>This checks the Receive payment functionality with valid data</doc>
<status status="PASS" start="2024-07-10T11:58:19.121886" elapsed="13.428270"/>
</kw>
<kw name="Close Browser Session" owner="GenericResource" type="TEARDOWN">
<kw name="Close Browser" owner="SeleniumLibrary">
<doc>Closes the current browser.</doc>
<status status="PASS" start="2024-07-10T11:58:32.551156" elapsed="2.959955"/>
</kw>
<status status="PASS" start="2024-07-10T11:58:32.551156" elapsed="2.959955"/>
</kw>
<tag>smoke</tag>
<status status="PASS" start="2024-07-10T11:58:13.172051" elapsed="22.339060"/>
</test>
<doc>This checks the Receive payment fubctionality</doc>
<status status="PASS" start="2024-07-10T11:58:11.040945" elapsed="24.472175"/>
</suite>
<suite id="s1-s34" name="test invalidKeyBusinessDirectory" source="C:\Users\ASUS\Desktop\PilotProject_Cyclos_Team1-1\TestCases\test_invalidKeyBusinessDirectory.robot">
<test id="s1-s34-t1" name="Validate Business Directory functionality with invalid data" line="16">
<kw name="Open the Browser with URL" owner="GenericResource" type="SETUP">
<kw name="Create Webdriver" owner="SeleniumLibrary">
<msg time="2024-07-10T11:58:42.139213" level="INFO">Creating an instance of the Chrome WebDriver.</msg>
<arg>${brower_name}</arg>
<doc>Creates an instance of Selenium WebDriver.</doc>
<status status="PASS" start="2024-07-10T11:58:42.139213" elapsed="1.916975"/>
</kw>
<kw name="Go To" owner="SeleniumLibrary">
<msg time="2024-07-10T11:58:44.056188" level="INFO">Opening url 'https://demo.cyclos.org/ui/home'</msg>
<arg>${url}</arg>
<doc>Navigates the current browser window to the provided ``url``.</doc>
<status status="PASS" start="2024-07-10T11:58:44.056188" elapsed="2.389804"/>
</kw>
<kw name="Maximize Browser Window" owner="SeleniumLibrary">
<doc>Maximizes current browser window.</doc>
<status status="PASS" start="2024-07-10T11:58:46.446992" elapsed="0.056493"/>
</kw>
<kw name="Set Selenium Implicit Wait" owner="SeleniumLibrary">
<arg>5</arg>
<doc>Sets the implicit wait value used by Selenium.</doc>
<status status="PASS" start="2024-07-10T11:58:46.503485" elapsed="0.003001"/>
</kw>
<status status="PASS" start="2024-07-10T11:58:42.137955" elapsed="4.368531"/>
</kw>
<kw name="To Validate the Business Directory functionality with invalid data">
<kw name="Go to Login Page" owner="HomeResource">
<kw name="Sleep" owner="BuiltIn">
<msg time="2024-07-10T11:58:51.510008" level="INFO">Slept 5 seconds.</msg>
<arg>5s</arg>
<doc>Pauses the test executed for the given time.</doc>
<status status="PASS" start="2024-07-10T11:58:46.509499" elapsed="5.000509"/>
</kw>
<kw name="Click Element" owner="SeleniumLibrary">
<msg time="2024-07-10T11:58:51.512015" level="INFO">Clicking element 'xpath:(//div[@class="ml-2"])[3]'.</msg>
<arg>${login_btn}</arg>
<doc>Click the element identified by ``locator``.</doc>
<status status="PASS" start="2024-07-10T11:58:51.510008" elapsed="0.110665"/>
</kw>
<status status="PASS" start="2024-07-10T11:58:46.508499" elapsed="5.112174"/>
</kw>
<kw name="Fill the login form" owner="LoginResource">
<kw name="Input Text" owner="SeleniumLibrary">
<msg time="2024-07-10T11:58:51.622677" level="INFO">Typing text 'demo' into text field 'css:input[placeholder="User"]'.</msg>
<arg>${username}</arg>
<arg>${user}</arg>
<doc>Types the given ``text`` into the text field identified by ``locator``.</doc>
<status status="PASS" start="2024-07-10T11:58:51.621678" elapsed="0.125994"/>
</kw>
<kw name="Input Password" owner="SeleniumLibrary">
<msg time="2024-07-10T11:58:51.748672" level="INFO">Typing password into text field 'css:input[placeholder="Password"]'.</msg>
<msg time="2024-07-10T11:58:51.788159" level="INFO">Temporally setting log level to: NONE</msg>
<arg>${password}</arg>
<arg>${pass}</arg>
<doc>Types the given password into the text field identified by ``locator``.</doc>
<status status="PASS" start="2024-07-10T11:58:51.747672" elapsed="0.118631"/>
</kw>
<arg>demo</arg>
<arg>1234</arg>
<status status="PASS" start="2024-07-10T11:58:51.620673" elapsed="0.246633"/>
</kw>
<kw name="click the login button" owner="LoginResource">
<kw name="Click Button" owner="SeleniumLibrary">
<msg time="2024-07-10T11:58:51.868307" level="INFO">Clicking button 'xpath://button[@class="btn d-flex justify-content-center align-items-center w-100 h-100 btn-primary btn-action-primary"]'.</msg>
<arg>${submit_btn}</arg>
<doc>Clicks the button identified by ``locator``.</doc>
<status status="PASS" start="2024-07-10T11:58:51.868307" elapsed="0.101302"/>
</kw>
<status status="PASS" start="2024-07-10T11:58:51.867306" elapsed="0.102303"/>
</kw>
<kw name="Click the Marketplace Option" owner="HomeResource">
<kw name="Wait Until Element Is Visible" owner="SeleniumLibrary">
<arg>${Marketplace_Xpath}</arg>
<doc>Waits until the element ``locator`` is visible.</doc>
<status status="PASS" start="2024-07-10T11:58:51.970614" elapsed="0.691014"/>
</kw>
<kw name="Click Element" owner="SeleniumLibrary">
<msg time="2024-07-10T11:58:52.662872" level="INFO">Clicking element 'xpath://a[@id='menu_marketplace']'.</msg>
<arg>${Marketplace_Xpath}</arg>
<doc>Click the element identified by ``locator``.</doc>
<status status="PASS" start="2024-07-10T11:58:52.662872" elapsed="0.066461"/>
</kw>
<status status="PASS" start="2024-07-10T11:58:51.969609" elapsed="0.759724"/>
</kw>
<kw name="Verify the Marketplace page is displayed" owner="HomeResource">
<kw name="Element Text Should Be" owner="SeleniumLibrary">
<msg time="2024-07-10T11:58:52.731332" level="INFO">Verifying element 'xpath://div[@class='side-menu-title' and text()=' Marketplace ']' contains exact text 'Marketplace'.</msg>
<arg>${Marketplace_page_verify}</arg>
<arg>${Marketplace_page_keyword}</arg>
<doc>Verifies that element ``locator`` contains exact the text ``expected``.</doc>
<status status="PASS" start="2024-07-10T11:58:52.730331" elapsed="2.022000"/>
</kw>
<status status="PASS" start="2024-07-10T11:58:52.729333" elapsed="2.022998"/>
</kw>
<kw name="Select the option business directory" owner="BusinessDirectoryResource">
<kw name="Wait Until Element Is Visible" owner="SeleniumLibrary">
<arg>${business_dir}</arg>
<doc>Waits until the element ``locator`` is visible.</doc>
<status status="PASS" start="2024-07-10T11:58:54.754337" elapsed="0.283257"/>
</kw>
<kw name="Click Element" owner="SeleniumLibrary">
<msg time="2024-07-10T11:58:55.039937" level="INFO">Clicking element 'xpath:(//nav[@class='navbar d-flex flex-column align-items-stretch']//a/div)[1]'.</msg>
<arg>${business_dir}</arg>
<doc>Click the element identified by ``locator``.</doc>
<status status="PASS" start="2024-07-10T11:58:55.038933" elapsed="0.233263"/>
</kw>
<status status="PASS" start="2024-07-10T11:58:54.753338" elapsed="0.519859"/>
</kw>
<kw name="verify the business directory page open" owner="BusinessDirectoryResource">
<kw name="Element Text Should Be" owner="SeleniumLibrary">
<msg time="2024-07-10T11:58:55.274200" level="INFO">Verifying element 'xpath://div[text()=' Business directory ']' contains exact text 'Business directory'.</msg>
<arg>${business_dir_title}</arg>
<arg>${business_dir_title_verify}</arg>
<doc>Verifies that element ``locator`` contains exact the text ``expected``.</doc>
<status status="PASS" start="2024-07-10T11:58:55.274200" elapsed="0.327258"/>
</kw>
<status status="PASS" start="2024-07-10T11:58:55.273197" elapsed="0.329261"/>
</kw>
<kw name="Enter the key in keyword field" owner="BusinessDirectoryResource">
<kw name="Input Text" owner="SeleniumLibrary">
<msg time="2024-07-10T11:58:55.604460" level="INFO">Typing text '@' into text field 'xpath://div[@class='d-flex label-value-value']/input'.</msg>
<arg>${input_key}</arg>
<arg>${keyword}</arg>
<doc>Types the given ``text`` into the text field identified by ``locator``.</doc>
<status status="PASS" start="2024-07-10T11:58:55.603458" elapsed="0.515598"/>
</kw>
<arg>${invalid_keyword}</arg>
<status status="PASS" start="2024-07-10T11:58:55.602458" elapsed="0.516598"/>
</kw>
<kw name="Verify the invalid key alert" owner="BusinessDirectoryResource">
<kw name="Wait Until Element Is Visible" owner="SeleniumLibrary">
<arg>${key_error_alert}</arg>
<doc>Waits until the element ``locator`` is visible.</doc>
<status status="PASS" start="2024-07-10T11:58:56.121055" elapsed="1.675507"/>
</kw>
<kw name="Element Text Should Be" owner="SeleniumLibrary">
<msg time="2024-07-10T11:58:57.796562" level="INFO">Verifying element 'xpath://div[@class='notification-message']' contains exact text 'Invalid keywords'.</msg>
<arg>${key_error_alert}</arg>
<arg>${alert_text}</arg>
<doc>Verifies that element ``locator`` contains exact the text ``expected``.</doc>
<status status="PASS" start="2024-07-10T11:58:57.796562" elapsed="0.130267"/>
</kw>
<status status="PASS" start="2024-07-10T11:58:56.119056" elapsed="1.809027"/>
</kw>
<arg>invalid_keyword=@</arg>
<doc>This checks the Business Directory functionality with invalid data</doc>
<status status="PASS" start="2024-07-10T11:58:46.506486" elapsed="11.421597"/>
</kw>
<kw name="Close Browser Session" owner="GenericResource" type="TEARDOWN">
<kw name="Close Browser" owner="SeleniumLibrary">
<doc>Closes the current browser.</doc>
<status status="PASS" start="2024-07-10T11:58:57.930089" elapsed="2.479012"/>
</kw>
<status status="PASS" start="2024-07-10T11:58:57.929089" elapsed="2.480012"/>
</kw>
<tag>smoke</tag>
<status status="PASS" start="2024-07-10T11:58:42.133447" elapsed="18.275654"/>
</test>
<doc>This checks the Business Directory functionality</doc>
<status status="PASS" start="2024-07-10T11:58:40.795471" elapsed="19.614629"/>
</suite>
<doc>[https://pabot.org/?ref=log|Pabot] result from 34 executions.</doc>
<status status="FAIL" start="2024-07-10T11:52:28.865000" elapsed="210.517915"/>
</suite>
<statistics>
<total>
<stat pass="42" fail="7" skip="0">All Tests</stat>
</total>
<tag>
<stat pass="3" fail="0" skip="0">invalid_ReceiveQRCode</stat>
<stat pass="7" fail="0" skip="0">Regression</stat>
<stat pass="2" fail="0" skip="0">Retest</stat>
<stat pass="16" fail="5" skip="0">Smoke</stat>
<stat pass="1" fail="0" skip="0">valid_ReceiveQRCode</stat>
<stat pass="1" fail="0" skip="0">wishlist</stat>
</tag>
<suite>
<stat pass="42" fail="7" skip="0" id="s1" name="TestCases">TestCases</stat>
<stat pass="7" fail="0" skip="0" id="s1-s1" name="Test Advertisement">TestCases.Test Advertisement</stat>
<stat pass="1" fail="0" skip="0" id="s1-s2" name="Test Pay User Invalid">TestCases.Test Pay User Invalid</stat>
<stat pass="1" fail="0" skip="0" id="s1-s3" name="Test Payment To User">TestCases.Test Payment To User</stat>
<stat pass="1" fail="0" skip="0" id="s1-s4" name="test Blankfields">TestCases.test Blankfields</stat>
<stat pass="0" fail="1" skip="0" id="s1-s5" name="test blankAmount">TestCases.test blankAmount</stat>
<stat pass="1" fail="0" skip="0" id="s1-s6" name="test blankUserfields">TestCases.test blankUserfields</stat>
<stat pass="1" fail="0" skip="0" id="s1-s7" name="test recurringPayment">TestCases.test recurringPayment</stat>
<stat pass="1" fail="0" skip="0" id="s1-s8" name="Test Logout">TestCases.Test Logout</stat>
<stat pass="1" fail="1" skip="0" id="s1-s9" name="Test Myadvertisement">TestCases.Test Myadvertisement</stat>
<stat pass="1" fail="0" skip="0" id="s1-s10" name="Test Register">TestCases.Test Register</stat>
<stat pass="3" fail="1" skip="0" id="s1-s11" name="Test User Payment">TestCases.Test User Payment</stat>
<stat pass="1" fail="0" skip="0" id="s1-s12" name="test addUserToContact">TestCases.test addUserToContact</stat>
<stat pass="1" fail="0" skip="0" id="s1-s13" name="test alreadyExistsEmail">TestCases.test alreadyExistsEmail</stat>
<stat pass="1" fail="0" skip="0" id="s1-s14" name="test blankAmountQRcode">TestCases.test blankAmountQRcode</stat>
<stat pass="1" fail="0" skip="0" id="s1-s15" name="test blankAmountReceivePay">TestCases.test blankAmountReceivePay</stat>
<stat pass="1" fail="0" skip="0" id="s1-s16" name="test blankDescReceivePay">TestCases.test blankDescReceivePay</stat>
<stat pass="1" fail="0" skip="0" id="s1-s17" name="test blankDescripQRcode">TestCases.test blankDescripQRcode</stat>
<stat pass="1" fail="0" skip="0" id="s1-s18" name="test blankFieldRegister">TestCases.test blankFieldRegister</stat>
<stat pass="1" fail="0" skip="0" id="s1-s19" name="test blankQRcode">TestCases.test blankQRcode</stat>
<stat pass="0" fail="1" skip="0" id="s1-s20" name="test blankUserReceivePay">TestCases.test blankUserReceivePay</stat>
<stat pass="1" fail="0" skip="0" id="s1-s21" name="test businessDirectory">TestCases.test businessDirectory</stat>
<stat pass="0" fail="1" skip="0" id="s1-s22" name="test cancel recurringPayment">TestCases.test cancel recurringPayment</stat>
<stat pass="1" fail="0" skip="0" id="s1-s23" name="test confirmPasswordRegister">TestCases.test confirmPasswordRegister</stat>
<stat pass="1" fail="0" skip="0" id="s1-s24" name="test invalidEmailRegister">TestCases.test invalidEmailRegister</stat>
<stat pass="2" fail="0" skip="0" id="s1-s25" name="test invalidLogin">TestCases.test invalidLogin</stat>
<stat pass="1" fail="0" skip="0" id="s1-s26" name="test invalidPasswordRegister">TestCases.test invalidPasswordRegister</stat>
<stat pass="0" fail="1" skip="0" id="s1-s27" name="test invalidReceivePay">TestCases.test invalidReceivePay</stat>
<stat pass="1" fail="0" skip="0" id="s1-s28" name="test mandatoryFieldRegister">TestCases.test mandatoryFieldRegister</stat>
<stat pass="0" fail="1" skip="0" id="s1-s29" name="test memberAccount">TestCases.test memberAccount</stat>
<stat pass="4" fail="0" skip="0" id="s1-s30" name="test receiveQRcode">TestCases.test receiveQRcode</stat>
<stat pass="2" fail="0" skip="0" id="s1-s31" name="test validLogin">TestCases.test validLogin</stat>
<stat pass="1" fail="0" skip="0" id="s1-s32" name="test validQRcode">TestCases.test validQRcode</stat>
<stat pass="1" fail="0" skip="0" id="s1-s33" name="test validReceivePay">TestCases.test validReceivePay</stat>
<stat pass="1" fail="0" skip="0" id="s1-s34" name="test invalidKeyBusinessDirectory">TestCases.test invalidKeyBusinessDirectory</stat>
</suite>
</statistics>
<errors>
<msg time="2024-07-10T11:57:30.873714" level="WARN">Multiple tests with name 'inValid Login Test' executed in suite 'TestCases.test invalidLogin'.</msg>
<msg time="2024-07-10T11:58:18.554704" level="WARN">Multiple tests with name 'Valid Login Test case' executed in suite 'TestCases.test validLogin'.</msg>
</errors>
</robot>
