<?xml version="1.0" encoding="UTF-8"?>
<robot generator="Robot 7.0 (Python 3.12.2 on win32)" generated="2024-07-10T11:53:07.353621" rpa="false" schemaversion="5">
<suite id="s1" name="TestCases" source="C:\Users\ASUS\Desktop\PilotProject_Cyclos_Team1-1\TestCases">
<suite id="s1-s1" name="test recurringPayment" source="C:\Users\ASUS\Desktop\PilotProject_Cyclos_Team1-1\TestCases\test_recurringPayment.robot">
<test id="s1-s1-t1" name="To validate payment" line="16">
<kw name="Open the Browser with URL" owner="GenericResource" type="SETUP">
<kw name="Create Webdriver" owner="SeleniumLibrary">
<msg time="2024-07-10T11:53:09.901373" level="INFO">Creating an instance of the Chrome WebDriver.</msg>
<arg>${brower_name}</arg>
<doc>Creates an instance of Selenium WebDriver.</doc>
<status status="PASS" start="2024-07-10T11:53:09.901373" elapsed="2.486982"/>
</kw>
<kw name="Go To" owner="SeleniumLibrary">
<msg time="2024-07-10T11:53:12.389355" level="INFO">Opening url 'https://demo.cyclos.org/ui/home'</msg>
<arg>${url}</arg>
<doc>Navigates the current browser window to the provided ``url``.</doc>
<status status="PASS" start="2024-07-10T11:53:12.389355" elapsed="1.498394"/>
</kw>
<kw name="Maximize Browser Window" owner="SeleniumLibrary">
<doc>Maximizes current browser window.</doc>
<status status="PASS" start="2024-07-10T11:53:13.887749" elapsed="2.150205"/>
</kw>
<kw name="Set Selenium Implicit Wait" owner="SeleniumLibrary">
<arg>5</arg>
<doc>Sets the implicit wait value used by Selenium.</doc>
<status status="PASS" start="2024-07-10T11:53:16.037954" elapsed="0.009100"/>
</kw>
<status status="PASS" start="2024-07-10T11:53:09.898320" elapsed="6.149751"/>
</kw>
<kw name="To validate the payment to user functionality with Recurring payment">
<kw name="Go to Login Page" owner="HomeResource">
<kw name="Sleep" owner="BuiltIn">
<msg time="2024-07-10T11:53:21.053270" level="INFO">Slept 5 seconds.</msg>
<arg>5s</arg>
<doc>Pauses the test executed for the given time.</doc>
<status status="PASS" start="2024-07-10T11:53:16.051708" elapsed="5.001562"/>
</kw>
<kw name="Click Element" owner="SeleniumLibrary">
<msg time="2024-07-10T11:53:21.056236" level="INFO">Clicking element 'xpath:(//div[@class="ml-2"])[3]'.</msg>
<arg>${login_btn}</arg>
<doc>Click the element identified by ``locator``.</doc>
<status status="PASS" start="2024-07-10T11:53:21.055236" elapsed="0.211632"/>
</kw>
<status status="PASS" start="2024-07-10T11:53:16.050702" elapsed="5.216166"/>
</kw>
<kw name="Fill the login form" owner="LoginResource">
<kw name="Input Text" owner="SeleniumLibrary">
<msg time="2024-07-10T11:53:21.271466" level="INFO">Typing text 'sandhiyas' into text field 'css:input[placeholder="User"]'.</msg>
<arg>${username}</arg>
<arg>${user}</arg>
<doc>Types the given ``text`` into the text field identified by ``locator``.</doc>
<status status="PASS" start="2024-07-10T11:53:21.271466" elapsed="0.180725"/>
</kw>
<kw name="Input Password" owner="SeleniumLibrary">
<msg time="2024-07-10T11:53:21.454201" level="INFO">Typing password into text field 'css:input[placeholder="Password"]'.</msg>
<msg time="2024-07-10T11:53:21.527362" level="INFO">Temporally setting log level to: NONE</msg>
<arg>${password}</arg>
<arg>${pass}</arg>
<doc>Types the given password into the text field identified by ``locator``.</doc>
<status status="PASS" start="2024-07-10T11:53:21.453198" elapsed="0.155032"/>
</kw>
<arg>sandhiyas</arg>
<arg>Sand@123</arg>
<status status="PASS" start="2024-07-10T11:53:21.266868" elapsed="0.342363"/>
</kw>
<kw name="click the login button" owner="LoginResource">
<kw name="Click Button" owner="SeleniumLibrary">
<msg time="2024-07-10T11:53:21.609231" level="INFO">Clicking button 'xpath://button[@class="btn d-flex justify-content-center align-items-center w-100 h-100 btn-primary btn-action-primary"]'.</msg>
<arg>${submit_btn}</arg>
<doc>Clicks the button identified by ``locator``.</doc>
<status status="PASS" start="2024-07-10T11:53:21.609231" elapsed="0.072804"/>
</kw>
<status status="PASS" start="2024-07-10T11:53:21.609231" elapsed="0.072804"/>
</kw>
<kw name="Click on the Banking button" owner="HomeResource">
<kw name="Wait Until Element Is Visible" owner="SeleniumLibrary">
<arg>${Banking}</arg>
<doc>Waits until the element ``locator`` is visible.</doc>
<status status="PASS" start="2024-07-10T11:53:21.683518" elapsed="1.055991"/>
</kw>
<kw name="Click Element" owner="SeleniumLibrary">
<msg time="2024-07-10T11:53:22.740512" level="INFO">Clicking element 'xpath://div[text()='Banking']'.</msg>
<arg>${Banking}</arg>
<doc>Click the element identified by ``locator``.</doc>
<status status="PASS" start="2024-07-10T11:53:22.739509" elapsed="0.057290"/>
</kw>
<status status="PASS" start="2024-07-10T11:53:21.682035" elapsed="1.114764"/>
</kw>
<kw name="verify the Banking page open" owner="PaymentUser">
<kw name="Wait Until Element Is Visible" owner="SeleniumLibrary">
<arg>${Banking_title}</arg>
<doc>Waits until the element ``locator`` is visible.</doc>
<status status="PASS" start="2024-07-10T11:53:22.797803" elapsed="1.409530"/>
</kw>
<kw name="Element Text Should Be" owner="SeleniumLibrary">
<msg time="2024-07-10T11:53:24.208333" level="INFO">Verifying element 'xpath://div[@class="side-menu-header"]//following-sibling::div' contains exact text 'Banking'.</msg>
<arg>${Banking_title}</arg>
<arg>Banking</arg>
<doc>Verifies that element ``locator`` contains exact the text ``expected``.</doc>
<status status="PASS" start="2024-07-10T11:53:24.208333" elapsed="0.039063"/>
</kw>
<status status="PASS" start="2024-07-10T11:53:22.797803" elapsed="1.449593"/>
</kw>
<kw name="Select the option payment to user" owner="PaymentUser">
<kw name="Wait Until Element Is Visible" owner="SeleniumLibrary">
<arg>${select_payment_to_user}</arg>
<doc>Waits until the element ``locator`` is visible.</doc>
<status status="PASS" start="2024-07-10T11:53:24.248401" elapsed="0.037710"/>
</kw>
<kw name="Click Element" owner="SeleniumLibrary">
<msg time="2024-07-10T11:53:24.287341" level="INFO">Clicking element 'xpath://div[text()="Payment to user"]'.</msg>
<arg>${select_payment_to_user}</arg>
<doc>Click the element identified by ``locator``.</doc>
<status status="PASS" start="2024-07-10T11:53:24.286111" elapsed="0.109052"/>
</kw>
<status status="PASS" start="2024-07-10T11:53:24.247396" elapsed="0.147767"/>
</kw>
<kw name="verify the payment to user page open" owner="PaymentUser">
<kw name="Element Text Should Be" owner="SeleniumLibrary">
<msg time="2024-07-10T11:53:24.396163" level="INFO">Verifying element 'xpath://div[@class="content-title d-flex"]//div' contains exact text 'Payment to user'.</msg>
<arg>${payment_user_title}</arg>
<arg>Payment to user</arg>
<doc>Verifies that element ``locator`` contains exact the text ``expected``.</doc>
<status status="PASS" start="2024-07-10T11:53:24.396163" elapsed="0.628320"/>
</kw>
<status status="PASS" start="2024-07-10T11:53:24.395163" elapsed="0.629320"/>
</kw>
<kw name="Enter the username in the to user field" owner="PaymentUser">
<kw name="Input Text" owner="SeleniumLibrary">
<msg time="2024-07-10T11:53:25.025961" level="INFO">Typing text 'keerthisan' into text field 'xpath://input[@placeholder="Type to search"]'.</msg>
<arg>${to_User}</arg>
<arg>${user_name}</arg>
<doc>Types the given ``text`` into the text field identified by ``locator``.</doc>
<status status="PASS" start="2024-07-10T11:53:25.024483" elapsed="0.120745"/>
</kw>
<arg>${user_name}</arg>
<status status="PASS" start="2024-07-10T11:53:25.024483" elapsed="0.121754"/>
</kw>
<kw name="Select the user" owner="PaymentUser">
<kw name="Click Element" owner="SeleniumLibrary">
<msg time="2024-07-10T11:53:25.147232" level="INFO">Clicking element 'xpath://div[@class="dropdown-menu show"]//a[1]'.</msg>
<arg>${select_user}</arg>
<doc>Click the element identified by ``locator``.</doc>
<status status="PASS" start="2024-07-10T11:53:25.147232" elapsed="1.861930"/>
</kw>
<status status="PASS" start="2024-07-10T11:53:25.146237" elapsed="1.864001"/>
</kw>
<kw name="Enter the valid amount in the amount field" owner="PaymentUser">
<kw name="Input Text" owner="SeleniumLibrary">
<msg time="2024-07-10T11:53:27.012242" level="INFO">Typing text '10' into text field 'xpath://div[@class="input-group"]//input'.</msg>
<arg>${amount}</arg>
<arg>${amount_data}</arg>
<doc>Types the given ``text`` into the text field identified by ``locator``.</doc>
<status status="PASS" start="2024-07-10T11:53:27.012242" elapsed="0.193812"/>
</kw>
<arg>${amount_data}</arg>
<status status="PASS" start="2024-07-10T11:53:27.010238" elapsed="0.196817"/>
</kw>
<kw name="Click the scheduling dropdown button" owner="PaymentUser">
<kw name="Click Element" owner="SeleniumLibrary">
<msg time="2024-07-10T11:53:27.208054" level="INFO">Clicking element 'xpath://button[@title="Pay now"]'.</msg>
<arg>${Scheduling}</arg>
<doc>Click the element identified by ``locator``.</doc>
<status status="PASS" start="2024-07-10T11:53:27.207055" elapsed="1.151825"/>
</kw>
<status status="PASS" start="2024-07-10T11:53:27.207055" elapsed="1.151825"/>
</kw>
<kw name="Select the Recurring payment option" owner="PaymentUser">
<kw name="Click Element" owner="SeleniumLibrary">
<msg time="2024-07-10T11:53:28.359878" level="INFO">Clicking element 'xpath://a[text()=" Recurring payments "]'.</msg>
<arg>${recurring_payment}</arg>
<doc>Click the element identified by ``locator``.</doc>
<status status="PASS" start="2024-07-10T11:53:28.359878" elapsed="0.293831"/>
</kw>
<status status="PASS" start="2024-07-10T11:53:28.358880" elapsed="0.294829"/>
</kw>
<kw name="Click the process every dropdown list" owner="PaymentUser">
<kw name="Click Element" owner="SeleniumLibrary">
<msg time="2024-07-10T11:53:28.654715" level="INFO">Clicking element 'xpath:(//div[@class="w-100"])[2]//button'.</msg>
<arg>${click_process_every}</arg>
<doc>Click the element identified by ``locator``.</doc>
<status status="PASS" start="2024-07-10T11:53:28.654715" elapsed="0.066508"/>
</kw>
<status status="PASS" start="2024-07-10T11:53:28.653709" elapsed="0.067514"/>
</kw>
<kw name="Select the week in process every dropdown list" owner="PaymentUser">
<kw name="Click Element" owner="SeleniumLibrary">
<msg time="2024-07-10T11:53:28.722673" level="INFO">Clicking element 'xpath://a[text()=" Weeks "]'.</msg>
<arg>${click_week}</arg>
<doc>Click the element identified by ``locator``.</doc>
<status status="PASS" start="2024-07-10T11:53:28.722673" elapsed="0.064767"/>
</kw>
<status status="PASS" start="2024-07-10T11:53:28.721223" elapsed="0.066217"/>
</kw>
<kw name="Click the next Button in payment page" owner="PaymentUser">
<kw name="Wait Until Element Is Visible" owner="SeleniumLibrary">
<arg>${next}</arg>
<doc>Waits until the element ``locator`` is visible.</doc>
<status status="PASS" start="2024-07-10T11:53:28.788090" elapsed="0.025709"/>
</kw>
<kw name="Click Element" owner="SeleniumLibrary">
<msg time="2024-07-10T11:53:28.814800" level="INFO">Clicking element 'xpath://action-button[@class="d-inline-block button"]/button'.</msg>
<arg>${next}</arg>
<doc>Click the element identified by ``locator``.</doc>
<status status="PASS" start="2024-07-10T11:53:28.813799" elapsed="0.047285"/>
</kw>
<status status="PASS" start="2024-07-10T11:53:28.788090" elapsed="0.073994"/>
</kw>
<kw name="Click the confirm button in the payment page" owner="PaymentUser">
<kw name="Wait Until Element Is Visible" owner="SeleniumLibrary">
<arg>${confirm_button}</arg>
<doc>Waits until the element ``locator`` is visible.</doc>
<status status="PASS" start="2024-07-10T11:53:28.863084" elapsed="0.279557"/>
</kw>
<kw name="Click Element" owner="SeleniumLibrary">
<msg time="2024-07-10T11:53:29.142641" level="INFO">Clicking element 'xpath://span[text()='Confirm']'.</msg>
<arg>${confirm_button}</arg>
<doc>Click the element identified by ``locator``.</doc>
<status status="PASS" start="2024-07-10T11:53:29.142641" elapsed="0.149888"/>
</kw>
<status status="PASS" start="2024-07-10T11:53:28.862084" elapsed="0.430445"/>
</kw>
<kw name="verify the succesfull payment notification" owner="PaymentUser">
<kw name="Wait Until Element Is Visible" owner="SeleniumLibrary">
<arg>${successfull_payment_msg}</arg>
<doc>Waits until the element ``locator`` is visible.</doc>
<status status="PASS" start="2024-07-10T11:53:29.293534" elapsed="0.948732"/>
</kw>
<kw name="Element Text Should Be" owner="SeleniumLibrary">
<msg time="2024-07-10T11:53:30.243271" level="INFO">Verifying element 'xpath://div[@class="notification-message"]//div' contains exact text 'The payment was successfully processed'.</msg>
<arg>${successfull_payment_msg}</arg>
<arg>The payment was successfully processed</arg>
<doc>Verifies that element ``locator`` contains exact the text ``expected``.</doc>
<status status="PASS" start="2024-07-10T11:53:30.243271" elapsed="0.015867"/>
</kw>
<status status="PASS" start="2024-07-10T11:53:29.292529" elapsed="0.966609"/>
</kw>
<arg>user_name=keerthisan</arg>
<arg>amount_data=10</arg>
<tag>Smoke</tag>
<doc>To verify that the successful recurring payment</doc>
<status status="PASS" start="2024-07-10T11:53:16.050702" elapsed="14.208436"/>
</kw>
<kw name="Close Browser Session" owner="GenericResource" type="TEARDOWN">
<kw name="Close Browser" owner="SeleniumLibrary">
<doc>Closes the current browser.</doc>
<status status="PASS" start="2024-07-10T11:53:30.260544" elapsed="2.358740"/>
</kw>
<status status="PASS" start="2024-07-10T11:53:30.259138" elapsed="2.360146"/>
</kw>
<status status="PASS" start="2024-07-10T11:53:09.894247" elapsed="22.725037"/>
</test>
<doc>To validate Banking - payment to user Functionality</doc>
<status status="PASS" start="2024-07-10T11:53:07.390514" elapsed="25.228770"/>
</suite>
<status status="PASS" start="2024-07-10T11:53:07.371165" elapsed="25.249282"/>
</suite>
<statistics>
<total>
<stat pass="1" fail="0" skip="0">All Tests</stat>
</total>
<tag>
</tag>
<suite>
<stat pass="1" fail="0" skip="0" id="s1" name="TestCases">TestCases</stat>
<stat pass="1" fail="0" skip="0" id="s1-s1" name="test recurringPayment">TestCases.test recurringPayment</stat>
</suite>
</statistics>
<errors>
</errors>
</robot>
