<?xml version="1.0" encoding="UTF-8"?>
<robot generator="Robot 7.0 (Python 3.12.2 on win32)" generated="2024-05-24T22:40:41.769472" rpa="false" schemaversion="5">
<suite id="s1" name="Test Payment To User" source="C:\Cyclos_project\PilotProject_Cyclos_Team1-2\TestCases\test_payment_to_user.robot">
<test id="s1-t1" name="To validate payment to user functionality with valid amount" line="14">
<kw name="Open the Browser with URL" owner="GenericResource" type="SETUP">
<kw name="Create Webdriver" owner="SeleniumLibrary">
<msg time="2024-05-24T22:40:41.930507" level="INFO">Creating an instance of the Chrome WebDriver.</msg>
<arg>Chrome</arg>
<doc>Creates an instance of Selenium WebDriver.</doc>
<status status="PASS" start="2024-05-24T22:40:41.930507" elapsed="1.558552"/>
</kw>
<kw name="Go To" owner="SeleniumLibrary">
<msg time="2024-05-24T22:40:43.489059" level="INFO">Opening url 'https://demo.cyclos.org/ui/home'</msg>
<arg>${url}</arg>
<doc>Navigates the current browser window to the provided ``url``.</doc>
<status status="PASS" start="2024-05-24T22:40:43.489059" elapsed="3.167778"/>
</kw>
<kw name="Maximize Browser Window" owner="SeleniumLibrary">
<doc>Maximizes current browser window.</doc>
<status status="PASS" start="2024-05-24T22:40:46.656837" elapsed="0.024837"/>
</kw>
<kw name="Set Selenium Implicit Wait" owner="SeleniumLibrary">
<arg>5</arg>
<doc>Sets the implicit wait value used by Selenium.</doc>
<status status="PASS" start="2024-05-24T22:40:46.681674" elapsed="0.000000"/>
</kw>
<status status="PASS" start="2024-05-24T22:40:41.930507" elapsed="4.751167"/>
</kw>
<kw name="click the login button" owner="LoginResource">
<kw name="Click Element" owner="SeleniumLibrary">
<msg time="2024-05-24T22:40:46.684104" level="INFO">Clicking element 'xpath:(//div[text()=' Login '])[1]'.</msg>
<arg>${login_button}</arg>
<doc>Click the element identified by ``locator``.</doc>
<status status="PASS" start="2024-05-24T22:40:46.681674" elapsed="2.093437"/>
</kw>
<status status="PASS" start="2024-05-24T22:40:46.681674" elapsed="2.093437"/>
</kw>
<kw name="Fill the Login page" owner="LoginResource">
<kw name="Wait Until Element Is Visible" owner="SeleniumLibrary">
<arg>${username_locator}</arg>
<doc>Waits until the element ``locator`` is visible.</doc>
<status status="PASS" start="2024-05-24T22:40:48.776156" elapsed="0.026113"/>
</kw>
<kw name="Input Text" owner="SeleniumLibrary">
<msg time="2024-05-24T22:40:48.802269" level="INFO">Typing text 'Sanjay_stark' into text field 'xpath://input[@placeholder="User"]'.</msg>
<arg>${username_locator}</arg>
<arg>${username}</arg>
<doc>Types the given ``text`` into the text field identified by ``locator``.</doc>
<status status="PASS" start="2024-05-24T22:40:48.802269" elapsed="0.141570"/>
</kw>
<kw name="Input Text" owner="SeleniumLibrary">
<msg time="2024-05-24T22:40:48.943839" level="INFO">Typing text 'Sanjay' into text field 'xpath://input[@placeholder="Password"]'.</msg>
<arg>${password_locator}</arg>
<arg>${password}</arg>
<doc>Types the given ``text`` into the text field identified by ``locator``.</doc>
<status status="PASS" start="2024-05-24T22:40:48.943839" elapsed="0.156125"/>
</kw>
<kw name="Wait Until Element Is Visible" owner="SeleniumLibrary">
<arg>${submit_button}</arg>
<doc>Waits until the element ``locator`` is visible.</doc>
<status status="PASS" start="2024-05-24T22:40:49.099964" elapsed="0.021355"/>
</kw>
<kw name="Click Element" owner="SeleniumLibrary">
<msg time="2024-05-24T22:40:49.121319" level="INFO">Clicking element 'xpath://span[text()='Submit']'.</msg>
<arg>${submit_button}</arg>
<doc>Click the element identified by ``locator``.</doc>
<status status="PASS" start="2024-05-24T22:40:49.121319" elapsed="0.045690"/>
</kw>
<status status="PASS" start="2024-05-24T22:40:48.776156" elapsed="0.390853"/>
</kw>
<kw name="Click on the Banking button" owner="HomeResource">
<kw name="Wait Until Element Is Visible" owner="SeleniumLibrary">
<arg>${Banking}</arg>
<doc>Waits until the element ``locator`` is visible.</doc>
<status status="PASS" start="2024-05-24T22:40:49.174484" elapsed="0.820223"/>
</kw>
<kw name="Click Element" owner="SeleniumLibrary">
<msg time="2024-05-24T22:40:49.999311" level="INFO">Clicking element 'xpath://div[text()='Banking']'.</msg>
<arg>${Banking}</arg>
<doc>Click the element identified by ``locator``.</doc>
<status status="PASS" start="2024-05-24T22:40:49.999311" elapsed="0.058617"/>
</kw>
<status status="PASS" start="2024-05-24T22:40:49.174484" elapsed="0.884478"/>
</kw>
<kw name="verify the Banking page open" owner="PaymentUser">
<kw name="Wait Until Element Is Visible" owner="SeleniumLibrary">
<arg>${Banking_title}</arg>
<doc>Waits until the element ``locator`` is visible.</doc>
<status status="PASS" start="2024-05-24T22:40:50.060087" elapsed="1.100377"/>
</kw>
<kw name="Element Text Should Be" owner="SeleniumLibrary">
<msg time="2024-05-24T22:40:51.161781" level="INFO">Verifying element 'xpath://div[@class="side-menu-header"]//following-sibling::div' contains exact text 'Banking'.</msg>
<arg>${Banking_title}</arg>
<arg>Banking</arg>
<doc>Verifies that element ``locator`` contains exact the text ``expected``.</doc>
<status status="PASS" start="2024-05-24T22:40:51.160464" elapsed="0.017261"/>
</kw>
<status status="PASS" start="2024-05-24T22:40:50.058962" elapsed="1.118763"/>
</kw>
<kw name="Select the option payment to user" owner="PaymentUser">
<kw name="Wait Until Element Is Visible" owner="SeleniumLibrary">
<arg>${select_payment_to_user}</arg>
<doc>Waits until the element ``locator`` is visible.</doc>
<status status="PASS" start="2024-05-24T22:40:51.177725" elapsed="0.030856"/>
</kw>
<kw name="Click Element" owner="SeleniumLibrary">
<msg time="2024-05-24T22:40:51.208581" level="INFO">Clicking element 'xpath://div[text()="Payment to user"]'.</msg>
<arg>${select_payment_to_user}</arg>
<doc>Click the element identified by ``locator``.</doc>
<status status="PASS" start="2024-05-24T22:40:51.208581" elapsed="0.069666"/>
</kw>
<status status="PASS" start="2024-05-24T22:40:51.177725" elapsed="0.100522"/>
</kw>
<kw name="verify the payment to user page open" owner="PaymentUser">
<kw name="Element Text Should Be" owner="SeleniumLibrary">
<msg time="2024-05-24T22:40:51.279714" level="INFO">Verifying element 'xpath://div[@class="content-title d-flex"]//div' contains exact text 'Payment to user'.</msg>
<arg>${payment_user_title}</arg>
<arg>Payment to user</arg>
<doc>Verifies that element ``locator`` contains exact the text ``expected``.</doc>
<status status="PASS" start="2024-05-24T22:40:51.279714" elapsed="0.279185"/>
</kw>
<status status="PASS" start="2024-05-24T22:40:51.279280" elapsed="0.279619"/>
</kw>
<kw name="Enter the username in the to user field" owner="PaymentUser">
<kw name="Input Text" owner="SeleniumLibrary">
<msg time="2024-05-24T22:40:51.560271" level="INFO">Typing text 'Dinesh dk' into text field 'xpath://input[@placeholder="Type to search"]'.</msg>
<arg>${to_User}</arg>
<arg>Dinesh dk</arg>
<doc>Types the given ``text`` into the text field identified by ``locator``.</doc>
<status status="PASS" start="2024-05-24T22:40:51.560271" elapsed="0.111517"/>
</kw>
<status status="PASS" start="2024-05-24T22:40:51.560271" elapsed="0.111517"/>
</kw>
<kw name="Select the user" owner="PaymentUser">
<kw name="Click Element" owner="SeleniumLibrary">
<msg time="2024-05-24T22:40:51.673338" level="INFO">Clicking element 'xpath://div[@class="dropdown-menu show"]//a[1]'.</msg>
<arg>${select_user}</arg>
<doc>Click the element identified by ``locator``.</doc>
<status status="PASS" start="2024-05-24T22:40:51.673338" elapsed="0.792345"/>
</kw>
<status status="PASS" start="2024-05-24T22:40:51.673338" elapsed="0.792409"/>
</kw>
<kw name="Enter the valid amount in the amount field" owner="PaymentUser">
<kw name="Input Text" owner="SeleniumLibrary">
<msg time="2024-05-24T22:40:52.466473" level="INFO">Typing text '2' into text field 'xpath://div[@class="input-group"]//input'.</msg>
<arg>${amount}</arg>
<arg>2</arg>
<doc>Types the given ``text`` into the text field identified by ``locator``.</doc>
<status status="PASS" start="2024-05-24T22:40:52.466473" elapsed="0.103511"/>
</kw>
<status status="PASS" start="2024-05-24T22:40:52.466473" elapsed="0.103511"/>
</kw>
<kw name="Click the scheduling dropdown button" owner="PaymentUser">
<kw name="Click Element" owner="SeleniumLibrary">
<msg time="2024-05-24T22:40:52.569984" level="INFO">Clicking element 'xpath://button[@title="Pay now"]'.</msg>
<arg>${Scheduling}</arg>
<doc>Click the element identified by ``locator``.</doc>
<status status="PASS" start="2024-05-24T22:40:52.569984" elapsed="0.648480"/>
</kw>
<status status="PASS" start="2024-05-24T22:40:52.569984" elapsed="0.648480"/>
</kw>
<kw name="Click the pay now option" owner="PaymentUser">
<kw name="Click Element" owner="SeleniumLibrary">
<msg time="2024-05-24T22:40:53.224469" level="INFO">Clicking element 'xpath://a[text()=' Pay now ']'.</msg>
<arg>${pay_now_option}</arg>
<doc>Click the element identified by ``locator``.</doc>
<status status="PASS" start="2024-05-24T22:40:53.224469" elapsed="0.055213"/>
</kw>
<status status="PASS" start="2024-05-24T22:40:53.223732" elapsed="0.055950"/>
</kw>
<kw name="Click the next Button in payment page" owner="PaymentUser">
<kw name="Wait Until Element Is Visible" owner="SeleniumLibrary">
<arg>${next}</arg>
<doc>Waits until the element ``locator`` is visible.</doc>
<status status="PASS" start="2024-05-24T22:40:53.280786" elapsed="0.020020"/>
</kw>
<kw name="Click Element" owner="SeleniumLibrary">
<msg time="2024-05-24T22:40:53.301918" level="INFO">Clicking element 'xpath://span[text()='Next']'.</msg>
<arg>${next}</arg>
<doc>Click the element identified by ``locator``.</doc>
<status status="PASS" start="2024-05-24T22:40:53.300806" elapsed="0.048038"/>
</kw>
<status status="PASS" start="2024-05-24T22:40:53.280786" elapsed="0.068058"/>
</kw>
<kw name="Click the confirm button in the payment page" owner="PaymentUser">
<kw name="Wait Until Element Is Visible" owner="SeleniumLibrary">
<arg>${confirm_button}</arg>
<doc>Waits until the element ``locator`` is visible.</doc>
<status status="PASS" start="2024-05-24T22:40:53.348844" elapsed="0.291651"/>
</kw>
<kw name="Click Element" owner="SeleniumLibrary">
<msg time="2024-05-24T22:40:53.640495" level="INFO">Clicking element 'xpath://span[text()='Confirm']'.</msg>
<arg>${confirm_button}</arg>
<doc>Click the element identified by ``locator``.</doc>
<status status="PASS" start="2024-05-24T22:40:53.640495" elapsed="0.058664"/>
</kw>
<status status="PASS" start="2024-05-24T22:40:53.348844" elapsed="0.350315"/>
</kw>
<kw name="Sleep" owner="BuiltIn">
<msg time="2024-05-24T22:40:58.699676" level="INFO">Slept 5 seconds.</msg>
<arg>5</arg>
<doc>Pauses the test executed for the given time.</doc>
<status status="PASS" start="2024-05-24T22:40:53.699159" elapsed="5.000517"/>
</kw>
<kw name="Close Browser Session" owner="GenericResource" type="TEARDOWN">
<kw name="Close Browser" owner="SeleniumLibrary">
<doc>Closes the current browser.</doc>
<status status="PASS" start="2024-05-24T22:40:58.701357" elapsed="2.173400"/>
</kw>
<status status="PASS" start="2024-05-24T22:40:58.699676" elapsed="2.175081"/>
</kw>
<tag>valid_amount_payment</tag>
<status status="PASS" start="2024-05-24T22:40:41.930507" elapsed="18.944250"/>
</test>
<doc>To validate Banking - payment to user Functionality</doc>
<status status="PASS" start="2024-05-24T22:40:41.769472" elapsed="19.109396"/>
</suite>
<statistics>
<total>
<stat pass="1" fail="0" skip="0">All Tests</stat>
</total>
<tag>
<stat pass="1" fail="0" skip="0">valid_amount_payment</stat>
</tag>
<suite>
<stat pass="1" fail="0" skip="0" id="s1" name="Test Payment To User">Test Payment To User</stat>
</suite>
</statistics>
<errors>
</errors>
</robot>
