<?xml version="1.0" encoding="UTF-8"?>
<robot generator="Robot 7.0 (Python 3.12.2 on win32)" generated="2024-06-02T09:41:47.506945" rpa="false" schemaversion="5">
<suite id="s1" name="TestCases" source="C:\Cyclos_project\PilotProject_Cyclos_Team1-5\TestCases">
<suite id="s1-s1" name="test addUserToContact" source="C:\Cyclos_project\PilotProject_Cyclos_Team1-5\TestCases\test_addUserToContact.robot">
<test id="s1-s1-t1" name="Validate add to contact in Business Directory functionality" line="16">
<kw name="Open the Browser with URL" owner="GenericResource" type="SETUP">
<kw name="Create Webdriver" owner="SeleniumLibrary">
<msg time="2024-06-02T09:41:48.876238" level="INFO">Creating an instance of the Chrome WebDriver.</msg>
<arg>${brower_name}</arg>
<doc>Creates an instance of Selenium WebDriver.</doc>
<status status="PASS" start="2024-06-02T09:41:48.876238" elapsed="3.261977"/>
</kw>
<kw name="Go To" owner="SeleniumLibrary">
<msg time="2024-06-02T09:41:52.138908" level="INFO">Opening url 'https://demo.cyclos.org/ui/home'</msg>
<arg>${url}</arg>
<doc>Navigates the current browser window to the provided ``url``.</doc>
<status status="PASS" start="2024-06-02T09:41:52.138746" elapsed="3.234960"/>
</kw>
<kw name="Maximize Browser Window" owner="SeleniumLibrary">
<doc>Maximizes current browser window.</doc>
<status status="PASS" start="2024-06-02T09:41:55.373706" elapsed="0.027390"/>
</kw>
<kw name="Set Selenium Implicit Wait" owner="SeleniumLibrary">
<arg>5</arg>
<doc>Sets the implicit wait value used by Selenium.</doc>
<status status="PASS" start="2024-06-02T09:41:55.401096" elapsed="0.006034"/>
</kw>
<status status="PASS" start="2024-06-02T09:41:48.876238" elapsed="6.530892"/>
</kw>
<kw name="To Validate the add to contact in Business Directory functionality">
<kw name="Go to Login Page" owner="HomeResource">
<kw name="Sleep" owner="BuiltIn">
<msg time="2024-06-02T09:42:00.410872" level="INFO">Slept 5 seconds.</msg>
<arg>5s</arg>
<doc>Pauses the test executed for the given time.</doc>
<status status="PASS" start="2024-06-02T09:41:55.410550" elapsed="5.000322"/>
</kw>
<kw name="Click Element" owner="SeleniumLibrary">
<msg time="2024-06-02T09:42:00.412147" level="INFO">Clicking element 'xpath:(//div[@class="ml-2"])[3]'.</msg>
<arg>${login_btn}</arg>
<doc>Click the element identified by ``locator``.</doc>
<status status="PASS" start="2024-06-02T09:42:00.410872" elapsed="0.158341"/>
</kw>
<status status="PASS" start="2024-06-02T09:41:55.408466" elapsed="5.160747"/>
</kw>
<kw name="Fill the login form" owner="LoginResource">
<kw name="Input Text" owner="SeleniumLibrary">
<msg time="2024-06-02T09:42:00.569213" level="INFO">Typing text 'dharun' into text field 'css:input[placeholder="User"]'.</msg>
<arg>${username}</arg>
<arg>${user}</arg>
<doc>Types the given ``text`` into the text field identified by ``locator``.</doc>
<status status="PASS" start="2024-06-02T09:42:00.569213" elapsed="0.176743"/>
</kw>
<kw name="Input Password" owner="SeleniumLibrary">
<msg time="2024-06-02T09:42:00.745956" level="INFO">Typing password into text field 'css:input[placeholder="Password"]'.</msg>
<msg time="2024-06-02T09:42:00.821042" level="INFO">Temporally setting log level to: NONE</msg>
<arg>${password}</arg>
<arg>${pass}</arg>
<doc>Types the given password into the text field identified by ``locator``.</doc>
<status status="PASS" start="2024-06-02T09:42:00.745956" elapsed="0.186238"/>
</kw>
<arg>dharun</arg>
<arg>1234</arg>
<status status="PASS" start="2024-06-02T09:42:00.569213" elapsed="0.364269"/>
</kw>
<kw name="click the login button" owner="LoginResource">
<kw name="Click Button" owner="SeleniumLibrary">
<msg time="2024-06-02T09:42:00.933832" level="INFO">Clicking button 'xpath://button[@class="btn d-flex justify-content-center align-items-center w-100 h-100 btn-primary btn-action-primary"]'.</msg>
<arg>${submit_btn}</arg>
<doc>Clicks the button identified by ``locator``.</doc>
<status status="PASS" start="2024-06-02T09:42:00.933832" elapsed="0.125545"/>
</kw>
<status status="PASS" start="2024-06-02T09:42:00.933832" elapsed="0.125545"/>
</kw>
<kw name="Click the Marketplace Option" owner="HomeResource">
<kw name="Wait Until Element Is Visible" owner="SeleniumLibrary">
<arg>${Marketplace_Xpath}</arg>
<doc>Waits until the element ``locator`` is visible.</doc>
<status status="PASS" start="2024-06-02T09:42:01.060969" elapsed="0.758231"/>
</kw>
<kw name="Click Element" owner="SeleniumLibrary">
<msg time="2024-06-02T09:42:01.820234" level="INFO">Clicking element 'xpath://a[@id='menu_marketplace']'.</msg>
<arg>${Marketplace_Xpath}</arg>
<doc>Click the element identified by ``locator``.</doc>
<status status="PASS" start="2024-06-02T09:42:01.819200" elapsed="0.078722"/>
</kw>
<status status="PASS" start="2024-06-02T09:42:01.059377" elapsed="0.838545"/>
</kw>
<kw name="Verify the Marketplace page is displayed" owner="HomeResource">
<kw name="Element Text Should Be" owner="SeleniumLibrary">
<msg time="2024-06-02T09:42:01.899701" level="INFO">Verifying element 'xpath://div[@class='side-menu-title' and text()=' Marketplace ']' contains exact text 'Marketplace'.</msg>
<arg>${Marketplace_page_verify}</arg>
<arg>${Marketplace_page_keyword}</arg>
<doc>Verifies that element ``locator`` contains exact the text ``expected``.</doc>
<status status="PASS" start="2024-06-02T09:42:01.899251" elapsed="2.143727"/>
</kw>
<status status="PASS" start="2024-06-02T09:42:01.898826" elapsed="2.147169"/>
</kw>
<kw name="Select the option business directory" owner="BusinessDirectoryResource">
<kw name="Wait Until Element Is Visible" owner="SeleniumLibrary">
<arg>${business_dir}</arg>
<doc>Waits until the element ``locator`` is visible.</doc>
<status status="PASS" start="2024-06-02T09:42:04.045995" elapsed="0.026908"/>
</kw>
<kw name="Click Element" owner="SeleniumLibrary">
<msg time="2024-06-02T09:42:04.072903" level="INFO">Clicking element 'xpath:(//nav[@class='navbar d-flex flex-column align-items-stretch']//a/div)[1]'.</msg>
<arg>${business_dir}</arg>
<doc>Click the element identified by ``locator``.</doc>
<status status="PASS" start="2024-06-02T09:42:04.072903" elapsed="0.085537"/>
</kw>
<status status="PASS" start="2024-06-02T09:42:04.045995" elapsed="0.112445"/>
</kw>
<kw name="verify the business directory page open" owner="BusinessDirectoryResource">
<kw name="Element Text Should Be" owner="SeleniumLibrary">
<msg time="2024-06-02T09:42:04.161960" level="INFO">Verifying element 'xpath://div[text()=' Business directory ']' contains exact text 'Business directory'.</msg>
<arg>${business_dir_title}</arg>
<arg>${business_dir_title_verify}</arg>
<doc>Verifies that element ``locator`` contains exact the text ``expected``.</doc>
<status status="PASS" start="2024-06-02T09:42:04.158440" elapsed="1.412374"/>
</kw>
<status status="PASS" start="2024-06-02T09:42:04.158440" elapsed="1.412374"/>
</kw>
<kw name="Enter the key in keyword field" owner="BusinessDirectoryResource">
<kw name="Input Text" owner="SeleniumLibrary">
<msg time="2024-06-02T09:42:05.570814" level="INFO">Typing text 'shop' into text field 'xpath://div[@class='d-flex label-value-value']/input'.</msg>
<arg>${input_key}</arg>
<arg>${keyword}</arg>
<doc>Types the given ``text`` into the text field identified by ``locator``.</doc>
<status status="PASS" start="2024-06-02T09:42:05.570814" elapsed="0.133887"/>
</kw>
<arg>${valid_keyword}</arg>
<status status="PASS" start="2024-06-02T09:42:05.570814" elapsed="0.133887"/>
</kw>
<kw name="Add user to Contact" owner="BusinessDirectoryResource">
<kw name="Wait Until Element Is Visible" owner="SeleniumLibrary">
<arg>${contact}</arg>
<doc>Waits until the element ``locator`` is visible.</doc>
<status status="PASS" start="2024-06-02T09:42:05.706418" elapsed="0.214955"/>
</kw>
<kw name="Click Element" owner="SeleniumLibrary">
<msg time="2024-06-02T09:42:05.922257" level="INFO">Clicking element 'xpath:(//div[@class='row tiled-results']//a)[3]'.</msg>
<arg>${contact}</arg>
<doc>Click the element identified by ``locator``.</doc>
<status status="PASS" start="2024-06-02T09:42:05.921489" elapsed="0.089295"/>
</kw>
<kw name="Wait Until Element Is Visible" owner="SeleniumLibrary">
<msg time="2024-06-02T09:42:11.301922" level="INFO" html="true">&lt;/td&gt;&lt;/tr&gt;&lt;tr&gt;&lt;td colspan="3"&gt;&lt;a href="selenium-screenshot-3.png"&gt;&lt;img src="selenium-screenshot-3.png" width="800px"&gt;&lt;/a&gt;</msg>
<msg time="2024-06-02T09:42:11.301922" level="FAIL">Element 'xpath://div[text()='Add to contacts']' not visible after 5 seconds.</msg>
<arg>${add_to_contact}</arg>
<doc>Waits until the element ``locator`` is visible.</doc>
<status status="FAIL" start="2024-06-02T09:42:06.010784" elapsed="5.295665">Element 'xpath://div[text()='Add to contacts']' not visible after 5 seconds.</status>
</kw>
<kw name="Click Element" owner="SeleniumLibrary">
<arg>${add_to_contact}</arg>
<doc>Click the element identified by ``locator``.</doc>
<status status="NOT RUN" start="2024-06-02T09:42:11.306449" elapsed="0.000000"/>
</kw>
<status status="FAIL" start="2024-06-02T09:42:05.704701" elapsed="5.601748">Element 'xpath://div[text()='Add to contacts']' not visible after 5 seconds.</status>
</kw>
<kw name="Verify the contact is added" owner="BusinessDirectoryResource">
<status status="NOT RUN" start="2024-06-02T09:42:11.306449" elapsed="0.000000"/>
</kw>
<arg>valid_keyword=shop</arg>
<doc>This checks the add to contact in Business Directory functionality</doc>
<status status="FAIL" start="2024-06-02T09:41:55.408466" elapsed="15.897983">Element 'xpath://div[text()='Add to contacts']' not visible after 5 seconds.</status>
</kw>
<kw name="Close Browser Session" owner="GenericResource" type="TEARDOWN">
<kw name="Close Browser" owner="SeleniumLibrary">
<doc>Closes the current browser.</doc>
<status status="PASS" start="2024-06-02T09:42:11.306449" elapsed="2.186390"/>
</kw>
<status status="PASS" start="2024-06-02T09:42:11.306449" elapsed="2.186390"/>
</kw>
<tag>regression</tag>
<status status="FAIL" start="2024-06-02T09:41:48.876238" elapsed="24.616601">Element 'xpath://div[text()='Add to contacts']' not visible after 5 seconds.</status>
</test>
<doc>This checks the Business Directory functionality</doc>
<status status="FAIL" start="2024-06-02T09:41:47.539272" elapsed="25.953567"/>
</suite>
<suite id="s1-s2" name="Test Advertisement" source="C:\Cyclos_project\PilotProject_Cyclos_Team1-5\TestCases\test_advertisement.robot">
<test id="s1-s2-t1" name="verify that the valid keyword is entered in the keyword field" line="14">
<kw name="Open the Browser with URL" owner="GenericResource" type="SETUP">
<kw name="Create Webdriver" owner="SeleniumLibrary">
<msg time="2024-06-02T09:42:13.508492" level="INFO">Creating an instance of the Chrome WebDriver.</msg>
<arg>${brower_name}</arg>
<doc>Creates an instance of Selenium WebDriver.</doc>
<status status="PASS" start="2024-06-02T09:42:13.508492" elapsed="2.574211"/>
</kw>
<kw name="Go To" owner="SeleniumLibrary">
<msg time="2024-06-02T09:42:16.082703" level="INFO">Opening url 'https://demo.cyclos.org/ui/home'</msg>
<arg>${url}</arg>
<doc>Navigates the current browser window to the provided ``url``.</doc>
<status status="PASS" start="2024-06-02T09:42:16.082703" elapsed="3.320246"/>
</kw>
<kw name="Maximize Browser Window" owner="SeleniumLibrary">
<doc>Maximizes current browser window.</doc>
<status status="PASS" start="2024-06-02T09:42:19.404022" elapsed="0.031269"/>
</kw>
<kw name="Set Selenium Implicit Wait" owner="SeleniumLibrary">
<arg>5</arg>
<doc>Sets the implicit wait value used by Selenium.</doc>
<status status="PASS" start="2024-06-02T09:42:19.435291" elapsed="0.003710"/>
</kw>
<status status="PASS" start="2024-06-02T09:42:13.508492" elapsed="5.930509"/>
</kw>
<kw name="Go to Login Page" owner="HomeResource">
<kw name="Sleep" owner="BuiltIn">
<msg time="2024-06-02T09:42:24.439597" level="INFO">Slept 5 seconds.</msg>
<arg>5s</arg>
<doc>Pauses the test executed for the given time.</doc>
<status status="PASS" start="2024-06-02T09:42:19.439001" elapsed="5.001119"/>
</kw>
<kw name="Click Element" owner="SeleniumLibrary">
<msg time="2024-06-02T09:42:24.440120" level="INFO">Clicking element 'xpath:(//div[@class="ml-2"])[3]'.</msg>
<arg>${login_btn}</arg>
<doc>Click the element identified by ``locator``.</doc>
<status status="PASS" start="2024-06-02T09:42:24.440120" elapsed="0.148276"/>
</kw>
<status status="PASS" start="2024-06-02T09:42:19.439001" elapsed="5.149845"/>
</kw>
<kw name="Fill the login form" owner="LoginResource">
<kw name="Input Text" owner="SeleniumLibrary">
<msg time="2024-06-02T09:42:24.588846" level="INFO">Typing text 'Sanjay_stark' into text field 'css:input[placeholder="User"]'.</msg>
<arg>${username}</arg>
<arg>${user}</arg>
<doc>Types the given ``text`` into the text field identified by ``locator``.</doc>
<status status="PASS" start="2024-06-02T09:42:24.588846" elapsed="0.203225"/>
</kw>
<kw name="Input Password" owner="SeleniumLibrary">
<msg time="2024-06-02T09:42:24.792071" level="INFO">Typing password into text field 'css:input[placeholder="Password"]'.</msg>
<msg time="2024-06-02T09:42:24.890682" level="INFO">Temporally setting log level to: NONE</msg>
<arg>${password}</arg>
<arg>${pass}</arg>
<doc>Types the given password into the text field identified by ``locator``.</doc>
<status status="PASS" start="2024-06-02T09:42:24.792071" elapsed="0.188019"/>
</kw>
<arg>Sanjay_stark</arg>
<arg>Sanjay</arg>
<status status="PASS" start="2024-06-02T09:42:24.588846" elapsed="0.391244"/>
</kw>
<kw name="click the login button" owner="LoginResource">
<kw name="Click Button" owner="SeleniumLibrary">
<msg time="2024-06-02T09:42:24.980090" level="INFO">Clicking button 'xpath://button[@class="btn d-flex justify-content-center align-items-center w-100 h-100 btn-primary btn-action-primary"]'.</msg>
<arg>${submit_btn}</arg>
<doc>Clicks the button identified by ``locator``.</doc>
<status status="PASS" start="2024-06-02T09:42:24.980090" elapsed="0.099886"/>
</kw>
<status status="PASS" start="2024-06-02T09:42:24.980090" elapsed="0.099886"/>
</kw>
<kw name="Click on the MarketPlace button" owner="HomeResource">
<kw name="Wait Until Element Is Visible" owner="SeleniumLibrary">
<arg>${Marketplace}</arg>
<doc>Waits until the element ``locator`` is visible.</doc>
<status status="PASS" start="2024-06-02T09:42:25.084525" elapsed="0.774806"/>
</kw>
<kw name="Click Element" owner="SeleniumLibrary">
<msg time="2024-06-02T09:42:25.859331" level="INFO">Clicking element 'xpath://div[text()="Marketplace"]'.</msg>
<arg>${Marketplace}</arg>
<doc>Click the element identified by ``locator``.</doc>
<status status="PASS" start="2024-06-02T09:42:25.859331" elapsed="0.076425"/>
</kw>
<status status="PASS" start="2024-06-02T09:42:25.084525" elapsed="0.851231"/>
</kw>
<kw name="Click on the advertisement page button" owner="AdvertisementResource">
<kw name="Wait Until Element Is Visible" owner="SeleniumLibrary">
<arg>${Advertisement}</arg>
<doc>Waits until the element ``locator`` is visible.</doc>
<status status="PASS" start="2024-06-02T09:42:25.935756" elapsed="2.496658"/>
</kw>
<kw name="Click Element" owner="SeleniumLibrary">
<msg time="2024-06-02T09:42:28.432414" level="INFO">Clicking element 'xpath://div[text()='Advertisements']'.</msg>
<arg>${Advertisement}</arg>
<doc>Click the element identified by ``locator``.</doc>
<status status="PASS" start="2024-06-02T09:42:28.432414" elapsed="0.070580"/>
</kw>
<status status="PASS" start="2024-06-02T09:42:25.935756" elapsed="2.567238"/>
</kw>
<kw name="Sleep" owner="BuiltIn">
<msg time="2024-06-02T09:42:33.503324" level="INFO">Slept 5 seconds.</msg>
<arg>5</arg>
<doc>Pauses the test executed for the given time.</doc>
<status status="PASS" start="2024-06-02T09:42:28.502994" elapsed="5.000330"/>
</kw>
<kw name="Enter the valid Keyword in the keyword box" owner="AdvertisementResource">
<kw name="Input Text" owner="SeleniumLibrary">
<msg time="2024-06-02T09:42:33.505605" level="INFO">Typing text 'food' into text field 'xpath=(//div[@class='d-flex label-value-value']//input)[1]'.</msg>
<arg>${keyword}</arg>
<arg>food</arg>
<doc>Types the given ``text`` into the text field identified by ``locator``.</doc>
<status status="PASS" start="2024-06-02T09:42:33.504508" elapsed="0.163737"/>
</kw>
<status status="PASS" start="2024-06-02T09:42:33.503324" elapsed="0.164921"/>
</kw>
<kw name="verify the keyword based items displayed" owner="AdvertisementResource">
<kw name="Wait Until Element Is Visible" owner="SeleniumLibrary">
<arg>${keyword_based}</arg>
<doc>Waits until the element ``locator`` is visible.</doc>
<status status="PASS" start="2024-06-02T09:42:33.671887" elapsed="1.783071"/>
</kw>
<kw name="Element Text Should Be" owner="SeleniumLibrary">
<msg time="2024-06-02T09:42:35.454958" level="INFO">Verifying element 'xpath:(//div[text()=' food '])[1]' contains exact text 'food'.</msg>
<arg>${keyword_based}</arg>
<arg>food</arg>
<doc>Verifies that element ``locator`` contains exact the text ``expected``.</doc>
<status status="PASS" start="2024-06-02T09:42:35.454958" elapsed="0.034420"/>
</kw>
<status status="PASS" start="2024-06-02T09:42:33.671887" elapsed="1.817491"/>
</kw>
<kw name="Close Browser Session" owner="GenericResource" type="TEARDOWN">
<kw name="Close Browser" owner="SeleniumLibrary">
<doc>Closes the current browser.</doc>
<status status="PASS" start="2024-06-02T09:42:35.492271" elapsed="2.162022"/>
</kw>
<status status="PASS" start="2024-06-02T09:42:35.492271" elapsed="2.162022"/>
</kw>
<doc>Validate the Advetisment functionality by giving a valid keyword</doc>
<tag>Smoke</tag>
<status status="PASS" start="2024-06-02T09:42:13.508492" elapsed="24.145801"/>
</test>
<test id="s1-s2-t2" name="verify that the Invalid keyword is entered in the keyword field" line="28">
<kw name="Open the Browser with URL" owner="GenericResource" type="SETUP">
<kw name="Create Webdriver" owner="SeleniumLibrary">
<msg time="2024-06-02T09:42:37.654293" level="INFO">Creating an instance of the Chrome WebDriver.</msg>
<arg>${brower_name}</arg>
<doc>Creates an instance of Selenium WebDriver.</doc>
<status status="PASS" start="2024-06-02T09:42:37.654293" elapsed="2.211500"/>
</kw>
<kw name="Go To" owner="SeleniumLibrary">
<msg time="2024-06-02T09:42:39.865793" level="INFO">Opening url 'https://demo.cyclos.org/ui/home'</msg>
<arg>${url}</arg>
<doc>Navigates the current browser window to the provided ``url``.</doc>
<status status="PASS" start="2024-06-02T09:42:39.865793" elapsed="3.578513"/>
</kw>
<kw name="Maximize Browser Window" owner="SeleniumLibrary">
<doc>Maximizes current browser window.</doc>
<status status="PASS" start="2024-06-02T09:42:43.444306" elapsed="0.040115"/>
</kw>
<kw name="Set Selenium Implicit Wait" owner="SeleniumLibrary">
<arg>5</arg>
<doc>Sets the implicit wait value used by Selenium.</doc>
<status status="PASS" start="2024-06-02T09:42:43.484421" elapsed="0.004290"/>
</kw>
<status status="PASS" start="2024-06-02T09:42:37.654293" elapsed="5.834418"/>
</kw>
<kw name="Go to Login Page" owner="HomeResource">
<kw name="Sleep" owner="BuiltIn">
<msg time="2024-06-02T09:42:48.491511" level="INFO">Slept 5 seconds.</msg>
<arg>5s</arg>
<doc>Pauses the test executed for the given time.</doc>
<status status="PASS" start="2024-06-02T09:42:43.490970" elapsed="5.000541"/>
</kw>
<kw name="Click Element" owner="SeleniumLibrary">
<msg time="2024-06-02T09:42:48.492023" level="INFO">Clicking element 'xpath:(//div[@class="ml-2"])[3]'.</msg>
<arg>${login_btn}</arg>
<doc>Click the element identified by ``locator``.</doc>
<status status="PASS" start="2024-06-02T09:42:48.492023" elapsed="0.150760"/>
</kw>
<status status="PASS" start="2024-06-02T09:42:43.488711" elapsed="5.156180"/>
</kw>
<kw name="Fill the login form" owner="LoginResource">
<kw name="Input Text" owner="SeleniumLibrary">
<msg time="2024-06-02T09:42:48.644891" level="INFO">Typing text 'Sanjay_stark' into text field 'css:input[placeholder="User"]'.</msg>
<arg>${username}</arg>
<arg>${user}</arg>
<doc>Types the given ``text`` into the text field identified by ``locator``.</doc>
<status status="PASS" start="2024-06-02T09:42:48.644891" elapsed="0.178750"/>
</kw>
<kw name="Input Password" owner="SeleniumLibrary">
<msg time="2024-06-02T09:42:48.827680" level="INFO">Typing password into text field 'css:input[placeholder="Password"]'.</msg>
<msg time="2024-06-02T09:42:48.898615" level="INFO">Temporally setting log level to: NONE</msg>
<arg>${password}</arg>
<arg>${pass}</arg>
<doc>Types the given password into the text field identified by ``locator``.</doc>
<status status="PASS" start="2024-06-02T09:42:48.823641" elapsed="0.194828"/>
</kw>
<arg>Sanjay_stark</arg>
<arg>Sanjay</arg>
<status status="PASS" start="2024-06-02T09:42:48.644891" elapsed="0.373578"/>
</kw>
<kw name="click the login button" owner="LoginResource">
<kw name="Click Button" owner="SeleniumLibrary">
<msg time="2024-06-02T09:42:49.018469" level="INFO">Clicking button 'xpath://button[@class="btn d-flex justify-content-center align-items-center w-100 h-100 btn-primary btn-action-primary"]'.</msg>
<arg>${submit_btn}</arg>
<doc>Clicks the button identified by ``locator``.</doc>
<status status="PASS" start="2024-06-02T09:42:49.018469" elapsed="0.147943"/>
</kw>
<status status="PASS" start="2024-06-02T09:42:49.018469" elapsed="0.147943"/>
</kw>
<kw name="Click on the MarketPlace button" owner="HomeResource">
<kw name="Wait Until Element Is Visible" owner="SeleniumLibrary">
<arg>${Marketplace}</arg>
<doc>Waits until the element ``locator`` is visible.</doc>
<status status="PASS" start="2024-06-02T09:42:49.166412" elapsed="0.728213"/>
</kw>
<kw name="Click Element" owner="SeleniumLibrary">
<msg time="2024-06-02T09:42:49.895050" level="INFO">Clicking element 'xpath://div[text()="Marketplace"]'.</msg>
<arg>${Marketplace}</arg>
<doc>Click the element identified by ``locator``.</doc>
<status status="PASS" start="2024-06-02T09:42:49.895050" elapsed="0.118451"/>
</kw>
<status status="PASS" start="2024-06-02T09:42:49.166412" elapsed="0.847089"/>
</kw>
<kw name="Click on the advertisement page button" owner="AdvertisementResource">
<kw name="Wait Until Element Is Visible" owner="SeleniumLibrary">
<arg>${Advertisement}</arg>
<doc>Waits until the element ``locator`` is visible.</doc>
<status status="PASS" start="2024-06-02T09:42:50.013501" elapsed="2.526994"/>
</kw>
<kw name="Click Element" owner="SeleniumLibrary">
<msg time="2024-06-02T09:42:52.542827" level="INFO">Clicking element 'xpath://div[text()='Advertisements']'.</msg>
<arg>${Advertisement}</arg>
<doc>Click the element identified by ``locator``.</doc>
<status status="PASS" start="2024-06-02T09:42:52.540495" elapsed="0.102143"/>
</kw>
<status status="PASS" start="2024-06-02T09:42:50.013501" elapsed="2.629137"/>
</kw>
<kw name="Sleep" owner="BuiltIn">
<msg time="2024-06-02T09:42:57.643310" level="INFO">Slept 5 seconds.</msg>
<arg>5</arg>
<doc>Pauses the test executed for the given time.</doc>
<status status="PASS" start="2024-06-02T09:42:52.642638" elapsed="5.000672"/>
</kw>
<kw name="Enter the invalid Keyword in the keyword box" owner="AdvertisementResource">
<kw name="Wait Until Element Is Visible" owner="SeleniumLibrary">
<arg>${keyword}</arg>
<doc>Waits until the element ``locator`` is visible.</doc>
<status status="PASS" start="2024-06-02T09:42:57.644320" elapsed="0.032336"/>
</kw>
<kw name="Input Text" owner="SeleniumLibrary">
<msg time="2024-06-02T09:42:57.676656" level="INFO">Typing text '@#$!' into text field 'xpath=(//div[@class='d-flex label-value-value']//input)[1]'.</msg>
<arg>${keyword}</arg>
<arg>@#$!</arg>
<doc>Types the given ``text`` into the text field identified by ``locator``.</doc>
<status status="PASS" start="2024-06-02T09:42:57.676656" elapsed="0.159985"/>
</kw>
<status status="PASS" start="2024-06-02T09:42:57.643310" elapsed="0.193331"/>
</kw>
<kw name="verify the invalid keyword error message is displayed" owner="AdvertisementResource">
<kw name="Wait Until Element Is Visible" owner="SeleniumLibrary">
<arg>${invalid_keyword_message}</arg>
<doc>Waits until the element ``locator`` is visible.</doc>
<status status="PASS" start="2024-06-02T09:42:57.836641" elapsed="1.521679"/>
</kw>
<kw name="Element Text Should Be" owner="SeleniumLibrary">
<msg time="2024-06-02T09:42:59.359372" level="INFO">Verifying element 'xpath://div[text()='Invalid keywords']' contains exact text 'Invalid keywords'.</msg>
<arg>${invalid_keyword_message}</arg>
<arg>Invalid keywords</arg>
<doc>Verifies that element ``locator`` contains exact the text ``expected``.</doc>
<status status="PASS" start="2024-06-02T09:42:59.359372" elapsed="0.030990"/>
</kw>
<status status="PASS" start="2024-06-02T09:42:57.836641" elapsed="1.553721"/>
</kw>
<kw name="Close Browser Session" owner="GenericResource" type="TEARDOWN">
<kw name="Close Browser" owner="SeleniumLibrary">
<doc>Closes the current browser.</doc>
<status status="PASS" start="2024-06-02T09:42:59.391334" elapsed="2.157191"/>
</kw>
<status status="PASS" start="2024-06-02T09:42:59.390362" elapsed="2.158163"/>
</kw>
<doc>To Validate the advertisement functionality with invalid keyword</doc>
<tag>Retest</tag>
<status status="PASS" start="2024-06-02T09:42:37.654293" elapsed="23.894232"/>
</test>
<test id="s1-s2-t3" name="Verify the advertisements functionality with dropdownlist order by Relevance" line="42">
<kw name="Open the Browser with URL" owner="GenericResource" type="SETUP">
<kw name="Create Webdriver" owner="SeleniumLibrary">
<msg time="2024-06-02T09:43:01.548525" level="INFO">Creating an instance of the Chrome WebDriver.</msg>
<arg>${brower_name}</arg>
<doc>Creates an instance of Selenium WebDriver.</doc>
<status status="PASS" start="2024-06-02T09:43:01.548525" elapsed="2.214251"/>
</kw>
<kw name="Go To" owner="SeleniumLibrary">
<msg time="2024-06-02T09:43:03.762776" level="INFO">Opening url 'https://demo.cyclos.org/ui/home'</msg>
<arg>${url}</arg>
<doc>Navigates the current browser window to the provided ``url``.</doc>
<status status="PASS" start="2024-06-02T09:43:03.762776" elapsed="3.651344"/>
</kw>
<kw name="Maximize Browser Window" owner="SeleniumLibrary">
<doc>Maximizes current browser window.</doc>
<status status="PASS" start="2024-06-02T09:43:07.415132" elapsed="0.034482"/>
</kw>
<kw name="Set Selenium Implicit Wait" owner="SeleniumLibrary">
<arg>5</arg>
<doc>Sets the implicit wait value used by Selenium.</doc>
<status status="PASS" start="2024-06-02T09:43:07.449614" elapsed="0.003127"/>
</kw>
<status status="PASS" start="2024-06-02T09:43:01.548525" elapsed="5.904216"/>
</kw>
<kw name="Go to Login Page" owner="HomeResource">
<kw name="Sleep" owner="BuiltIn">
<msg time="2024-06-02T09:43:12.452953" level="INFO">Slept 5 seconds.</msg>
<arg>5s</arg>
<doc>Pauses the test executed for the given time.</doc>
<status status="PASS" start="2024-06-02T09:43:07.452741" elapsed="5.000212"/>
</kw>
<kw name="Click Element" owner="SeleniumLibrary">
<msg time="2024-06-02T09:43:12.455124" level="INFO">Clicking element 'xpath:(//div[@class="ml-2"])[3]'.</msg>
<arg>${login_btn}</arg>
<doc>Click the element identified by ``locator``.</doc>
<status status="PASS" start="2024-06-02T09:43:12.452953" elapsed="0.156605"/>
</kw>
<status status="PASS" start="2024-06-02T09:43:07.452741" elapsed="5.156817"/>
</kw>
<kw name="Fill the login form" owner="LoginResource">
<kw name="Input Text" owner="SeleniumLibrary">
<msg time="2024-06-02T09:43:12.611032" level="INFO">Typing text 'Sanjay_stark' into text field 'css:input[placeholder="User"]'.</msg>
<arg>${username}</arg>
<arg>${user}</arg>
<doc>Types the given ``text`` into the text field identified by ``locator``.</doc>
<status status="PASS" start="2024-06-02T09:43:12.609558" elapsed="0.192460"/>
</kw>
<kw name="Input Password" owner="SeleniumLibrary">
<msg time="2024-06-02T09:43:12.802018" level="INFO">Typing password into text field 'css:input[placeholder="Password"]'.</msg>
<msg time="2024-06-02T09:43:12.868101" level="INFO">Temporally setting log level to: NONE</msg>
<arg>${password}</arg>
<arg>${pass}</arg>
<doc>Types the given password into the text field identified by ``locator``.</doc>
<status status="PASS" start="2024-06-02T09:43:12.802018" elapsed="0.194497"/>
</kw>
<arg>Sanjay_stark</arg>
<arg>Sanjay</arg>
<status status="PASS" start="2024-06-02T09:43:12.609558" elapsed="0.386957"/>
</kw>
<kw name="click the login button" owner="LoginResource">
<kw name="Click Button" owner="SeleniumLibrary">
<msg time="2024-06-02T09:43:12.997662" level="INFO">Clicking button 'xpath://button[@class="btn d-flex justify-content-center align-items-center w-100 h-100 btn-primary btn-action-primary"]'.</msg>
<arg>${submit_btn}</arg>
<doc>Clicks the button identified by ``locator``.</doc>
<status status="PASS" start="2024-06-02T09:43:12.997662" elapsed="0.131424"/>
</kw>
<status status="PASS" start="2024-06-02T09:43:12.996515" elapsed="0.132776"/>
</kw>
<kw name="Click on the MarketPlace button" owner="HomeResource">
<kw name="Wait Until Element Is Visible" owner="SeleniumLibrary">
<arg>${Marketplace}</arg>
<doc>Waits until the element ``locator`` is visible.</doc>
<status status="PASS" start="2024-06-02T09:43:13.130091" elapsed="0.734441"/>
</kw>
<kw name="Click Element" owner="SeleniumLibrary">
<msg time="2024-06-02T09:43:13.864532" level="INFO">Clicking element 'xpath://div[text()="Marketplace"]'.</msg>
<arg>${Marketplace}</arg>
<doc>Click the element identified by ``locator``.</doc>
<status status="PASS" start="2024-06-02T09:43:13.864532" elapsed="0.081986"/>
</kw>
<status status="PASS" start="2024-06-02T09:43:13.129723" elapsed="0.816795"/>
</kw>
<kw name="Click on the advertisement page button" owner="AdvertisementResource">
<kw name="Wait Until Element Is Visible" owner="SeleniumLibrary">
<arg>${Advertisement}</arg>
<doc>Waits until the element ``locator`` is visible.</doc>
<status status="PASS" start="2024-06-02T09:43:13.946518" elapsed="2.861831"/>
</kw>
<kw name="Click Element" owner="SeleniumLibrary">
<msg time="2024-06-02T09:43:16.808349" level="INFO">Clicking element 'xpath://div[text()='Advertisements']'.</msg>
<arg>${Advertisement}</arg>
<doc>Click the element identified by ``locator``.</doc>
<status status="PASS" start="2024-06-02T09:43:16.808349" elapsed="0.077821"/>
</kw>
<status status="PASS" start="2024-06-02T09:43:13.946518" elapsed="2.939652"/>
</kw>
<kw name="Click the show advertisement button" owner="AdvertisementResource">
<kw name="Click Element" owner="SeleniumLibrary">
<msg time="2024-06-02T09:43:16.886170" level="INFO">Clicking element 'xpath://span[text()="Show advertisements"]'.</msg>
<arg>${show_advertisement}</arg>
<doc>Click the element identified by ``locator``.</doc>
<status status="PASS" start="2024-06-02T09:43:16.886170" elapsed="1.393273"/>
</kw>
<status status="PASS" start="2024-06-02T09:43:16.886170" elapsed="1.393273"/>
</kw>
<kw name="Click on the dropdown button Order by" owner="AdvertisementResource">
<kw name="Click Element" owner="SeleniumLibrary">
<msg time="2024-06-02T09:43:18.282196" level="INFO">Clicking element 'xpath://div[@class='w-100 mw-100 text-truncate pr-3']'.</msg>
<arg>${order_By}</arg>
<doc>Click the element identified by ``locator``.</doc>
<status status="PASS" start="2024-06-02T09:43:18.282196" elapsed="0.076109"/>
</kw>
<status status="PASS" start="2024-06-02T09:43:18.279443" elapsed="0.078862"/>
</kw>
<kw name="Select the option relevance" owner="AdvertisementResource">
<kw name="Click Element" owner="SeleniumLibrary">
<msg time="2024-06-02T09:43:18.358305" level="INFO">Clicking element 'xpath://a[@class="select-option mt-1"]'.</msg>
<arg>${Relevance}</arg>
<doc>Click the element identified by ``locator``.</doc>
<status status="PASS" start="2024-06-02T09:43:18.358305" elapsed="0.077975"/>
</kw>
<status status="PASS" start="2024-06-02T09:43:18.358305" elapsed="0.077975"/>
</kw>
<kw name="verify relevance option" owner="AdvertisementResource">
<kw name="Wait Until Element Is Visible" owner="SeleniumLibrary">
<arg>${relevance_item}</arg>
<doc>Waits until the element ``locator`` is visible.</doc>
<status status="PASS" start="2024-06-02T09:43:18.437515" elapsed="0.570309"/>
</kw>
<kw name="Element Text Should Be" owner="SeleniumLibrary">
<msg time="2024-06-02T09:43:19.007824" level="INFO">Verifying element 'xpath:(//div[text()=" Orange "])[1]' contains exact text 'Orange'.</msg>
<arg>${relevance_item}</arg>
<arg>Orange</arg>
<doc>Verifies that element ``locator`` contains exact the text ``expected``.</doc>
<status status="PASS" start="2024-06-02T09:43:19.007824" elapsed="0.032626"/>
</kw>
<status status="PASS" start="2024-06-02T09:43:18.436280" elapsed="0.604170"/>
</kw>
<kw name="Close Browser Session" owner="GenericResource" type="TEARDOWN">
<kw name="Close Browser" owner="SeleniumLibrary">
<doc>Closes the current browser.</doc>
<status status="PASS" start="2024-06-02T09:43:19.040450" elapsed="2.132284"/>
</kw>
<status status="PASS" start="2024-06-02T09:43:19.040450" elapsed="2.132284"/>
</kw>
<doc>To validate the advertisement functionalist with Relevance</doc>
<tag>Smoke</tag>
<status status="PASS" start="2024-06-02T09:43:01.548525" elapsed="19.624209"/>
</test>
<test id="s1-s2-t4" name="Verify the advertisements functionality with dropdownlist order by last published" line="56">
<kw name="Open the Browser with URL" owner="GenericResource" type="SETUP">
<kw name="Create Webdriver" owner="SeleniumLibrary">
<msg time="2024-06-02T09:43:21.172734" level="INFO">Creating an instance of the Chrome WebDriver.</msg>
<arg>${brower_name}</arg>
<doc>Creates an instance of Selenium WebDriver.</doc>
<status status="PASS" start="2024-06-02T09:43:21.172734" elapsed="1.977828"/>
</kw>
<kw name="Go To" owner="SeleniumLibrary">
<msg time="2024-06-02T09:43:23.150562" level="INFO">Opening url 'https://demo.cyclos.org/ui/home'</msg>
<arg>${url}</arg>
<doc>Navigates the current browser window to the provided ``url``.</doc>
<status status="PASS" start="2024-06-02T09:43:23.150562" elapsed="4.217052"/>
</kw>
<kw name="Maximize Browser Window" owner="SeleniumLibrary">
<doc>Maximizes current browser window.</doc>
<status status="PASS" start="2024-06-02T09:43:27.367614" elapsed="0.031203"/>
</kw>
<kw name="Set Selenium Implicit Wait" owner="SeleniumLibrary">
<arg>5</arg>
<doc>Sets the implicit wait value used by Selenium.</doc>
<status status="PASS" start="2024-06-02T09:43:27.398817" elapsed="0.000000"/>
</kw>
<status status="PASS" start="2024-06-02T09:43:21.172734" elapsed="6.226083"/>
</kw>
<kw name="Go to Login Page" owner="HomeResource">
<kw name="Sleep" owner="BuiltIn">
<msg time="2024-06-02T09:43:32.404076" level="INFO">Slept 5 seconds.</msg>
<arg>5s</arg>
<doc>Pauses the test executed for the given time.</doc>
<status status="PASS" start="2024-06-02T09:43:27.403370" elapsed="5.000706"/>
</kw>
<kw name="Click Element" owner="SeleniumLibrary">
<msg time="2024-06-02T09:43:32.404076" level="INFO">Clicking element 'xpath:(//div[@class="ml-2"])[3]'.</msg>
<arg>${login_btn}</arg>
<doc>Click the element identified by ``locator``.</doc>
<status status="PASS" start="2024-06-02T09:43:32.404076" elapsed="0.139216"/>
</kw>
<status status="PASS" start="2024-06-02T09:43:27.403370" elapsed="5.142641"/>
</kw>
<kw name="Fill the login form" owner="LoginResource">
<kw name="Input Text" owner="SeleniumLibrary">
<msg time="2024-06-02T09:43:32.547107" level="INFO">Typing text 'Sanjay_stark' into text field 'css:input[placeholder="User"]'.</msg>
<arg>${username}</arg>
<arg>${user}</arg>
<doc>Types the given ``text`` into the text field identified by ``locator``.</doc>
<status status="PASS" start="2024-06-02T09:43:32.547107" elapsed="0.194352"/>
</kw>
<kw name="Input Password" owner="SeleniumLibrary">
<msg time="2024-06-02T09:43:32.742962" level="INFO">Typing password into text field 'css:input[placeholder="Password"]'.</msg>
<msg time="2024-06-02T09:43:32.817729" level="INFO">Temporally setting log level to: NONE</msg>
<arg>${password}</arg>
<arg>${pass}</arg>
<doc>Types the given password into the text field identified by ``locator``.</doc>
<status status="PASS" start="2024-06-02T09:43:32.742962" elapsed="0.195900"/>
</kw>
<arg>Sanjay_stark</arg>
<arg>Sanjay</arg>
<status status="PASS" start="2024-06-02T09:43:32.546011" elapsed="0.392851"/>
</kw>
<kw name="click the login button" owner="LoginResource">
<kw name="Click Button" owner="SeleniumLibrary">
<msg time="2024-06-02T09:43:32.940149" level="INFO">Clicking button 'xpath://button[@class="btn d-flex justify-content-center align-items-center w-100 h-100 btn-primary btn-action-primary"]'.</msg>
<arg>${submit_btn}</arg>
<doc>Clicks the button identified by ``locator``.</doc>
<status status="PASS" start="2024-06-02T09:43:32.940149" elapsed="0.156944"/>
</kw>
<status status="PASS" start="2024-06-02T09:43:32.938862" elapsed="0.158231"/>
</kw>
<kw name="Click on the MarketPlace button" owner="HomeResource">
<kw name="Wait Until Element Is Visible" owner="SeleniumLibrary">
<arg>${Marketplace}</arg>
<doc>Waits until the element ``locator`` is visible.</doc>
<status status="PASS" start="2024-06-02T09:43:33.097093" elapsed="1.326137"/>
</kw>
<kw name="Click Element" owner="SeleniumLibrary">
<msg time="2024-06-02T09:43:34.423230" level="INFO">Clicking element 'xpath://div[text()="Marketplace"]'.</msg>
<arg>${Marketplace}</arg>
<doc>Click the element identified by ``locator``.</doc>
<status status="PASS" start="2024-06-02T09:43:34.423230" elapsed="0.092461"/>
</kw>
<status status="PASS" start="2024-06-02T09:43:33.097093" elapsed="1.418598"/>
</kw>
<kw name="Click on the advertisement page button" owner="AdvertisementResource">
<kw name="Wait Until Element Is Visible" owner="SeleniumLibrary">
<arg>${Advertisement}</arg>
<doc>Waits until the element ``locator`` is visible.</doc>
<status status="PASS" start="2024-06-02T09:43:34.517464" elapsed="1.943065"/>
</kw>
<kw name="Click Element" owner="SeleniumLibrary">
<msg time="2024-06-02T09:43:36.461146" level="INFO">Clicking element 'xpath://div[text()='Advertisements']'.</msg>
<arg>${Advertisement}</arg>
<doc>Click the element identified by ``locator``.</doc>
<status status="PASS" start="2024-06-02T09:43:36.460529" elapsed="0.079379"/>
</kw>
<status status="PASS" start="2024-06-02T09:43:34.515691" elapsed="2.024217"/>
</kw>
<kw name="Click the show advertisement button" owner="AdvertisementResource">
<kw name="Click Element" owner="SeleniumLibrary">
<msg time="2024-06-02T09:43:36.539908" level="INFO">Clicking element 'xpath://span[text()="Show advertisements"]'.</msg>
<arg>${show_advertisement}</arg>
<doc>Click the element identified by ``locator``.</doc>
<status status="PASS" start="2024-06-02T09:43:36.539908" elapsed="1.906400"/>
</kw>
<status status="PASS" start="2024-06-02T09:43:36.539908" elapsed="1.906400"/>
</kw>
<kw name="Click on the dropdown button Order by" owner="AdvertisementResource">
<kw name="Click Element" owner="SeleniumLibrary">
<msg time="2024-06-02T09:43:38.449238" level="INFO">Clicking element 'xpath://div[@class='w-100 mw-100 text-truncate pr-3']'.</msg>
<arg>${order_By}</arg>
<doc>Click the element identified by ``locator``.</doc>
<status status="PASS" start="2024-06-02T09:43:38.449238" elapsed="0.075385"/>
</kw>
<status status="PASS" start="2024-06-02T09:43:38.449238" elapsed="0.075385"/>
</kw>
<kw name="Select the option last published" owner="AdvertisementResource">
<kw name="Click Element" owner="SeleniumLibrary">
<msg time="2024-06-02T09:43:38.524623" level="INFO">Clicking element 'xpath://div[@class="dropdown-menu show"]//a[2]'.</msg>
<arg>${last_published}</arg>
<doc>Click the element identified by ``locator``.</doc>
<status status="PASS" start="2024-06-02T09:43:38.524623" elapsed="0.072617"/>
</kw>
<status status="PASS" start="2024-06-02T09:43:38.524623" elapsed="0.072617"/>
</kw>
<kw name="verify relevance option" owner="AdvertisementResource">
<kw name="Wait Until Element Is Visible" owner="SeleniumLibrary">
<arg>${relevance_item}</arg>
<doc>Waits until the element ``locator`` is visible.</doc>
<status status="PASS" start="2024-06-02T09:43:38.597240" elapsed="0.503821"/>
</kw>
<kw name="Element Text Should Be" owner="SeleniumLibrary">
<msg time="2024-06-02T09:43:39.101061" level="INFO">Verifying element 'xpath:(//div[text()=" Orange "])[1]' contains exact text 'Orange'.</msg>
<arg>${relevance_item}</arg>
<arg>Orange</arg>
<doc>Verifies that element ``locator`` contains exact the text ``expected``.</doc>
<status status="PASS" start="2024-06-02T09:43:39.101061" elapsed="0.040416"/>
</kw>
<status status="PASS" start="2024-06-02T09:43:38.597240" elapsed="0.544237"/>
</kw>
<kw name="Close Browser Session" owner="GenericResource" type="TEARDOWN">
<kw name="Close Browser" owner="SeleniumLibrary">
<doc>Closes the current browser.</doc>
<status status="PASS" start="2024-06-02T09:43:39.141477" elapsed="2.139435"/>
</kw>
<status status="PASS" start="2024-06-02T09:43:39.141477" elapsed="2.139435"/>
</kw>
<doc>To validate the advertisement functionalist with last published</doc>
<tag>Smoke</tag>
<status status="PASS" start="2024-06-02T09:43:21.172734" elapsed="20.108178"/>
</test>
<test id="s1-s2-t5" name="Verify the advertisements functionality with dropdownlist order by lowest" line="71">
<kw name="Open the Browser with URL" owner="GenericResource" type="SETUP">
<kw name="Create Webdriver" owner="SeleniumLibrary">
<msg time="2024-06-02T09:43:41.282870" level="INFO">Creating an instance of the Chrome WebDriver.</msg>
<arg>${brower_name}</arg>
<doc>Creates an instance of Selenium WebDriver.</doc>
<status status="PASS" start="2024-06-02T09:43:41.282870" elapsed="2.229546"/>
</kw>
<kw name="Go To" owner="SeleniumLibrary">
<msg time="2024-06-02T09:43:43.512416" level="INFO">Opening url 'https://demo.cyclos.org/ui/home'</msg>
<arg>${url}</arg>
<doc>Navigates the current browser window to the provided ``url``.</doc>
<status status="PASS" start="2024-06-02T09:43:43.512416" elapsed="4.037638"/>
</kw>
<kw name="Maximize Browser Window" owner="SeleniumLibrary">
<doc>Maximizes current browser window.</doc>
<status status="PASS" start="2024-06-02T09:43:47.551069" elapsed="0.028752"/>
</kw>
<kw name="Set Selenium Implicit Wait" owner="SeleniumLibrary">
<arg>5</arg>
<doc>Sets the implicit wait value used by Selenium.</doc>
<status status="PASS" start="2024-06-02T09:43:47.579821" elapsed="0.000000"/>
</kw>
<status status="PASS" start="2024-06-02T09:43:41.282870" elapsed="6.296951"/>
</kw>
<kw name="Go to Login Page" owner="HomeResource">
<kw name="Sleep" owner="BuiltIn">
<msg time="2024-06-02T09:43:52.580100" level="INFO">Slept 5 seconds.</msg>
<arg>5s</arg>
<doc>Pauses the test executed for the given time.</doc>
<status status="PASS" start="2024-06-02T09:43:47.579821" elapsed="5.000279"/>
</kw>
<kw name="Click Element" owner="SeleniumLibrary">
<msg time="2024-06-02T09:43:52.580100" level="INFO">Clicking element 'xpath:(//div[@class="ml-2"])[3]'.</msg>
<arg>${login_btn}</arg>
<doc>Click the element identified by ``locator``.</doc>
<status status="PASS" start="2024-06-02T09:43:52.580100" elapsed="0.140423"/>
</kw>
<status status="PASS" start="2024-06-02T09:43:47.579821" elapsed="5.140702"/>
</kw>
<kw name="Fill the login form" owner="LoginResource">
<kw name="Input Text" owner="SeleniumLibrary">
<msg time="2024-06-02T09:43:52.725141" level="INFO">Typing text 'Sanjay_stark' into text field 'css:input[placeholder="User"]'.</msg>
<arg>${username}</arg>
<arg>${user}</arg>
<doc>Types the given ``text`` into the text field identified by ``locator``.</doc>
<status status="PASS" start="2024-06-02T09:43:52.720523" elapsed="0.190663"/>
</kw>
<kw name="Input Password" owner="SeleniumLibrary">
<msg time="2024-06-02T09:43:52.914455" level="INFO">Typing password into text field 'css:input[placeholder="Password"]'.</msg>
<msg time="2024-06-02T09:43:52.987773" level="INFO">Temporally setting log level to: NONE</msg>
<arg>${password}</arg>
<arg>${pass}</arg>
<doc>Types the given password into the text field identified by ``locator``.</doc>
<status status="PASS" start="2024-06-02T09:43:52.914455" elapsed="0.195192"/>
</kw>
<arg>Sanjay_stark</arg>
<arg>Sanjay</arg>
<status status="PASS" start="2024-06-02T09:43:52.720523" elapsed="0.389124"/>
</kw>
<kw name="click the login button" owner="LoginResource">
<kw name="Click Button" owner="SeleniumLibrary">
<msg time="2024-06-02T09:43:53.110646" level="INFO">Clicking button 'xpath://button[@class="btn d-flex justify-content-center align-items-center w-100 h-100 btn-primary btn-action-primary"]'.</msg>
<arg>${submit_btn}</arg>
<doc>Clicks the button identified by ``locator``.</doc>
<status status="PASS" start="2024-06-02T09:43:53.110646" elapsed="0.124466"/>
</kw>
<status status="PASS" start="2024-06-02T09:43:53.109647" elapsed="0.125465"/>
</kw>
<kw name="Click on the MarketPlace button" owner="HomeResource">
<kw name="Wait Until Element Is Visible" owner="SeleniumLibrary">
<arg>${Marketplace}</arg>
<doc>Waits until the element ``locator`` is visible.</doc>
<status status="PASS" start="2024-06-02T09:43:53.235875" elapsed="0.797716"/>
</kw>
<kw name="Click Element" owner="SeleniumLibrary">
<msg time="2024-06-02T09:43:54.033591" level="INFO">Clicking element 'xpath://div[text()="Marketplace"]'.</msg>
<arg>${Marketplace}</arg>
<doc>Click the element identified by ``locator``.</doc>
<status status="PASS" start="2024-06-02T09:43:54.033591" elapsed="0.069172"/>
</kw>
<status status="PASS" start="2024-06-02T09:43:53.235875" elapsed="0.866888"/>
</kw>
<kw name="Click on the advertisement page button" owner="AdvertisementResource">
<kw name="Wait Until Element Is Visible" owner="SeleniumLibrary">
<arg>${Advertisement}</arg>
<doc>Waits until the element ``locator`` is visible.</doc>
<status status="PASS" start="2024-06-02T09:43:54.104516" elapsed="3.186272"/>
</kw>
<kw name="Click Element" owner="SeleniumLibrary">
<msg time="2024-06-02T09:43:57.290788" level="INFO">Clicking element 'xpath://div[text()='Advertisements']'.</msg>
<arg>${Advertisement}</arg>
<doc>Click the element identified by ``locator``.</doc>
<status status="PASS" start="2024-06-02T09:43:57.290788" elapsed="0.089602"/>
</kw>
<status status="PASS" start="2024-06-02T09:43:54.104516" elapsed="3.275874"/>
</kw>
<kw name="Click the show advertisement button" owner="AdvertisementResource">
<kw name="Click Element" owner="SeleniumLibrary">
<msg time="2024-06-02T09:43:57.380390" level="INFO">Clicking element 'xpath://span[text()="Show advertisements"]'.</msg>
<arg>${show_advertisement}</arg>
<doc>Click the element identified by ``locator``.</doc>
<status status="PASS" start="2024-06-02T09:43:57.380390" elapsed="2.145842"/>
</kw>
<status status="PASS" start="2024-06-02T09:43:57.380390" elapsed="2.145842"/>
</kw>
<kw name="Click on the dropdown button Order by" owner="AdvertisementResource">
<kw name="Click Element" owner="SeleniumLibrary">
<msg time="2024-06-02T09:43:59.533129" level="INFO">Clicking element 'xpath://div[@class='w-100 mw-100 text-truncate pr-3']'.</msg>
<arg>${order_By}</arg>
<doc>Click the element identified by ``locator``.</doc>
<status status="PASS" start="2024-06-02T09:43:59.533129" elapsed="0.074391"/>
</kw>
<status status="PASS" start="2024-06-02T09:43:59.533129" elapsed="0.074391"/>
</kw>
<kw name="Select the option lowest price" owner="AdvertisementResource">
<kw name="Click Element" owner="SeleniumLibrary">
<msg time="2024-06-02T09:43:59.607520" level="INFO">Clicking element 'xpath://div[@class="dropdown-menu show"]//a[3]'.</msg>
<arg>${lowest_price}</arg>
<doc>Click the element identified by ``locator``.</doc>
<status status="PASS" start="2024-06-02T09:43:59.607520" elapsed="0.073209"/>
</kw>
<status status="PASS" start="2024-06-02T09:43:59.607520" elapsed="0.073209"/>
</kw>
<kw name="verify the lowest price" owner="AdvertisementResource">
<kw name="Element Text Should Be" owner="SeleniumLibrary">
<msg time="2024-06-02T09:43:59.680729" level="INFO">Verifying element 'xpath://div[text()=" Java Development Course "]' contains exact text 'Java Development Course'.</msg>
<arg>${lowest_price_item}</arg>
<arg>Java Development Course</arg>
<doc>Verifies that element ``locator`` contains exact the text ``expected``.</doc>
<status status="PASS" start="2024-06-02T09:43:59.680729" elapsed="1.011687"/>
</kw>
<status status="PASS" start="2024-06-02T09:43:59.680729" elapsed="1.011687"/>
</kw>
<kw name="Close Browser Session" owner="GenericResource" type="TEARDOWN">
<kw name="Close Browser" owner="SeleniumLibrary">
<doc>Closes the current browser.</doc>
<status status="PASS" start="2024-06-02T09:44:00.692416" elapsed="2.157903"/>
</kw>
<status status="PASS" start="2024-06-02T09:44:00.692416" elapsed="2.157903"/>
</kw>
<doc>To validate the advertisement functionalist with lowest price</doc>
<tag>Smoke</tag>
<status status="PASS" start="2024-06-02T09:43:41.282344" elapsed="21.567975"/>
</test>
<test id="s1-s2-t6" name="Verify the advertisements functionality with dropdownlist order by Highest" line="86">
<kw name="Open the Browser with URL" owner="GenericResource" type="SETUP">
<kw name="Create Webdriver" owner="SeleniumLibrary">
<msg time="2024-06-02T09:44:02.850319" level="INFO">Creating an instance of the Chrome WebDriver.</msg>
<arg>${brower_name}</arg>
<doc>Creates an instance of Selenium WebDriver.</doc>
<status status="PASS" start="2024-06-02T09:44:02.850319" elapsed="2.210053"/>
</kw>
<kw name="Go To" owner="SeleniumLibrary">
<msg time="2024-06-02T09:44:05.060372" level="INFO">Opening url 'https://demo.cyclos.org/ui/home'</msg>
<arg>${url}</arg>
<doc>Navigates the current browser window to the provided ``url``.</doc>
<status status="PASS" start="2024-06-02T09:44:05.060372" elapsed="2.880498"/>
</kw>
<kw name="Maximize Browser Window" owner="SeleniumLibrary">
<doc>Maximizes current browser window.</doc>
<status status="PASS" start="2024-06-02T09:44:07.940870" elapsed="0.025679"/>
</kw>
<kw name="Set Selenium Implicit Wait" owner="SeleniumLibrary">
<arg>5</arg>
<doc>Sets the implicit wait value used by Selenium.</doc>
<status status="PASS" start="2024-06-02T09:44:07.966549" elapsed="0.000000"/>
</kw>
<status status="PASS" start="2024-06-02T09:44:02.850319" elapsed="5.121982"/>
</kw>
<kw name="Go to Login Page" owner="HomeResource">
<kw name="Sleep" owner="BuiltIn">
<msg time="2024-06-02T09:44:12.972601" level="INFO">Slept 5 seconds.</msg>
<arg>5s</arg>
<doc>Pauses the test executed for the given time.</doc>
<status status="PASS" start="2024-06-02T09:44:07.972301" elapsed="5.000300"/>
</kw>
<kw name="Click Element" owner="SeleniumLibrary">
<msg time="2024-06-02T09:44:12.972601" level="INFO">Clicking element 'xpath:(//div[@class="ml-2"])[3]'.</msg>
<arg>${login_btn}</arg>
<doc>Click the element identified by ``locator``.</doc>
<status status="PASS" start="2024-06-02T09:44:12.972601" elapsed="0.152616"/>
</kw>
<status status="PASS" start="2024-06-02T09:44:07.972301" elapsed="5.152916"/>
</kw>
<kw name="Fill the login form" owner="LoginResource">
<kw name="Input Text" owner="SeleniumLibrary">
<msg time="2024-06-02T09:44:13.126620" level="INFO">Typing text 'Sanjay_stark' into text field 'css:input[placeholder="User"]'.</msg>
<arg>${username}</arg>
<arg>${user}</arg>
<doc>Types the given ``text`` into the text field identified by ``locator``.</doc>
<status status="PASS" start="2024-06-02T09:44:13.126620" elapsed="0.187101"/>
</kw>
<kw name="Input Password" owner="SeleniumLibrary">
<msg time="2024-06-02T09:44:13.315830" level="INFO">Typing password into text field 'css:input[placeholder="Password"]'.</msg>
<msg time="2024-06-02T09:44:13.410940" level="INFO">Temporally setting log level to: NONE</msg>
<arg>${password}</arg>
<arg>${pass}</arg>
<doc>Types the given password into the text field identified by ``locator``.</doc>
<status status="PASS" start="2024-06-02T09:44:13.313721" elapsed="0.213074"/>
</kw>
<arg>Sanjay_stark</arg>
<arg>Sanjay</arg>
<status status="PASS" start="2024-06-02T09:44:13.125217" elapsed="0.401578"/>
</kw>
<kw name="click the login button" owner="LoginResource">
<kw name="Click Button" owner="SeleniumLibrary">
<msg time="2024-06-02T09:44:13.528349" level="INFO">Clicking button 'xpath://button[@class="btn d-flex justify-content-center align-items-center w-100 h-100 btn-primary btn-action-primary"]'.</msg>
<arg>${submit_btn}</arg>
<doc>Clicks the button identified by ``locator``.</doc>
<status status="PASS" start="2024-06-02T09:44:13.527835" elapsed="0.119500"/>
</kw>
<status status="PASS" start="2024-06-02T09:44:13.527835" elapsed="0.119500"/>
</kw>
<kw name="Click on the MarketPlace button" owner="HomeResource">
<kw name="Wait Until Element Is Visible" owner="SeleniumLibrary">
<arg>${Marketplace}</arg>
<doc>Waits until the element ``locator`` is visible.</doc>
<status status="PASS" start="2024-06-02T09:44:13.653233" elapsed="0.761225"/>
</kw>
<kw name="Click Element" owner="SeleniumLibrary">
<msg time="2024-06-02T09:44:14.414458" level="INFO">Clicking element 'xpath://div[text()="Marketplace"]'.</msg>
<arg>${Marketplace}</arg>
<doc>Click the element identified by ``locator``.</doc>
<status status="PASS" start="2024-06-02T09:44:14.414458" elapsed="0.101723"/>
</kw>
<status status="PASS" start="2024-06-02T09:44:13.652794" elapsed="0.863387"/>
</kw>
<kw name="Click on the advertisement page button" owner="AdvertisementResource">
<kw name="Wait Until Element Is Visible" owner="SeleniumLibrary">
<arg>${Advertisement}</arg>
<doc>Waits until the element ``locator`` is visible.</doc>
<status status="PASS" start="2024-06-02T09:44:14.516181" elapsed="2.600553"/>
</kw>
<kw name="Click Element" owner="SeleniumLibrary">
<msg time="2024-06-02T09:44:17.116734" level="INFO">Clicking element 'xpath://div[text()='Advertisements']'.</msg>
<arg>${Advertisement}</arg>
<doc>Click the element identified by ``locator``.</doc>
<status status="PASS" start="2024-06-02T09:44:17.116734" elapsed="0.076118"/>
</kw>
<status status="PASS" start="2024-06-02T09:44:14.516181" elapsed="2.676671"/>
</kw>
<kw name="Click the show advertisement button" owner="AdvertisementResource">
<kw name="Click Element" owner="SeleniumLibrary">
<msg time="2024-06-02T09:44:17.192852" level="INFO">Clicking element 'xpath://span[text()="Show advertisements"]'.</msg>
<arg>${show_advertisement}</arg>
<doc>Click the element identified by ``locator``.</doc>
<status status="PASS" start="2024-06-02T09:44:17.192852" elapsed="1.168284"/>
</kw>
<status status="PASS" start="2024-06-02T09:44:17.192852" elapsed="1.168284"/>
</kw>
<kw name="Click on the dropdown button Order by" owner="AdvertisementResource">
<kw name="Click Element" owner="SeleniumLibrary">
<msg time="2024-06-02T09:44:18.361136" level="INFO">Clicking element 'xpath://div[@class='w-100 mw-100 text-truncate pr-3']'.</msg>
<arg>${order_By}</arg>
<doc>Click the element identified by ``locator``.</doc>
<status status="PASS" start="2024-06-02T09:44:18.361136" elapsed="0.081453"/>
</kw>
<status status="PASS" start="2024-06-02T09:44:18.361136" elapsed="0.081453"/>
</kw>
<kw name="Select the option highest price" owner="AdvertisementResource">
<kw name="Click Element" owner="SeleniumLibrary">
<msg time="2024-06-02T09:44:18.442589" level="INFO">Clicking element 'xpath://div[@class="dropdown-menu show"]//a[4]'.</msg>
<arg>${highest_price}</arg>
<doc>Click the element identified by ``locator``.</doc>
<status status="PASS" start="2024-06-02T09:44:18.442589" elapsed="0.071903"/>
</kw>
<status status="PASS" start="2024-06-02T09:44:18.442589" elapsed="0.071903"/>
</kw>
<kw name="verify the highest price" owner="AdvertisementResource">
<kw name="Element Text Should Be" owner="SeleniumLibrary">
<msg time="2024-06-02T09:44:18.515964" level="INFO">Verifying element 'xpath://div[text()=" test1 "]' contains exact text 'test1'.</msg>
<arg>${highest_price_item}</arg>
<arg>test1</arg>
<doc>Verifies that element ``locator`` contains exact the text ``expected``.</doc>
<status status="PASS" start="2024-06-02T09:44:18.515964" elapsed="0.300477"/>
</kw>
<status status="PASS" start="2024-06-02T09:44:18.515964" elapsed="0.300477"/>
</kw>
<kw name="Close Browser Session" owner="GenericResource" type="TEARDOWN">
<kw name="Close Browser" owner="SeleniumLibrary">
<doc>Closes the current browser.</doc>
<status status="PASS" start="2024-06-02T09:44:18.816441" elapsed="2.130463"/>
</kw>
<status status="PASS" start="2024-06-02T09:44:18.816441" elapsed="2.130463"/>
</kw>
<doc>To validate the advertisement functionalist with Highest price</doc>
<tag>Smoke</tag>
<status status="PASS" start="2024-06-02T09:44:02.850319" elapsed="18.096585"/>
</test>
<test id="s1-s2-t7" name="verify the wishlist functionality" line="101">
<kw name="Open the Browser with URL" owner="GenericResource" type="SETUP">
<kw name="Create Webdriver" owner="SeleniumLibrary">
<msg time="2024-06-02T09:44:20.946904" level="INFO">Creating an instance of the Chrome WebDriver.</msg>
<arg>${brower_name}</arg>
<doc>Creates an instance of Selenium WebDriver.</doc>
<status status="PASS" start="2024-06-02T09:44:20.946904" elapsed="2.215163"/>
</kw>
<kw name="Go To" owner="SeleniumLibrary">
<msg time="2024-06-02T09:44:23.162067" level="INFO">Opening url 'https://demo.cyclos.org/ui/home'</msg>
<arg>${url}</arg>
<doc>Navigates the current browser window to the provided ``url``.</doc>
<status status="PASS" start="2024-06-02T09:44:23.162067" elapsed="3.866470"/>
</kw>
<kw name="Maximize Browser Window" owner="SeleniumLibrary">
<doc>Maximizes current browser window.</doc>
<status status="PASS" start="2024-06-02T09:44:27.029596" elapsed="0.033322"/>
</kw>
<kw name="Set Selenium Implicit Wait" owner="SeleniumLibrary">
<arg>5</arg>
<doc>Sets the implicit wait value used by Selenium.</doc>
<status status="PASS" start="2024-06-02T09:44:27.062918" elapsed="0.000000"/>
</kw>
<status status="PASS" start="2024-06-02T09:44:20.946904" elapsed="6.122039"/>
</kw>
<kw name="Go to Login Page" owner="HomeResource">
<kw name="Sleep" owner="BuiltIn">
<msg time="2024-06-02T09:44:32.069055" level="INFO">Slept 5 seconds.</msg>
<arg>5s</arg>
<doc>Pauses the test executed for the given time.</doc>
<status status="PASS" start="2024-06-02T09:44:27.068943" elapsed="5.000112"/>
</kw>
<kw name="Click Element" owner="SeleniumLibrary">
<msg time="2024-06-02T09:44:32.070142" level="INFO">Clicking element 'xpath:(//div[@class="ml-2"])[3]'.</msg>
<arg>${login_btn}</arg>
<doc>Click the element identified by ``locator``.</doc>
<status status="PASS" start="2024-06-02T09:44:32.070142" elapsed="0.154970"/>
</kw>
<status status="PASS" start="2024-06-02T09:44:27.068943" elapsed="5.156169"/>
</kw>
<kw name="Fill the login form" owner="LoginResource">
<kw name="Input Text" owner="SeleniumLibrary">
<msg time="2024-06-02T09:44:32.227535" level="INFO">Typing text 'Sanjay_stark' into text field 'css:input[placeholder="User"]'.</msg>
<arg>${username}</arg>
<arg>${user}</arg>
<doc>Types the given ``text`` into the text field identified by ``locator``.</doc>
<status status="PASS" start="2024-06-02T09:44:32.227535" elapsed="0.204624"/>
</kw>
<kw name="Input Password" owner="SeleniumLibrary">
<msg time="2024-06-02T09:44:32.432159" level="INFO">Typing password into text field 'css:input[placeholder="Password"]'.</msg>
<msg time="2024-06-02T09:44:32.522311" level="INFO">Temporally setting log level to: NONE</msg>
<arg>${password}</arg>
<arg>${pass}</arg>
<doc>Types the given password into the text field identified by ``locator``.</doc>
<status status="PASS" start="2024-06-02T09:44:32.432159" elapsed="0.198846"/>
</kw>
<arg>Sanjay_stark</arg>
<arg>Sanjay</arg>
<status status="PASS" start="2024-06-02T09:44:32.227535" elapsed="0.403470"/>
</kw>
<kw name="click the login button" owner="LoginResource">
<kw name="Click Button" owner="SeleniumLibrary">
<msg time="2024-06-02T09:44:32.632051" level="INFO">Clicking button 'xpath://button[@class="btn d-flex justify-content-center align-items-center w-100 h-100 btn-primary btn-action-primary"]'.</msg>
<arg>${submit_btn}</arg>
<doc>Clicks the button identified by ``locator``.</doc>
<status status="PASS" start="2024-06-02T09:44:32.632051" elapsed="0.121771"/>
</kw>
<status status="PASS" start="2024-06-02T09:44:32.631005" elapsed="0.122817"/>
</kw>
<kw name="Click on the MarketPlace button" owner="HomeResource">
<kw name="Wait Until Element Is Visible" owner="SeleniumLibrary">
<arg>${Marketplace}</arg>
<doc>Waits until the element ``locator`` is visible.</doc>
<status status="PASS" start="2024-06-02T09:44:32.753822" elapsed="0.807209"/>
</kw>
<kw name="Click Element" owner="SeleniumLibrary">
<msg time="2024-06-02T09:44:33.562076" level="INFO">Clicking element 'xpath://div[text()="Marketplace"]'.</msg>
<arg>${Marketplace}</arg>
<doc>Click the element identified by ``locator``.</doc>
<status status="PASS" start="2024-06-02T09:44:33.561031" elapsed="0.091442"/>
</kw>
<status status="PASS" start="2024-06-02T09:44:32.753822" elapsed="0.898651"/>
</kw>
<kw name="Click on the advertisement page button" owner="AdvertisementResource">
<kw name="Wait Until Element Is Visible" owner="SeleniumLibrary">
<arg>${Advertisement}</arg>
<doc>Waits until the element ``locator`` is visible.</doc>
<status status="PASS" start="2024-06-02T09:44:33.654362" elapsed="1.120526"/>
</kw>
<kw name="Click Element" owner="SeleniumLibrary">
<msg time="2024-06-02T09:44:34.776794" level="INFO">Clicking element 'xpath://div[text()='Advertisements']'.</msg>
<arg>${Advertisement}</arg>
<doc>Click the element identified by ``locator``.</doc>
<status status="PASS" start="2024-06-02T09:44:34.776794" elapsed="0.081169"/>
</kw>
<status status="PASS" start="2024-06-02T09:44:33.652473" elapsed="1.205490"/>
</kw>
<kw name="Sleep" owner="BuiltIn">
<msg time="2024-06-02T09:44:39.858468" level="INFO">Slept 5 seconds.</msg>
<arg>5</arg>
<doc>Pauses the test executed for the given time.</doc>
<status status="PASS" start="2024-06-02T09:44:34.857963" elapsed="5.000505"/>
</kw>
<kw name="Enter the keyword in the search" owner="AdvertisementResource">
<kw name="Wait Until Element Is Visible" owner="SeleniumLibrary">
<arg>${keyword}</arg>
<doc>Waits until the element ``locator`` is visible.</doc>
<status status="PASS" start="2024-06-02T09:44:39.858468" elapsed="0.033785"/>
</kw>
<kw name="Input Text" owner="SeleniumLibrary">
<msg time="2024-06-02T09:44:39.892253" level="INFO">Typing text 'donut' into text field 'xpath=(//div[@class='d-flex label-value-value']//input)[1]'.</msg>
<arg>${keyword}</arg>
<arg>donut</arg>
<doc>Types the given ``text`` into the text field identified by ``locator``.</doc>
<status status="PASS" start="2024-06-02T09:44:39.892253" elapsed="0.144573"/>
</kw>
<status status="PASS" start="2024-06-02T09:44:39.858468" elapsed="0.179822"/>
</kw>
<kw name="click the element donut" owner="AdvertisementResource">
<kw name="Wait Until Element Is Visible" owner="SeleniumLibrary">
<arg>${donut}</arg>
<doc>Waits until the element ``locator`` is visible.</doc>
<status status="PASS" start="2024-06-02T09:44:40.038290" elapsed="0.738665"/>
</kw>
<kw name="Click Element" owner="SeleniumLibrary">
<msg time="2024-06-02T09:44:40.778484" level="INFO">Clicking element 'xpath://div[text()=" Donuts "]'.</msg>
<arg>${donut}</arg>
<doc>Click the element identified by ``locator``.</doc>
<status status="PASS" start="2024-06-02T09:44:40.778484" elapsed="0.109091"/>
</kw>
<status status="PASS" start="2024-06-02T09:44:40.038290" elapsed="0.849285"/>
</kw>
<kw name="click the like button" owner="AdvertisementResource">
<kw name="Wait Until Element Is Visible" owner="SeleniumLibrary">
<arg>${like_button}</arg>
<doc>Waits until the element ``locator`` is visible.</doc>
<status status="PASS" start="2024-06-02T09:44:40.893010" elapsed="0.895897"/>
</kw>
<kw name="Click Element" owner="SeleniumLibrary">
<msg time="2024-06-02T09:44:41.789925" level="INFO">Clicking element 'xpath://div[text()='Add to favorites']'.</msg>
<arg>${like_button}</arg>
<doc>Click the element identified by ``locator``.</doc>
<status status="PASS" start="2024-06-02T09:44:41.788907" elapsed="0.087008"/>
</kw>
<status status="PASS" start="2024-06-02T09:44:40.892380" elapsed="0.983535"/>
</kw>
<kw name="Click on the advertisement page button" owner="AdvertisementResource">
<kw name="Wait Until Element Is Visible" owner="SeleniumLibrary">
<arg>${Advertisement}</arg>
<doc>Waits until the element ``locator`` is visible.</doc>
<status status="PASS" start="2024-06-02T09:44:41.875915" elapsed="0.032250"/>
</kw>
<kw name="Click Element" owner="SeleniumLibrary">
<msg time="2024-06-02T09:44:41.908165" level="INFO">Clicking element 'xpath://div[text()='Advertisements']'.</msg>
<arg>${Advertisement}</arg>
<doc>Click the element identified by ``locator``.</doc>
<status status="PASS" start="2024-06-02T09:44:41.908165" elapsed="0.132675"/>
</kw>
<status status="PASS" start="2024-06-02T09:44:41.875915" elapsed="0.164925"/>
</kw>
<kw name="Sleep" owner="BuiltIn">
<msg time="2024-06-02T09:44:47.046327" level="INFO">Slept 5 seconds.</msg>
<arg>5</arg>
<doc>Pauses the test executed for the given time.</doc>
<status status="PASS" start="2024-06-02T09:44:42.045476" elapsed="5.000851"/>
</kw>
<kw name="Select the favourite only checkbox" owner="AdvertisementResource">
<kw name="Click Element" owner="SeleniumLibrary">
<msg time="2024-06-02T09:44:47.046327" level="INFO">Clicking element 'xpath://label[@class="custom-control-label"]'.</msg>
<arg>${favourite_item}</arg>
<doc>Click the element identified by ``locator``.</doc>
<status status="PASS" start="2024-06-02T09:44:47.046327" elapsed="0.093151"/>
</kw>
<status status="PASS" start="2024-06-02T09:44:47.046327" elapsed="0.093151"/>
</kw>
<kw name="verify the favourite list contains favorite item" owner="AdvertisementResource">
<kw name="Element Text Should Be" owner="SeleniumLibrary">
<msg time="2024-06-02T09:44:47.142063" level="INFO">Verifying element 'xpath://div[text()=" Donuts "]' contains exact text 'Donuts'.</msg>
<arg>${donut}</arg>
<arg>Donuts</arg>
<doc>Verifies that element ``locator`` contains exact the text ``expected``.</doc>
<status status="PASS" start="2024-06-02T09:44:47.141532" elapsed="1.633752"/>
</kw>
<status status="PASS" start="2024-06-02T09:44:47.139478" elapsed="1.635806"/>
</kw>
<kw name="Close Browser Session" owner="GenericResource" type="TEARDOWN">
<kw name="Close Browser" owner="SeleniumLibrary">
<doc>Closes the current browser.</doc>
<status status="PASS" start="2024-06-02T09:44:48.775284" elapsed="2.163559"/>
</kw>
<status status="PASS" start="2024-06-02T09:44:48.775284" elapsed="2.163559"/>
</kw>
<doc>To validate the wishlist functionalist</doc>
<tag>Regression</tag>
<tag>wishlist</tag>
<status status="PASS" start="2024-06-02T09:44:20.946904" elapsed="29.991939"/>
</test>
<doc>To validate Advertisement Functionality</doc>
<status status="PASS" start="2024-06-02T09:42:13.492839" elapsed="157.447566"/>
</suite>
<suite id="s1-s3" name="test alreadyExistsEmail" source="C:\Cyclos_project\PilotProject_Cyclos_Team1-5\TestCases\test_alreadyExistsEmail.robot">
<test id="s1-s3-t1" name="valid register Test case" line="13">
<kw name="Open the Browser with URL" owner="GenericResource" type="SETUP">
<kw name="Create Webdriver" owner="SeleniumLibrary">
<msg time="2024-06-02T09:44:51.001830" level="INFO">Creating an instance of the Chrome WebDriver.</msg>
<arg>${brower_name}</arg>
<doc>Creates an instance of Selenium WebDriver.</doc>
<status status="PASS" start="2024-06-02T09:44:50.986181" elapsed="2.243345"/>
</kw>
<kw name="Go To" owner="SeleniumLibrary">
<msg time="2024-06-02T09:44:53.229526" level="INFO">Opening url 'https://demo.cyclos.org/ui/home'</msg>
<arg>${url}</arg>
<doc>Navigates the current browser window to the provided ``url``.</doc>
<status status="PASS" start="2024-06-02T09:44:53.229526" elapsed="3.366056"/>
</kw>
<kw name="Maximize Browser Window" owner="SeleniumLibrary">
<doc>Maximizes current browser window.</doc>
<status status="PASS" start="2024-06-02T09:44:56.595582" elapsed="0.031567"/>
</kw>
<kw name="Set Selenium Implicit Wait" owner="SeleniumLibrary">
<arg>5</arg>
<doc>Sets the implicit wait value used by Selenium.</doc>
<status status="PASS" start="2024-06-02T09:44:56.629931" elapsed="0.000000"/>
</kw>
<status status="PASS" start="2024-06-02T09:44:50.986181" elapsed="5.643750"/>
</kw>
<kw name="Valid register with already existing email">
<kw name="Go to Register Page" owner="HomeResource">
<kw name="Sleep" owner="BuiltIn">
<msg time="2024-06-02T09:45:01.633423" level="INFO">Slept 5 seconds.</msg>
<arg>5s</arg>
<doc>Pauses the test executed for the given time.</doc>
<status status="PASS" start="2024-06-02T09:44:56.633099" elapsed="5.000324"/>
</kw>
<kw name="Click Element" owner="SeleniumLibrary">
<msg time="2024-06-02T09:45:01.633423" level="INFO">Clicking element 'xpath://div[text()=" Register "]'.</msg>
<arg>${register_btn}</arg>
<doc>Click the element identified by ``locator``.</doc>
<status status="PASS" start="2024-06-02T09:45:01.633423" elapsed="0.125783"/>
</kw>
<status status="PASS" start="2024-06-02T09:44:56.633099" elapsed="5.126107"/>
</kw>
<kw name="Verify Register Page opens" owner="RegisterResource">
<kw name="Element Should Contain" owner="SeleniumLibrary">
<msg time="2024-06-02T09:45:05.489795" level="INFO">Element 'xpath://div[text()=" User registration "]' contains text 'User registration'.</msg>
<arg>${verify_register}</arg>
<arg>User registration</arg>
<doc>Verifies that element ``locator`` contains text ``expected``.</doc>
<status status="PASS" start="2024-06-02T09:45:01.760477" elapsed="3.729318"/>
</kw>
<status status="PASS" start="2024-06-02T09:45:01.759206" elapsed="3.730589"/>
</kw>
<kw name="Fill the Required feilds" owner="RegisterResource">
<kw name="Input Text" owner="SeleniumLibrary">
<msg time="2024-06-02T09:45:05.492914" level="INFO">Typing text '  abc' into text field 'xpath://input-field[@formcontrolname="name"]/label-value/div/div/input'.</msg>
<arg>${name_field}</arg>
<arg>${name}</arg>
<doc>Types the given ``text`` into the text field identified by ``locator``.</doc>
<status status="PASS" start="2024-06-02T09:45:05.492914" elapsed="0.125886"/>
</kw>
<kw name="Input Text" owner="SeleniumLibrary">
<msg time="2024-06-02T09:45:05.619836" level="INFO">Typing text 'abc12345' into text field 'xpath://input-field[@formcontrolname="username"]/label-value/div/div/input'.</msg>
<arg>${loginName_field}</arg>
<arg>${login_name}</arg>
<doc>Types the given ``text`` into the text field identified by ``locator``.</doc>
<status status="PASS" start="2024-06-02T09:45:05.619836" elapsed="0.160316"/>
</kw>
<kw name="Input Text" owner="SeleniumLibrary">
<msg time="2024-06-02T09:45:05.780152" level="INFO">Typing text 'sandhiya110902@gmail.com' into text field 'xpath://input-field[@formcontrolname="email"]/input'.</msg>
<arg>${email_field}</arg>
<arg>${email}</arg>
<doc>Types the given ``text`` into the text field identified by ``locator``.</doc>
<status status="PASS" start="2024-06-02T09:45:05.780152" elapsed="0.185535"/>
</kw>
<arg>${name}</arg>
<arg>${login}</arg>
<arg>${email}</arg>
<status status="PASS" start="2024-06-02T09:45:05.489795" elapsed="0.475892"/>
</kw>
<kw name="Execute Javascript" owner="SeleniumLibrary">
<msg time="2024-06-02T09:45:05.965687" level="INFO">Executing JavaScript:
window.scrollTo(0, document.body.scrollHeight)
Without any arguments.</msg>
<arg>window.scrollTo(0, document.body.scrollHeight)</arg>
<doc>Executes the given JavaScript code with possible arguments.</doc>
<status status="PASS" start="2024-06-02T09:45:05.965687" elapsed="0.009802"/>
</kw>
<kw name="clicking next button for mandatory field" owner="RegisterResource">
<kw name="Wait Until Element Is Visible" owner="SeleniumLibrary">
<arg>${man_next_btn}</arg>
<doc>Waits until the element ``locator`` is visible.</doc>
<status status="PASS" start="2024-06-02T09:45:05.975489" elapsed="0.031621"/>
</kw>
<kw name="Click Button" owner="SeleniumLibrary">
<msg time="2024-06-02T09:45:06.008132" level="INFO">Clicking button 'xpath:(//action-button[@class="d-inline-block button"]/button)[2]'.</msg>
<arg>${man_next_btn}</arg>
<doc>Clicks the button identified by ``locator``.</doc>
<status status="PASS" start="2024-06-02T09:45:06.008132" elapsed="0.115040"/>
</kw>
<status status="PASS" start="2024-06-02T09:45:05.975489" elapsed="0.147683"/>
</kw>
<kw name="verification for email already exists" owner="RegisterResource">
<kw name="Element Text Should Be" owner="SeleniumLibrary">
<msg time="2024-06-02T09:45:06.124688" level="INFO">Verifying element 'css:div[class="invalid-feedback"]' contains exact text 'E-Mail must be unique.'.</msg>
<arg>${field_required}</arg>
<arg>E-Mail must be unique.</arg>
<doc>Verifies that element ``locator`` contains exact the text ``expected``.</doc>
<status status="PASS" start="2024-06-02T09:45:06.124688" elapsed="2.032680"/>
</kw>
<status status="PASS" start="2024-06-02T09:45:06.123172" elapsed="2.034196"/>
</kw>
<arg>name=  abc</arg>
<arg>login=abc12345</arg>
<arg>email=sandhiya110902@gmail.com</arg>
<tag>Regression</tag>
<status status="PASS" start="2024-06-02T09:44:56.632458" elapsed="11.524910"/>
</kw>
<kw name="Close Browser Session" owner="GenericResource" type="TEARDOWN">
<kw name="Close Browser" owner="SeleniumLibrary">
<doc>Closes the current browser.</doc>
<status status="PASS" start="2024-06-02T09:45:08.157368" elapsed="3.734567"/>
</kw>
<status status="PASS" start="2024-06-02T09:45:08.157368" elapsed="3.734567"/>
</kw>
<status status="PASS" start="2024-06-02T09:44:50.986181" elapsed="20.905754"/>
</test>
<doc>Test to Register Page</doc>
<status status="PASS" start="2024-06-02T09:44:50.940405" elapsed="20.951530"/>
</suite>
<suite id="s1-s4" name="test blankAmount" source="C:\Cyclos_project\PilotProject_Cyclos_Team1-5\TestCases\test_blankAmount.robot">
<test id="s1-s4-t1" name="To validate payment" line="16">
<kw name="Open the Browser with URL" owner="GenericResource" type="SETUP">
<kw name="Create Webdriver" owner="SeleniumLibrary">
<msg time="2024-06-02T09:45:11.955466" level="INFO">Creating an instance of the Chrome WebDriver.</msg>
<arg>${brower_name}</arg>
<doc>Creates an instance of Selenium WebDriver.</doc>
<status status="PASS" start="2024-06-02T09:45:11.955466" elapsed="2.187224"/>
</kw>
<kw name="Go To" owner="SeleniumLibrary">
<msg time="2024-06-02T09:45:14.144229" level="INFO">Opening url 'https://demo.cyclos.org/ui/home'</msg>
<arg>${url}</arg>
<doc>Navigates the current browser window to the provided ``url``.</doc>
<status status="PASS" start="2024-06-02T09:45:14.144229" elapsed="3.138713"/>
</kw>
<kw name="Maximize Browser Window" owner="SeleniumLibrary">
<doc>Maximizes current browser window.</doc>
<status status="PASS" start="2024-06-02T09:45:17.282942" elapsed="0.029541"/>
</kw>
<kw name="Set Selenium Implicit Wait" owner="SeleniumLibrary">
<arg>5</arg>
<doc>Sets the implicit wait value used by Selenium.</doc>
<status status="PASS" start="2024-06-02T09:45:17.312483" elapsed="0.000000"/>
</kw>
<status status="PASS" start="2024-06-02T09:45:11.955466" elapsed="5.357017"/>
</kw>
<kw name="To validate payment to user functionality with amount field is given blank">
<kw name="Go to Login Page" owner="HomeResource">
<kw name="Sleep" owner="BuiltIn">
<msg time="2024-06-02T09:45:22.312598" level="INFO">Slept 5 seconds.</msg>
<arg>5s</arg>
<doc>Pauses the test executed for the given time.</doc>
<status status="PASS" start="2024-06-02T09:45:17.312483" elapsed="5.000115"/>
</kw>
<kw name="Click Element" owner="SeleniumLibrary">
<msg time="2024-06-02T09:45:22.313138" level="INFO">Clicking element 'xpath:(//div[@class="ml-2"])[3]'.</msg>
<arg>${login_btn}</arg>
<doc>Click the element identified by ``locator``.</doc>
<status status="PASS" start="2024-06-02T09:45:22.313138" elapsed="0.138627"/>
</kw>
<status status="PASS" start="2024-06-02T09:45:17.312483" elapsed="5.139282"/>
</kw>
<kw name="Fill the login form" owner="LoginResource">
<kw name="Input Text" owner="SeleniumLibrary">
<msg time="2024-06-02T09:45:22.456756" level="INFO">Typing text 'Sanjay_stark' into text field 'css:input[placeholder="User"]'.</msg>
<arg>${username}</arg>
<arg>${user}</arg>
<doc>Types the given ``text`` into the text field identified by ``locator``.</doc>
<status status="PASS" start="2024-06-02T09:45:22.456099" elapsed="0.192189"/>
</kw>
<kw name="Input Password" owner="SeleniumLibrary">
<msg time="2024-06-02T09:45:22.648389" level="INFO">Typing password into text field 'css:input[placeholder="Password"]'.</msg>
<msg time="2024-06-02T09:45:22.745159" level="INFO">Temporally setting log level to: NONE</msg>
<arg>${password}</arg>
<arg>${pass}</arg>
<doc>Types the given password into the text field identified by ``locator``.</doc>
<status status="PASS" start="2024-06-02T09:45:22.648389" elapsed="0.205180"/>
</kw>
<arg>Sanjay_stark</arg>
<arg>Sanjay</arg>
<status status="PASS" start="2024-06-02T09:45:22.451765" elapsed="0.401804"/>
</kw>
<kw name="click the login button" owner="LoginResource">
<kw name="Click Button" owner="SeleniumLibrary">
<msg time="2024-06-02T09:45:22.853569" level="INFO">Clicking button 'xpath://button[@class="btn d-flex justify-content-center align-items-center w-100 h-100 btn-primary btn-action-primary"]'.</msg>
<arg>${submit_btn}</arg>
<doc>Clicks the button identified by ``locator``.</doc>
<status status="PASS" start="2024-06-02T09:45:22.853569" elapsed="0.120076"/>
</kw>
<status status="PASS" start="2024-06-02T09:45:22.853569" elapsed="0.120076"/>
</kw>
<kw name="Click on the Banking button" owner="HomeResource">
<kw name="Wait Until Element Is Visible" owner="SeleniumLibrary">
<arg>${Banking}</arg>
<doc>Waits until the element ``locator`` is visible.</doc>
<status status="PASS" start="2024-06-02T09:45:22.979203" elapsed="0.726450"/>
</kw>
<kw name="Click Element" owner="SeleniumLibrary">
<msg time="2024-06-02T09:45:23.707277" level="INFO">Clicking element 'xpath://div[text()='Banking']'.</msg>
<arg>${Banking}</arg>
<doc>Click the element identified by ``locator``.</doc>
<status status="PASS" start="2024-06-02T09:45:23.707277" elapsed="0.083310"/>
</kw>
<status status="PASS" start="2024-06-02T09:45:22.979203" elapsed="0.811384"/>
</kw>
<kw name="verify the Banking page open" owner="PaymentUser">
<kw name="Wait Until Element Is Visible" owner="SeleniumLibrary">
<arg>${Banking_title}</arg>
<doc>Waits until the element ``locator`` is visible.</doc>
<status status="PASS" start="2024-06-02T09:45:23.790587" elapsed="1.951008"/>
</kw>
<kw name="Element Text Should Be" owner="SeleniumLibrary">
<msg time="2024-06-02T09:45:25.741595" level="INFO">Verifying element 'xpath://div[@class="side-menu-header"]//following-sibling::div' contains exact text 'Banking'.</msg>
<arg>${Banking_title}</arg>
<arg>Banking</arg>
<doc>Verifies that element ``locator`` contains exact the text ``expected``.</doc>
<status status="PASS" start="2024-06-02T09:45:25.741595" elapsed="0.031196"/>
</kw>
<status status="PASS" start="2024-06-02T09:45:23.790587" elapsed="1.982204"/>
</kw>
<kw name="Select the option payment to user" owner="PaymentUser">
<kw name="Wait Until Element Is Visible" owner="SeleniumLibrary">
<arg>${select_payment_to_user}</arg>
<doc>Waits until the element ``locator`` is visible.</doc>
<status status="PASS" start="2024-06-02T09:45:25.772791" elapsed="0.028594"/>
</kw>
<kw name="Click Element" owner="SeleniumLibrary">
<msg time="2024-06-02T09:45:25.801600" level="INFO">Clicking element 'xpath://div[text()="Payment to user"]'.</msg>
<arg>${select_payment_to_user}</arg>
<doc>Click the element identified by ``locator``.</doc>
<status status="PASS" start="2024-06-02T09:45:25.801600" elapsed="0.094724"/>
</kw>
<status status="PASS" start="2024-06-02T09:45:25.772791" elapsed="0.123533"/>
</kw>
<kw name="verify the payment to user page open" owner="PaymentUser">
<kw name="Element Text Should Be" owner="SeleniumLibrary">
<msg time="2024-06-02T09:45:25.898466" level="INFO">Verifying element 'xpath://div[@class="content-title d-flex"]//div' contains exact text 'Payment to user'.</msg>
<arg>${payment_user_title}</arg>
<arg>Payment to user</arg>
[...]
<arg>${receive_qr}</arg>
<doc>Click the element identified by ``locator``.</doc>
<status status="PASS" start="2024-06-02T09:57:43.055129" elapsed="0.097898"/>
</kw>
<kw name="Element Text Should Be" owner="SeleniumLibrary">
<msg time="2024-06-02T09:57:43.153027" level="INFO">Verifying element 'xpath://div[text()=' Receive QR-code payment ']' contains exact text 'Receive QR-code payment'.</msg>
<arg>${Receive_qr_key_xpath}</arg>
<arg>${receive_qr_keyword}</arg>
<doc>Verifies that element ``locator`` contains exact the text ``expected``.</doc>
<status status="PASS" start="2024-06-02T09:57:43.153027" elapsed="0.295469"/>
</kw>
<status status="PASS" start="2024-06-02T09:57:42.227163" elapsed="1.221333"/>
</kw>
<kw name="Fill the payment form with data" owner="ReceiveQRcodeResources">
<kw name="Input Text" owner="SeleniumLibrary">
<msg time="2024-06-02T09:57:43.455405" level="INFO">Typing text '100' into text field 'css:div[class='input-group'] input'.</msg>
<arg>${amount_css}</arg>
<arg>${amount}</arg>
<doc>Types the given ``text`` into the text field identified by ``locator``.</doc>
<status status="PASS" start="2024-06-02T09:57:43.455405" elapsed="0.098261"/>
</kw>
<kw name="Input Text" owner="SeleniumLibrary">
<msg time="2024-06-02T09:57:43.554705" level="INFO">Typing text 'Payment through QR code' into text field 'css:div[class='label-value-container'] textarea'.</msg>
<arg>${descript_css}</arg>
<arg>${description}</arg>
<doc>Types the given ``text`` into the text field identified by ``locator``.</doc>
<status status="PASS" start="2024-06-02T09:57:43.553666" elapsed="0.175358"/>
</kw>
<kw name="Click Button" owner="SeleniumLibrary">
<msg time="2024-06-02T09:57:43.730166" level="INFO">Clicking button 'xpath://button[@class='btn d-flex justify-content-center align-items-center w-100 h-100 btn-primary']'.</msg>
<arg>${gen_qr}</arg>
<doc>Clicks the button identified by ``locator``.</doc>
<status status="PASS" start="2024-06-02T09:57:43.730166" elapsed="0.093887"/>
</kw>
<arg>${amount}</arg>
<arg>${description}</arg>
<status status="PASS" start="2024-06-02T09:57:43.448496" elapsed="0.375557"/>
</kw>
<kw name="Verify the qr code is displayed" owner="ReceiveQRcodeResources">
<kw name="Wait Until Element Is Visible" owner="SeleniumLibrary">
<arg>${gen_qr}</arg>
<doc>Waits until the element ``locator`` is visible.</doc>
<status status="PASS" start="2024-06-02T09:57:43.828197" elapsed="0.022456"/>
</kw>
<kw name="Element Should Be Visible" owner="SeleniumLibrary">
<msg time="2024-06-02T09:57:43.877070" level="INFO">Element 'xpath://button[@class='btn d-flex justify-content-center align-items-center w-100 h-100 btn-primary']' is displayed.</msg>
<arg>${gen_qr}</arg>
<doc>Verifies that the element identified by ``locator`` is visible.</doc>
<status status="PASS" start="2024-06-02T09:57:43.850653" elapsed="0.026417"/>
</kw>
<status status="PASS" start="2024-06-02T09:57:43.828197" elapsed="0.050765"/>
</kw>
<arg>amount=100</arg>
<arg>description=Payment through QR code</arg>
<doc>This checks the qr code with valid data</doc>
<status status="PASS" start="2024-06-02T09:57:35.603955" elapsed="8.275007"/>
</kw>
<kw name="Close Browser Session" owner="GenericResource" type="TEARDOWN">
<kw name="Close Browser" owner="SeleniumLibrary">
<doc>Closes the current browser.</doc>
<status status="PASS" start="2024-06-02T09:57:43.878962" elapsed="2.125182"/>
</kw>
<status status="PASS" start="2024-06-02T09:57:43.878962" elapsed="2.125182"/>
</kw>
<tag>smoke</tag>
<status status="PASS" start="2024-06-02T09:57:30.526615" elapsed="15.477529"/>
</test>
<doc>This checks the Receive QR code fubctionality</doc>
<status status="PASS" start="2024-06-02T09:57:30.479492" elapsed="15.526472"/>
</suite>
<suite id="s1-s33" name="test validReceivePay" source="C:\Cyclos_project\PilotProject_Cyclos_Team1-5\TestCases\test_validReceivePay.robot">
<test id="s1-s33-t1" name="Validate Receive payment with valid data" line="19">
<kw name="Open the Browser with URL" owner="GenericResource" type="SETUP">
<kw name="Create Webdriver" owner="SeleniumLibrary">
<msg time="2024-06-02T09:57:46.068421" level="INFO">Creating an instance of the Chrome WebDriver.</msg>
<arg>${brower_name}</arg>
<doc>Creates an instance of Selenium WebDriver.</doc>
<status status="PASS" start="2024-06-02T09:57:46.067387" elapsed="2.140337"/>
</kw>
<kw name="Go To" owner="SeleniumLibrary">
<msg time="2024-06-02T09:57:48.207724" level="INFO">Opening url 'https://demo.cyclos.org/ui/home'</msg>
<arg>${url}</arg>
<doc>Navigates the current browser window to the provided ``url``.</doc>
<status status="PASS" start="2024-06-02T09:57:48.207724" elapsed="3.155030"/>
</kw>
<kw name="Maximize Browser Window" owner="SeleniumLibrary">
<doc>Maximizes current browser window.</doc>
<status status="PASS" start="2024-06-02T09:57:51.362754" elapsed="0.033367"/>
</kw>
<kw name="Set Selenium Implicit Wait" owner="SeleniumLibrary">
<arg>5</arg>
<doc>Sets the implicit wait value used by Selenium.</doc>
<status status="PASS" start="2024-06-02T09:57:51.396121" elapsed="0.000000"/>
</kw>
<status status="PASS" start="2024-06-02T09:57:46.067387" elapsed="5.328734"/>
</kw>
<kw name="Validate the Receive payment functionality with valid data">
<kw name="Go to Login Page" owner="HomeResource">
<kw name="Sleep" owner="BuiltIn">
<msg time="2024-06-02T09:57:56.396651" level="INFO">Slept 5 seconds.</msg>
<arg>5s</arg>
<doc>Pauses the test executed for the given time.</doc>
<status status="PASS" start="2024-06-02T09:57:51.396121" elapsed="5.000530"/>
</kw>
<kw name="Click Element" owner="SeleniumLibrary">
<msg time="2024-06-02T09:57:56.398727" level="INFO">Clicking element 'xpath:(//div[@class="ml-2"])[3]'.</msg>
<arg>${login_btn}</arg>
<doc>Click the element identified by ``locator``.</doc>
<status status="PASS" start="2024-06-02T09:57:56.396651" elapsed="0.150413"/>
</kw>
<status status="PASS" start="2024-06-02T09:57:51.396121" elapsed="5.150943"/>
</kw>
<kw name="click the login button" owner="LoginResource">
<kw name="Click Button" owner="SeleniumLibrary">
<msg time="2024-06-02T09:57:56.547064" level="INFO">Clicking button 'xpath://button[@class="btn d-flex justify-content-center align-items-center w-100 h-100 btn-primary btn-action-primary"]'.</msg>
<arg>${submit_btn}</arg>
<doc>Clicks the button identified by ``locator``.</doc>
<status status="PASS" start="2024-06-02T09:57:56.547064" elapsed="0.128661"/>
</kw>
<status status="PASS" start="2024-06-02T09:57:56.547064" elapsed="0.131627"/>
</kw>
<kw name="Fill the login form" owner="LoginResource">
<kw name="Input Text" owner="SeleniumLibrary">
<msg time="2024-06-02T09:57:56.679713" level="INFO">Typing text 'sandhiyas' into text field 'css:input[placeholder="User"]'.</msg>
<arg>${username}</arg>
<arg>${user}</arg>
<doc>Types the given ``text`` into the text field identified by ``locator``.</doc>
<status status="PASS" start="2024-06-02T09:57:56.678691" elapsed="0.211913"/>
</kw>
<kw name="Input Password" owner="SeleniumLibrary">
<msg time="2024-06-02T09:57:56.890604" level="INFO">Typing password into text field 'css:input[placeholder="Password"]'.</msg>
<msg time="2024-06-02T09:57:56.985831" level="INFO">Temporally setting log level to: NONE</msg>
<arg>${password}</arg>
<arg>${pass}</arg>
<doc>Types the given password into the text field identified by ``locator``.</doc>
<status status="PASS" start="2024-06-02T09:57:56.890604" elapsed="0.200633"/>
</kw>
<arg>sandhiyas</arg>
<arg>Sand@123</arg>
<status status="PASS" start="2024-06-02T09:57:56.678691" elapsed="0.412546"/>
</kw>
<kw name="click the login button" owner="LoginResource">
<kw name="Click Button" owner="SeleniumLibrary">
<msg time="2024-06-02T09:57:57.092395" level="INFO">Clicking button 'xpath://button[@class="btn d-flex justify-content-center align-items-center w-100 h-100 btn-primary btn-action-primary"]'.</msg>
<arg>${submit_btn}</arg>
<doc>Clicks the button identified by ``locator``.</doc>
<status status="PASS" start="2024-06-02T09:57:57.092395" elapsed="0.104773"/>
</kw>
<status status="PASS" start="2024-06-02T09:57:57.092395" elapsed="0.104773"/>
</kw>
<kw name="Click the Banking Option" owner="HomeResource">
<kw name="Wait Until Element Is Visible" owner="SeleniumLibrary">
<arg>${Banking}</arg>
<doc>Waits until the element ``locator`` is visible.</doc>
<status status="PASS" start="2024-06-02T09:57:57.197168" elapsed="0.817730"/>
</kw>
<kw name="Click Element" owner="SeleniumLibrary">
<msg time="2024-06-02T09:57:58.014898" level="INFO">Clicking element 'xpath://div[text()='Banking']'.</msg>
<arg>${Banking}</arg>
<doc>Click the element identified by ``locator``.</doc>
<status status="PASS" start="2024-06-02T09:57:58.014898" elapsed="0.084269"/>
</kw>
<status status="PASS" start="2024-06-02T09:57:57.197168" elapsed="0.901999"/>
</kw>
<kw name="Verify the Banking page is displayed" owner="HomeResource">
<kw name="Element Text Should Be" owner="SeleniumLibrary">
<msg time="2024-06-02T09:57:58.099167" level="INFO">Verifying element 'xpath://div[text()='Banking']' contains exact text 'Banking'.</msg>
<arg>${Banking_page_verify}</arg>
<arg>${Banking_page_keyword}</arg>
<doc>Verifies that element ``locator`` contains exact the text ``expected``.</doc>
<status status="PASS" start="2024-06-02T09:57:58.099167" elapsed="0.050778"/>
</kw>
<status status="PASS" start="2024-06-02T09:57:58.099167" elapsed="0.053734"/>
</kw>
<kw name="Verify the Receive payment page" owner="ReceivePaymentResouce">
<kw name="Wait Until Element Is Visible" owner="SeleniumLibrary">
<arg>${receive_payment}</arg>
<doc>Waits until the element ``locator`` is visible.</doc>
<status status="PASS" start="2024-06-02T09:57:58.152901" elapsed="1.092439"/>
</kw>
<kw name="Click Element" owner="SeleniumLibrary">
<msg time="2024-06-02T09:57:59.246627" level="INFO">Clicking element 'xpath:(//nav[@class='navbar d-flex flex-column align-items-stretch']//a/div)[4]'.</msg>
<arg>${receive_payment}</arg>
<doc>Click the element identified by ``locator``.</doc>
<status status="PASS" start="2024-06-02T09:57:59.245340" elapsed="0.087809"/>
</kw>
<kw name="Element Text Should Be" owner="SeleniumLibrary">
<msg time="2024-06-02T09:57:59.334695" level="INFO">Verifying element 'xpath://div[text()=' Receive payment ']' contains exact text 'Receive payment'.</msg>
<arg>${rec_pay_verify}</arg>
<arg>${rec_pay_verify_keyword}</arg>
<doc>Verifies that element ``locator`` contains exact the text ``expected``.</doc>
<status status="PASS" start="2024-06-02T09:57:59.333149" elapsed="0.297735"/>
</kw>
<status status="PASS" start="2024-06-02T09:57:58.152901" elapsed="1.477983"/>
</kw>
<kw name="Fill the receive payment form with data" owner="ReceivePaymentResouce">
<kw name="Input Text" owner="SeleniumLibrary">
<msg time="2024-06-02T09:57:59.632078" level="INFO">Typing text 'demo' into text field 'xpath://input[@placeholder='Type to search']'.</msg>
<arg>${input_user}</arg>
<arg>${user}</arg>
<doc>Types the given ``text`` into the text field identified by ``locator``.</doc>
<status status="PASS" start="2024-06-02T09:57:59.632078" elapsed="0.119152"/>
</kw>
<kw name="Input Text" owner="SeleniumLibrary">
<msg time="2024-06-02T09:57:59.751230" level="INFO">Typing text '10' into text field 'xpath://div[@class='label-value-container']//div[@class='input-group']//input'.</msg>
<arg>${input_amount}</arg>
<arg>${amount}</arg>
<doc>Types the given ``text`` into the text field identified by ``locator``.</doc>
<status status="PASS" start="2024-06-02T09:57:59.751230" elapsed="0.119424"/>
</kw>
<arg>${user}</arg>
<arg>${amount}</arg>
<status status="PASS" start="2024-06-02T09:57:59.632078" elapsed="0.238576"/>
</kw>
<kw name="Select the schedule" owner="ReceivePaymentResouce">
<kw name="Click Button" owner="SeleniumLibrary">
<msg time="2024-06-02T09:57:59.872013" level="INFO">Clicking button 'xpath://button[@class='form-control text-left custom-select w-100']'.</msg>
<arg>${schedue}</arg>
<doc>Clicks the button identified by ``locator``.</doc>
<status status="PASS" start="2024-06-02T09:57:59.872013" elapsed="0.843913"/>
</kw>
<kw name="Click Element" owner="SeleniumLibrary">
<msg time="2024-06-02T09:58:00.718263" level="INFO">Clicking element 'xpath://div[@role='listbox']//a[text()=' Pay now ']'.</msg>
<arg>${pay_type}</arg>
<doc>Click the element identified by ``locator``.</doc>
<status status="PASS" start="2024-06-02T09:58:00.715926" elapsed="0.075792"/>
</kw>
<status status="PASS" start="2024-06-02T09:57:59.872013" elapsed="0.919705"/>
</kw>
<kw name="Fill the description" owner="ReceivePaymentResouce">
<kw name="Input Text" owner="SeleniumLibrary">
<msg time="2024-06-02T09:58:00.793733" level="INFO">Typing text 'Receive payment from users' into text field 'xpath://div[@class='d-flex label-value-value']//textarea'.</msg>
<arg>${descrip_xpath}</arg>
<arg>${description}</arg>
<doc>Types the given ``text`` into the text field identified by ``locator``.</doc>
<status status="PASS" start="2024-06-02T09:58:00.791718" elapsed="0.188357"/>
</kw>
<arg>${description}</arg>
<status status="PASS" start="2024-06-02T09:58:00.791718" elapsed="0.188357"/>
</kw>
<kw name="Click the next button" owner="ReceivePaymentResouce">
<kw name="Click Button" owner="SeleniumLibrary">
<msg time="2024-06-02T09:58:00.980075" level="INFO">Clicking button 'xpath://action-button/button'.</msg>
<arg>${next_button}</arg>
<doc>Clicks the button identified by ``locator``.</doc>
<status status="PASS" start="2024-06-02T09:58:00.980075" elapsed="0.107148"/>
</kw>
<status status="PASS" start="2024-06-02T09:58:00.980075" elapsed="0.107148"/>
</kw>
<kw name="Verify the confirmation page is displayed" owner="ReceivePaymentResouce">
<kw name="Element Should Be Visible" owner="SeleniumLibrary">
<msg time="2024-06-02T09:58:01.118815" level="INFO">Element 'xpath:(//action-button[@class='d-inline-block button']//button)[1]' is displayed.</msg>
<arg>${confirm_button}</arg>
<doc>Verifies that the element identified by ``locator`` is visible.</doc>
<status status="PASS" start="2024-06-02T09:58:01.088357" elapsed="0.031600"/>
</kw>
<kw name="Click Button" owner="SeleniumLibrary">
<msg time="2024-06-02T09:58:01.119957" level="INFO">Clicking button 'xpath:(//action-button[@class='d-inline-block button']//button)[1]'.</msg>
<arg>${confirm_button}</arg>
<doc>Clicks the button identified by ``locator``.</doc>
<status status="PASS" start="2024-06-02T09:58:01.119957" elapsed="0.083329"/>
</kw>
<status status="PASS" start="2024-06-02T09:58:01.087223" elapsed="0.116573"/>
</kw>
<arg>user=demo</arg>
<arg>amount=10</arg>
<arg>description=Receive payment from users</arg>
<doc>This checks the Receive payment functionality with valid data</doc>
<status status="PASS" start="2024-06-02T09:57:51.396121" elapsed="9.807675"/>
</kw>
<kw name="Close Browser Session" owner="GenericResource" type="TEARDOWN">
<kw name="Close Browser" owner="SeleniumLibrary">
<doc>Closes the current browser.</doc>
<status status="PASS" start="2024-06-02T09:58:01.203796" elapsed="2.136789"/>
</kw>
<status status="PASS" start="2024-06-02T09:58:01.203796" elapsed="2.136789"/>
</kw>
<tag>smoke</tag>
<status status="PASS" start="2024-06-02T09:57:46.065458" elapsed="17.275127"/>
</test>
<doc>This checks the Receive payment fubctionality</doc>
<status status="PASS" start="2024-06-02T09:57:46.005964" elapsed="17.336843"/>
</suite>
<status status="FAIL" start="2024-06-02T09:41:47.510760" elapsed="975.832666"/>
</suite>
<statistics>
<total>
<stat pass="38" fail="10" skip="0">All Tests</stat>
</total>
<tag>
<stat pass="2" fail="1" skip="0">invalid_ReceiveQRCode</stat>
<stat pass="5" fail="2" skip="0">regression</stat>
<stat pass="2" fail="0" skip="0">Retest</stat>
<stat pass="12" fail="5" skip="0">Smoke</stat>
<stat pass="1" fail="0" skip="0">valid_ReceiveQRCode</stat>
<stat pass="1" fail="0" skip="0">wishlist</stat>
</tag>
<suite>
<stat pass="38" fail="10" skip="0" id="s1" name="TestCases">TestCases</stat>
<stat pass="0" fail="1" skip="0" id="s1-s1" name="test addUserToContact">TestCases.test addUserToContact</stat>
<stat pass="7" fail="0" skip="0" id="s1-s2" name="Test Advertisement">TestCases.Test Advertisement</stat>
<stat pass="1" fail="0" skip="0" id="s1-s3" name="test alreadyExistsEmail">TestCases.test alreadyExistsEmail</stat>
<stat pass="1" fail="0" skip="0" id="s1-s4" name="test blankAmount">TestCases.test blankAmount</stat>
<stat pass="1" fail="0" skip="0" id="s1-s5" name="test blankAmountQRcode">TestCases.test blankAmountQRcode</stat>
<stat pass="1" fail="0" skip="0" id="s1-s6" name="test blankAmountReceivePay">TestCases.test blankAmountReceivePay</stat>
<stat pass="1" fail="0" skip="0" id="s1-s7" name="test blankDescReceivePay">TestCases.test blankDescReceivePay</stat>
<stat pass="1" fail="0" skip="0" id="s1-s8" name="test blankDescripQRcode">TestCases.test blankDescripQRcode</stat>
<stat pass="1" fail="0" skip="0" id="s1-s9" name="test blankFieldRegister">TestCases.test blankFieldRegister</stat>
<stat pass="0" fail="1" skip="0" id="s1-s10" name="test Blankfields">TestCases.test Blankfields</stat>
<stat pass="1" fail="0" skip="0" id="s1-s11" name="test blankQRcode">TestCases.test blankQRcode</stat>
<stat pass="0" fail="1" skip="0" id="s1-s12" name="test blankUserfields">TestCases.test blankUserfields</stat>
<stat pass="0" fail="1" skip="0" id="s1-s13" name="test blankUserReceivePay">TestCases.test blankUserReceivePay</stat>
<stat pass="1" fail="0" skip="0" id="s1-s14" name="test businessDirectory">TestCases.test businessDirectory</stat>
<stat pass="1" fail="0" skip="0" id="s1-s15" name="test cancel recurringPayment">TestCases.test cancel recurringPayment</stat>
<stat pass="1" fail="0" skip="0" id="s1-s16" name="test confirmPasswordRegister">TestCases.test confirmPasswordRegister</stat>
<stat pass="1" fail="0" skip="0" id="s1-s17" name="test invalidEmailRegister">TestCases.test invalidEmailRegister</stat>
<stat pass="2" fail="0" skip="0" id="s1-s18" name="test invalidLogin">TestCases.test invalidLogin</stat>
<stat pass="1" fail="0" skip="0" id="s1-s19" name="test invalidPasswordRegister">TestCases.test invalidPasswordRegister</stat>
<stat pass="1" fail="0" skip="0" id="s1-s20" name="test invalidReceivePay">TestCases.test invalidReceivePay</stat>
<stat pass="1" fail="0" skip="0" id="s1-s21" name="Test Logout">TestCases.Test Logout</stat>
<stat pass="1" fail="0" skip="0" id="s1-s22" name="test mandatoryFieldRegister">TestCases.test mandatoryFieldRegister</stat>
<stat pass="0" fail="1" skip="0" id="s1-s23" name="test memberAccount">TestCases.test memberAccount</stat>
<stat pass="1" fail="1" skip="0" id="s1-s24" name="Test Myadvertisement">TestCases.Test Myadvertisement</stat>
<stat pass="1" fail="0" skip="0" id="s1-s25" name="Test Pay User Invalid">TestCases.Test Pay User Invalid</stat>
<stat pass="1" fail="0" skip="0" id="s1-s26" name="Test Payment To User">TestCases.Test Payment To User</stat>
<stat pass="3" fail="1" skip="0" id="s1-s27" name="test receiveQRcode">TestCases.test receiveQRcode</stat>
<stat pass="0" fail="1" skip="0" id="s1-s28" name="test recurringPayment">TestCases.test recurringPayment</stat>
<stat pass="1" fail="0" skip="0" id="s1-s29" name="Test Register">TestCases.Test Register</stat>
<stat pass="2" fail="2" skip="0" id="s1-s30" name="Test User Payment">TestCases.Test User Payment</stat>
<stat pass="2" fail="0" skip="0" id="s1-s31" name="test validLogin">TestCases.test validLogin</stat>
<stat pass="1" fail="0" skip="0" id="s1-s32" name="test validQRcode">TestCases.test validQRcode</stat>
<stat pass="1" fail="0" skip="0" id="s1-s33" name="test validReceivePay">TestCases.test validReceivePay</stat>
</suite>
</statistics>
<errors>
<msg time="2024-06-02T09:50:05.401378" level="WARN">Multiple tests with name 'inValid Login Test' executed in suite 'TestCases.test invalidLogin'.</msg>
<msg time="2024-06-02T09:57:17.435624" level="WARN">Multiple tests with name 'Valid Login Test case' executed in suite 'TestCases.test validLogin'.</msg>
</errors>
</robot>
