<?xml version="1.0" encoding="UTF-8"?>
<robot generator="Robot 7.0 (Python 3.12.2 on win32)" generated="2024-05-27T15:25:33.767494" rpa="false" schemaversion="5">
<suite id="s1" name="test alreadyExistsEmail" source="E:\PilotProject_Cyclos_Team1-1\TestCases\test_alreadyExistsEmail.robot">
<test id="s1-t1" name="valid register Test case" line="13">
<kw name="Open the Browser with URL" owner="GenericResource" type="SETUP">
<kw name="Create Webdriver" owner="SeleniumLibrary">
<msg time="2024-05-27T15:25:35.865925" level="INFO">Creating an instance of the Chrome WebDriver.</msg>
<arg>${brower_name}</arg>
<doc>Creates an instance of Selenium WebDriver.</doc>
<status status="PASS" start="2024-05-27T15:25:35.864493" elapsed="3.058586"/>
</kw>
<kw name="Go To" owner="SeleniumLibrary">
<msg time="2024-05-27T15:25:38.923079" level="INFO">Opening url 'https://demo.cyclos.org/ui/home'</msg>
<arg>${url}</arg>
<doc>Navigates the current browser window to the provided ``url``.</doc>
<status status="PASS" start="2024-05-27T15:25:38.923079" elapsed="2.034291"/>
</kw>
<kw name="Maximize Browser Window" owner="SeleniumLibrary">
<doc>Maximizes current browser window.</doc>
<status status="PASS" start="2024-05-27T15:25:40.958606" elapsed="0.037039"/>
</kw>
<kw name="Set Selenium Implicit Wait" owner="SeleniumLibrary">
<arg>5</arg>
<doc>Sets the implicit wait value used by Selenium.</doc>
<status status="PASS" start="2024-05-27T15:25:40.995645" elapsed="0.010963"/>
</kw>
<status status="PASS" start="2024-05-27T15:25:35.863187" elapsed="5.144422"/>
</kw>
<kw name="Valid register with all the fields">
<kw name="Go to Register Page" owner="HomeResource">
<kw name="Sleep" owner="BuiltIn">
<msg time="2024-05-27T15:25:46.013784" level="INFO">Slept 5 seconds.</msg>
<arg>5s</arg>
<doc>Pauses the test executed for the given time.</doc>
<status status="PASS" start="2024-05-27T15:25:41.012588" elapsed="5.001196"/>
</kw>
<kw name="Click Element" owner="SeleniumLibrary">
<msg time="2024-05-27T15:25:46.014785" level="INFO">Clicking element 'xpath://div[text()=" Register "]'.</msg>
<arg>${register_btn}</arg>
<doc>Click the element identified by ``locator``.</doc>
<status status="PASS" start="2024-05-27T15:25:46.013784" elapsed="0.105308"/>
</kw>
<status status="PASS" start="2024-05-27T15:25:41.012588" elapsed="5.106504"/>
</kw>
<kw name="Verify Register Page opens" owner="RegisterResource">
<kw name="Element Should Contain" owner="SeleniumLibrary">
<msg time="2024-05-27T15:25:47.753871" level="INFO">Element 'xpath://div[text()=" User registration "]' contains text 'User registration'.</msg>
<arg>${verify_register}</arg>
<arg>User registration</arg>
<doc>Verifies that element ``locator`` contains text ``expected``.</doc>
<status status="PASS" start="2024-05-27T15:25:46.120089" elapsed="1.633782"/>
</kw>
<status status="PASS" start="2024-05-27T15:25:46.120089" elapsed="1.633782"/>
</kw>
<kw name="Fill the Required feilds" owner="RegisterResource">
<kw name="Input Text" owner="SeleniumLibrary">
<msg time="2024-05-27T15:25:47.755870" level="INFO">Typing text '  abc' into text field 'xpath://input-field[@formcontrolname="name"]/label-value/div/div/input'.</msg>
<arg>${name_field}</arg>
<arg>${name}</arg>
<doc>Types the given ``text`` into the text field identified by ``locator``.</doc>
<status status="PASS" start="2024-05-27T15:25:47.755870" elapsed="0.132519"/>
</kw>
<kw name="Input Text" owner="SeleniumLibrary">
<msg time="2024-05-27T15:25:47.889386" level="INFO">Typing text 'abc12345' into text field 'xpath://input-field[@formcontrolname="username"]/label-value/div/div/input'.</msg>
<arg>${loginName_field}</arg>
<arg>${login_name}</arg>
<doc>Types the given ``text`` into the text field identified by ``locator``.</doc>
<status status="PASS" start="2024-05-27T15:25:47.888389" elapsed="0.163155"/>
</kw>
<kw name="Input Text" owner="SeleniumLibrary">
<msg time="2024-05-27T15:25:48.052542" level="INFO">Typing text 'sandhiya110902@gmail.com' into text field 'xpath://input-field[@formcontrolname="email"]/input'.</msg>
<arg>${email_field}</arg>
<arg>${email}</arg>
<doc>Types the given ``text`` into the text field identified by ``locator``.</doc>
<status status="PASS" start="2024-05-27T15:25:48.052542" elapsed="0.170798"/>
</kw>
<arg>${name}</arg>
<arg>${login}</arg>
<arg>${email}</arg>
<status status="PASS" start="2024-05-27T15:25:47.754872" elapsed="0.468468"/>
</kw>
<kw name="Execute Javascript" owner="SeleniumLibrary">
<msg time="2024-05-27T15:25:48.225334" level="INFO">Executing JavaScript:
window.scrollTo(0, document.body.scrollHeight)
Without any arguments.</msg>
<arg>window.scrollTo(0, document.body.scrollHeight)</arg>
<doc>Executes the given JavaScript code with possible arguments.</doc>
<status status="PASS" start="2024-05-27T15:25:48.223340" elapsed="0.008555"/>
</kw>
<kw name="clicking next button for mandatory field" owner="RegisterResource">
<kw name="Wait Until Element Is Visible" owner="SeleniumLibrary">
<arg>${man_next_btn}</arg>
<doc>Waits until the element ``locator`` is visible.</doc>
<status status="PASS" start="2024-05-27T15:25:48.232911" elapsed="0.033127"/>
</kw>
<kw name="Click Button" owner="SeleniumLibrary">
<msg time="2024-05-27T15:25:48.267036" level="INFO">Clicking button 'xpath:(//action-button[@class="d-inline-block button"]/button)[2]'.</msg>
<arg>${man_next_btn}</arg>
<doc>Clicks the button identified by ``locator``.</doc>
<status status="PASS" start="2024-05-27T15:25:48.267036" elapsed="0.081987"/>
</kw>
<status status="PASS" start="2024-05-27T15:25:48.232911" elapsed="0.116112"/>
</kw>
<kw name="verification for email already exists" owner="RegisterResource">
<kw name="Element Text Should Be" owner="SeleniumLibrary">
<msg time="2024-05-27T15:25:48.350020" level="INFO">Verifying element 'css:div[class="invalid-feedback"]' contains exact text 'E-Mail must be unique.'.</msg>
<arg>${field_required}</arg>
<arg>E-Mail must be unique.</arg>
<doc>Verifies that element ``locator`` contains exact the text ``expected``.</doc>
<status status="PASS" start="2024-05-27T15:25:48.350020" elapsed="0.944120"/>
</kw>
<status status="PASS" start="2024-05-27T15:25:48.349023" elapsed="0.946108"/>
</kw>
<arg>name=  abc</arg>
<arg>login=abc12345</arg>
<arg>email=sandhiya110902@gmail.com</arg>
<status status="PASS" start="2024-05-27T15:25:41.011592" elapsed="8.283539"/>
</kw>
<kw name="Close Browser Session" owner="GenericResource" type="TEARDOWN">
<kw name="Close Browser" owner="SeleniumLibrary">
<doc>Closes the current browser.</doc>
<status status="PASS" start="2024-05-27T15:25:49.296574" elapsed="2.363028"/>
</kw>
<status status="PASS" start="2024-05-27T15:25:49.296574" elapsed="2.364056"/>
</kw>
<status status="PASS" start="2024-05-27T15:25:35.859486" elapsed="15.801144"/>
</test>
<doc>Test to Register Page</doc>
<status status="PASS" start="2024-05-27T15:25:33.769460" elapsed="17.894149"/>
</suite>
<statistics>
<total>
<stat pass="1" fail="0" skip="0">All Tests</stat>
</total>
<tag>
</tag>
<suite>
<stat pass="1" fail="0" skip="0" id="s1" name="test alreadyExistsEmail">test alreadyExistsEmail</stat>
</suite>
</statistics>
<errors>
</errors>
</robot>
