<?xml version="1.0" encoding="UTF-8"?>
<robot generator="Robot 7.0 (Python 3.12.2 on win32)" generated="2024-07-16T17:37:04.991786" rpa="false" schemaversion="5">
<suite id="s1" name="test blankUserReceivePay" source="C:\Users\ASUS\Desktop\PilotProject_Cyclos_Team1-1\TestCases\test_blankUserReceivePay.robot">
<test id="s1-t1" name="Validate Receive payment with empty user data" line="20">
<kw name="Open the Browser with URL" owner="GenericResource" type="SETUP">
<kw name="Create Webdriver" owner="SeleniumLibrary">
<msg time="2024-07-16T17:37:06.892883" level="INFO">Creating an instance of the Chrome WebDriver.</msg>
<arg>${brower_name}</arg>
<doc>Creates an instance of Selenium WebDriver.</doc>
<status status="PASS" start="2024-07-16T17:37:06.892883" elapsed="1.885082"/>
</kw>
<kw name="Go To" owner="SeleniumLibrary">
<msg time="2024-07-16T17:37:08.778965" level="INFO">Opening url 'https://demo.cyclos.org/ui/home'</msg>
<arg>${url}</arg>
<doc>Navigates the current browser window to the provided ``url``.</doc>
<status status="PASS" start="2024-07-16T17:37:08.778965" elapsed="3.118479"/>
</kw>
<kw name="Maximize Browser Window" owner="SeleniumLibrary">
<doc>Maximizes current browser window.</doc>
<status status="PASS" start="2024-07-16T17:37:11.898779" elapsed="0.047216"/>
</kw>
<kw name="Set Selenium Implicit Wait" owner="SeleniumLibrary">
<arg>5</arg>
<doc>Sets the implicit wait value used by Selenium.</doc>
<status status="PASS" start="2024-07-16T17:37:11.945995" elapsed="0.002000"/>
</kw>
<status status="PASS" start="2024-07-16T17:37:06.890373" elapsed="5.057622"/>
</kw>
<kw name="Validate the Receive payment functionality with empty user data">
<kw name="Go to Login Page" owner="HomeResource">
<kw name="Wait Until Element Is Visible" owner="SeleniumLibrary">
<arg>${login_btn}</arg>
<doc>Waits until the element ``locator`` is visible.</doc>
<status status="PASS" start="2024-07-16T17:37:11.950031" elapsed="1.945641"/>
</kw>
<kw name="Click Element" owner="SeleniumLibrary">
<msg time="2024-07-16T17:37:13.896843" level="INFO">Clicking element 'xpath:(//div[@class="ml-2"])[3]'.</msg>
<arg>${login_btn}</arg>
<doc>Click the element identified by ``locator``.</doc>
<status status="PASS" start="2024-07-16T17:37:13.895672" elapsed="0.117675"/>
</kw>
<status status="PASS" start="2024-07-16T17:37:11.949026" elapsed="2.064321"/>
</kw>
<kw name="Fill the login form" owner="LoginResource">
<kw name="Input Text" owner="SeleniumLibrary">
<msg time="2024-07-16T17:37:14.014347" level="INFO">Typing text 'demo' into text field 'css:input[placeholder="User"]'.</msg>
<arg>${username}</arg>
<arg>${user}</arg>
<doc>Types the given ``text`` into the text field identified by ``locator``.</doc>
<status status="PASS" start="2024-07-16T17:37:14.014347" elapsed="0.117453"/>
</kw>
<kw name="Input Password" owner="SeleniumLibrary">
<msg time="2024-07-16T17:37:14.131800" level="INFO">Typing password into text field 'css:input[placeholder="Password"]'.</msg>
<msg time="2024-07-16T17:37:14.173004" level="INFO">Temporally setting log level to: NONE</msg>
<arg>${password}</arg>
<arg>${pass}</arg>
<doc>Types the given password into the text field identified by ``locator``.</doc>
<status status="PASS" start="2024-07-16T17:37:14.131800" elapsed="0.112816"/>
</kw>
<arg>demo</arg>
<arg>1234</arg>
<status status="PASS" start="2024-07-16T17:37:14.013347" elapsed="0.231269"/>
</kw>
<kw name="click the login button" owner="LoginResource">
<kw name="Click Button" owner="SeleniumLibrary">
<msg time="2024-07-16T17:37:14.245615" level="INFO">Clicking button 'xpath://button[@class="btn d-flex justify-content-center align-items-center w-100 h-100 btn-primary btn-action-primary"]'.</msg>
<arg>${submit_btn}</arg>
<doc>Clicks the button identified by ``locator``.</doc>
<status status="PASS" start="2024-07-16T17:37:14.245615" elapsed="0.099334"/>
</kw>
<status status="PASS" start="2024-07-16T17:37:14.245615" elapsed="0.100334"/>
</kw>
<kw name="Click the Banking Option" owner="HomeResource">
<kw name="Wait Until Element Is Visible" owner="SeleniumLibrary">
<arg>${Banking}</arg>
<doc>Waits until the element ``locator`` is visible.</doc>
<status status="PASS" start="2024-07-16T17:37:14.345949" elapsed="0.710352"/>
</kw>
<kw name="Click Element" owner="SeleniumLibrary">
<msg time="2024-07-16T17:37:15.057302" level="INFO">Clicking element 'xpath://div[text()='Banking']'.</msg>
<arg>${Banking}</arg>
<doc>Click the element identified by ``locator``.</doc>
<status status="PASS" start="2024-07-16T17:37:15.056301" elapsed="0.062162"/>
</kw>
<status status="PASS" start="2024-07-16T17:37:14.345949" elapsed="0.772514"/>
</kw>
<kw name="Verify the Banking page is displayed" owner="HomeResource">
<kw name="Element Text Should Be" owner="SeleniumLibrary">
<msg time="2024-07-16T17:37:15.121968" level="INFO">Verifying element 'xpath://div[text()='Banking']' contains exact text 'Banking'.</msg>
<arg>${Banking_page_verify}</arg>
<arg>${Banking_page_keyword}</arg>
<doc>Verifies that element ``locator`` contains exact the text ``expected``.</doc>
<status status="PASS" start="2024-07-16T17:37:15.121968" elapsed="0.040802"/>
</kw>
<status status="PASS" start="2024-07-16T17:37:15.120970" elapsed="0.041800"/>
</kw>
<kw name="Verify the Receive payment page" owner="ReceivePaymentResouce">
<kw name="Wait Until Element Is Visible" owner="SeleniumLibrary">
<arg>${receive_payment}</arg>
<doc>Waits until the element ``locator`` is visible.</doc>
<status status="PASS" start="2024-07-16T17:37:15.164236" elapsed="1.068078"/>
</kw>
<kw name="Click Element" owner="SeleniumLibrary">
<msg time="2024-07-16T17:37:16.233308" level="INFO">Clicking element 'xpath://div[text()='Receive payment']'.</msg>
<arg>${receive_payment}</arg>
<doc>Click the element identified by ``locator``.</doc>
<status status="PASS" start="2024-07-16T17:37:16.233308" elapsed="0.080664"/>
</kw>
<kw name="Element Text Should Be" owner="SeleniumLibrary">
<msg time="2024-07-16T17:37:16.314972" level="INFO">Verifying element 'xpath://div[text()=' Receive payment ']' contains exact text 'Receive payment'.</msg>
<arg>${rec_pay_verify}</arg>
<arg>${rec_pay_verify_keyword}</arg>
<doc>Verifies that element ``locator`` contains exact the text ``expected``.</doc>
<status status="PASS" start="2024-07-16T17:37:16.314972" elapsed="0.273727"/>
</kw>
<status status="PASS" start="2024-07-16T17:37:15.164236" elapsed="1.424463"/>
</kw>
<kw name="Fill the receive payment form with data" owner="ReceivePaymentResouce">
<kw name="Input Text" owner="SeleniumLibrary">
<msg time="2024-07-16T17:37:16.590085" level="INFO">Typing text ' ' into text field 'xpath://input[@placeholder='Type to search']'.</msg>
<arg>${input_user}</arg>
<arg>${user}</arg>
<doc>Types the given ``text`` into the text field identified by ``locator``.</doc>
<status status="PASS" start="2024-07-16T17:37:16.590085" elapsed="0.084294"/>
</kw>
<kw name="Input Text" owner="SeleniumLibrary">
<msg time="2024-07-16T17:37:16.675377" level="INFO">Typing text '100' into text field 'xpath://div[@class='label-value-container']//div[@class='input-group']//input'.</msg>
<arg>${input_amount}</arg>
<arg>${amount}</arg>
<doc>Types the given ``text`` into the text field identified by ``locator``.</doc>
<status status="PASS" start="2024-07-16T17:37:16.675377" elapsed="0.116892"/>
</kw>
<arg>${blank_user}</arg>
<arg>${amount}</arg>
<status status="PASS" start="2024-07-16T17:37:16.588699" elapsed="0.204655"/>
</kw>
<kw name="Sleep" owner="BuiltIn">
<msg time="2024-07-16T17:37:19.793837" level="INFO">Slept 3 seconds.</msg>
<arg>3</arg>
<doc>Pauses the test executed for the given time.</doc>
<status status="PASS" start="2024-07-16T17:37:16.793354" elapsed="3.000483"/>
</kw>
<kw name="Click the next button" owner="ReceivePaymentResouce">
<kw name="Wait Until Element Is Visible" owner="SeleniumLibrary">
<arg>${next_button}</arg>
<doc>Waits until the element ``locator`` is visible.</doc>
<status status="PASS" start="2024-07-16T17:37:19.795847" elapsed="0.026780"/>
</kw>
<kw name="Click Element" owner="SeleniumLibrary">
<msg time="2024-07-16T17:37:19.823632" level="INFO">Clicking element 'xpath://action-button/button'.</msg>
<arg>${next_button}</arg>
<doc>Click the element identified by ``locator``.</doc>
<status status="PASS" start="2024-07-16T17:37:19.822627" elapsed="0.058996"/>
</kw>
<status status="PASS" start="2024-07-16T17:37:19.794847" elapsed="0.086776"/>
</kw>
<kw name="verify user error message is displayed" owner="ReceivePaymentResouce">
<kw name="Wait Until Element Is Visible" owner="SeleniumLibrary">
<msg time="2024-07-16T17:37:25.249636" level="INFO" html="true">&lt;/td&gt;&lt;/tr&gt;&lt;tr&gt;&lt;td colspan="3"&gt;&lt;a href="selenium-screenshot-8.png"&gt;&lt;img src="selenium-screenshot-8.png" width="800px"&gt;&lt;/a&gt;</msg>
<msg time="2024-07-16T17:37:25.249636" level="FAIL">Element 'xpath:(//div[@class='d-flex label-value-value']//field-errors/div)[1]' not visible after 5 seconds.</msg>
<arg>${user_error_msg}</arg>
<doc>Waits until the element ``locator`` is visible.</doc>
<status status="FAIL" start="2024-07-16T17:37:19.882774" elapsed="5.370545">Element 'xpath:(//div[@class='d-flex label-value-value']//field-errors/div)[1]' not visible after 5 seconds.</status>
</kw>
<status status="FAIL" start="2024-07-16T17:37:19.881623" elapsed="5.372703">Element 'xpath:(//div[@class='d-flex label-value-value']//field-errors/div)[1]' not visible after 5 seconds.</status>
</kw>
<arg>blank_user= </arg>
<arg>amount=100</arg>
<tag>smoke</tag>
<doc>This checks the Receive payment functionality with empty user data</doc>
<status status="FAIL" start="2024-07-16T17:37:11.949026" elapsed="13.305300">Element 'xpath:(//div[@class='d-flex label-value-value']//field-errors/div)[1]' not visible after 5 seconds.</status>
</kw>
<kw name="Close Browser Session" owner="GenericResource" type="TEARDOWN">
<kw name="Close Browser" owner="SeleniumLibrary">
<doc>Closes the current browser.</doc>
<status status="PASS" start="2024-07-16T17:37:25.255697" elapsed="2.512870"/>
</kw>
<status status="PASS" start="2024-07-16T17:37:25.254326" elapsed="2.514241"/>
</kw>
<status status="FAIL" start="2024-07-16T17:37:06.887771" elapsed="20.881794">Element 'xpath:(//div[@class='d-flex label-value-value']//field-errors/div)[1]' not visible after 5 seconds.</status>
</test>
<doc>This checks the Receive payment functionality</doc>
<status status="FAIL" start="2024-07-16T17:37:04.996501" elapsed="22.776818"/>
</suite>
<statistics>
<total>
<stat pass="0" fail="1" skip="0">All Tests</stat>
</total>
<tag>
</tag>
<suite>
<stat pass="0" fail="1" skip="0" id="s1" name="test blankUserReceivePay">test blankUserReceivePay</stat>
</suite>
</statistics>
<errors>
</errors>
</robot>
