<?xml version="1.0" encoding="UTF-8"?>
<robot generator="Robot 7.0 (Python 3.12.3 on win32)" generated="2024-05-26T23:31:44.991638" rpa="false" schemaversion="5">
<suite id="s1" name="test invalidReceivePay" source="I:\CYCLOS\CYCLOS-PROJECT\PilotProject_Cyclos_Team1\TestCases\test_invalidReceivePay.robot">
<test id="s1-t1" name="Validate Receive payment with data" line="18">
<kw name="Open the Browser with URL" owner="GenericResource" type="SETUP">
<kw name="Create Webdriver" owner="SeleniumLibrary">
<msg time="2024-05-26T23:31:50.750241" level="INFO">Creating an instance of the Chrome WebDriver.</msg>
<arg>Chrome</arg>
<doc>Creates an instance of Selenium WebDriver.</doc>
<status status="PASS" start="2024-05-26T23:31:50.750241" elapsed="24.094687"/>
</kw>
<kw name="Go To" owner="SeleniumLibrary">
<msg time="2024-05-26T23:32:14.846928" level="INFO">Opening url 'https://demo.cyclos.org/ui/home'</msg>
<arg>${url}</arg>
<doc>Navigates the current browser window to the provided ``url``.</doc>
<status status="PASS" start="2024-05-26T23:32:14.845943" elapsed="8.596390"/>
</kw>
<kw name="Maximize Browser Window" owner="SeleniumLibrary">
<doc>Maximizes current browser window.</doc>
<status status="PASS" start="2024-05-26T23:32:23.442333" elapsed="0.411233"/>
</kw>
<kw name="Set Selenium Implicit Wait" owner="SeleniumLibrary">
<arg>5</arg>
<doc>Sets the implicit wait value used by Selenium.</doc>
<status status="PASS" start="2024-05-26T23:32:23.853566" elapsed="0.015622"/>
</kw>
<status status="PASS" start="2024-05-26T23:31:50.750241" elapsed="33.118947"/>
</kw>
<kw name="Validate the Receive payment functionality with empty data">
<kw name="Fill the Login page" owner="LoginResource">
<kw name="Wait Until Element Is Visible" owner="SeleniumLibrary">
<arg>${login_button}</arg>
<doc>Waits until the element ``locator`` is visible.</doc>
<status status="PASS" start="2024-05-26T23:32:24.169467" elapsed="6.363404"/>
</kw>
<kw name="Click Element" owner="SeleniumLibrary">
<msg time="2024-05-26T23:32:30.532871" level="INFO">Clicking element 'xpath:(//div[text()=' Login '])[1]'.</msg>
<arg>${login_button}</arg>
<doc>Click the element identified by ``locator``.</doc>
<status status="PASS" start="2024-05-26T23:32:30.532871" elapsed="0.646755"/>
</kw>
<kw name="Wait Until Element Is Visible" owner="SeleniumLibrary">
<arg>${username_locator}</arg>
<doc>Waits until the element ``locator`` is visible.</doc>
<status status="PASS" start="2024-05-26T23:32:31.179626" elapsed="0.172725"/>
</kw>
<kw name="Input Text" owner="SeleniumLibrary">
<msg time="2024-05-26T23:32:31.352351" level="INFO">Typing text 'dharun' into text field 'css:input[placeholder="User"]'.</msg>
<arg>${username_locator}</arg>
<arg>${username}</arg>
<doc>Types the given ``text`` into the text field identified by ``locator``.</doc>
<status status="PASS" start="2024-05-26T23:32:31.352351" elapsed="3.160325"/>
</kw>
<kw name="Wait Until Element Is Visible" owner="SeleniumLibrary">
<arg>${password_locator}</arg>
<doc>Waits until the element ``locator`` is visible.</doc>
<status status="PASS" start="2024-05-26T23:32:34.512676" elapsed="0.062915"/>
</kw>
<kw name="Input Text" owner="SeleniumLibrary">
<msg time="2024-05-26T23:32:34.575591" level="INFO">Typing text '1234' into text field 'css:input[placeholder="Password"]'.</msg>
<arg>${password_locator}</arg>
<arg>${password}</arg>
<doc>Types the given ``text`` into the text field identified by ``locator``.</doc>
<status status="PASS" start="2024-05-26T23:32:34.575591" elapsed="0.426511"/>
</kw>
<kw name="Wait Until Element Is Visible" owner="SeleniumLibrary">
<arg>${submit_btn}</arg>
<doc>Waits until the element ``locator`` is visible.</doc>
<status status="PASS" start="2024-05-26T23:32:35.002102" elapsed="0.251273"/>
</kw>
<kw name="Click Element" owner="SeleniumLibrary">
<msg time="2024-05-26T23:32:35.253375" level="INFO">Clicking element 'xpath://button[@class="btn d-flex justify-content-center align-items-center w-100 h-100 btn-primary btn-action-primary"]'.</msg>
<arg>${submit_btn}</arg>
<doc>Click the element identified by ``locator``.</doc>
<status status="PASS" start="2024-05-26T23:32:35.253375" elapsed="0.298181"/>
</kw>
<status status="PASS" start="2024-05-26T23:32:24.169467" elapsed="11.382089"/>
</kw>
<kw name="Click the Banking Option" owner="HomeResource">
<kw name="Wait Until Element Is Visible" owner="SeleniumLibrary">
<arg>${Banking_Xpath}</arg>
<doc>Waits until the element ``locator`` is visible.</doc>
<status status="PASS" start="2024-05-26T23:32:35.551556" elapsed="4.110450"/>
</kw>
<kw name="Click Element" owner="SeleniumLibrary">
<msg time="2024-05-26T23:32:39.663015" level="INFO">Clicking element 'xpath://a[@id='menu_banking']'.</msg>
<arg>${Banking_Xpath}</arg>
<doc>Click the element identified by ``locator``.</doc>
<status status="PASS" start="2024-05-26T23:32:39.663015" elapsed="0.405631"/>
</kw>
<status status="PASS" start="2024-05-26T23:32:35.551556" elapsed="4.518089"/>
</kw>
<kw name="Verify the Banking page is displayed" owner="HomeResource">
<kw name="Element Text Should Be" owner="SeleniumLibrary">
<msg time="2024-05-26T23:32:40.073359" level="INFO">Verifying element 'xpath://div[text()='Banking']' contains exact text 'Banking'.</msg>
<arg>${Banking_page_verify}</arg>
<arg>${Banking_page_keyword}</arg>
<doc>Verifies that element ``locator`` contains exact the text ``expected``.</doc>
<status status="PASS" start="2024-05-26T23:32:40.072315" elapsed="0.351133"/>
</kw>
<status status="PASS" start="2024-05-26T23:32:40.069645" elapsed="0.353803"/>
</kw>
<kw name="Verify the Receive payment page" owner="ReceivePaymentResouce">
<kw name="Wait Until Element Is Visible" owner="SeleniumLibrary">
<arg>${receive_payment}</arg>
<doc>Waits until the element ``locator`` is visible.</doc>
<status status="PASS" start="2024-05-26T23:32:40.423448" elapsed="2.348736"/>
</kw>
<kw name="Click Element" owner="SeleniumLibrary">
<msg time="2024-05-26T23:32:42.773242" level="INFO">Clicking element 'xpath:(//nav[@class='navbar d-flex flex-column align-items-stretch']//a/div)[4]'.</msg>
<arg>${receive_payment}</arg>
<doc>Click the element identified by ``locator``.</doc>
<status status="PASS" start="2024-05-26T23:32:42.773242" elapsed="1.259355"/>
</kw>
<kw name="Element Text Should Be" owner="SeleniumLibrary">
<msg time="2024-05-26T23:32:44.032597" level="INFO">Verifying element 'xpath://div[text()=' Receive payment ']' contains exact text 'Receive payment'.</msg>
<arg>${rec_pay_verify}</arg>
<arg>${rec_pay_verify_keyword}</arg>
<doc>Verifies that element ``locator`` contains exact the text ``expected``.</doc>
<status status="PASS" start="2024-05-26T23:32:44.032597" elapsed="0.878324"/>
</kw>
<status status="PASS" start="2024-05-26T23:32:40.423448" elapsed="4.487473"/>
</kw>
<kw name="Fill the receive payment form with data" owner="ReceivePaymentResouce">
<kw name="Input Text" owner="SeleniumLibrary">
<msg time="2024-05-26T23:32:44.910921" level="INFO">Typing text '   ' into text field 'xpath://input[@placeholder='Type to search']'.</msg>
<arg>${input_user}</arg>
<arg>${user}</arg>
<doc>Types the given ``text`` into the text field identified by ``locator``.</doc>
<status status="PASS" start="2024-05-26T23:32:44.910921" elapsed="0.917742"/>
</kw>
<kw name="Input Text" owner="SeleniumLibrary">
<msg time="2024-05-26T23:32:45.829734" level="INFO">Typing text 'xpath://div[@class='input-group']//input[@placeholder='0,00']' into text field 'xpath://div[@class='input-group']//input[@placeholder='0,00']'.</msg>
<arg>${input_amount}</arg>
<arg>${input_amount}</arg>
<doc>Types the given ``text`` into the text field identified by ``locator``.</doc>
<status status="PASS" start="2024-05-26T23:32:45.829734" elapsed="4.239217"/>
</kw>
<kw name="Click Button" owner="SeleniumLibrary">
<msg time="2024-05-26T23:32:50.069952" level="INFO">Clicking button 'xpath://button[@class='form-control text-left custom-select w-100']'.</msg>
<msg time="2024-05-26T23:33:00.430380" level="INFO" html="true">&lt;/td&gt;&lt;/tr&gt;&lt;tr&gt;&lt;td colspan="3"&gt;&lt;a href="selenium-screenshot-9.png"&gt;&lt;img src="selenium-screenshot-9.png" width="800px"&gt;&lt;/a&gt;</msg>
<msg time="2024-05-26T23:33:00.430380" level="FAIL">Button with locator 'xpath://button[@class='form-control text-left custom-select w-100']' not found.</msg>
<arg>${schedue}</arg>
<doc>Clicks the button identified by ``locator``.</doc>
<status status="FAIL" start="2024-05-26T23:32:50.069952" elapsed="10.524952">Button with locator 'xpath://button[@class='form-control text-left custom-select w-100']' not found.</status>
</kw>
<kw name="Click Element" owner="SeleniumLibrary">
<arg>${pay_type}</arg>
<doc>Click the element identified by ``locator``.</doc>
<status status="NOT RUN" start="2024-05-26T23:33:00.594904" elapsed="0.000000"/>
</kw>
<kw name="Input Text" owner="SeleniumLibrary">
<arg>${descrip_xpath}</arg>
<arg>${description}</arg>
<doc>Types the given ``text`` into the text field identified by ``locator``.</doc>
<status status="NOT RUN" start="2024-05-26T23:33:00.594904" elapsed="0.000000"/>
</kw>
<kw name="Click Button" owner="SeleniumLibrary">
<arg>${next_button}</arg>
<doc>Clicks the button identified by ``locator``.</doc>
<status status="NOT RUN" start="2024-05-26T23:33:00.594904" elapsed="0.000000"/>
</kw>
<arg>${blank_user}</arg>
<arg>${blank_amount}</arg>
<arg>${blank_description}</arg>
<status status="FAIL" start="2024-05-26T23:32:44.910921" elapsed="15.683983">Button with locator 'xpath://button[@class='form-control text-left custom-select w-100']' not found.</status>
</kw>
<kw name="verify user error message is displayed" owner="ReceivePaymentResouce">
<status status="NOT RUN" start="2024-05-26T23:33:00.594904" elapsed="0.000000"/>
</kw>
<kw name="verify amount error message is displayed" owner="ReceivePaymentResouce">
<status status="NOT RUN" start="2024-05-26T23:33:00.594904" elapsed="0.000000"/>
</kw>
<arg>blank_user=   </arg>
<arg>blank_amount=   </arg>
<arg>blank_description=  </arg>
<tag>invalid_Receive_payment</tag>
<doc>This checks the Receive payment functionality with empty data</doc>
<status status="FAIL" start="2024-05-26T23:32:24.169467" elapsed="36.425437">Button with locator 'xpath://button[@class='form-control text-left custom-select w-100']' not found.</status>
</kw>
<kw name="Close Browser Session" owner="GenericResource" type="TEARDOWN">
<kw name="Close Browser" owner="SeleniumLibrary">
<doc>Closes the current browser.</doc>
<status status="PASS" start="2024-05-26T23:33:00.610531" elapsed="6.660788"/>
</kw>
<status status="PASS" start="2024-05-26T23:33:00.610531" elapsed="6.660788"/>
</kw>
<status status="FAIL" start="2024-05-26T23:31:50.742226" elapsed="76.529093">Button with locator 'xpath://button[@class='form-control text-left custom-select w-100']' not found.</status>
</test>
<doc>This checks the Receive payment fubctionality</doc>
<status status="FAIL" start="2024-05-26T23:31:44.991638" elapsed="82.279681"/>
</suite>
<statistics>
<total>
<stat pass="0" fail="1" skip="0">All Tests</stat>
</total>
<tag>
</tag>
<suite>
<stat pass="0" fail="1" skip="0" id="s1" name="test invalidReceivePay">test invalidReceivePay</stat>
</suite>
</statistics>
<errors>
</errors>
</robot>
