<?xml version="1.0" encoding="UTF-8"?>
<robot generator="Robot 7.0 (Python 3.12.2 on win32)" generated="2024-07-16T15:14:00.746676" rpa="false" schemaversion="5">
<suite id="s1" name="TestCases" source="C:\Users\ASUS\Desktop\PilotProject_Cyclos_Team1-1\TestCases">
<suite id="s1-s1" name="test validQRcode" source="C:\Users\ASUS\Desktop\PilotProject_Cyclos_Team1-1\TestCases\test_validQRcode.robot">
<test id="s1-s1-t1" name="Validate Receive QR code with valid data" line="17">
<kw name="Open the Browser with URL" owner="GenericResource" type="SETUP">
<kw name="Create Webdriver" owner="SeleniumLibrary">
<msg time="2024-07-16T15:14:02.724465" level="INFO">Creating an instance of the Chrome WebDriver.</msg>
<arg>${brower_name}</arg>
<doc>Creates an instance of Selenium WebDriver.</doc>
<status status="PASS" start="2024-07-16T15:14:02.723463" elapsed="2.367812"/>
</kw>
<kw name="Go To" owner="SeleniumLibrary">
<msg time="2024-07-16T15:14:05.092276" level="INFO">Opening url 'https://demo.cyclos.org/ui/home'</msg>
<arg>${url}</arg>
<doc>Navigates the current browser window to the provided ``url``.</doc>
<status status="PASS" start="2024-07-16T15:14:05.092276" elapsed="2.327167"/>
</kw>
<kw name="Maximize Browser Window" owner="SeleniumLibrary">
<doc>Maximizes current browser window.</doc>
<status status="PASS" start="2024-07-16T15:14:07.419443" elapsed="0.043242"/>
</kw>
<kw name="Set Selenium Implicit Wait" owner="SeleniumLibrary">
<arg>5</arg>
<doc>Sets the implicit wait value used by Selenium.</doc>
<status status="PASS" start="2024-07-16T15:14:07.463685" elapsed="0.003004"/>
</kw>
<status status="PASS" start="2024-07-16T15:14:02.722061" elapsed="4.744628"/>
</kw>
<kw name="Validate the Receive QR code functionality with valid data">
<kw name="Go to Login Page" owner="HomeResource">
<kw name="Wait Until Element Is Visible" owner="SeleniumLibrary">
<arg>${login_btn}</arg>
<doc>Waits until the element ``locator`` is visible.</doc>
<status status="PASS" start="2024-07-16T15:14:07.469183" elapsed="2.368974"/>
</kw>
<kw name="Click Element" owner="SeleniumLibrary">
<msg time="2024-07-16T15:14:09.839157" level="INFO">Clicking element 'xpath:(//div[@class="ml-2"])[3]'.</msg>
<arg>${login_btn}</arg>
<doc>Click the element identified by ``locator``.</doc>
<status status="PASS" start="2024-07-16T15:14:09.839157" elapsed="0.399272"/>
</kw>
<status status="PASS" start="2024-07-16T15:14:07.468176" elapsed="2.770253"/>
</kw>
<kw name="Fill the login form" owner="LoginResource">
<kw name="Input Text" owner="SeleniumLibrary">
<msg time="2024-07-16T15:14:10.242428" level="INFO">Typing text 'sandhiyas' into text field 'css:input[placeholder="User"]'.</msg>
<arg>${username}</arg>
<arg>${user}</arg>
<doc>Types the given ``text`` into the text field identified by ``locator``.</doc>
<status status="PASS" start="2024-07-16T15:14:10.240428" elapsed="0.286325"/>
</kw>
<kw name="Input Password" owner="SeleniumLibrary">
<msg time="2024-07-16T15:14:10.528751" level="INFO">Typing password into text field 'css:input[placeholder="Password"]'.</msg>
<msg time="2024-07-16T15:14:10.583655" level="INFO">Temporally setting log level to: NONE</msg>
<arg>${password}</arg>
<arg>${pass}</arg>
<doc>Types the given password into the text field identified by ``locator``.</doc>
<status status="PASS" start="2024-07-16T15:14:10.527752" elapsed="0.126921"/>
</kw>
<arg>sandhiyas</arg>
<arg>Sand@123</arg>
<status status="PASS" start="2024-07-16T15:14:10.239429" elapsed="0.415244"/>
</kw>
<kw name="click the login button" owner="LoginResource">
<kw name="Click Button" owner="SeleniumLibrary">
<msg time="2024-07-16T15:14:10.657664" level="INFO">Clicking button 'xpath://button[@class="btn d-flex justify-content-center align-items-center w-100 h-100 btn-primary btn-action-primary"]'.</msg>
<arg>${submit_btn}</arg>
<doc>Clicks the button identified by ``locator``.</doc>
<status status="PASS" start="2024-07-16T15:14:10.656664" elapsed="0.094583"/>
</kw>
<status status="PASS" start="2024-07-16T15:14:10.655664" elapsed="0.096583"/>
</kw>
<kw name="Click the Banking Option" owner="HomeResource">
<kw name="Wait Until Element Is Visible" owner="SeleniumLibrary">
<arg>${Banking}</arg>
<doc>Waits until the element ``locator`` is visible.</doc>
<status status="PASS" start="2024-07-16T15:14:10.753249" elapsed="0.691859"/>
</kw>
<kw name="Click Element" owner="SeleniumLibrary">
<msg time="2024-07-16T15:14:11.447107" level="INFO">Clicking element 'xpath://div[text()='Banking']'.</msg>
<arg>${Banking}</arg>
<doc>Click the element identified by ``locator``.</doc>
<status status="PASS" start="2024-07-16T15:14:11.445108" elapsed="0.170046"/>
</kw>
<status status="PASS" start="2024-07-16T15:14:10.753249" elapsed="0.862905"/>
</kw>
<kw name="Verify the Banking page is displayed" owner="HomeResource">
<kw name="Element Text Should Be" owner="SeleniumLibrary">
<msg time="2024-07-16T15:14:11.617154" level="INFO">Verifying element 'xpath://div[text()='Banking']' contains exact text 'Banking'.</msg>
<arg>${Banking_page_verify}</arg>
<arg>${Banking_page_keyword}</arg>
<doc>Verifies that element ``locator`` contains exact the text ``expected``.</doc>
<status status="PASS" start="2024-07-16T15:14:11.617154" elapsed="0.036639"/>
</kw>
<status status="PASS" start="2024-07-16T15:14:11.616154" elapsed="0.037639"/>
</kw>
<kw name="Verify the Receive qr code page" owner="ReceiveQRcodeResources">
<kw name="Wait Until Element Is Visible" owner="SeleniumLibrary">
<arg>${receive_qr}</arg>
<doc>Waits until the element ``locator`` is visible.</doc>
<status status="PASS" start="2024-07-16T15:14:11.654795" elapsed="0.896392"/>
</kw>
<kw name="Click Element" owner="SeleniumLibrary">
<msg time="2024-07-16T15:14:12.553190" level="INFO">Clicking element 'xpath://div[text()='Receive QR-code']'.</msg>
<arg>${receive_qr}</arg>
<doc>Click the element identified by ``locator``.</doc>
<status status="PASS" start="2024-07-16T15:14:12.552193" elapsed="0.097430"/>
</kw>
<kw name="Element Text Should Be" owner="SeleniumLibrary">
<msg time="2024-07-16T15:14:12.650627" level="INFO">Verifying element 'xpath://div[text()=' Receive QR-code payment ']' contains exact text 'Receive QR-code payment'.</msg>
<arg>${Receive_qr_key_xpath}</arg>
<arg>${receive_qr_keyword}</arg>
<doc>Verifies that element ``locator`` contains exact the text ``expected``.</doc>
<status status="PASS" start="2024-07-16T15:14:12.649623" elapsed="0.294872"/>
</kw>
<status status="PASS" start="2024-07-16T15:14:11.653793" elapsed="1.290702"/>
</kw>
<kw name="Fill the payment form with data" owner="ReceiveQRcodeResources">
<kw name="Input Text" owner="SeleniumLibrary">
<msg time="2024-07-16T15:14:12.946494" level="INFO">Typing text '100' into text field 'css:div[class='input-group'] input'.</msg>
<arg>${amount_css}</arg>
<arg>${amount}</arg>
<doc>Types the given ``text`` into the text field identified by ``locator``.</doc>
<status status="PASS" start="2024-07-16T15:14:12.945494" elapsed="0.119159"/>
</kw>
<kw name="Input Text" owner="SeleniumLibrary">
<msg time="2024-07-16T15:14:13.065653" level="INFO">Typing text 'Payment through QR code' into text field 'css:div[class='label-value-container'] textarea'.</msg>
<arg>${descript_css}</arg>
<arg>${description}</arg>
<doc>Types the given ``text`` into the text field identified by ``locator``.</doc>
<status status="PASS" start="2024-07-16T15:14:13.064653" elapsed="0.183529"/>
</kw>
<kw name="Click Button" owner="SeleniumLibrary">
<msg time="2024-07-16T15:14:13.249182" level="INFO">Clicking button 'xpath://button[@class='btn d-flex justify-content-center align-items-center w-100 h-100 btn-primary']'.</msg>
<arg>${gen_qr}</arg>
<doc>Clicks the button identified by ``locator``.</doc>
<status status="PASS" start="2024-07-16T15:14:13.249182" elapsed="0.100488"/>
</kw>
<arg>${amount}</arg>
<arg>${description}</arg>
<status status="PASS" start="2024-07-16T15:14:12.945494" elapsed="0.405291"/>
</kw>
<kw name="Verify the qr code is displayed" owner="ReceiveQRcodeResources">
<kw name="Wait Until Element Is Visible" owner="SeleniumLibrary">
<arg>${gen_qr}</arg>
<doc>Waits until the element ``locator`` is visible.</doc>
<status status="PASS" start="2024-07-16T15:14:13.350785" elapsed="0.024709"/>
</kw>
<kw name="Element Should Be Visible" owner="SeleniumLibrary">
<msg time="2024-07-16T15:14:13.396588" level="INFO">Element 'xpath://button[@class='btn d-flex justify-content-center align-items-center w-100 h-100 btn-primary']' is displayed.</msg>
<arg>${gen_qr}</arg>
<doc>Verifies that the element identified by ``locator`` is visible.</doc>
<status status="PASS" start="2024-07-16T15:14:13.376499" elapsed="0.021582"/>
</kw>
<status status="PASS" start="2024-07-16T15:14:13.350785" elapsed="0.047296"/>
</kw>
<arg>amount=100</arg>
<arg>description=Payment through QR code</arg>
<tag>smoke</tag>
<doc>This checks the qr code with valid data</doc>
<status status="PASS" start="2024-07-16T15:14:07.468176" elapsed="5.929905"/>
</kw>
<kw name="Close Browser Session" owner="GenericResource" type="TEARDOWN">
<kw name="Close Browser" owner="SeleniumLibrary">
<doc>Closes the current browser.</doc>
<status status="PASS" start="2024-07-16T15:14:13.399595" elapsed="4.118462"/>
</kw>
<status status="PASS" start="2024-07-16T15:14:13.398589" elapsed="4.119468"/>
</kw>
<status status="PASS" start="2024-07-16T15:14:02.719060" elapsed="14.798997"/>
</test>
<doc>This checks the Receive QR code fubctionality</doc>
<status status="PASS" start="2024-07-16T15:14:00.791691" elapsed="16.727369"/>
</suite>
<status status="PASS" start="2024-07-16T15:14:00.772179" elapsed="16.748880"/>
</suite>
<statistics>
<total>
<stat pass="1" fail="0" skip="0">All Tests</stat>
</total>
<tag>
</tag>
<suite>
<stat pass="1" fail="0" skip="0" id="s1" name="TestCases">TestCases</stat>
<stat pass="1" fail="0" skip="0" id="s1-s1" name="test validQRcode">TestCases.test validQRcode</stat>
</suite>
</statistics>
<errors>
</errors>
</robot>
