<?xml version="1.0" encoding="UTF-8"?>
<robot generator="Robot 7.0 (Python 3.12.2 on win32)" generated="2024-07-16T15:11:15.511173" rpa="false" schemaversion="5">
<suite id="s1" name="TestCases" source="C:\Users\ASUS\Desktop\PilotProject_Cyclos_Team1-1\TestCases">
<suite id="s1-s1" name="test blankDescReceivePay" source="C:\Users\ASUS\Desktop\PilotProject_Cyclos_Team1-1\TestCases\test_blankDescReceivePay.robot">
<test id="s1-s1-t1" name="Validate Receive payment with data" line="19">
<kw name="Open the Browser with URL" owner="GenericResource" type="SETUP">
<kw name="Create Webdriver" owner="SeleniumLibrary">
<msg time="2024-07-16T15:11:18.125884" level="INFO">Creating an instance of the Chrome WebDriver.</msg>
<arg>${brower_name}</arg>
<doc>Creates an instance of Selenium WebDriver.</doc>
<status status="PASS" start="2024-07-16T15:11:18.125884" elapsed="2.194484"/>
</kw>
<kw name="Go To" owner="SeleniumLibrary">
<msg time="2024-07-16T15:11:20.321408" level="INFO">Opening url 'https://demo.cyclos.org/ui/home'</msg>
<arg>${url}</arg>
<doc>Navigates the current browser window to the provided ``url``.</doc>
<status status="PASS" start="2024-07-16T15:11:20.320368" elapsed="0.935938"/>
</kw>
<kw name="Maximize Browser Window" owner="SeleniumLibrary">
<doc>Maximizes current browser window.</doc>
<status status="PASS" start="2024-07-16T15:11:21.257306" elapsed="1.598686"/>
</kw>
<kw name="Set Selenium Implicit Wait" owner="SeleniumLibrary">
<arg>5</arg>
<doc>Sets the implicit wait value used by Selenium.</doc>
<status status="PASS" start="2024-07-16T15:11:22.855992" elapsed="0.002005"/>
</kw>
<status status="PASS" start="2024-07-16T15:11:18.123217" elapsed="4.734780"/>
</kw>
<kw name="Validate the Receive payment functionality with empty description">
<kw name="Go to Login Page" owner="HomeResource">
<kw name="Wait Until Element Is Visible" owner="SeleniumLibrary">
<arg>${login_btn}</arg>
<doc>Waits until the element ``locator`` is visible.</doc>
<status status="PASS" start="2024-07-16T15:11:22.859997" elapsed="2.107918"/>
</kw>
<kw name="Click Element" owner="SeleniumLibrary">
<msg time="2024-07-16T15:11:24.967915" level="INFO">Clicking element 'xpath:(//div[@class="ml-2"])[3]'.</msg>
<arg>${login_btn}</arg>
<doc>Click the element identified by ``locator``.</doc>
<status status="PASS" start="2024-07-16T15:11:24.967915" elapsed="0.173526"/>
</kw>
<status status="PASS" start="2024-07-16T15:11:22.858996" elapsed="2.282445"/>
</kw>
<kw name="Fill the login form" owner="LoginResource">
<kw name="Input Text" owner="SeleniumLibrary">
<msg time="2024-07-16T15:11:25.143440" level="INFO">Typing text 'dharun' into text field 'css:input[placeholder="User"]'.</msg>
<arg>${username}</arg>
<arg>${user}</arg>
<doc>Types the given ``text`` into the text field identified by ``locator``.</doc>
<status status="PASS" start="2024-07-16T15:11:25.142440" elapsed="0.157470"/>
</kw>
<kw name="Input Password" owner="SeleniumLibrary">
<msg time="2024-07-16T15:11:25.300906" level="INFO">Typing password into text field 'css:input[placeholder="Password"]'.</msg>
<msg time="2024-07-16T15:11:25.350272" level="INFO">Temporally setting log level to: NONE</msg>
<arg>${password}</arg>
<arg>${pass}</arg>
<doc>Types the given password into the text field identified by ``locator``.</doc>
<status status="PASS" start="2024-07-16T15:11:25.299910" elapsed="0.151245"/>
</kw>
<arg>dharun</arg>
<arg>1234</arg>
<status status="PASS" start="2024-07-16T15:11:25.142440" elapsed="0.308715"/>
</kw>
<kw name="click the login button" owner="LoginResource">
<kw name="Click Button" owner="SeleniumLibrary">
<msg time="2024-07-16T15:11:25.452155" level="INFO">Clicking button 'xpath://button[@class="btn d-flex justify-content-center align-items-center w-100 h-100 btn-primary btn-action-primary"]'.</msg>
<arg>${submit_btn}</arg>
<doc>Clicks the button identified by ``locator``.</doc>
<status status="PASS" start="2024-07-16T15:11:25.452155" elapsed="0.114509"/>
</kw>
<status status="PASS" start="2024-07-16T15:11:25.451155" elapsed="0.116517"/>
</kw>
<kw name="Click the Banking Option" owner="HomeResource">
<kw name="Wait Until Element Is Visible" owner="SeleniumLibrary">
<arg>${Banking}</arg>
<doc>Waits until the element ``locator`` is visible.</doc>
<status status="PASS" start="2024-07-16T15:11:25.569527" elapsed="0.721926"/>
</kw>
<kw name="Click Element" owner="SeleniumLibrary">
<msg time="2024-07-16T15:11:26.292706" level="INFO">Clicking element 'xpath://div[text()='Banking']'.</msg>
<arg>${Banking}</arg>
<doc>Click the element identified by ``locator``.</doc>
<status status="PASS" start="2024-07-16T15:11:26.292706" elapsed="0.336256"/>
</kw>
<status status="PASS" start="2024-07-16T15:11:25.567672" elapsed="1.061290"/>
</kw>
<kw name="Verify the Banking page is displayed" owner="HomeResource">
<kw name="Element Text Should Be" owner="SeleniumLibrary">
<msg time="2024-07-16T15:11:26.635026" level="INFO">Verifying element 'xpath://div[text()='Banking']' contains exact text 'Banking'.</msg>
<arg>${Banking_page_verify}</arg>
<arg>${Banking_page_keyword}</arg>
<doc>Verifies that element ``locator`` contains exact the text ``expected``.</doc>
<status status="PASS" start="2024-07-16T15:11:26.630961" elapsed="0.091061"/>
</kw>
<status status="PASS" start="2024-07-16T15:11:26.629962" elapsed="0.092060"/>
</kw>
<kw name="Verify the Receive payment page" owner="ReceivePaymentResouce">
<kw name="Wait Until Element Is Visible" owner="SeleniumLibrary">
<msg time="2024-07-16T15:11:31.964960" level="INFO" html="true">&lt;/td&gt;&lt;/tr&gt;&lt;tr&gt;&lt;td colspan="3"&gt;&lt;a href="selenium-screenshot-1.png"&gt;&lt;img src="selenium-screenshot-1.png" width="800px"&gt;&lt;/a&gt;</msg>
<msg time="2024-07-16T15:11:31.964960" level="FAIL">Element 'xpath://div[@class='menu-group']//span[text()='Receive payment']' not visible after 5 seconds.</msg>
<arg>${receive_payment}</arg>
<doc>Waits until the element ``locator`` is visible.</doc>
<status status="FAIL" start="2024-07-16T15:11:26.723026" elapsed="5.245102">Element 'xpath://div[@class='menu-group']//span[text()='Receive payment']' not visible after 5 seconds.</status>
</kw>
<kw name="Click Element" owner="SeleniumLibrary">
<arg>${receive_payment}</arg>
<doc>Click the element identified by ``locator``.</doc>
<status status="NOT RUN" start="2024-07-16T15:11:31.969218" elapsed="0.000000"/>
</kw>
<kw name="Element Text Should Be" owner="SeleniumLibrary">
<arg>${rec_pay_verify}</arg>
<arg>${rec_pay_verify_keyword}</arg>
<doc>Verifies that element ``locator`` contains exact the text ``expected``.</doc>
<status status="NOT RUN" start="2024-07-16T15:11:31.970223" elapsed="0.000000"/>
</kw>
<status status="FAIL" start="2024-07-16T15:11:26.723026" elapsed="5.247197">Element 'xpath://div[@class='menu-group']//span[text()='Receive payment']' not visible after 5 seconds.</status>
</kw>
<kw name="Fill the receive payment form with data" owner="ReceivePaymentResouce">
<arg>${user}</arg>
<arg>${amount}</arg>
<status status="NOT RUN" start="2024-07-16T15:11:31.970223" elapsed="0.000999"/>
</kw>
<kw name="Select the schedule" owner="ReceivePaymentResouce">
<status status="NOT RUN" start="2024-07-16T15:11:31.972222" elapsed="0.000999"/>
</kw>
<kw name="Fill the description" owner="ReceivePaymentResouce">
<arg>${blank_description}</arg>
<status status="NOT RUN" start="2024-07-16T15:11:31.973221" elapsed="0.001004"/>
</kw>
<kw name="Click the next button" owner="ReceivePaymentResouce">
<status status="NOT RUN" start="2024-07-16T15:11:31.974225" elapsed="0.000997"/>
</kw>
<kw name="Verify the confirmation page is displayed" owner="ReceivePaymentResouce">
<status status="NOT RUN" start="2024-07-16T15:11:31.975222" elapsed="0.001000"/>
</kw>
<arg>user=demo</arg>
<arg>amount=100</arg>
<arg>blank_description=   </arg>
<tag>regression</tag>
<doc>This checks the Receive payment functionality with empty description</doc>
<status status="FAIL" start="2024-07-16T15:11:22.858996" elapsed="9.117226">Element 'xpath://div[@class='menu-group']//span[text()='Receive payment']' not visible after 5 seconds.</status>
</kw>
<kw name="Close Browser Session" owner="GenericResource" type="TEARDOWN">
<kw name="Close Browser" owner="SeleniumLibrary">
<doc>Closes the current browser.</doc>
<status status="PASS" start="2024-07-16T15:11:31.979222" elapsed="12.601034"/>
</kw>
<status status="PASS" start="2024-07-16T15:11:31.978222" elapsed="12.602540"/>
</kw>
<status status="FAIL" start="2024-07-16T15:11:18.119426" elapsed="26.461336">Element 'xpath://div[@class='menu-group']//span[text()='Receive payment']' not visible after 5 seconds.</status>
</test>
<doc>This checks the Receive payment fubctionality</doc>
<status status="FAIL" start="2024-07-16T15:11:15.569868" elapsed="29.012177"/>
</suite>
<status status="FAIL" start="2024-07-16T15:11:15.537999" elapsed="29.045050"/>
</suite>
<statistics>
<total>
<stat pass="0" fail="1" skip="0">All Tests</stat>
</total>
<tag>
</tag>
<suite>
<stat pass="0" fail="1" skip="0" id="s1" name="TestCases">TestCases</stat>
<stat pass="0" fail="1" skip="0" id="s1-s1" name="test blankDescReceivePay">TestCases.test blankDescReceivePay</stat>
</suite>
</statistics>
<errors>
</errors>
</robot>
