<?xml version="1.0" encoding="UTF-8"?>
<robot generator="Robot 7.0 (Python 3.12.2 on win32)" generated="2024-07-16T15:12:54.130939" rpa="false" schemaversion="5">
<suite id="s1" name="TestCases" source="C:\Users\ASUS\Desktop\PilotProject_Cyclos_Team1-1\TestCases">
<suite id="s1-s1" name="test invalidPasswordRegister" source="C:\Users\ASUS\Desktop\PilotProject_Cyclos_Team1-1\TestCases\test_invalidPasswordRegister.robot">
<test id="s1-s1-t1" name="valid register Test case" line="13">
<kw name="Open the Browser with URL" owner="GenericResource" type="SETUP">
<kw name="Create Webdriver" owner="SeleniumLibrary">
<msg time="2024-07-16T15:12:55.822887" level="INFO">Creating an instance of the Chrome WebDriver.</msg>
<arg>${brower_name}</arg>
<doc>Creates an instance of Selenium WebDriver.</doc>
<status status="PASS" start="2024-07-16T15:12:55.822887" elapsed="3.687975"/>
</kw>
<kw name="Go To" owner="SeleniumLibrary">
<msg time="2024-07-16T15:12:59.511863" level="INFO">Opening url 'https://demo.cyclos.org/ui/home'</msg>
<arg>${url}</arg>
<doc>Navigates the current browser window to the provided ``url``.</doc>
<status status="PASS" start="2024-07-16T15:12:59.511863" elapsed="2.814149"/>
</kw>
<kw name="Maximize Browser Window" owner="SeleniumLibrary">
<doc>Maximizes current browser window.</doc>
<status status="PASS" start="2024-07-16T15:13:02.327011" elapsed="0.551839"/>
</kw>
<kw name="Set Selenium Implicit Wait" owner="SeleniumLibrary">
<arg>5</arg>
<doc>Sets the implicit wait value used by Selenium.</doc>
<status status="PASS" start="2024-07-16T15:13:02.878850" elapsed="0.021200"/>
</kw>
<status status="PASS" start="2024-07-16T15:12:55.820887" elapsed="7.079163"/>
</kw>
<kw name="Valid register with invalid password field">
<kw name="Go to Register Page" owner="HomeResource">
<kw name="Wait Until Element Is Visible" owner="SeleniumLibrary">
<arg>${register_btn}</arg>
<doc>Waits until the element ``locator`` is visible.</doc>
<status status="PASS" start="2024-07-16T15:13:02.904048" elapsed="1.924414"/>
</kw>
<kw name="Click Element" owner="SeleniumLibrary">
<msg time="2024-07-16T15:13:04.829462" level="INFO">Clicking element 'xpath://div[text()=" Register "]'.</msg>
<arg>${register_btn}</arg>
<doc>Click the element identified by ``locator``.</doc>
<status status="PASS" start="2024-07-16T15:13:04.829462" elapsed="0.613316"/>
</kw>
<status status="PASS" start="2024-07-16T15:13:02.904048" elapsed="2.540110"/>
</kw>
<kw name="Verify Register Page opens" owner="RegisterResource">
<kw name="Element Should Contain" owner="SeleniumLibrary">
<msg time="2024-07-16T15:13:07.589510" level="INFO">Element 'xpath://div[text()=" User registration "]' contains text 'User registration'.</msg>
<arg>${verify_register}</arg>
<arg>User registration</arg>
<doc>Verifies that element ``locator`` contains text ``expected``.</doc>
<status status="PASS" start="2024-07-16T15:13:05.445167" elapsed="2.144343"/>
</kw>
<status status="PASS" start="2024-07-16T15:13:05.444158" elapsed="2.145352"/>
</kw>
<kw name="Fill the Required feilds" owner="RegisterResource">
<kw name="Input Text" owner="SeleniumLibrary">
<msg time="2024-07-16T15:13:07.592509" level="INFO">Typing text '  abc' into text field 'xpath://input-field[@formcontrolname="name"]/label-value/div/div/input'.</msg>
<arg>${name_field}</arg>
<arg>${name}</arg>
<doc>Types the given ``text`` into the text field identified by ``locator``.</doc>
<status status="PASS" start="2024-07-16T15:13:07.591508" elapsed="0.351794"/>
</kw>
<kw name="Input Text" owner="SeleniumLibrary">
<msg time="2024-07-16T15:13:07.944301" level="INFO">Typing text 'abc12345' into text field 'xpath://input-field[@formcontrolname="username"]/label-value/div/div/input'.</msg>
<arg>${loginName_field}</arg>
<arg>${login_name}</arg>
<doc>Types the given ``text`` into the text field identified by ``locator``.</doc>
<status status="PASS" start="2024-07-16T15:13:07.943302" elapsed="0.196828"/>
</kw>
<kw name="Input Text" owner="SeleniumLibrary">
<msg time="2024-07-16T15:13:08.141129" level="INFO">Typing text 'abc123@gmail.com' into text field 'xpath://input-field[@formcontrolname="email"]/input'.</msg>
<arg>${email_field}</arg>
<arg>${email}</arg>
<doc>Types the given ``text`` into the text field identified by ``locator``.</doc>
<status status="PASS" start="2024-07-16T15:13:08.140130" elapsed="0.235806"/>
</kw>
<arg>${name}</arg>
<arg>${login}</arg>
<arg>${email}</arg>
<status status="PASS" start="2024-07-16T15:13:07.590509" elapsed="0.785427"/>
</kw>
<kw name="Fill the Remaining profile feilds" owner="RegisterResource">
<kw name="Input Text" owner="SeleniumLibrary">
<msg time="2024-07-16T15:13:08.377936" level="INFO">Typing text 'www.google.com' into text field 'css:input[name="website"]'.</msg>
<arg>${website_field}</arg>
<arg>${website}</arg>
<doc>Types the given ``text`` into the text field identified by ``locator``.</doc>
<status status="PASS" start="2024-07-16T15:13:08.377936" elapsed="0.358286"/>
</kw>
<kw name="Click Element" owner="SeleniumLibrary">
<msg time="2024-07-16T15:13:08.738222" level="INFO">Clicking element 'css:button#business_type'.</msg>
<arg>${business_type}</arg>
<doc>Click the element identified by ``locator``.</doc>
<status status="PASS" start="2024-07-16T15:13:08.737223" elapsed="0.406792"/>
</kw>
<kw name="Click Link" owner="SeleniumLibrary">
<msg time="2024-07-16T15:13:09.145014" level="INFO">Clicking link 'css:a#business_type_clothing'.</msg>
<arg>${clothing}</arg>
<doc>Clicks a link identified by ``locator``.</doc>
<status status="PASS" start="2024-07-16T15:13:09.144015" elapsed="0.501758"/>
</kw>
<kw name="Input Text" owner="SeleniumLibrary">
<msg time="2024-07-16T15:13:09.646778" level="INFO">Typing text '9856743210' into text field 'xpath:(//input-field[@formcontrolname="number"]/input)[1]'.</msg>
<arg>${mobile_number}</arg>
<arg>${mobile_number1}</arg>
<doc>Types the given ``text`` into the text field identified by ``locator``.</doc>
<status status="PASS" start="2024-07-16T15:13:09.645773" elapsed="0.209095"/>
</kw>
<kw name="Input Text" owner="SeleniumLibrary">
<msg time="2024-07-16T15:13:09.855868" level="INFO">Typing text '(201) 555-0123' into text field 'xpath:(//input-field[@formcontrolname="number"]/input)[2]'.</msg>
<arg>${Landline_number}</arg>
<arg>${landline}</arg>
<doc>Types the given ``text`` into the text field identified by ``locator``.</doc>
<status status="PASS" start="2024-07-16T15:13:09.855868" elapsed="0.228392"/>
</kw>
<arg>${website}</arg>
<arg>${gender}</arg>
<arg>${mobile}</arg>
<arg>${land_line}</arg>
<status status="PASS" start="2024-07-16T15:13:08.375936" elapsed="1.709322"/>
</kw>
<kw name="Enable address fields" owner="RegisterResource">
<kw name="Click Element" owner="SeleniumLibrary">
<msg time="2024-07-16T15:13:10.087258" level="INFO">Clicking element 'xpath:(//label[@class="custom-control-label"])[3]'.</msg>
<arg>${address_enable}</arg>
<doc>Click the element identified by ``locator``.</doc>
<status status="PASS" start="2024-07-16T15:13:10.086258" elapsed="0.169647"/>
</kw>
<status status="PASS" start="2024-07-16T15:13:10.085258" elapsed="0.172154"/>
</kw>
<kw name="Fill the address fields" owner="RegisterResource">
<kw name="Input Text" owner="SeleniumLibrary">
<msg time="2024-07-16T15:13:10.258938" level="INFO">Typing text 'gandhi street' into text field 'xpath:(//label-value[@class="label-on-side label-value any-label-value field"]/div/div/input)[3]'.</msg>
<arg>${address_line1}</arg>
<arg>${address}</arg>
<doc>Types the given ``text`` into the text field identified by ``locator``.</doc>
<status status="PASS" start="2024-07-16T15:13:10.257932" elapsed="0.292161"/>
</kw>
<kw name="Input Text" owner="SeleniumLibrary">
<msg time="2024-07-16T15:13:10.551093" level="INFO">Typing text '637503' into text field 'css:input#zip'.</msg>
<arg>${zip_code}</arg>
<arg>${zip}</arg>
<doc>Types the given ``text`` into the text field identified by ``locator``.</doc>
<status status="PASS" start="2024-07-16T15:13:10.550093" elapsed="0.542798"/>
</kw>
<kw name="Input Text" owner="SeleniumLibrary">
<msg time="2024-07-16T15:13:11.094891" level="INFO">Typing text 'salem' into text field 'css:input#city'.</msg>
<arg>${city_field}</arg>
<arg>${city}</arg>
<doc>Types the given ``text`` into the text field identified by ``locator``.</doc>
<status status="PASS" start="2024-07-16T15:13:11.092891" elapsed="0.174073"/>
</kw>
<kw name="Input Text" owner="SeleniumLibrary">
<msg time="2024-07-16T15:13:11.267964" level="INFO">Typing text 'tamilnadu' into text field 'css:input#region'.</msg>
<arg>${region_field}</arg>
<arg>${region}</arg>
<doc>Types the given ``text`` into the text field identified by ``locator``.</doc>
<status status="PASS" start="2024-07-16T15:13:11.267964" elapsed="0.173379"/>
</kw>
<arg>${address}</arg>
<arg>${zip}</arg>
<arg>${city}</arg>
<arg>${region}</arg>
<status status="PASS" start="2024-07-16T15:13:10.257932" elapsed="1.183411"/>
</kw>
<kw name="Click next button" owner="RegisterResource">
<kw name="Wait Until Element Is Visible" owner="SeleniumLibrary">
<arg>${next_btn}</arg>
<doc>Waits until the element ``locator`` is visible.</doc>
<status status="PASS" start="2024-07-16T15:13:11.442349" elapsed="0.045253"/>
</kw>
<kw name="Click Button" owner="SeleniumLibrary">
<msg time="2024-07-16T15:13:11.489602" level="INFO">Clicking button 'xpath:(//action-button[@class="d-inline-block button"]/button)[3]'.</msg>
<arg>${next_btn}</arg>
<doc>Clicks the button identified by ``locator``.</doc>
<status status="PASS" start="2024-07-16T15:13:11.488603" elapsed="0.106875"/>
</kw>
<status status="PASS" start="2024-07-16T15:13:11.441343" elapsed="0.155135"/>
</kw>
<kw name="fill password fields" owner="RegisterResource">
<kw name="Input Password" owner="SeleniumLibrary">
<msg time="2024-07-16T15:13:11.599477" level="INFO">Typing password into text field 'xpath://input-field[@formcontrolname="value"]/label-value/div/div/input'.</msg>
<msg time="2024-07-16T15:13:12.998239" level="INFO">Temporally setting log level to: NONE</msg>
<arg>${password_field}</arg>
<arg>${pass}</arg>
<doc>Types the given password into the text field identified by ``locator``.</doc>
<status status="PASS" start="2024-07-16T15:13:11.598477" elapsed="1.468141"/>
</kw>
<kw name="Execute Javascript" owner="SeleniumLibrary">
<msg time="2024-07-16T15:13:13.067825" level="INFO">Executing JavaScript:
window.scrollTo(0, document.body.scrollHeight)
Without any arguments.</msg>
<arg>window.scrollTo(0, document.body.scrollHeight)</arg>
<doc>Executes the given JavaScript code with possible arguments.</doc>
<status status="PASS" start="2024-07-16T15:13:13.066618" elapsed="0.011990"/>
</kw>
<kw name="Wait Until Element Is Enabled" owner="SeleniumLibrary">
<arg>${confirm_password}</arg>
<doc>Waits until the element ``locator`` is enabled.</doc>
<status status="PASS" start="2024-07-16T15:13:13.079608" elapsed="0.040924"/>
</kw>
<kw name="Input Text" owner="SeleniumLibrary">
<msg time="2024-07-16T15:13:13.121536" level="INFO">Typing text 'abc@123' into text field 'xpath://input-field[@formcontrolname="confirmationValue"]/label-value/div/div/input'.</msg>
<arg>${confirm_password}</arg>
<arg>${cpass}</arg>
<doc>Types the given ``text`` into the text field identified by ``locator``.</doc>
<status status="PASS" start="2024-07-16T15:13:13.121536" elapsed="0.122162"/>
</kw>
<arg>${password}</arg>
<arg>${confirm_password}</arg>
<status status="PASS" start="2024-07-16T15:13:11.596478" elapsed="1.648219"/>
</kw>
<kw name="verification for password" owner="RegisterResource">
<kw name="Element Text Should Be" owner="SeleniumLibrary">
<msg time="2024-07-16T15:13:13.247281" level="INFO">Verifying element 'css:li[class="invalid"]' contains exact text 'At least 4 characters ✗'.</msg>
<arg>${password_validation}</arg>
<arg>At least 4 characters ✗</arg>
<doc>Verifies that element ``locator`` contains exact the text ``expected``.</doc>
<status status="PASS" start="2024-07-16T15:13:13.246075" elapsed="0.041068"/>
</kw>
<status status="PASS" start="2024-07-16T15:13:13.244697" elapsed="0.043540"/>
</kw>
<arg>name=  abc</arg>
<arg>login=abc12345</arg>
<arg>email=abc123@gmail.com</arg>
<arg>website=www.google.com</arg>
<arg>gender=male</arg>
<arg>mobile=9856743210</arg>
<arg>land_line=(201) 555-0123</arg>
<arg>address=gandhi street</arg>
<arg>zip=637503</arg>
<arg>city=salem</arg>
<arg>region=tamilnadu</arg>
<arg>password=abc</arg>
<arg>confirm_password=abc@123</arg>
<tag>Regression</tag>
<doc>This checks the Register functionality with invalid password</doc>
<status status="PASS" start="2024-07-16T15:13:02.901050" elapsed="10.387187"/>
</kw>
<kw name="Close Browser Session" owner="GenericResource" type="TEARDOWN">
<kw name="Close Browser" owner="SeleniumLibrary">
<doc>Closes the current browser.</doc>
<status status="PASS" start="2024-07-16T15:13:13.289305" elapsed="5.993276"/>
</kw>
<status status="PASS" start="2024-07-16T15:13:13.288237" elapsed="5.994344"/>
</kw>
<status status="PASS" start="2024-07-16T15:12:55.818887" elapsed="23.463694"/>
</test>
<doc>Test to Register Page</doc>
<status status="PASS" start="2024-07-16T15:12:54.170333" elapsed="25.113561"/>
</suite>
<status status="PASS" start="2024-07-16T15:12:54.148881" elapsed="25.138018"/>
</suite>
<statistics>
<total>
<stat pass="1" fail="0" skip="0">All Tests</stat>
</total>
<tag>
</tag>
<suite>
<stat pass="1" fail="0" skip="0" id="s1" name="TestCases">TestCases</stat>
<stat pass="1" fail="0" skip="0" id="s1-s1" name="test invalidPasswordRegister">TestCases.test invalidPasswordRegister</stat>
</suite>
</statistics>
<errors>
</errors>
</robot>
