<?xml version="1.0" encoding="UTF-8"?>
<robot generator="Robot 7.0 (Python 3.12.2 on win32)" generated="2024-07-17T09:13:16.507504" rpa="false" schemaversion="5">
<suite id="s1" name="PilotProject Cyclos Team1-1" source="C:\Users\ASUS\Desktop\PilotProject_Cyclos_Team1-1">
<suite id="s1-s1" name="TestCases" source="C:\Users\ASUS\Desktop\PilotProject_Cyclos_Team1-1\TestCases">
<suite id="s1-s1-s1" name="test invalidReceivePay" source="C:\Users\ASUS\Desktop\PilotProject_Cyclos_Team1-1\TestCases\test_invalidReceivePay.robot">
<test id="s1-s1-s1-t1" name="Validate Receive payment with data" line="19">
<kw name="Open the Browser with URL" owner="GenericResource" type="SETUP">
<kw name="Create Webdriver" owner="SeleniumLibrary">
<msg time="2024-07-17T09:13:20.629157" level="INFO">Creating an instance of the Chrome WebDriver.</msg>
<arg>${brower_name}</arg>
<doc>Creates an instance of Selenium WebDriver.</doc>
<status status="PASS" start="2024-07-17T09:13:20.629157" elapsed="3.375854"/>
</kw>
<kw name="Go To" owner="SeleniumLibrary">
<msg time="2024-07-17T09:13:24.006011" level="INFO">Opening url 'https://demo.cyclos.org/ui/home'</msg>
<arg>${url}</arg>
<doc>Navigates the current browser window to the provided ``url``.</doc>
<status status="PASS" start="2024-07-17T09:13:24.005011" elapsed="3.558655"/>
</kw>
<kw name="Maximize Browser Window" owner="SeleniumLibrary">
<doc>Maximizes current browser window.</doc>
<status status="PASS" start="2024-07-17T09:13:27.563666" elapsed="0.122077"/>
</kw>
<kw name="Set Selenium Implicit Wait" owner="SeleniumLibrary">
<arg>5</arg>
<doc>Sets the implicit wait value used by Selenium.</doc>
<status status="PASS" start="2024-07-17T09:13:27.686745" elapsed="0.001997"/>
</kw>
<status status="PASS" start="2024-07-17T09:13:20.627154" elapsed="7.062588"/>
</kw>
<kw name="Validate the Receive payment functionality with empty data">
<kw name="Go to Login Page" owner="HomeResource">
<kw name="Wait Until Element Is Visible" owner="SeleniumLibrary">
<arg>${login_btn}</arg>
<doc>Waits until the element ``locator`` is visible.</doc>
<status status="PASS" start="2024-07-17T09:13:27.691743" elapsed="2.960502"/>
</kw>
<kw name="Click Element" owner="SeleniumLibrary">
<msg time="2024-07-17T09:13:30.653251" level="INFO">Clicking element 'xpath:(//div[@class="ml-2"])[3]'.</msg>
<arg>${login_btn}</arg>
<doc>Click the element identified by ``locator``.</doc>
<status status="PASS" start="2024-07-17T09:13:30.652245" elapsed="0.169599"/>
</kw>
<status status="PASS" start="2024-07-17T09:13:27.690742" elapsed="3.131102"/>
</kw>
<kw name="Fill the login form" owner="LoginResource">
<kw name="Input Text" owner="SeleniumLibrary">
<msg time="2024-07-17T09:13:30.822844" level="INFO">Typing text 'dharun' into text field 'css:input[placeholder="User"]'.</msg>
<arg>${username}</arg>
<arg>${user}</arg>
<doc>Types the given ``text`` into the text field identified by ``locator``.</doc>
<status status="PASS" start="2024-07-17T09:13:30.822844" elapsed="0.657225"/>
</kw>
<kw name="Input Password" owner="SeleniumLibrary">
<msg time="2024-07-17T09:13:31.482077" level="INFO">Typing password into text field 'css:input[placeholder="Password"]'.</msg>
<msg time="2024-07-17T09:13:31.734989" level="INFO">Temporally setting log level to: NONE</msg>
<arg>${password}</arg>
<arg>${pass}</arg>
<doc>Types the given password into the text field identified by ``locator``.</doc>
<status status="PASS" start="2024-07-17T09:13:31.480069" elapsed="0.405943"/>
</kw>
<arg>dharun</arg>
<arg>1234</arg>
<status status="PASS" start="2024-07-17T09:13:30.821844" elapsed="1.065167"/>
</kw>
<kw name="click the login button" owner="LoginResource">
<kw name="Click Button" owner="SeleniumLibrary">
<msg time="2024-07-17T09:13:31.890012" level="INFO">Clicking button 'xpath://button[@class="btn d-flex justify-content-center align-items-center w-100 h-100 btn-primary btn-action-primary"]'.</msg>
<arg>${submit_btn}</arg>
<doc>Clicks the button identified by ``locator``.</doc>
<status status="PASS" start="2024-07-17T09:13:31.888013" elapsed="0.196737"/>
</kw>
<status status="PASS" start="2024-07-17T09:13:31.887011" elapsed="0.197739"/>
</kw>
<kw name="Click the Banking Option" owner="HomeResource">
<kw name="Wait Until Element Is Visible" owner="SeleniumLibrary">
<arg>${Banking}</arg>
<doc>Waits until the element ``locator`` is visible.</doc>
<status status="PASS" start="2024-07-17T09:13:32.086180" elapsed="0.776531"/>
</kw>
<kw name="Click Element" owner="SeleniumLibrary">
<msg time="2024-07-17T09:13:32.864222" level="INFO">Clicking element 'xpath://div[text()='Banking']'.</msg>
<arg>${Banking}</arg>
<doc>Click the element identified by ``locator``.</doc>
<status status="PASS" start="2024-07-17T09:13:32.864222" elapsed="0.104189"/>
</kw>
<status status="PASS" start="2024-07-17T09:13:32.084750" elapsed="0.884662"/>
</kw>
<kw name="Verify the Banking page is displayed" owner="HomeResource">
<kw name="Element Text Should Be" owner="SeleniumLibrary">
<msg time="2024-07-17T09:13:32.972412" level="INFO">Verifying element 'xpath://div[text()='Banking']' contains exact text 'Banking'.</msg>
<arg>${Banking_page_verify}</arg>
<arg>${Banking_page_keyword}</arg>
<doc>Verifies that element ``locator`` contains exact the text ``expected``.</doc>
<status status="PASS" start="2024-07-17T09:13:32.970411" elapsed="0.128668"/>
</kw>
<status status="PASS" start="2024-07-17T09:13:32.969412" elapsed="0.129667"/>
</kw>
<kw name="Verify the Receive payment page" owner="ReceivePaymentResouce">
<kw name="Wait Until Element Is Visible" owner="SeleniumLibrary">
<arg>${receive_payment}</arg>
<doc>Waits until the element ``locator`` is visible.</doc>
<status status="PASS" start="2024-07-17T09:13:33.100183" elapsed="1.240505"/>
</kw>
<kw name="Click Element" owner="SeleniumLibrary">
<msg time="2024-07-17T09:13:34.342689" level="INFO">Clicking element 'xpath://div[text()='Receive payment']'.</msg>
<arg>${receive_payment}</arg>
<doc>Click the element identified by ``locator``.</doc>
<status status="PASS" start="2024-07-17T09:13:34.341688" elapsed="0.149018"/>
</kw>
<kw name="Element Text Should Be" owner="SeleniumLibrary">
<msg time="2024-07-17T09:13:34.491706" level="INFO">Verifying element 'xpath://div[text()=' Receive payment ']' contains exact text 'Receive payment'.</msg>
<arg>${rec_pay_verify}</arg>
<arg>${rec_pay_verify_keyword}</arg>
<doc>Verifies that element ``locator`` contains exact the text ``expected``.</doc>
<status status="PASS" start="2024-07-17T09:13:34.490706" elapsed="0.586242"/>
</kw>
<status status="PASS" start="2024-07-17T09:13:33.100183" elapsed="1.976765"/>
</kw>
<kw name="Fill the receive payment form with data" owner="ReceivePaymentResouce">
<kw name="Input Text" owner="SeleniumLibrary">
<msg time="2024-07-17T09:13:35.078986" level="INFO">Typing text '   ' into text field 'xpath://input[@placeholder='Type to search']'.</msg>
<arg>${input_user}</arg>
<arg>${user}</arg>
<doc>Types the given ``text`` into the text field identified by ``locator``.</doc>
<status status="PASS" start="2024-07-17T09:13:35.078986" elapsed="0.103168"/>
</kw>
<kw name="Input Text" owner="SeleniumLibrary">
<msg time="2024-07-17T09:13:35.183153" level="INFO">Typing text '   ' into text field 'xpath://div[@class='label-value-container']//div[@class='input-group']//input'.</msg>
<arg>${input_amount}</arg>
<arg>${amount}</arg>
<doc>Types the given ``text`` into the text field identified by ``locator``.</doc>
<status status="PASS" start="2024-07-17T09:13:35.182154" elapsed="0.167386"/>
</kw>
<arg>${blank_user}</arg>
<arg>${blank_amount}</arg>
<status status="PASS" start="2024-07-17T09:13:35.076948" elapsed="0.272592"/>
</kw>
<kw name="Click the next button" owner="ReceivePaymentResouce">
<kw name="Wait Until Element Is Visible" owner="SeleniumLibrary">
<arg>${next_button}</arg>
<doc>Waits until the element ``locator`` is visible.</doc>
<status status="PASS" start="2024-07-17T09:13:35.350685" elapsed="0.041386"/>
</kw>
<kw name="Click Element" owner="SeleniumLibrary">
<msg time="2024-07-17T09:13:35.393077" level="INFO">Clicking element 'xpath://action-button/button'.</msg>
<arg>${next_button}</arg>
<doc>Click the element identified by ``locator``.</doc>
<status status="PASS" start="2024-07-17T09:13:35.393077" elapsed="0.084971"/>
</kw>
<status status="PASS" start="2024-07-17T09:13:35.349540" elapsed="0.128508"/>
</kw>
<kw name="verify user error message is displayed" owner="ReceivePaymentResouce">
<kw name="Wait Until Element Is Visible" owner="SeleniumLibrary">
<arg>${user_error_msg}</arg>
<doc>Waits until the element ``locator`` is visible.</doc>
<status status="PASS" start="2024-07-17T09:13:35.480054" elapsed="0.033164"/>
</kw>
<status status="PASS" start="2024-07-17T09:13:35.479054" elapsed="0.035164"/>
</kw>
<kw name="verify amount error message is displayed" owner="ReceivePaymentResouce">
<kw name="Wait Until Element Is Visible" owner="SeleniumLibrary">
<arg>${amt_error_mesg}</arg>
<doc>Waits until the element ``locator`` is visible.</doc>
<status status="PASS" start="2024-07-17T09:13:35.515218" elapsed="0.030891"/>
</kw>
<status status="PASS" start="2024-07-17T09:13:35.514218" elapsed="0.031891"/>
</kw>
<arg>blank_user=   </arg>
<arg>blank_amount=   </arg>
<arg>blank_description=  </arg>
<tag>smoke</tag>
<doc>This checks the Receive payment functionality with empty data</doc>
<status status="PASS" start="2024-07-17T09:13:27.689742" elapsed="7.856367"/>
</kw>
<kw name="Close Browser Session" owner="GenericResource" type="TEARDOWN">
<kw name="Close Browser" owner="SeleniumLibrary">
<doc>Closes the current browser.</doc>
<status status="PASS" start="2024-07-17T09:13:35.547109" elapsed="2.539433"/>
</kw>
<status status="PASS" start="2024-07-17T09:13:35.547109" elapsed="2.539433"/>
</kw>
<status status="PASS" start="2024-07-17T09:13:20.622648" elapsed="17.464892"/>
</test>
<doc>This checks the Receive payment fubctionality</doc>
<status status="PASS" start="2024-07-17T09:13:16.549795" elapsed="21.538745"/>
</suite>
<status status="PASS" start="2024-07-17T09:13:16.546542" elapsed="21.544998"/>
</suite>
<status status="PASS" start="2024-07-17T09:13:16.525614" elapsed="21.566925"/>
</suite>
<statistics>
<total>
<stat pass="1" fail="0" skip="0">All Tests</stat>
</total>
<tag>
</tag>
<suite>
<stat pass="1" fail="0" skip="0" id="s1" name="PilotProject Cyclos Team1-1">PilotProject Cyclos Team1-1</stat>
<stat pass="1" fail="0" skip="0" id="s1-s1" name="TestCases">PilotProject Cyclos Team1-1.TestCases</stat>
<stat pass="1" fail="0" skip="0" id="s1-s1-s1" name="test invalidReceivePay">PilotProject Cyclos Team1-1.TestCases.test invalidReceivePay</stat>
</suite>
</statistics>
<errors>
</errors>
</robot>
