<?xml version="1.0" encoding="UTF-8"?>
<robot generator="Rebot 7.0 (Python 3.12.2 on win32)" generated="2024-07-16T15:15:01.913385" rpa="false" schemaversion="5">
<suite id="s1" name="TestCases" source="C:\Users\ASUS\Desktop\PilotProject_Cyclos_Team1-1\TestCases">
<suite id="s1-s1" name="Test Advertisement" source="C:\Users\ASUS\Desktop\PilotProject_Cyclos_Team1-1\TestCases\test_advertisement.robot">
<test id="s1-s1-t1" name="verify that the valid keyword is entered in the keyword field" line="14">
<kw name="Open the Browser with URL" owner="GenericResource" type="SETUP">
<kw name="Create Webdriver" owner="SeleniumLibrary">
<msg time="2024-07-16T15:08:31.704050" level="INFO">Creating an instance of the Chrome WebDriver.</msg>
<arg>${brower_name}</arg>
<doc>Creates an instance of Selenium WebDriver.</doc>
<status status="PASS" start="2024-07-16T15:08:31.704050" elapsed="4.196523"/>
</kw>
<kw name="Go To" owner="SeleniumLibrary">
<msg time="2024-07-16T15:08:35.900573" level="INFO">Opening url 'https://demo.cyclos.org/ui/home'</msg>
<arg>${url}</arg>
<doc>Navigates the current browser window to the provided ``url``.</doc>
<status status="PASS" start="2024-07-16T15:08:35.900573" elapsed="3.139272"/>
</kw>
<kw name="Maximize Browser Window" owner="SeleniumLibrary">
<doc>Maximizes current browser window.</doc>
<status status="PASS" start="2024-07-16T15:08:39.040851" elapsed="0.400851"/>
</kw>
<kw name="Set Selenium Implicit Wait" owner="SeleniumLibrary">
<arg>5</arg>
<doc>Sets the implicit wait value used by Selenium.</doc>
<status status="PASS" start="2024-07-16T15:08:39.442711" elapsed="0.035743"/>
</kw>
<status status="PASS" start="2024-07-16T15:08:31.703050" elapsed="7.775404"/>
</kw>
<kw name="Go to Login Page" owner="HomeResource">
<kw name="Wait Until Element Is Visible" owner="SeleniumLibrary">
<arg>${login_btn}</arg>
<doc>Waits until the element ``locator`` is visible.</doc>
<status status="PASS" start="2024-07-16T15:08:39.480453" elapsed="2.903782"/>
</kw>
<kw name="Click Element" owner="SeleniumLibrary">
<msg time="2024-07-16T15:08:42.385235" level="INFO">Clicking element 'xpath:(//div[@class="ml-2"])[3]'.</msg>
<arg>${login_btn}</arg>
<doc>Click the element identified by ``locator``.</doc>
<status status="PASS" start="2024-07-16T15:08:42.384235" elapsed="1.655845"/>
</kw>
<status status="PASS" start="2024-07-16T15:08:39.479453" elapsed="4.560627"/>
</kw>
<kw name="Fill the login form" owner="LoginResource">
<kw name="Input Text" owner="SeleniumLibrary">
<msg time="2024-07-16T15:08:44.357973" level="INFO">Typing text 'Sanjay_stark' into text field 'css:input[placeholder="User"]'.</msg>
<arg>${username}</arg>
<arg>${user}</arg>
<doc>Types the given ``text`` into the text field identified by ``locator``.</doc>
<status status="PASS" start="2024-07-16T15:08:44.041086" elapsed="1.036737"/>
</kw>
<kw name="Input Password" owner="SeleniumLibrary">
<msg time="2024-07-16T15:08:45.078827" level="INFO">Typing password into text field 'css:input[placeholder="Password"]'.</msg>
<msg time="2024-07-16T15:08:45.136561" level="INFO">Temporally setting log level to: NONE</msg>
<arg>${password}</arg>
<arg>${pass}</arg>
<doc>Types the given password into the text field identified by ``locator``.</doc>
<status status="PASS" start="2024-07-16T15:08:45.077823" elapsed="0.146933"/>
</kw>
<arg>Sanjay_stark</arg>
<arg>Sanjay</arg>
<status status="PASS" start="2024-07-16T15:08:44.041086" elapsed="1.183670"/>
</kw>
<kw name="click the login button" owner="LoginResource">
<kw name="Click Button" owner="SeleniumLibrary">
<msg time="2024-07-16T15:08:45.227260" level="INFO">Clicking button 'xpath://button[@class="btn d-flex justify-content-center align-items-center w-100 h-100 btn-primary btn-action-primary"]'.</msg>
<arg>${submit_btn}</arg>
<doc>Clicks the button identified by ``locator``.</doc>
<status status="PASS" start="2024-07-16T15:08:45.226256" elapsed="0.107771"/>
</kw>
<status status="PASS" start="2024-07-16T15:08:45.224756" elapsed="0.109271"/>
</kw>
<kw name="Click on the MarketPlace button" owner="HomeResource">
<kw name="Wait Until Element Is Visible" owner="SeleniumLibrary">
<arg>${Marketplace}</arg>
<doc>Waits until the element ``locator`` is visible.</doc>
<status status="PASS" start="2024-07-16T15:08:45.335028" elapsed="1.507534"/>
</kw>
<kw name="Click Element" owner="SeleniumLibrary">
<msg time="2024-07-16T15:08:46.843561" level="INFO">Clicking element 'xpath://div[text()="Marketplace"]'.</msg>
<arg>${Marketplace}</arg>
<doc>Click the element identified by ``locator``.</doc>
<status status="PASS" start="2024-07-16T15:08:46.843561" elapsed="0.254871"/>
</kw>
<status status="PASS" start="2024-07-16T15:08:45.335028" elapsed="1.763404"/>
</kw>
<kw name="Click on the advertisement page button" owner="AdvertisementResource">
<kw name="Wait Until Element Is Visible" owner="SeleniumLibrary">
<arg>${Advertisement}</arg>
<doc>Waits until the element ``locator`` is visible.</doc>
<status status="PASS" start="2024-07-16T15:08:47.098432" elapsed="2.571736"/>
</kw>
<kw name="Click Element" owner="SeleniumLibrary">
<msg time="2024-07-16T15:08:49.671168" level="INFO">Clicking element 'xpath://div[text()='Advertisements']'.</msg>
<arg>${Advertisement}</arg>
<doc>Click the element identified by ``locator``.</doc>
<status status="PASS" start="2024-07-16T15:08:49.671168" elapsed="0.450876"/>
</kw>
<status status="PASS" start="2024-07-16T15:08:47.098432" elapsed="3.026082"/>
</kw>
<kw name="Sleep" owner="BuiltIn">
<msg time="2024-07-16T15:08:55.126733" level="INFO">Slept 5 seconds.</msg>
<arg>5</arg>
<doc>Pauses the test executed for the given time.</doc>
<status status="PASS" start="2024-07-16T15:08:50.125504" elapsed="5.001229"/>
</kw>
<kw name="Enter the valid Keyword in the keyword box" owner="AdvertisementResource">
<kw name="Input Text" owner="SeleniumLibrary">
<msg time="2024-07-16T15:08:55.128242" level="INFO">Typing text 'food' into text field 'xpath=(//div[@class='d-flex label-value-value']//input)[1]'.</msg>
<arg>${keyword}</arg>
<arg>food</arg>
<doc>Types the given ``text`` into the text field identified by ``locator``.</doc>
<status status="PASS" start="2024-07-16T15:08:55.127239" elapsed="0.125173"/>
</kw>
<status status="PASS" start="2024-07-16T15:08:55.127239" elapsed="0.125173"/>
</kw>
<kw name="verify the keyword based items displayed" owner="AdvertisementResource">
<kw name="Wait Until Element Is Visible" owner="SeleniumLibrary">
<arg>${keyword_based}</arg>
<doc>Waits until the element ``locator`` is visible.</doc>
<status status="PASS" start="2024-07-16T15:08:55.253413" elapsed="1.394075"/>
</kw>
<kw name="Element Text Should Be" owner="SeleniumLibrary">
<msg time="2024-07-16T15:08:56.648992" level="INFO">Verifying element 'xpath:(//div[text()=' food '])[1]' contains exact text 'food'.</msg>
<arg>${keyword_based}</arg>
<arg>food</arg>
<doc>Verifies that element ``locator`` contains exact the text ``expected``.</doc>
<status status="PASS" start="2024-07-16T15:08:56.648992" elapsed="0.046245"/>
</kw>
<status status="PASS" start="2024-07-16T15:08:55.253413" elapsed="1.442829"/>
</kw>
<kw name="Close Browser Session" owner="GenericResource" type="TEARDOWN">
<kw name="Close Browser" owner="SeleniumLibrary">
<doc>Closes the current browser.</doc>
<status status="PASS" start="2024-07-16T15:08:56.697241" elapsed="28.116542"/>
</kw>
<status status="PASS" start="2024-07-16T15:08:56.696242" elapsed="28.117541"/>
</kw>
<doc>Validate the Advetisment functionality by giving a valid keyword</doc>
<tag>Smoke</tag>
<status status="PASS" start="2024-07-16T15:08:31.701050" elapsed="53.113737"/>
</test>
<test id="s1-s1-t2" name="verify that the Invalid keyword is entered in the keyword field" line="28">
<kw name="Open the Browser with URL" owner="GenericResource" type="SETUP">
<kw name="Create Webdriver" owner="SeleniumLibrary">
<msg time="2024-07-16T15:09:24.818787" level="INFO">Creating an instance of the Chrome WebDriver.</msg>
<arg>${brower_name}</arg>
<doc>Creates an instance of Selenium WebDriver.</doc>
<status status="PASS" start="2024-07-16T15:09:24.817787" elapsed="2.469771"/>
</kw>
<kw name="Go To" owner="SeleniumLibrary">
<msg time="2024-07-16T15:09:27.288558" level="INFO">Opening url 'https://demo.cyclos.org/ui/home'</msg>
<arg>${url}</arg>
<doc>Navigates the current browser window to the provided ``url``.</doc>
<status status="PASS" start="2024-07-16T15:09:27.288558" elapsed="2.977053"/>
</kw>
<kw name="Maximize Browser Window" owner="SeleniumLibrary">
<doc>Maximizes current browser window.</doc>
<status status="PASS" start="2024-07-16T15:09:30.265611" elapsed="0.117104"/>
</kw>
<kw name="Set Selenium Implicit Wait" owner="SeleniumLibrary">
<arg>5</arg>
<doc>Sets the implicit wait value used by Selenium.</doc>
<status status="PASS" start="2024-07-16T15:09:30.382715" elapsed="0.002000"/>
</kw>
<status status="PASS" start="2024-07-16T15:09:24.816787" elapsed="5.567928"/>
</kw>
<kw name="Go to Login Page" owner="HomeResource">
<kw name="Wait Until Element Is Visible" owner="SeleniumLibrary">
<arg>${login_btn}</arg>
<doc>Waits until the element ``locator`` is visible.</doc>
<status status="PASS" start="2024-07-16T15:09:30.387188" elapsed="2.210052"/>
</kw>
<kw name="Click Element" owner="SeleniumLibrary">
<msg time="2024-07-16T15:09:32.599239" level="INFO">Clicking element 'xpath:(//div[@class="ml-2"])[3]'.</msg>
<arg>${login_btn}</arg>
<doc>Click the element identified by ``locator``.</doc>
<status status="PASS" start="2024-07-16T15:09:32.598239" elapsed="0.111490"/>
</kw>
<status status="PASS" start="2024-07-16T15:09:30.386184" elapsed="2.323545"/>
</kw>
<kw name="Fill the login form" owner="LoginResource">
<kw name="Input Text" owner="SeleniumLibrary">
<msg time="2024-07-16T15:09:32.710730" level="INFO">Typing text 'Sanjay_stark' into text field 'css:input[placeholder="User"]'.</msg>
<arg>${username}</arg>
<arg>${user}</arg>
<doc>Types the given ``text`` into the text field identified by ``locator``.</doc>
<status status="PASS" start="2024-07-16T15:09:32.710730" elapsed="0.166885"/>
</kw>
<kw name="Input Password" owner="SeleniumLibrary">
<msg time="2024-07-16T15:09:32.878615" level="INFO">Typing password into text field 'css:input[placeholder="Password"]'.</msg>
<msg time="2024-07-16T15:09:32.922224" level="INFO">Temporally setting log level to: NONE</msg>
<arg>${password}</arg>
<arg>${pass}</arg>
<doc>Types the given password into the text field identified by ``locator``.</doc>
<status status="PASS" start="2024-07-16T15:09:32.878615" elapsed="0.134787"/>
</kw>
<arg>Sanjay_stark</arg>
<arg>Sanjay</arg>
<status status="PASS" start="2024-07-16T15:09:32.709729" elapsed="0.304679"/>
</kw>
<kw name="click the login button" owner="LoginResource">
<kw name="Click Button" owner="SeleniumLibrary">
<msg time="2024-07-16T15:09:33.016406" level="INFO">Clicking button 'xpath://button[@class="btn d-flex justify-content-center align-items-center w-100 h-100 btn-primary btn-action-primary"]'.</msg>
<arg>${submit_btn}</arg>
<doc>Clicks the button identified by ``locator``.</doc>
<status status="PASS" start="2024-07-16T15:09:33.015408" elapsed="0.095900"/>
</kw>
<status status="PASS" start="2024-07-16T15:09:33.014408" elapsed="0.096900"/>
</kw>
<kw name="Click on the MarketPlace button" owner="HomeResource">
<kw name="Wait Until Element Is Visible" owner="SeleniumLibrary">
<arg>${Marketplace}</arg>
<doc>Waits until the element ``locator`` is visible.</doc>
<status status="PASS" start="2024-07-16T15:09:33.112531" elapsed="1.298412"/>
</kw>
<kw name="Click Element" owner="SeleniumLibrary">
<msg time="2024-07-16T15:09:34.413101" level="INFO">Clicking element 'xpath://div[text()="Marketplace"]'.</msg>
<arg>${Marketplace}</arg>
<doc>Click the element identified by ``locator``.</doc>
<status status="PASS" start="2024-07-16T15:09:34.411947" elapsed="0.066296"/>
</kw>
<status status="PASS" start="2024-07-16T15:09:33.111308" elapsed="1.368105"/>
</kw>
<kw name="Click on the advertisement page button" owner="AdvertisementResource">
<kw name="Wait Until Element Is Visible" owner="SeleniumLibrary">
<arg>${Advertisement}</arg>
<doc>Waits until the element ``locator`` is visible.</doc>
<status status="PASS" start="2024-07-16T15:09:34.481485" elapsed="1.176436"/>
</kw>
<kw name="Click Element" owner="SeleniumLibrary">
<msg time="2024-07-16T15:09:35.660224" level="INFO">Clicking element 'xpath://div[text()='Advertisements']'.</msg>
<arg>${Advertisement}</arg>
<doc>Click the element identified by ``locator``.</doc>
<status status="PASS" start="2024-07-16T15:09:35.659165" elapsed="0.061179"/>
</kw>
<status status="PASS" start="2024-07-16T15:09:34.480424" elapsed="1.240926"/>
</kw>
<kw name="Sleep" owner="BuiltIn">
<msg time="2024-07-16T15:09:40.721669" level="INFO">Slept 5 seconds.</msg>
<arg>5</arg>
<doc>Pauses the test executed for the given time.</doc>
<status status="PASS" start="2024-07-16T15:09:35.721350" elapsed="5.000319"/>
</kw>
<kw name="Enter the invalid Keyword in the keyword box" owner="AdvertisementResource">
<kw name="Wait Until Element Is Visible" owner="SeleniumLibrary">
<arg>${keyword}</arg>
<doc>Waits until the element ``locator`` is visible.</doc>
<status status="PASS" start="2024-07-16T15:09:40.724746" elapsed="0.036911"/>
</kw>
<kw name="Input Text" owner="SeleniumLibrary">
<msg time="2024-07-16T15:09:40.762664" level="INFO">Typing text '@#$!' into text field 'xpath=(//div[@class='d-flex label-value-value']//input)[1]'.</msg>
<arg>${keyword}</arg>
<arg>@#$!</arg>
<doc>Types the given ``text`` into the text field identified by ``locator``.</doc>
<status status="PASS" start="2024-07-16T15:09:40.762664" elapsed="0.137064"/>
</kw>
<status status="PASS" start="2024-07-16T15:09:40.722764" elapsed="0.176964"/>
</kw>
<kw name="Sleep" owner="BuiltIn">
<msg time="2024-07-16T15:09:43.900824" level="INFO">Slept 3 seconds.</msg>
<arg>3</arg>
<doc>Pauses the test executed for the given time.</doc>
<status status="PASS" start="2024-07-16T15:09:40.899728" elapsed="3.001096"/>
</kw>
<kw name="verify the invalid keyword error message is displayed" owner="AdvertisementResource">
<kw name="Wait Until Element Is Visible" owner="SeleniumLibrary">
<arg>${invalid_keyword_message}</arg>
<doc>Waits until the element ``locator`` is visible.</doc>
<status status="PASS" start="2024-07-16T15:09:43.902827" elapsed="0.067431"/>
</kw>
<kw name="Element Text Should Be" owner="SeleniumLibrary">
<msg time="2024-07-16T15:09:43.971261" level="INFO">Verifying element 'xpath://div[text()='Invalid keywords']' contains exact text 'Invalid keywords'.</msg>
<arg>${invalid_keyword_message}</arg>
<arg>Invalid keywords</arg>
<doc>Verifies that element ``locator`` contains exact the text ``expected``.</doc>
<status status="PASS" start="2024-07-16T15:09:43.970258" elapsed="0.033040"/>
</kw>
<status status="PASS" start="2024-07-16T15:09:43.901827" elapsed="0.101471"/>
</kw>
<kw name="Close Browser Session" owner="GenericResource" type="TEARDOWN">
<kw name="Close Browser" owner="SeleniumLibrary">
<doc>Closes the current browser.</doc>
<status status="PASS" start="2024-07-16T15:09:44.004300" elapsed="5.937214"/>
</kw>
<status status="PASS" start="2024-07-16T15:09:44.004300" elapsed="5.937214"/>
</kw>
<doc>To Validate the advertisement functionality with invalid keyword</doc>
<tag>Retest</tag>
<status status="PASS" start="2024-07-16T15:09:24.814787" elapsed="25.126727"/>
</test>
<test id="s1-s1-t3" name="Verify the advertisements functionality with dropdownlist order by Relevance" line="43">
<kw name="Open the Browser with URL" owner="GenericResource" type="SETUP">
<kw name="Create Webdriver" owner="SeleniumLibrary">
<msg time="2024-07-16T15:09:49.943514" level="INFO">Creating an instance of the Chrome WebDriver.</msg>
<arg>${brower_name}</arg>
<doc>Creates an instance of Selenium WebDriver.</doc>
<status status="PASS" start="2024-07-16T15:09:49.943514" elapsed="3.032209"/>
</kw>
<kw name="Go To" owner="SeleniumLibrary">
<msg time="2024-07-16T15:09:52.976726" level="INFO">Opening url 'https://demo.cyclos.org/ui/home'</msg>
<arg>${url}</arg>
<doc>Navigates the current browser window to the provided ``url``.</doc>
<status status="PASS" start="2024-07-16T15:09:52.976726" elapsed="2.692441"/>
</kw>
<kw name="Maximize Browser Window" owner="SeleniumLibrary">
<doc>Maximizes current browser window.</doc>
<status status="PASS" start="2024-07-16T15:09:55.669167" elapsed="0.079188"/>
</kw>
<kw name="Set Selenium Implicit Wait" owner="SeleniumLibrary">
<arg>5</arg>
<doc>Sets the implicit wait value used by Selenium.</doc>
<status status="PASS" start="2024-07-16T15:09:55.748355" elapsed="0.008104"/>
</kw>
<status status="PASS" start="2024-07-16T15:09:49.942513" elapsed="5.814951"/>
</kw>
<kw name="Go to Login Page" owner="HomeResource">
<kw name="Wait Until Element Is Visible" owner="SeleniumLibrary">
<arg>${login_btn}</arg>
<doc>Waits until the element ``locator`` is visible.</doc>
<status status="PASS" start="2024-07-16T15:09:55.758464" elapsed="3.011727"/>
</kw>
<kw name="Click Element" owner="SeleniumLibrary">
<msg time="2024-07-16T15:09:58.771191" level="INFO">Clicking element 'xpath:(//div[@class="ml-2"])[3]'.</msg>
<arg>${login_btn}</arg>
<doc>Click the element identified by ``locator``.</doc>
<status status="PASS" start="2024-07-16T15:09:58.771191" elapsed="0.142440"/>
</kw>
<status status="PASS" start="2024-07-16T15:09:55.757464" elapsed="3.156167"/>
</kw>
<kw name="Fill the login form" owner="LoginResource">
<kw name="Input Text" owner="SeleniumLibrary">
<msg time="2024-07-16T15:09:58.914631" level="INFO">Typing text 'Sanjay_stark' into text field 'css:input[placeholder="User"]'.</msg>
<arg>${username}</arg>
<arg>${user}</arg>
<doc>Types the given ``text`` into the text field identified by ``locator``.</doc>
<status status="PASS" start="2024-07-16T15:09:58.914631" elapsed="0.263857"/>
</kw>
<kw name="Input Password" owner="SeleniumLibrary">
<msg time="2024-07-16T15:09:59.179538" level="INFO">Typing password into text field 'css:input[placeholder="Password"]'.</msg>
<msg time="2024-07-16T15:09:59.257041" level="INFO">Temporally setting log level to: NONE</msg>
<arg>${password}</arg>
<arg>${pass}</arg>
<doc>Types the given password into the text field identified by ``locator``.</doc>
<status status="PASS" start="2024-07-16T15:09:59.178488" elapsed="0.187199"/>
</kw>
<arg>Sanjay_stark</arg>
<arg>Sanjay</arg>
<status status="PASS" start="2024-07-16T15:09:58.913631" elapsed="0.452056"/>
</kw>
<kw name="click the login button" owner="LoginResource">
<kw name="Click Button" owner="SeleniumLibrary">
<msg time="2024-07-16T15:09:59.367689" level="INFO">Clicking button 'xpath://button[@class="btn d-flex justify-content-center align-items-center w-100 h-100 btn-primary btn-action-primary"]'.</msg>
<arg>${submit_btn}</arg>
<doc>Clicks the button identified by ``locator``.</doc>
<status status="PASS" start="2024-07-16T15:09:59.367689" elapsed="0.098422"/>
</kw>
<status status="PASS" start="2024-07-16T15:09:59.366687" elapsed="0.099424"/>
</kw>
<kw name="Click on the MarketPlace button" owner="HomeResource">
<kw name="Wait Until Element Is Visible" owner="SeleniumLibrary">
<arg>${Marketplace}</arg>
<doc>Waits until the element ``locator`` is visible.</doc>
<status status="PASS" start="2024-07-16T15:09:59.468111" elapsed="0.956010"/>
</kw>
<kw name="Click Element" owner="SeleniumLibrary">
<msg time="2024-07-16T15:10:00.425122" level="INFO">Clicking element 'xpath://div[text()="Marketplace"]'.</msg>
<arg>${Marketplace}</arg>
<doc>Click the element identified by ``locator``.</doc>
<status status="PASS" start="2024-07-16T15:10:00.424121" elapsed="0.079443"/>
</kw>
<status status="PASS" start="2024-07-16T15:09:59.467111" elapsed="1.036453"/>
</kw>
<kw name="Click on the advertisement page button" owner="AdvertisementResource">
<kw name="Wait Until Element Is Visible" owner="SeleniumLibrary">
<arg>${Advertisement}</arg>
<doc>Waits until the element ``locator`` is visible.</doc>
<status status="PASS" start="2024-07-16T15:10:00.505571" elapsed="1.224527"/>
</kw>
<kw name="Click Element" owner="SeleniumLibrary">
<msg time="2024-07-16T15:10:01.730098" level="INFO">Clicking element 'xpath://div[text()='Advertisements']'.</msg>
<arg>${Advertisement}</arg>
<doc>Click the element identified by ``locator``.</doc>
<status status="PASS" start="2024-07-16T15:10:01.730098" elapsed="0.162578"/>
</kw>
<status status="PASS" start="2024-07-16T15:10:00.504575" elapsed="1.388101"/>
</kw>
<kw name="Click the show advertisement button" owner="AdvertisementResource">
<kw name="Click Element" owner="SeleniumLibrary">
<msg time="2024-07-16T15:10:01.893675" level="INFO">Clicking element 'xpath://span[text()="Show advertisements"]'.</msg>
<arg>${show_advertisement}</arg>
<doc>Click the element identified by ``locator``.</doc>
<status status="PASS" start="2024-07-16T15:10:01.893675" elapsed="0.694271"/>
</kw>
<status status="PASS" start="2024-07-16T15:10:01.892676" elapsed="0.696274"/>
</kw>
<kw name="Click on the dropdown button Order by" owner="AdvertisementResource">
<kw name="Click Element" owner="SeleniumLibrary">
<msg time="2024-07-16T15:10:02.591098" level="INFO">Clicking element 'xpath://div[@class='w-100 mw-100 text-truncate pr-3']'.</msg>
<arg>${order_By}</arg>
<doc>Click the element identified by ``locator``.</doc>
<status status="PASS" start="2024-07-16T15:10:02.591098" elapsed="0.097497"/>
</kw>
<status status="PASS" start="2024-07-16T15:10:02.589954" elapsed="0.098641"/>
</kw>
<kw name="Select the option relevance" owner="AdvertisementResource">
<kw name="Click Element" owner="SeleniumLibrary">
<msg time="2024-07-16T15:10:02.690595" level="INFO">Clicking element 'xpath://a[@class="select-option mt-1"]'.</msg>
<arg>${Relevance}</arg>
<doc>Click the element identified by ``locator``.</doc>
<status status="PASS" start="2024-07-16T15:10:02.690595" elapsed="0.068329"/>
</kw>
<status status="PASS" start="2024-07-16T15:10:02.689595" elapsed="0.069329"/>
</kw>
<kw name="verify relevance option" owner="AdvertisementResource">
<kw name="Wait Until Element Is Visible" owner="SeleniumLibrary">
<arg>${relevance_item}</arg>
<doc>Waits until the element ``locator`` is visible.</doc>
<status status="PASS" start="2024-07-16T15:10:02.759924" elapsed="0.295357"/>
</kw>
<kw name="Element Text Should Be" owner="SeleniumLibrary">
<msg time="2024-07-16T15:10:03.056280" level="INFO">Verifying element 'xpath:(//div[text()=" Orange "])[1]' contains exact text 'Orange'.</msg>
<arg>${relevance_item}</arg>
<arg>Orange</arg>
<doc>Verifies that element ``locator`` contains exact the text ``expected``.</doc>
<status status="PASS" start="2024-07-16T15:10:03.056280" elapsed="0.080020"/>
</kw>
<status status="PASS" start="2024-07-16T15:10:02.758924" elapsed="0.377376"/>
</kw>
<kw name="Close Browser Session" owner="GenericResource" type="TEARDOWN">
<kw name="Close Browser" owner="SeleniumLibrary">
<doc>Closes the current browser.</doc>
<status status="PASS" start="2024-07-16T15:10:03.138306" elapsed="5.303944"/>
</kw>
<status status="PASS" start="2024-07-16T15:10:03.137307" elapsed="5.304943"/>
</kw>
<doc>To validate the advertisement functionalist with Relevance</doc>
<tag>Smoke</tag>
<status status="PASS" start="2024-07-16T15:09:49.942513" elapsed="18.499737"/>
</test>
<test id="s1-s1-t4" name="Verify the advertisements functionality with dropdownlist order by last published" line="57">
<kw name="Open the Browser with URL" owner="GenericResource" type="SETUP">
<kw name="Create Webdriver" owner="SeleniumLibrary">
<msg time="2024-07-16T15:10:08.445060" level="INFO">Creating an instance of the Chrome WebDriver.</msg>
<arg>${brower_name}</arg>
<doc>Creates an instance of Selenium WebDriver.</doc>
<status status="PASS" start="2024-07-16T15:10:08.443568" elapsed="2.300581"/>
</kw>
<kw name="Go To" owner="SeleniumLibrary">
<msg time="2024-07-16T15:10:10.745153" level="INFO">Opening url 'https://demo.cyclos.org/ui/home'</msg>
<arg>${url}</arg>
<doc>Navigates the current browser window to the provided ``url``.</doc>
<status status="PASS" start="2024-07-16T15:10:10.744149" elapsed="2.550050"/>
</kw>
<kw name="Maximize Browser Window" owner="SeleniumLibrary">
<doc>Maximizes current browser window.</doc>
<status status="PASS" start="2024-07-16T15:10:13.294199" elapsed="0.106754"/>
</kw>
<kw name="Set Selenium Implicit Wait" owner="SeleniumLibrary">
<arg>5</arg>
<doc>Sets the implicit wait value used by Selenium.</doc>
<status status="PASS" start="2024-07-16T15:10:13.400953" elapsed="0.002998"/>
</kw>
<status status="PASS" start="2024-07-16T15:10:08.443568" elapsed="4.960383"/>
</kw>
<kw name="Go to Login Page" owner="HomeResource">
<kw name="Wait Until Element Is Visible" owner="SeleniumLibrary">
<arg>${login_btn}</arg>
<doc>Waits until the element ``locator`` is visible.</doc>
<status status="PASS" start="2024-07-16T15:10:13.404955" elapsed="2.717913"/>
</kw>
<kw name="Click Element" owner="SeleniumLibrary">
<msg time="2024-07-16T15:10:16.123874" level="INFO">Clicking element 'xpath:(//div[@class="ml-2"])[3]'.</msg>
<arg>${login_btn}</arg>
<doc>Click the element identified by ``locator``.</doc>
<status status="PASS" start="2024-07-16T15:10:16.123874" elapsed="1.194206"/>
</kw>
<status status="PASS" start="2024-07-16T15:10:13.403951" elapsed="3.914129"/>
</kw>
<kw name="Fill the login form" owner="LoginResource">
<kw name="Input Text" owner="SeleniumLibrary">
<msg time="2024-07-16T15:10:17.320083" level="INFO">Typing text 'Sanjay_stark' into text field 'css:input[placeholder="User"]'.</msg>
<arg>${username}</arg>
<arg>${user}</arg>
<doc>Types the given ``text`` into the text field identified by ``locator``.</doc>
<status status="PASS" start="2024-07-16T15:10:17.320083" elapsed="0.393632"/>
</kw>
<kw name="Input Password" owner="SeleniumLibrary">
<msg time="2024-07-16T15:10:17.714716" level="INFO">Typing password into text field 'css:input[placeholder="Password"]'.</msg>
<msg time="2024-07-16T15:10:17.779794" level="INFO">Temporally setting log level to: NONE</msg>
<arg>${password}</arg>
<arg>${pass}</arg>
<doc>Types the given password into the text field identified by ``locator``.</doc>
<status status="PASS" start="2024-07-16T15:10:17.713715" elapsed="0.134124"/>
</kw>
<arg>Sanjay_stark</arg>
<arg>Sanjay</arg>
<status status="PASS" start="2024-07-16T15:10:17.319084" elapsed="0.528755"/>
</kw>
<kw name="click the login button" owner="LoginResource">
<kw name="Click Button" owner="SeleniumLibrary">
<msg time="2024-07-16T15:10:17.848839" level="INFO">Clicking button 'xpath://button[@class="btn d-flex justify-content-center align-items-center w-100 h-100 btn-primary btn-action-primary"]'.</msg>
<arg>${submit_btn}</arg>
<doc>Clicks the button identified by ``locator``.</doc>
<status status="PASS" start="2024-07-16T15:10:17.848839" elapsed="0.090124"/>
</kw>
<status status="PASS" start="2024-07-16T15:10:17.848839" elapsed="0.090124"/>
</kw>
<kw name="Click on the MarketPlace button" owner="HomeResource">
<kw name="Wait Until Element Is Visible" owner="SeleniumLibrary">
<arg>${Marketplace}</arg>
<doc>Waits until the element ``locator`` is visible.</doc>
<status status="PASS" start="2024-07-16T15:10:17.939962" elapsed="0.723662"/>
</kw>
<kw name="Click Element" owner="SeleniumLibrary">
<msg time="2024-07-16T15:10:18.664743" level="INFO">Clicking element 'xpath://div[text()="Marketplace"]'.</msg>
<arg>${Marketplace}</arg>
<doc>Click the element identified by ``locator``.</doc>
<status status="PASS" start="2024-07-16T15:10:18.664743" elapsed="0.071244"/>
</kw>
<status status="PASS" start="2024-07-16T15:10:17.938963" elapsed="0.797024"/>
</kw>
<kw name="Click on the advertisement page button" owner="AdvertisementResource">
<kw name="Wait Until Element Is Visible" owner="SeleniumLibrary">
<arg>${Advertisement}</arg>
<doc>Waits until the element ``locator`` is visible.</doc>
<status status="PASS" start="2024-07-16T15:10:18.737361" elapsed="1.624354"/>
</kw>
<kw name="Click Element" owner="SeleniumLibrary">
<msg time="2024-07-16T15:10:20.362718" level="INFO">Clicking element 'xpath://div[text()='Advertisements']'.</msg>
<arg>${Advertisement}</arg>
<doc>Click the element identified by ``locator``.</doc>
<status status="PASS" start="2024-07-16T15:10:20.361715" elapsed="0.199700"/>
</kw>
<status status="PASS" start="2024-07-16T15:10:18.737361" elapsed="1.824054"/>
</kw>
<kw name="Click the show advertisement button" owner="AdvertisementResource">
<kw name="Click Element" owner="SeleniumLibrary">
<msg time="2024-07-16T15:10:20.563415" level="INFO">Clicking element 'xpath://span[text()="Show advertisements"]'.</msg>
<arg>${show_advertisement}</arg>
<doc>Click the element identified by ``locator``.</doc>
<status status="PASS" start="2024-07-16T15:10:20.562415" elapsed="0.949067"/>
</kw>
<status status="PASS" start="2024-07-16T15:10:20.562415" elapsed="0.949067"/>
</kw>
<kw name="Click on the dropdown button Order by" owner="AdvertisementResource">
<kw name="Click Element" owner="SeleniumLibrary">
<msg time="2024-07-16T15:10:21.513484" level="INFO">Clicking element 'xpath://div[@class='w-100 mw-100 text-truncate pr-3']'.</msg>
<arg>${order_By}</arg>
<doc>Click the element identified by ``locator``.</doc>
<status status="PASS" start="2024-07-16T15:10:21.512482" elapsed="0.154931"/>
</kw>
<status status="PASS" start="2024-07-16T15:10:21.512482" elapsed="0.154931"/>
</kw>
<kw name="Select the option last published" owner="AdvertisementResource">
<kw name="Click Element" owner="SeleniumLibrary">
<msg time="2024-07-16T15:10:21.670413" level="INFO">Clicking element 'xpath://div[@class="dropdown-menu show"]//a[2]'.</msg>
<arg>${last_published}</arg>
<doc>Click the element identified by ``locator``.</doc>
<status status="PASS" start="2024-07-16T15:10:21.669413" elapsed="0.278227"/>
</kw>
<status status="PASS" start="2024-07-16T15:10:21.668413" elapsed="0.280565"/>
</kw>
<kw name="verify relevance option" owner="AdvertisementResource">
<kw name="Wait Until Element Is Visible" owner="SeleniumLibrary">
<arg>${relevance_item}</arg>
<doc>Waits until the element ``locator`` is visible.</doc>
<status status="PASS" start="2024-07-16T15:10:21.949982" elapsed="0.083042"/>
</kw>
<kw name="Element Text Should Be" owner="SeleniumLibrary">
<msg time="2024-07-16T15:10:22.035024" level="INFO">Verifying element 'xpath:(//div[text()=" Orange "])[1]' contains exact text 'Orange'.</msg>
<arg>${relevance_item}</arg>
<arg>Orange</arg>
<doc>Verifies that element ``locator`` contains exact the text ``expected``.</doc>
<status status="PASS" start="2024-07-16T15:10:22.034025" elapsed="0.159109"/>
</kw>
<status status="PASS" start="2024-07-16T15:10:21.948978" elapsed="0.245158"/>
</kw>
<kw name="Close Browser Session" owner="GenericResource" type="TEARDOWN">
<kw name="Close Browser" owner="SeleniumLibrary">
<doc>Closes the current browser.</doc>
<status status="PASS" start="2024-07-16T15:10:22.196135" elapsed="9.033554"/>
</kw>
<status status="PASS" start="2024-07-16T15:10:22.194136" elapsed="9.035553"/>
</kw>
<doc>To validate the advertisement functionalist with last published</doc>
<tag>Smoke</tag>
<status status="PASS" start="2024-07-16T15:10:08.442250" elapsed="22.787439"/>
</test>
<test id="s1-s1-t5" name="Verify the advertisements functionality with dropdownlist order by lowest" line="72">
<kw name="Open the Browser with URL" owner="GenericResource" type="SETUP">
<kw name="Create Webdriver" owner="SeleniumLibrary">
<msg time="2024-07-16T15:10:31.234099" level="INFO">Creating an instance of the Chrome WebDriver.</msg>
<arg>${brower_name}</arg>
<doc>Creates an instance of Selenium WebDriver.</doc>
<status status="PASS" start="2024-07-16T15:10:31.232690" elapsed="2.804931"/>
</kw>
<kw name="Go To" owner="SeleniumLibrary">
<msg time="2024-07-16T15:10:34.038621" level="INFO">Opening url 'https://demo.cyclos.org/ui/home'</msg>
<arg>${url}</arg>
<doc>Navigates the current browser window to the provided ``url``.</doc>
<status status="PASS" start="2024-07-16T15:10:34.038621" elapsed="2.449593"/>
</kw>
<kw name="Maximize Browser Window" owner="SeleniumLibrary">
<doc>Maximizes current browser window.</doc>
<status status="PASS" start="2024-07-16T15:10:36.489213" elapsed="0.112168"/>
</kw>
<kw name="Set Selenium Implicit Wait" owner="SeleniumLibrary">
<arg>5</arg>
<doc>Sets the implicit wait value used by Selenium.</doc>
<status status="PASS" start="2024-07-16T15:10:36.601381" elapsed="0.003002"/>
</kw>
<status status="PASS" start="2024-07-16T15:10:31.232690" elapsed="5.371693"/>
</kw>
<kw name="Go to Login Page" owner="HomeResource">
<kw name="Wait Until Element Is Visible" owner="SeleniumLibrary">
<arg>${login_btn}</arg>
<doc>Waits until the element ``locator`` is visible.</doc>
<status status="PASS" start="2024-07-16T15:10:36.605382" elapsed="1.939033"/>
</kw>
<kw name="Click Element" owner="SeleniumLibrary">
<msg time="2024-07-16T15:10:38.545420" level="INFO">Clicking element 'xpath:(//div[@class="ml-2"])[3]'.</msg>
<arg>${login_btn}</arg>
<doc>Click the element identified by ``locator``.</doc>
<status status="PASS" start="2024-07-16T15:10:38.545420" elapsed="0.142044"/>
</kw>
<status status="PASS" start="2024-07-16T15:10:36.604383" elapsed="2.084080"/>
</kw>
<kw name="Fill the login form" owner="LoginResource">
<kw name="Input Text" owner="SeleniumLibrary">
<msg time="2024-07-16T15:10:38.689463" level="INFO">Typing text 'Sanjay_stark' into text field 'css:input[placeholder="User"]'.</msg>
<arg>${username}</arg>
<arg>${user}</arg>
<doc>Types the given ``text`` into the text field identified by ``locator``.</doc>
<status status="PASS" start="2024-07-16T15:10:38.689463" elapsed="0.496708"/>
</kw>
<kw name="Input Password" owner="SeleniumLibrary">
<msg time="2024-07-16T15:10:39.187178" level="INFO">Typing password into text field 'css:input[placeholder="Password"]'.</msg>
<msg time="2024-07-16T15:10:39.231156" level="INFO">Temporally setting log level to: NONE</msg>
<arg>${password}</arg>
<arg>${pass}</arg>
<doc>Types the given password into the text field identified by ``locator``.</doc>
<status status="PASS" start="2024-07-16T15:10:39.186171" elapsed="0.129184"/>
</kw>
<arg>Sanjay_stark</arg>
<arg>Sanjay</arg>
<status status="PASS" start="2024-07-16T15:10:38.688463" elapsed="0.626892"/>
</kw>
<kw name="click the login button" owner="LoginResource">
<kw name="Click Button" owner="SeleniumLibrary">
<msg time="2024-07-16T15:10:39.317354" level="INFO">Clicking button 'xpath://button[@class="btn d-flex justify-content-center align-items-center w-100 h-100 btn-primary btn-action-primary"]'.</msg>
<arg>${submit_btn}</arg>
<doc>Clicks the button identified by ``locator``.</doc>
<status status="PASS" start="2024-07-16T15:10:39.316354" elapsed="0.166198"/>
</kw>
<status status="PASS" start="2024-07-16T15:10:39.316354" elapsed="0.166198"/>
</kw>
<kw name="Click on the MarketPlace button" owner="HomeResource">
<kw name="Wait Until Element Is Visible" owner="SeleniumLibrary">
<arg>${Marketplace}</arg>
<doc>Waits until the element ``locator`` is visible.</doc>
<status status="PASS" start="2024-07-16T15:10:39.483630" elapsed="0.777104"/>
</kw>
<kw name="Click Element" owner="SeleniumLibrary">
<msg time="2024-07-16T15:10:40.262734" level="INFO">Clicking element 'xpath://div[text()="Marketplace"]'.</msg>
<arg>${Marketplace}</arg>
<doc>Click the element identified by ``locator``.</doc>
<status status="PASS" start="2024-07-16T15:10:40.261735" elapsed="0.216391"/>
</kw>
<status status="PASS" start="2024-07-16T15:10:39.483630" elapsed="0.994496"/>
</kw>
<kw name="Click on the advertisement page button" owner="AdvertisementResource">
<kw name="Wait Until Element Is Visible" owner="SeleniumLibrary">
<arg>${Advertisement}</arg>
<doc>Waits until the element ``locator`` is visible.</doc>
<status status="PASS" start="2024-07-16T15:10:40.480127" elapsed="1.263704"/>
</kw>
<kw name="Click Element" owner="SeleniumLibrary">
<msg time="2024-07-16T15:10:41.745837" level="INFO">Clicking element 'xpath://div[text()='Advertisements']'.</msg>
<arg>${Advertisement}</arg>
<doc>Click the element identified by ``locator``.</doc>
<status status="PASS" start="2024-07-16T15:10:41.744837" elapsed="0.090695"/>
</kw>
<status status="PASS" start="2024-07-16T15:10:40.479127" elapsed="1.357410"/>
</kw>
<kw name="Click the show advertisement button" owner="AdvertisementResource">
<kw name="Click Element" owner="SeleniumLibrary">
<msg time="2024-07-16T15:10:41.838091" level="INFO">Clicking element 'xpath://span[text()="Show advertisements"]'.</msg>
<arg>${show_advertisement}</arg>
<doc>Click the element identified by ``locator``.</doc>
<status status="PASS" start="2024-07-16T15:10:41.838091" elapsed="1.078321"/>
</kw>
<status status="PASS" start="2024-07-16T15:10:41.837085" elapsed="1.080327"/>
</kw>
<kw name="Click on the dropdown button Order by" owner="AdvertisementResource">
<kw name="Click Element" owner="SeleniumLibrary">
<msg time="2024-07-16T15:10:42.921416" level="INFO">Clicking element 'xpath://div[@class='w-100 mw-100 text-truncate pr-3']'.</msg>
<arg>${order_By}</arg>
<doc>Click the element identified by ``locator``.</doc>
<status status="PASS" start="2024-07-16T15:10:42.920413" elapsed="0.069260"/>
</kw>
<status status="PASS" start="2024-07-16T15:10:42.918413" elapsed="0.071260"/>
</kw>
<kw name="Select the option lowest price" owner="AdvertisementResource">
<kw name="Click Element" owner="SeleniumLibrary">
<msg time="2024-07-16T15:10:42.990678" level="INFO">Clicking element 'xpath://div[@class="dropdown-menu show"]//a[3]'.</msg>
<arg>${lowest_price}</arg>
<doc>Click the element identified by ``locator``.</doc>
<status status="PASS" start="2024-07-16T15:10:42.990678" elapsed="0.067884"/>
</kw>
<status status="PASS" start="2024-07-16T15:10:42.989673" elapsed="0.068889"/>
</kw>
<kw name="verify the lowest price" owner="AdvertisementResource">
<kw name="Element Text Should Be" owner="SeleniumLibrary">
<msg time="2024-07-16T15:10:43.060068" level="INFO">Verifying element 'xpath://div[text()=" Java Development Course "]' contains exact text 'Java Development Course'.</msg>
<arg>${lowest_price_item}</arg>
<arg>Java Development Course</arg>
<doc>Verifies that element ``locator`` contains exact the text ``expected``.</doc>
<status status="PASS" start="2024-07-16T15:10:43.059562" elapsed="0.329032"/>
</kw>
<status status="PASS" start="2024-07-16T15:10:43.058562" elapsed="0.330032"/>
</kw>
<kw name="Close Browser Session" owner="GenericResource" type="TEARDOWN">
<kw name="Close Browser" owner="SeleniumLibrary">
<doc>Closes the current browser.</doc>
<status status="PASS" start="2024-07-16T15:10:43.389594" elapsed="8.105772"/>
</kw>
<status status="PASS" start="2024-07-16T15:10:43.389594" elapsed="8.105772"/>
</kw>
<doc>To validate the advertisement functionalist with lowest price</doc>
<tag>Smoke</tag>
<status status="PASS" start="2024-07-16T15:10:31.231692" elapsed="20.264661"/>
</test>
<test id="s1-s1-t6" name="Verify the advertisements functionality with dropdownlist order by Highest" line="87">
<kw name="Open the Browser with URL" owner="GenericResource" type="SETUP">
<kw name="Create Webdriver" owner="SeleniumLibrary">
<msg time="2024-07-16T15:10:51.500530" level="INFO">Creating an instance of the Chrome WebDriver.</msg>
<arg>${brower_name}</arg>
<doc>Creates an instance of Selenium WebDriver.</doc>
<status status="PASS" start="2024-07-16T15:10:51.499530" elapsed="2.632405"/>
</kw>
<kw name="Go To" owner="SeleniumLibrary">
<msg time="2024-07-16T15:10:54.132443" level="INFO">Opening url 'https://demo.cyclos.org/ui/home'</msg>
<arg>${url}</arg>
<doc>Navigates the current browser window to the provided ``url``.</doc>
<status status="PASS" start="2024-07-16T15:10:54.132443" elapsed="2.932979"/>
</kw>
<kw name="Maximize Browser Window" owner="SeleniumLibrary">
<doc>Maximizes current browser window.</doc>
<status status="PASS" start="2024-07-16T15:10:57.065422" elapsed="0.152160"/>
</kw>
<kw name="Set Selenium Implicit Wait" owner="SeleniumLibrary">
<arg>5</arg>
<doc>Sets the implicit wait value used by Selenium.</doc>
<status status="PASS" start="2024-07-16T15:10:57.218583" elapsed="0.002001"/>
</kw>
<status status="PASS" start="2024-07-16T15:10:51.498522" elapsed="5.722062"/>
</kw>
<kw name="Go to Login Page" owner="HomeResource">
<kw name="Wait Until Element Is Visible" owner="SeleniumLibrary">
<arg>${login_btn}</arg>
<doc>Waits until the element ``locator`` is visible.</doc>
<status status="PASS" start="2024-07-16T15:10:57.222582" elapsed="2.030610"/>
</kw>
<kw name="Click Element" owner="SeleniumLibrary">
<msg time="2024-07-16T15:10:59.253192" level="INFO">Clicking element 'xpath:(//div[@class="ml-2"])[3]'.</msg>
<arg>${login_btn}</arg>
<doc>Click the element identified by ``locator``.</doc>
<status status="PASS" start="2024-07-16T15:10:59.253192" elapsed="0.642851"/>
</kw>
<status status="PASS" start="2024-07-16T15:10:57.221582" elapsed="2.674461"/>
</kw>
<kw name="Fill the login form" owner="LoginResource">
<kw name="Input Text" owner="SeleniumLibrary">
<msg time="2024-07-16T15:10:59.897048" level="INFO">Typing text 'Sanjay_stark' into text field 'css:input[placeholder="User"]'.</msg>
<arg>${username}</arg>
<arg>${user}</arg>
<doc>Types the given ``text`` into the text field identified by ``locator``.</doc>
<status status="PASS" start="2024-07-16T15:10:59.897048" elapsed="0.281003"/>
</kw>
<kw name="Input Password" owner="SeleniumLibrary">
<msg time="2024-07-16T15:11:00.180051" level="INFO">Typing password into text field 'css:input[placeholder="Password"]'.</msg>
<msg time="2024-07-16T15:11:00.232691" level="INFO">Temporally setting log level to: NONE</msg>
<arg>${password}</arg>
<arg>${pass}</arg>
<doc>Types the given password into the text field identified by ``locator``.</doc>
<status status="PASS" start="2024-07-16T15:11:00.179051" elapsed="0.129648"/>
</kw>
<arg>Sanjay_stark</arg>
<arg>Sanjay</arg>
<status status="PASS" start="2024-07-16T15:10:59.896043" elapsed="0.412656"/>
</kw>
<kw name="click the login button" owner="LoginResource">
<kw name="Click Button" owner="SeleniumLibrary">
<msg time="2024-07-16T15:11:00.309699" level="INFO">Clicking button 'xpath://button[@class="btn d-flex justify-content-center align-items-center w-100 h-100 btn-primary btn-action-primary"]'.</msg>
<arg>${submit_btn}</arg>
<doc>Clicks the button identified by ``locator``.</doc>
<status status="PASS" start="2024-07-16T15:11:00.309699" elapsed="0.126033"/>
</kw>
<status status="PASS" start="2024-07-16T15:11:00.308699" elapsed="0.128033"/>
</kw>
<kw name="Click on the MarketPlace button" owner="HomeResource">
<kw name="Wait Until Element Is Visible" owner="SeleniumLibrary">
<arg>${Marketplace}</arg>
<doc>Waits until the element ``locator`` is visible.</doc>
<status status="PASS" start="2024-07-16T15:11:00.437734" elapsed="0.706600"/>
</kw>
<kw name="Click Element" owner="SeleniumLibrary">
<msg time="2024-07-16T15:11:01.145337" level="INFO">Clicking element 'xpath://div[text()="Marketplace"]'.</msg>
<arg>${Marketplace}</arg>
<doc>Click the element identified by ``locator``.</doc>
<status status="PASS" start="2024-07-16T15:11:01.144334" elapsed="0.094592"/>
</kw>
<status status="PASS" start="2024-07-16T15:11:00.436732" elapsed="0.802194"/>
</kw>
<kw name="Click on the advertisement page button" owner="AdvertisementResource">
<kw name="Wait Until Element Is Visible" owner="SeleniumLibrary">
<arg>${Advertisement}</arg>
<doc>Waits until the element ``locator`` is visible.</doc>
<status status="PASS" start="2024-07-16T15:11:01.240932" elapsed="1.379527"/>
</kw>
<kw name="Click Element" owner="SeleniumLibrary">
<msg time="2024-07-16T15:11:02.622465" level="INFO">Clicking element 'xpath://div[text()='Advertisements']'.</msg>
<arg>${Advertisement}</arg>
<doc>Click the element identified by ``locator``.</doc>
<status status="PASS" start="2024-07-16T15:11:02.621465" elapsed="0.074768"/>
</kw>
<status status="PASS" start="2024-07-16T15:11:01.239929" elapsed="1.456304"/>
</kw>
<kw name="Click the show advertisement button" owner="AdvertisementResource">
<kw name="Click Element" owner="SeleniumLibrary">
<msg time="2024-07-16T15:11:02.698238" level="INFO">Clicking element 'xpath://span[text()="Show advertisements"]'.</msg>
<arg>${show_advertisement}</arg>
<doc>Click the element identified by ``locator``.</doc>
<status status="PASS" start="2024-07-16T15:11:02.697240" elapsed="0.975101"/>
</kw>
<status status="PASS" start="2024-07-16T15:11:02.697240" elapsed="0.975101"/>
</kw>
<kw name="Click on the dropdown button Order by" owner="AdvertisementResource">
<kw name="Click Element" owner="SeleniumLibrary">
<msg time="2024-07-16T15:11:03.674339" level="INFO">Clicking element 'xpath://div[@class='w-100 mw-100 text-truncate pr-3']'.</msg>
<arg>${order_By}</arg>
<doc>Click the element identified by ``locator``.</doc>
<status status="PASS" start="2024-07-16T15:11:03.674339" elapsed="0.072627"/>
</kw>
<status status="PASS" start="2024-07-16T15:11:03.672341" elapsed="0.074625"/>
</kw>
<kw name="Select the option highest price" owner="AdvertisementResource">
<kw name="Click Element" owner="SeleniumLibrary">
<msg time="2024-07-16T15:11:03.748972" level="INFO">Clicking element 'xpath://div[@class="dropdown-menu show"]//a[4]'.</msg>
<arg>${highest_price}</arg>
<doc>Click the element identified by ``locator``.</doc>
<status status="PASS" start="2024-07-16T15:11:03.747973" elapsed="0.073809"/>
</kw>
<status status="PASS" start="2024-07-16T15:11:03.746966" elapsed="0.074816"/>
</kw>
<kw name="verify the highest price" owner="AdvertisementResource">
<kw name="Element Text Should Be" owner="SeleniumLibrary">
<msg time="2024-07-16T15:11:03.824875" level="INFO">Verifying element 'xpath://div[text()=" test1 "]' contains exact text 'test1'.</msg>
<arg>${highest_price_item}</arg>
<arg>test1</arg>
<doc>Verifies that element ``locator`` contains exact the text ``expected``.</doc>
<status status="PASS" start="2024-07-16T15:11:03.823786" elapsed="0.279240"/>
</kw>
<status status="PASS" start="2024-07-16T15:11:03.822786" elapsed="0.280240"/>
</kw>
<kw name="Close Browser Session" owner="GenericResource" type="TEARDOWN">
<kw name="Close Browser" owner="SeleniumLibrary">
<doc>Closes the current browser.</doc>
<status status="PASS" start="2024-07-16T15:11:04.104026" elapsed="5.133044"/>
</kw>
<status status="PASS" start="2024-07-16T15:11:04.104026" elapsed="5.133044"/>
</kw>
<doc>To validate the advertisement functionalist with Highest price</doc>
<tag>Smoke</tag>
<status status="PASS" start="2024-07-16T15:10:51.497353" elapsed="17.739717"/>
</test>
<test id="s1-s1-t7" name="verify the wishlist functionality" line="102">
<kw name="Open the Browser with URL" owner="GenericResource" type="SETUP">
<kw name="Create Webdriver" owner="SeleniumLibrary">
<msg time="2024-07-16T15:11:09.239070" level="INFO">Creating an instance of the Chrome WebDriver.</msg>
<arg>${brower_name}</arg>
<doc>Creates an instance of Selenium WebDriver.</doc>
<status status="PASS" start="2024-07-16T15:11:09.239070" elapsed="2.259968"/>
</kw>
<kw name="Go To" owner="SeleniumLibrary">
<msg time="2024-07-16T15:11:11.500038" level="INFO">Opening url 'https://demo.cyclos.org/ui/home'</msg>
<arg>${url}</arg>
<doc>Navigates the current browser window to the provided ``url``.</doc>
<status status="PASS" start="2024-07-16T15:11:11.499038" elapsed="2.547412"/>
</kw>
<kw name="Maximize Browser Window" owner="SeleniumLibrary">
<doc>Maximizes current browser window.</doc>
<status status="PASS" start="2024-07-16T15:11:14.046450" elapsed="0.103545"/>
</kw>
<kw name="Set Selenium Implicit Wait" owner="SeleniumLibrary">
<arg>5</arg>
<doc>Sets the implicit wait value used by Selenium.</doc>
<status status="PASS" start="2024-07-16T15:11:14.150999" elapsed="0.011513"/>
</kw>
<status status="PASS" start="2024-07-16T15:11:09.238070" elapsed="4.924442"/>
</kw>
<kw name="Go to Login Page" owner="HomeResource">
<kw name="Wait Until Element Is Visible" owner="SeleniumLibrary">
<arg>${login_btn}</arg>
<doc>Waits until the element ``locator`` is visible.</doc>
<status status="PASS" start="2024-07-16T15:11:14.163511" elapsed="1.981405"/>
</kw>
<kw name="Click Element" owner="SeleniumLibrary">
<msg time="2024-07-16T15:11:16.145916" level="INFO">Clicking element 'xpath:(//div[@class="ml-2"])[3]'.</msg>
<arg>${login_btn}</arg>
<doc>Click the element identified by ``locator``.</doc>
<status status="PASS" start="2024-07-16T15:11:16.144916" elapsed="0.168253"/>
</kw>
<status status="PASS" start="2024-07-16T15:11:14.163511" elapsed="2.149658"/>
</kw>
<kw name="Fill the login form" owner="LoginResource">
<kw name="Input Text" owner="SeleniumLibrary">
<msg time="2024-07-16T15:11:16.314169" level="INFO">Typing text 'Sanjay_stark' into text field 'css:input[placeholder="User"]'.</msg>
<arg>${username}</arg>
<arg>${user}</arg>
<doc>Types the given ``text`` into the text field identified by ``locator``.</doc>
<status status="PASS" start="2024-07-16T15:11:16.314169" elapsed="0.361316"/>
</kw>
<kw name="Input Password" owner="SeleniumLibrary">
<msg time="2024-07-16T15:11:16.676485" level="INFO">Typing password into text field 'css:input[placeholder="Password"]'.</msg>
<msg time="2024-07-16T15:11:16.730549" level="INFO">Temporally setting log level to: NONE</msg>
<arg>${password}</arg>
<arg>${pass}</arg>
<doc>Types the given password into the text field identified by ``locator``.</doc>
<status status="PASS" start="2024-07-16T15:11:16.676485" elapsed="0.129333"/>
</kw>
<arg>Sanjay_stark</arg>
<arg>Sanjay</arg>
<status status="PASS" start="2024-07-16T15:11:16.313169" elapsed="0.492649"/>
</kw>
<kw name="click the login button" owner="LoginResource">
<kw name="Click Button" owner="SeleniumLibrary">
<msg time="2024-07-16T15:11:16.807975" level="INFO">Clicking button 'xpath://button[@class="btn d-flex justify-content-center align-items-center w-100 h-100 btn-primary btn-action-primary"]'.</msg>
<arg>${submit_btn}</arg>
<doc>Clicks the button identified by ``locator``.</doc>
<status status="PASS" start="2024-07-16T15:11:16.806970" elapsed="0.091260"/>
</kw>
<status status="PASS" start="2024-07-16T15:11:16.806970" elapsed="0.092710"/>
</kw>
<kw name="Click on the MarketPlace button" owner="HomeResource">
<kw name="Wait Until Element Is Visible" owner="SeleniumLibrary">
<arg>${Marketplace}</arg>
<doc>Waits until the element ``locator`` is visible.</doc>
<status status="PASS" start="2024-07-16T15:11:16.899680" elapsed="0.714085"/>
</kw>
<kw name="Click Element" owner="SeleniumLibrary">
<msg time="2024-07-16T15:11:17.615090" level="INFO">Clicking element 'xpath://div[text()="Marketplace"]'.</msg>
<arg>${Marketplace}</arg>
<doc>Click the element identified by ``locator``.</doc>
<status status="PASS" start="2024-07-16T15:11:17.613765" elapsed="0.065935"/>
</kw>
<status status="PASS" start="2024-07-16T15:11:16.899680" elapsed="0.780020"/>
</kw>
<kw name="Click on the advertisement page button" owner="AdvertisementResource">
<kw name="Wait Until Element Is Visible" owner="SeleniumLibrary">
<arg>${Advertisement}</arg>
<doc>Waits until the element ``locator`` is visible.</doc>
<status status="PASS" start="2024-07-16T15:11:17.681489" elapsed="1.345145"/>
</kw>
<kw name="Click Element" owner="SeleniumLibrary">
<msg time="2024-07-16T15:11:19.027633" level="INFO">Clicking element 'xpath://div[text()='Advertisements']'.</msg>
<arg>${Advertisement}</arg>
<doc>Click the element identified by ``locator``.</doc>
<status status="PASS" start="2024-07-16T15:11:19.026634" elapsed="0.061689"/>
</kw>
<status status="PASS" start="2024-07-16T15:11:17.680983" elapsed="1.407340"/>
</kw>
<kw name="Sleep" owner="BuiltIn">
<msg time="2024-07-16T15:11:24.089477" level="INFO">Slept 5 seconds.</msg>
<arg>5</arg>
<doc>Pauses the test executed for the given time.</doc>
<status status="PASS" start="2024-07-16T15:11:19.089353" elapsed="5.000124"/>
</kw>
<kw name="Enter the keyword in the search" owner="AdvertisementResource">
<kw name="Wait Until Element Is Visible" owner="SeleniumLibrary">
<arg>${keyword}</arg>
<doc>Waits until the element ``locator`` is visible.</doc>
<status status="PASS" start="2024-07-16T15:11:24.090998" elapsed="0.148061"/>
</kw>
<kw name="Input Text" owner="SeleniumLibrary">
<msg time="2024-07-16T15:11:24.240062" level="INFO">Typing text 'donut' into text field 'xpath=(//div[@class='d-flex label-value-value']//input)[1]'.</msg>
<arg>${keyword}</arg>
<arg>donut</arg>
<doc>Types the given ``text`` into the text field identified by ``locator``.</doc>
<status status="PASS" start="2024-07-16T15:11:24.240062" elapsed="0.436610"/>
</kw>
<status status="PASS" start="2024-07-16T15:11:24.089993" elapsed="0.586679"/>
</kw>
<kw name="click the element donut" owner="AdvertisementResource">
<kw name="Wait Until Element Is Visible" owner="SeleniumLibrary">
<arg>${donut}</arg>
<doc>Waits until the element ``locator`` is visible.</doc>
<status status="PASS" start="2024-07-16T15:11:24.677672" elapsed="1.570402"/>
</kw>
<kw name="Click Element" owner="SeleniumLibrary">
<msg time="2024-07-16T15:11:26.249074" level="INFO">Clicking element 'xpath://div[text()=" Donuts "]'.</msg>
<msg time="2024-07-16T15:11:26.807600" level="INFO" html="true">&lt;/td&gt;&lt;/tr&gt;&lt;tr&gt;&lt;td colspan="3"&gt;&lt;a href="0-selenium-screenshot-1.png"&gt;&lt;img src="0-selenium-screenshot-1.png" width="800px"&gt;&lt;/a&gt;</msg>
<msg time="2024-07-16T15:11:26.808601" level="FAIL">StaleElementReferenceException: Message: stale element reference: stale element not found in the current frame
  (Session info: chrome=126.0.6478.127); For documentation on this error, please visit: https://www.selenium.dev/documentation/webdriver/troubleshooting/errors#stale-element-reference-exception
Stacktrace:
	GetHandleVerifier [0x00007FF7950CEEA2+31554]
	(No symbol) [0x00007FF795047ED9]
	(No symbol) [0x00007FF794F0872A]
	(No symbol) [0x00007FF794F0E55E]
	(No symbol) [0x00007FF794F10EB1]
	(No symbol) [0x00007FF794F10F50]
	(No symbol) [0x00007FF794F5A48C]
	(No symbol) [0x00007FF794F4C006]
	(No symbol) [0x00007FF794F7D02A]
	(No symbol) [0x00007FF794F4BA76]
	(No symbol) [0x00007FF794F7D240]
	(No symbol) [0x00007FF794F9C977]
	(No symbol) [0x00007FF794F7CDD3]
	(No symbol) [0x00007FF794F4A33B]
	(No symbol) [0x00007FF794F4AED1]
	GetHandleVerifier [0x00007FF7953D8B1D+3217341]
	GetHandleVerifier [0x00007FF795425AE3+3532675]
	GetHandleVerifier [0x00007FF79541B0E0+3489152]
	GetHandleVerifier [0x00007FF79517E776+750614]
	(No symbol) [0x00007FF79505375F]
	(No symbol) [0x00007FF79504EB14]
	(No symbol) [0x00007FF79504ECA2]
	(No symbol) [0x00007FF79503E16F]
	BaseThreadInitThunk [0x00007FFFACEC257D+29]
	RtlUserThreadStart [0x00007FFFAE00AA48+40]
</msg>
<arg>${donut}</arg>
<doc>Click the element identified by ``locator``.</doc>
<status status="FAIL" start="2024-07-16T15:11:26.249074" elapsed="0.567064">StaleElementReferenceException: Message: stale element reference: stale element not found in the current frame
  (Session info: chrome=126.0.6478.127); For documentation on this error, please visit: https://www.selenium.dev/documentation/webdriver/troubleshooting/errors#stale-element-reference-exception
Stacktrace:
	GetHandleVerifier [0x00007FF7950CEEA2+31554]
	(No symbol) [0x00007FF795047ED9]
	(No symbol) [0x00007FF794F0872A]
	(No symbol) [0x00007FF794F0E55E]
	(No symbol) [0x00007FF794F10EB1]
	(No symbol) [0x00007FF794F10F50]
	(No symbol) [0x00007FF794F5A48C]
	(No symbol) [0x00007FF794F4C006]
	(No symbol) [0x00007FF794F7D02A]
	(No symbol) [0x00007FF794F4BA76]
	(No symbol) [0x00007FF794F7D240]
	(No symbol) [0x00007FF794F9C977]
	(No symbol) [0x00007FF794F7CDD3]
	(No symbol) [0x00007FF794F4A33B]
	(No symbol) [0x00007FF794F4AED1]
	GetHandleVerifier [0x00007FF7953D8B1D+3217341]
	GetHandleVerifier [0x00007FF795425AE3+3532675]
	GetHandleVerifier [0x00007FF79541B0E0+3489152]
	GetHandleVerifier [0x00007FF79517E776+750614]
	(No symbol) [0x00007FF79505375F]
	(No symbol) [0x00007FF79504EB14]
	(No symbol) [0x00007FF79504ECA2]
	(No symbol) [0x00007FF79503E16F]
	BaseThreadInitThunk [0x00007FFFACEC257D+29]
	RtlUserThreadStart [0x00007FFFAE00AA48+40]
</status>
</kw>
<status status="FAIL" start="2024-07-16T15:11:24.676672" elapsed="2.140471">StaleElementReferenceException: Message: stale element reference: stale element not found in the current frame
  (Session info: chrome=126.0.6478.127); For documentation on this error, please visit: https://www.selenium.dev/documentation/webdriver/troubleshooting/errors#stale-element-reference-exception
Stacktrace:
	GetHandleVerifier [0x00007FF7950CEEA2+31554]
	(No symbol) [0x00007FF795047ED9]
	(No symbol) [0x00007FF794F0872A]
	(No symbol) [0x00007FF794F0E55E]
	(No symbol) [0x00007FF794F10EB1]
	(No symbol) [0x00007FF794F10F50]
	(No symbol) [0x00007FF794F5A48C]
	(No symbol) [0x00007FF794F4C006]
	(No symbol) [0x00007FF794F7D02A]
	(No symbol) [0x00007FF794F4BA76]
	(No symbol) [0x00007FF794F7D240]
	(No symbol) [0x00007FF794F9C977]
	(No symbol) [0x00007FF794F7CDD3]
	(No symbol) [0x00007FF794F4A33B]
	(No symbol) [0x00007FF794F4AED1]
	GetHandleVerifier [0x00007FF7953D8B1D+3217341]
	GetHandleVerifier [0x00007FF795425AE3+3532675]
	GetHandleVerifier [0x00007FF79541B0E0+3489152]
	GetHandleVerifier [0x00007FF79517E776+750614]
	(No symbol) [0x00007FF79505375F]
	(No symbol) [0x00007FF79504EB14]
	(No symbol) [0x00007FF79504ECA2]
	(No symbol) [0x00007FF79503E16F]
	BaseThreadInitThunk [0x00007FFFACEC257D+29]
	RtlUserThreadStart [0x00007FFFAE00AA48+40]
</status>
</kw>
<kw name="click the like button" owner="AdvertisementResource">
<status status="NOT RUN" start="2024-07-16T15:11:26.818146" elapsed="0.001000"/>
</kw>
<kw name="Click on the advertisement page button" owner="AdvertisementResource">
<status status="NOT RUN" start="2024-07-16T15:11:26.819146" elapsed="0.001002"/>
</kw>
<kw name="Sleep" owner="BuiltIn">
<arg>5</arg>
<doc>Pauses the test executed for the given time.</doc>
<status status="NOT RUN" start="2024-07-16T15:11:26.820148" elapsed="0.000995"/>
</kw>
<kw name="Select the favourite only checkbox" owner="AdvertisementResource">
<status status="NOT RUN" start="2024-07-16T15:11:26.821143" elapsed="0.000000"/>
</kw>
<kw name="verify the favourite list contains favorite item" owner="AdvertisementResource">
<status status="NOT RUN" start="2024-07-16T15:11:26.822142" elapsed="0.000506"/>
</kw>
<kw name="Close Browser Session" owner="GenericResource" type="TEARDOWN">
<kw name="Close Browser" owner="SeleniumLibrary">
<doc>Closes the current browser.</doc>
<status status="PASS" start="2024-07-16T15:11:26.823653" elapsed="2.676870"/>
</kw>
<status status="PASS" start="2024-07-16T15:11:26.823653" elapsed="2.676870"/>
</kw>
<doc>To validate the wishlist functionalist</doc>
<tag>Regression</tag>
<tag>wishlist</tag>
<status status="FAIL" start="2024-07-16T15:11:09.238070" elapsed="20.262453">StaleElementReferenceException: Message: stale element reference: stale element not found in the current frame
  (Session info: chrome=126.0.6478.127); For documentation on this error, please visit: https://www.selenium.dev/documentation/webdriver/troubleshooting/errors#stale-element-reference-exception
Stacktrace:
	GetHandleVerifier [0x00007FF7950CEEA2+31554]
	(No symbol) [0x00007FF795047ED9]
	(No symbol) [0x00007FF794F0872A]
	(No symbol) [0x00007FF794F0E55E]
	(No symbol) [0x00007FF794F10EB1]
	(No symbol) [0x00007FF794F10F50]
	(No symbol) [0x00007FF794F5A48C]
	(No symbol) [0x00007FF794F4C006]
	(No symbol) [0x00007FF794F7D02A]
	(No symbol) [0x00007FF794F4BA76]
	(No symbol) [0x00007FF794F7D240]
	(No symbol) [0x00007FF794F9C977]
	(No symbol) [0x00007FF794F7CDD3]
	(No symbol) [0x00007FF794F4A33B]
	(No symbol) [0x00007FF794F4AED1]
	GetHandleVerifier [0x00007FF7953D8B1D+3217341]
	GetHandleVerifier [0x00007FF795425AE3+3532675]
	GetHandleVerifier [0x00007FF79541B0E0+3489152]
	GetHandleVerifier [0x00007FF79517E776+750614]
	(No symbol) [0x00007FF79505375F]
	(No symbol) [0x00007FF79504EB14]
	(No symbol) [0x00007FF79504ECA2]
	(No symbol) [0x00007FF79503E16F]
	BaseThreadInitThunk [0x00007FFFACEC257D+29]
	RtlUserThreadStart [0x00007FFFAE00AA48+40]
</status>
</test>
<doc>To validate Advertisement Functionality</doc>
<status status="FAIL" start="2024-07-16T15:08:31.304000" elapsed="178.197331"/>
</suite>
<suite id="s1-s2" name="Test Logout" source="C:\Users\ASUS\Desktop\PilotProject_Cyclos_Team1-1\TestCases\test_logout.robot">
<test id="s1-s2-t1" name="testcase for logout functionality" line="12">
<kw name="Open the Browser with URL" owner="GenericResource" type="SETUP">
<kw name="Create Webdriver" owner="SeleniumLibrary">
<msg time="2024-07-16T15:08:31.692050" level="INFO">Creating an instance of the Chrome WebDriver.</msg>
<arg>${brower_name}</arg>
<doc>Creates an instance of Selenium WebDriver.</doc>
<status status="PASS" start="2024-07-16T15:08:31.692050" elapsed="4.359806"/>
</kw>
<kw name="Go To" owner="SeleniumLibrary">
<msg time="2024-07-16T15:08:36.052856" level="INFO">Opening url 'https://demo.cyclos.org/ui/home'</msg>
<arg>${url}</arg>
<doc>Navigates the current browser window to the provided ``url``.</doc>
<status status="PASS" start="2024-07-16T15:08:36.051856" elapsed="1.318985"/>
</kw>
<kw name="Maximize Browser Window" owner="SeleniumLibrary">
<doc>Maximizes current browser window.</doc>
<status status="PASS" start="2024-07-16T15:08:37.371841" elapsed="1.910097"/>
</kw>
<kw name="Set Selenium Implicit Wait" owner="SeleniumLibrary">
<arg>5</arg>
<doc>Sets the implicit wait value used by Selenium.</doc>
<status status="PASS" start="2024-07-16T15:08:39.281938" elapsed="0.046032"/>
</kw>
<status status="PASS" start="2024-07-16T15:08:31.690050" elapsed="7.638914"/>
</kw>
<kw name="Go to Login Page" owner="HomeResource">
<kw name="Wait Until Element Is Visible" owner="SeleniumLibrary">
<arg>${login_btn}</arg>
<doc>Waits until the element ``locator`` is visible.</doc>
<status status="PASS" start="2024-07-16T15:08:39.331959" elapsed="2.970860"/>
</kw>
<kw name="Click Element" owner="SeleniumLibrary">
<msg time="2024-07-16T15:08:42.303819" level="INFO">Clicking element 'xpath:(//div[@class="ml-2"])[3]'.</msg>
<arg>${login_btn}</arg>
<doc>Click the element identified by ``locator``.</doc>
<status status="PASS" start="2024-07-16T15:08:42.303819" elapsed="2.246916"/>
</kw>
<status status="PASS" start="2024-07-16T15:08:39.329961" elapsed="5.221774"/>
</kw>
<kw name="Fill the login form" owner="LoginResource">
<kw name="Input Text" owner="SeleniumLibrary">
<msg time="2024-07-16T15:08:44.552735" level="INFO">Typing text 'sandhiyas' into text field 'css:input[placeholder="User"]'.</msg>
<arg>${username}</arg>
<arg>${user}</arg>
<doc>Types the given ``text`` into the text field identified by ``locator``.</doc>
<status status="PASS" start="2024-07-16T15:08:44.552735" elapsed="0.466994"/>
</kw>
<kw name="Input Password" owner="SeleniumLibrary">
<msg time="2024-07-16T15:08:45.021019" level="INFO">Typing password into text field 'css:input[placeholder="Password"]'.</msg>
<msg time="2024-07-16T15:08:45.300504" level="INFO">Temporally setting log level to: NONE</msg>
<arg>${password}</arg>
<arg>${pass}</arg>
<doc>Types the given password into the text field identified by ``locator``.</doc>
<status status="PASS" start="2024-07-16T15:08:45.019729" elapsed="0.507418"/>
</kw>
<arg>sandhiyas</arg>
<arg>Sand@123</arg>
<status status="PASS" start="2024-07-16T15:08:44.551735" elapsed="0.975412"/>
</kw>
<kw name="click the login button" owner="LoginResource">
<kw name="Click Button" owner="SeleniumLibrary">
<msg time="2024-07-16T15:08:45.529631" level="INFO">Clicking button 'xpath://button[@class="btn d-flex justify-content-center align-items-center w-100 h-100 btn-primary btn-action-primary"]'.</msg>
<arg>${submit_btn}</arg>
<doc>Clicks the button identified by ``locator``.</doc>
<status status="PASS" start="2024-07-16T15:08:45.528146" elapsed="0.124540"/>
</kw>
<status status="PASS" start="2024-07-16T15:08:45.528146" elapsed="0.124540"/>
</kw>
<kw name="click the logout" owner="HomeResource">
<kw name="Wait Until Element Is Visible" owner="SeleniumLibrary">
<arg>${Logout}</arg>
<doc>Waits until the element ``locator`` is visible.</doc>
<status status="PASS" start="2024-07-16T15:08:45.654738" elapsed="1.792463"/>
</kw>
<kw name="Click Element" owner="SeleniumLibrary">
<msg time="2024-07-16T15:08:47.448219" level="INFO">Clicking element 'xpath://a[@aria-label="Logout"]//icon//*[name()="svg"]'.</msg>
<arg>${Logout}</arg>
<doc>Click the element identified by ``locator``.</doc>
<status status="PASS" start="2024-07-16T15:08:47.447201" elapsed="0.077200"/>
</kw>
<status status="PASS" start="2024-07-16T15:08:45.653691" elapsed="1.870710"/>
</kw>
<kw name="Close Browser Session" owner="GenericResource" type="TEARDOWN">
<kw name="Close Browser" owner="SeleniumLibrary">
<doc>Closes the current browser.</doc>
<status status="PASS" start="2024-07-16T15:08:47.526405" elapsed="13.575274"/>
</kw>
<status status="PASS" start="2024-07-16T15:08:47.525404" elapsed="13.577277"/>
</kw>
<doc>Validate the Logout Functionality</doc>
<tag>Smoke</tag>
<status status="PASS" start="2024-07-16T15:08:31.689050" elapsed="29.413631"/>
</test>
<doc>Test to Logout functionality</doc>
<status status="PASS" start="2024-07-16T15:08:31.326722" elapsed="29.777959"/>
</suite>
<suite id="s1-s3" name="Test Myadvertisement" source="C:\Users\ASUS\Desktop\PilotProject_Cyclos_Team1-1\TestCases\test_myadvertisement.robot">
<test id="s1-s3-t1" name="add new advertisement" line="13">
<kw name="Open the Browser with URL" owner="GenericResource" type="SETUP">
<kw name="Create Webdriver" owner="SeleniumLibrary">
<msg time="2024-07-16T15:08:31.720302" level="INFO">Creating an instance of the Chrome WebDriver.</msg>
<arg>${brower_name}</arg>
<doc>Creates an instance of Selenium WebDriver.</doc>
<status status="PASS" start="2024-07-16T15:08:31.720302" elapsed="4.245063"/>
</kw>
<kw name="Go To" owner="SeleniumLibrary">
<msg time="2024-07-16T15:08:35.966365" level="INFO">Opening url 'https://demo.cyclos.org/ui/home'</msg>
<arg>${url}</arg>
<doc>Navigates the current browser window to the provided ``url``.</doc>
<status status="PASS" start="2024-07-16T15:08:35.966365" elapsed="3.232635"/>
</kw>
<kw name="Maximize Browser Window" owner="SeleniumLibrary">
<doc>Maximizes current browser window.</doc>
<status status="PASS" start="2024-07-16T15:08:39.199000" elapsed="0.211368"/>
</kw>
<kw name="Set Selenium Implicit Wait" owner="SeleniumLibrary">
<arg>5</arg>
<doc>Sets the implicit wait value used by Selenium.</doc>
<status status="PASS" start="2024-07-16T15:08:39.410368" elapsed="0.014684"/>
</kw>
<status status="PASS" start="2024-07-16T15:08:31.719302" elapsed="7.705750"/>
</kw>
<kw name="Go to Login Page" owner="HomeResource">
<kw name="Wait Until Element Is Visible" owner="SeleniumLibrary">
<arg>${login_btn}</arg>
<doc>Waits until the element ``locator`` is visible.</doc>
<status status="PASS" start="2024-07-16T15:08:39.426052" elapsed="3.002199"/>
</kw>
<kw name="Click Element" owner="SeleniumLibrary">
<msg time="2024-07-16T15:08:42.429330" level="INFO">Clicking element 'xpath:(//div[@class="ml-2"])[3]'.</msg>
<arg>${login_btn}</arg>
<doc>Click the element identified by ``locator``.</doc>
<status status="PASS" start="2024-07-16T15:08:42.428251" elapsed="0.280465"/>
</kw>
<status status="PASS" start="2024-07-16T15:08:39.426052" elapsed="3.283664"/>
</kw>
<kw name="Fill the login form" owner="LoginResource">
<kw name="Input Text" owner="SeleniumLibrary">
<msg time="2024-07-16T15:08:42.710717" level="INFO">Typing text 'kavi123' into text field 'css:input[placeholder="User"]'.</msg>
<arg>${username}</arg>
<arg>${user}</arg>
<doc>Types the given ``text`` into the text field identified by ``locator``.</doc>
<status status="PASS" start="2024-07-16T15:08:42.709716" elapsed="1.456783"/>
</kw>
<kw name="Input Password" owner="SeleniumLibrary">
<msg time="2024-07-16T15:08:44.352667" level="INFO">Typing password into text field 'css:input[placeholder="Password"]'.</msg>
<msg time="2024-07-16T15:08:44.928577" level="INFO">Temporally setting log level to: NONE</msg>
<arg>${password}</arg>
<arg>${pass}</arg>
<doc>Types the given password into the text field identified by ``locator``.</doc>
<status status="PASS" start="2024-07-16T15:08:44.167499" elapsed="0.932709"/>
</kw>
<arg>kavi123</arg>
<arg>Kavitha</arg>
<status status="PASS" start="2024-07-16T15:08:42.709716" elapsed="2.390492"/>
</kw>
<kw name="click the login button" owner="LoginResource">
<kw name="Click Button" owner="SeleniumLibrary">
<msg time="2024-07-16T15:08:45.102206" level="INFO">Clicking button 'xpath://button[@class="btn d-flex justify-content-center align-items-center w-100 h-100 btn-primary btn-action-primary"]'.</msg>
<arg>${submit_btn}</arg>
<doc>Clicks the button identified by ``locator``.</doc>
<status status="PASS" start="2024-07-16T15:08:45.101206" elapsed="0.098235"/>
</kw>
<status status="PASS" start="2024-07-16T15:08:45.100208" elapsed="0.099233"/>
</kw>
<kw name="Go to MarketPlace Page" owner="HomeResource">
<kw name="Click Element" owner="SeleniumLibrary">
<msg time="2024-07-16T15:08:45.201450" level="INFO">Clicking element 'xpath://div[text()="Marketplace"]'.</msg>
<arg>${Marketplace}</arg>
<doc>Click the element identified by ``locator``.</doc>
<status status="PASS" start="2024-07-16T15:08:45.200445" elapsed="1.774987"/>
</kw>
<status status="PASS" start="2024-07-16T15:08:45.199441" elapsed="1.776991"/>
</kw>
<kw name="click my advertisements" owner="MyAdvertisement">
<kw name="Wait Until Element Is Visible" owner="SeleniumLibrary">
<arg>${advertisements}</arg>
<doc>Waits until the element ``locator`` is visible.</doc>
<status status="PASS" start="2024-07-16T15:08:46.977433" elapsed="2.684742"/>
</kw>
<kw name="Click Element" owner="SeleniumLibrary">
<msg time="2024-07-16T15:08:49.664170" level="INFO">Clicking element 'xpath://div[text()="My advertisements"]'.</msg>
<arg>${advertisements}</arg>
<doc>Click the element identified by ``locator``.</doc>
<status status="PASS" start="2024-07-16T15:08:49.663170" elapsed="0.518708"/>
</kw>
<status status="PASS" start="2024-07-16T15:08:46.976432" elapsed="3.205446"/>
</kw>
<kw name="add new advertisements" owner="MyAdvertisement">
<kw name="Wait Until Element Is Visible" owner="SeleniumLibrary">
<arg>${add_new}</arg>
<doc>Waits until the element ``locator`` is visible.</doc>
<status status="PASS" start="2024-07-16T15:08:50.182878" elapsed="1.480738"/>
</kw>
<kw name="Click Element" owner="SeleniumLibrary">
<msg time="2024-07-16T15:08:51.664617" level="INFO">Clicking element 'xpath://div[text()="Add new"]'.</msg>
<arg>${add_new}</arg>
<doc>Click the element identified by ``locator``.</doc>
<status status="PASS" start="2024-07-16T15:08:51.663616" elapsed="0.589834"/>
</kw>
<status status="PASS" start="2024-07-16T15:08:50.182878" elapsed="2.070572"/>
</kw>
<kw name="fill the advertisement" owner="MyAdvertisement">
<kw name="Input Text" owner="SeleniumLibrary">
<msg time="2024-07-16T15:08:52.255897" level="INFO">Typing text 'Orange' into text field 'xpath://input-field[@formcontrolname="name"]/label-value/div/div/input'.</msg>
<arg>${Title}</arg>
<arg>Orange</arg>
<doc>Types the given ``text`` into the text field identified by ``locator``.</doc>
<status status="PASS" start="2024-07-16T15:08:52.255897" elapsed="0.545785"/>
</kw>
<kw name="Click Element" owner="SeleniumLibrary">
<msg time="2024-07-16T15:08:52.801682" level="INFO">Clicking element 'xpath://single-selection-field[@formcontrolname="categories"]/label-value/div/div/div/button'.</msg>
<arg>${category}</arg>
<doc>Click the element identified by ``locator``.</doc>
<status status="PASS" start="2024-07-16T15:08:52.801682" elapsed="0.097624"/>
</kw>
<kw name="Click Element" owner="SeleniumLibrary">
<msg time="2024-07-16T15:08:52.900306" level="INFO">Clicking element 'xpath:(//a[@class="select-option leaf level0 mt-1"])[1]'.</msg>
<arg>${item}</arg>
<doc>Click the element identified by ``locator``.</doc>
<status status="PASS" start="2024-07-16T15:08:52.900306" elapsed="0.081189"/>
</kw>
<kw name="Input Text" owner="SeleniumLibrary">
<msg time="2024-07-16T15:08:52.982495" level="INFO">Typing text '200' into text field 'css:input[type="tel"]'.</msg>
<arg>${price}</arg>
<arg>200</arg>
<doc>Types the given ``text`` into the text field identified by ``locator``.</doc>
<status status="PASS" start="2024-07-16T15:08:52.982495" elapsed="0.110021"/>
</kw>
<kw name="Execute Javascript" owner="SeleniumLibrary">
<msg time="2024-07-16T15:08:53.094573" level="INFO">Executing JavaScript:
window.scrollTo(0, document.body.scrollHeight)
Without any arguments.</msg>
<arg>window.scrollTo(0, document.body.scrollHeight)</arg>
<doc>Executes the given JavaScript code with possible arguments.</doc>
<status status="PASS" start="2024-07-16T15:08:53.093524" elapsed="0.006791"/>
</kw>
<kw name="Wait Until Element Is Enabled" owner="SeleniumLibrary">
<arg>${textArea}</arg>
<doc>Waits until the element ``locator`` is enabled.</doc>
<status status="PASS" start="2024-07-16T15:08:53.101322" elapsed="0.034943"/>
</kw>
<kw name="Input Text" owner="SeleniumLibrary">
<msg time="2024-07-16T15:08:53.138717" level="INFO">Typing text 'It's very Delicious' into text field 'xpath://div[@class="wrapper"]/div[@class="editor"]'.</msg>
<arg>${textArea}</arg>
<arg>It's very Delicious</arg>
<doc>Types the given ``text`` into the text field identified by ``locator``.</doc>
<status status="PASS" start="2024-07-16T15:08:53.137710" elapsed="0.252373"/>
</kw>
<status status="PASS" start="2024-07-16T15:08:52.254958" elapsed="1.135125"/>
</kw>
<kw name="click save button" owner="MyAdvertisement">
<kw name="Click Button" owner="SeleniumLibrary">
<msg time="2024-07-16T15:08:53.391083" level="INFO">Clicking button 'css:button[class="btn d-flex justify-content-center align-items-center w-100 h-100 btn-primary"]'.</msg>
<arg>${save_btn}</arg>
<doc>Clicks the button identified by ``locator``.</doc>
<status status="PASS" start="2024-07-16T15:08:53.391083" elapsed="0.167638"/>
</kw>
<status status="PASS" start="2024-07-16T15:08:53.390083" elapsed="0.168638"/>
</kw>
<kw name="Close Browser Session" owner="GenericResource" type="TEARDOWN">
<kw name="Close Browser" owner="SeleniumLibrary">
<doc>Closes the current browser.</doc>
<status status="PASS" start="2024-07-16T15:08:53.559768" elapsed="7.836433"/>
</kw>
<status status="PASS" start="2024-07-16T15:08:53.559768" elapsed="7.836433"/>
</kw>
<doc>Validate the adding of new advertisement functionality</doc>
<tag>Smoke</tag>
<status status="PASS" start="2024-07-16T15:08:31.718302" elapsed="29.677899"/>
</test>
<test id="s1-s3-t2" name="search_advertisement" line="25">
<kw name="Open the Browser with URL" owner="GenericResource" type="SETUP">
<kw name="Create Webdriver" owner="SeleniumLibrary">
<msg time="2024-07-16T15:09:01.399599" level="INFO">Creating an instance of the Chrome WebDriver.</msg>
<arg>${brower_name}</arg>
<doc>Creates an instance of Selenium WebDriver.</doc>
<status status="PASS" start="2024-07-16T15:09:01.399599" elapsed="2.749689"/>
</kw>
<kw name="Go To" owner="SeleniumLibrary">
<msg time="2024-07-16T15:09:04.150836" level="INFO">Opening url 'https://demo.cyclos.org/ui/home'</msg>
<arg>${url}</arg>
<doc>Navigates the current browser window to the provided ``url``.</doc>
<status status="PASS" start="2024-07-16T15:09:04.150330" elapsed="3.619530"/>
</kw>
<kw name="Maximize Browser Window" owner="SeleniumLibrary">
<doc>Maximizes current browser window.</doc>
<status status="PASS" start="2024-07-16T15:09:07.769860" elapsed="0.044837"/>
</kw>
<kw name="Set Selenium Implicit Wait" owner="SeleniumLibrary">
<arg>5</arg>
<doc>Sets the implicit wait value used by Selenium.</doc>
<status status="PASS" start="2024-07-16T15:09:07.815697" elapsed="0.000999"/>
</kw>
<status status="PASS" start="2024-07-16T15:09:01.399599" elapsed="6.418115"/>
</kw>
<kw name="Go to Login Page" owner="HomeResource">
<kw name="Wait Until Element Is Visible" owner="SeleniumLibrary">
<arg>${login_btn}</arg>
<doc>Waits until the element ``locator`` is visible.</doc>
<status status="PASS" start="2024-07-16T15:09:07.817714" elapsed="2.488302"/>
</kw>
<kw name="Click Element" owner="SeleniumLibrary">
<msg time="2024-07-16T15:09:10.306016" level="INFO">Clicking element 'xpath:(//div[@class="ml-2"])[3]'.</msg>
<arg>${login_btn}</arg>
<doc>Click the element identified by ``locator``.</doc>
<status status="PASS" start="2024-07-16T15:09:10.306016" elapsed="0.135105"/>
</kw>
<status status="PASS" start="2024-07-16T15:09:07.817714" elapsed="2.623407"/>
</kw>
<kw name="Fill the login form" owner="LoginResource">
<kw name="Input Text" owner="SeleniumLibrary">
<msg time="2024-07-16T15:09:10.443120" level="INFO">Typing text 'sandhiyas' into text field 'css:input[placeholder="User"]'.</msg>
<arg>${username}</arg>
<arg>${user}</arg>
<doc>Types the given ``text`` into the text field identified by ``locator``.</doc>
<status status="PASS" start="2024-07-16T15:09:10.442120" elapsed="0.130362"/>
</kw>
<kw name="Input Password" owner="SeleniumLibrary">
<msg time="2024-07-16T15:09:10.572482" level="INFO">Typing password into text field 'css:input[placeholder="Password"]'.</msg>
<msg time="2024-07-16T15:09:10.622284" level="INFO">Temporally setting log level to: NONE</msg>
<arg>${password}</arg>
<arg>${pass}</arg>
<doc>Types the given password into the text field identified by ``locator``.</doc>
<status status="PASS" start="2024-07-16T15:09:10.572482" elapsed="0.127568"/>
</kw>
<arg>sandhiyas</arg>
<arg>Sand@123</arg>
<status status="PASS" start="2024-07-16T15:09:10.441121" elapsed="0.258929"/>
</kw>
<kw name="click the login button" owner="LoginResource">
<kw name="Click Button" owner="SeleniumLibrary">
<msg time="2024-07-16T15:09:10.701561" level="INFO">Clicking button 'xpath://button[@class="btn d-flex justify-content-center align-items-center w-100 h-100 btn-primary btn-action-primary"]'.</msg>
<arg>${submit_btn}</arg>
<doc>Clicks the button identified by ``locator``.</doc>
<status status="PASS" start="2024-07-16T15:09:10.701051" elapsed="0.098903"/>
</kw>
<status status="PASS" start="2024-07-16T15:09:10.700050" elapsed="0.099904"/>
</kw>
<kw name="Go to MarketPlace Page" owner="HomeResource">
<kw name="Click Element" owner="SeleniumLibrary">
<msg time="2024-07-16T15:09:10.801238" level="INFO">Clicking element 'xpath://div[text()="Marketplace"]'.</msg>
<arg>${Marketplace}</arg>
<doc>Click the element identified by ``locator``.</doc>
<status status="PASS" start="2024-07-16T15:09:10.801238" elapsed="2.113981"/>
</kw>
<status status="PASS" start="2024-07-16T15:09:10.799954" elapsed="2.115265"/>
</kw>
<kw name="click my advertisements" owner="MyAdvertisement">
<kw name="Wait Until Element Is Visible" owner="SeleniumLibrary">
<arg>${advertisements}</arg>
<doc>Waits until the element ``locator`` is visible.</doc>
<status status="PASS" start="2024-07-16T15:09:12.916365" elapsed="1.893081"/>
</kw>
<kw name="Click Element" owner="SeleniumLibrary">
<msg time="2024-07-16T15:09:14.810446" level="INFO">Clicking element 'xpath://div[text()="My advertisements"]'.</msg>
<arg>${advertisements}</arg>
<doc>Click the element identified by ``locator``.</doc>
<status status="PASS" start="2024-07-16T15:09:14.810446" elapsed="0.222454"/>
</kw>
<status status="PASS" start="2024-07-16T15:09:12.915219" elapsed="2.117681"/>
</kw>
<kw name="search functionality" owner="MyAdvertisement">
<kw name="Click Element" owner="SeleniumLibrary">
<msg time="2024-07-16T15:09:15.036911" level="INFO">Clicking element 'xpath://input-field[@formcontrolname="keywords"]/label-value/div/div/input'.</msg>
<arg>${keywords}</arg>
<doc>Click the element identified by ``locator``.</doc>
<status status="PASS" start="2024-07-16T15:09:15.034906" elapsed="0.216154"/>
</kw>
<kw name="Input Text" owner="SeleniumLibrary">
<msg time="2024-07-16T15:09:15.252057" level="INFO">Typing text 'Orange' into text field 'xpath://input-field[@formcontrolname="keywords"]/label-value/div/div/input'.</msg>
<arg>${keywords}</arg>
<arg>${searched_element}</arg>
[...]
</kw>
<kw name="click the login button" owner="LoginResource">
<kw name="Click Button" owner="SeleniumLibrary">
<msg time="2024-07-16T15:14:10.657664" level="INFO">Clicking button 'xpath://button[@class="btn d-flex justify-content-center align-items-center w-100 h-100 btn-primary btn-action-primary"]'.</msg>
<arg>${submit_btn}</arg>
<doc>Clicks the button identified by ``locator``.</doc>
<status status="PASS" start="2024-07-16T15:14:10.656664" elapsed="0.094583"/>
</kw>
<status status="PASS" start="2024-07-16T15:14:10.655664" elapsed="0.096583"/>
</kw>
<kw name="Click the Banking Option" owner="HomeResource">
<kw name="Wait Until Element Is Visible" owner="SeleniumLibrary">
<arg>${Banking}</arg>
<doc>Waits until the element ``locator`` is visible.</doc>
<status status="PASS" start="2024-07-16T15:14:10.753249" elapsed="0.691859"/>
</kw>
<kw name="Click Element" owner="SeleniumLibrary">
<msg time="2024-07-16T15:14:11.447107" level="INFO">Clicking element 'xpath://div[text()='Banking']'.</msg>
<arg>${Banking}</arg>
<doc>Click the element identified by ``locator``.</doc>
<status status="PASS" start="2024-07-16T15:14:11.445108" elapsed="0.170046"/>
</kw>
<status status="PASS" start="2024-07-16T15:14:10.753249" elapsed="0.862905"/>
</kw>
<kw name="Verify the Banking page is displayed" owner="HomeResource">
<kw name="Element Text Should Be" owner="SeleniumLibrary">
<msg time="2024-07-16T15:14:11.617154" level="INFO">Verifying element 'xpath://div[text()='Banking']' contains exact text 'Banking'.</msg>
<arg>${Banking_page_verify}</arg>
<arg>${Banking_page_keyword}</arg>
<doc>Verifies that element ``locator`` contains exact the text ``expected``.</doc>
<status status="PASS" start="2024-07-16T15:14:11.617154" elapsed="0.036639"/>
</kw>
<status status="PASS" start="2024-07-16T15:14:11.616154" elapsed="0.037639"/>
</kw>
<kw name="Verify the Receive qr code page" owner="ReceiveQRcodeResources">
<kw name="Wait Until Element Is Visible" owner="SeleniumLibrary">
<arg>${receive_qr}</arg>
<doc>Waits until the element ``locator`` is visible.</doc>
<status status="PASS" start="2024-07-16T15:14:11.654795" elapsed="0.896392"/>
</kw>
<kw name="Click Element" owner="SeleniumLibrary">
<msg time="2024-07-16T15:14:12.553190" level="INFO">Clicking element 'xpath://div[text()='Receive QR-code']'.</msg>
<arg>${receive_qr}</arg>
<doc>Click the element identified by ``locator``.</doc>
<status status="PASS" start="2024-07-16T15:14:12.552193" elapsed="0.097430"/>
</kw>
<kw name="Element Text Should Be" owner="SeleniumLibrary">
<msg time="2024-07-16T15:14:12.650627" level="INFO">Verifying element 'xpath://div[text()=' Receive QR-code payment ']' contains exact text 'Receive QR-code payment'.</msg>
<arg>${Receive_qr_key_xpath}</arg>
<arg>${receive_qr_keyword}</arg>
<doc>Verifies that element ``locator`` contains exact the text ``expected``.</doc>
<status status="PASS" start="2024-07-16T15:14:12.649623" elapsed="0.294872"/>
</kw>
<status status="PASS" start="2024-07-16T15:14:11.653793" elapsed="1.290702"/>
</kw>
<kw name="Fill the payment form with data" owner="ReceiveQRcodeResources">
<kw name="Input Text" owner="SeleniumLibrary">
<msg time="2024-07-16T15:14:12.946494" level="INFO">Typing text '100' into text field 'css:div[class='input-group'] input'.</msg>
<arg>${amount_css}</arg>
<arg>${amount}</arg>
<doc>Types the given ``text`` into the text field identified by ``locator``.</doc>
<status status="PASS" start="2024-07-16T15:14:12.945494" elapsed="0.119159"/>
</kw>
<kw name="Input Text" owner="SeleniumLibrary">
<msg time="2024-07-16T15:14:13.065653" level="INFO">Typing text 'Payment through QR code' into text field 'css:div[class='label-value-container'] textarea'.</msg>
<arg>${descript_css}</arg>
<arg>${description}</arg>
<doc>Types the given ``text`` into the text field identified by ``locator``.</doc>
<status status="PASS" start="2024-07-16T15:14:13.064653" elapsed="0.183529"/>
</kw>
<kw name="Click Button" owner="SeleniumLibrary">
<msg time="2024-07-16T15:14:13.249182" level="INFO">Clicking button 'xpath://button[@class='btn d-flex justify-content-center align-items-center w-100 h-100 btn-primary']'.</msg>
<arg>${gen_qr}</arg>
<doc>Clicks the button identified by ``locator``.</doc>
<status status="PASS" start="2024-07-16T15:14:13.249182" elapsed="0.100488"/>
</kw>
<arg>${amount}</arg>
<arg>${description}</arg>
<status status="PASS" start="2024-07-16T15:14:12.945494" elapsed="0.405291"/>
</kw>
<kw name="Verify the qr code is displayed" owner="ReceiveQRcodeResources">
<kw name="Wait Until Element Is Visible" owner="SeleniumLibrary">
<arg>${gen_qr}</arg>
<doc>Waits until the element ``locator`` is visible.</doc>
<status status="PASS" start="2024-07-16T15:14:13.350785" elapsed="0.024709"/>
</kw>
<kw name="Element Should Be Visible" owner="SeleniumLibrary">
<msg time="2024-07-16T15:14:13.396588" level="INFO">Element 'xpath://button[@class='btn d-flex justify-content-center align-items-center w-100 h-100 btn-primary']' is displayed.</msg>
<arg>${gen_qr}</arg>
<doc>Verifies that the element identified by ``locator`` is visible.</doc>
<status status="PASS" start="2024-07-16T15:14:13.376499" elapsed="0.021582"/>
</kw>
<status status="PASS" start="2024-07-16T15:14:13.350785" elapsed="0.047296"/>
</kw>
<arg>amount=100</arg>
<arg>description=Payment through QR code</arg>
<tag>smoke</tag>
<doc>This checks the qr code with valid data</doc>
<status status="PASS" start="2024-07-16T15:14:07.468176" elapsed="5.929905"/>
</kw>
<kw name="Close Browser Session" owner="GenericResource" type="TEARDOWN">
<kw name="Close Browser" owner="SeleniumLibrary">
<doc>Closes the current browser.</doc>
<status status="PASS" start="2024-07-16T15:14:13.399595" elapsed="4.118462"/>
</kw>
<status status="PASS" start="2024-07-16T15:14:13.398589" elapsed="4.119468"/>
</kw>
<status status="PASS" start="2024-07-16T15:14:02.719060" elapsed="14.798997"/>
</test>
<doc>This checks the Receive QR code fubctionality</doc>
<status status="PASS" start="2024-07-16T15:14:00.791691" elapsed="16.727369"/>
</suite>
<suite id="s1-s34" name="test validReceivePay" source="C:\Users\ASUS\Desktop\PilotProject_Cyclos_Team1-1\TestCases\test_validReceivePay.robot">
<test id="s1-s34-t1" name="Validate Receive payment with valid data" line="19">
<kw name="Open the Browser with URL" owner="GenericResource" type="SETUP">
<kw name="Create Webdriver" owner="SeleniumLibrary">
<msg time="2024-07-16T15:14:07.552394" level="INFO">Creating an instance of the Chrome WebDriver.</msg>
<arg>${brower_name}</arg>
<doc>Creates an instance of Selenium WebDriver.</doc>
<status status="PASS" start="2024-07-16T15:14:07.552394" elapsed="2.263785"/>
</kw>
<kw name="Go To" owner="SeleniumLibrary">
<msg time="2024-07-16T15:14:09.817410" level="INFO">Opening url 'https://demo.cyclos.org/ui/home'</msg>
<arg>${url}</arg>
<doc>Navigates the current browser window to the provided ``url``.</doc>
<status status="PASS" start="2024-07-16T15:14:09.817410" elapsed="2.427562"/>
</kw>
<kw name="Maximize Browser Window" owner="SeleniumLibrary">
<doc>Maximizes current browser window.</doc>
<status status="PASS" start="2024-07-16T15:14:12.244972" elapsed="0.074000"/>
</kw>
<kw name="Set Selenium Implicit Wait" owner="SeleniumLibrary">
<arg>5</arg>
<doc>Sets the implicit wait value used by Selenium.</doc>
<status status="PASS" start="2024-07-16T15:14:12.319972" elapsed="0.009003"/>
</kw>
<status status="PASS" start="2024-07-16T15:14:07.550394" elapsed="4.778581"/>
</kw>
<kw name="Validate the Receive payment functionality with valid data">
<kw name="Go to Login Page" owner="HomeResource">
<kw name="Wait Until Element Is Visible" owner="SeleniumLibrary">
<arg>${login_btn}</arg>
<doc>Waits until the element ``locator`` is visible.</doc>
<status status="PASS" start="2024-07-16T15:14:12.330982" elapsed="1.998717"/>
</kw>
<kw name="Click Element" owner="SeleniumLibrary">
<msg time="2024-07-16T15:14:14.330699" level="INFO">Clicking element 'xpath:(//div[@class="ml-2"])[3]'.</msg>
<arg>${login_btn}</arg>
<doc>Click the element identified by ``locator``.</doc>
<status status="PASS" start="2024-07-16T15:14:14.330699" elapsed="0.173233"/>
</kw>
<status status="PASS" start="2024-07-16T15:14:12.330982" elapsed="2.172950"/>
</kw>
<kw name="click the login button" owner="LoginResource">
<kw name="Click Button" owner="SeleniumLibrary">
<msg time="2024-07-16T15:14:14.504932" level="INFO">Clicking button 'xpath://button[@class="btn d-flex justify-content-center align-items-center w-100 h-100 btn-primary btn-action-primary"]'.</msg>
<arg>${submit_btn}</arg>
<doc>Clicks the button identified by ``locator``.</doc>
<status status="PASS" start="2024-07-16T15:14:14.504932" elapsed="0.262015"/>
</kw>
<status status="PASS" start="2024-07-16T15:14:14.504932" elapsed="0.263018"/>
</kw>
<kw name="Fill the login form" owner="LoginResource">
<kw name="Input Text" owner="SeleniumLibrary">
<msg time="2024-07-16T15:14:14.768951" level="INFO">Typing text 'sandhiyas' into text field 'css:input[placeholder="User"]'.</msg>
<arg>${username}</arg>
<arg>${user}</arg>
<doc>Types the given ``text`` into the text field identified by ``locator``.</doc>
<status status="PASS" start="2024-07-16T15:14:14.768951" elapsed="0.178266"/>
</kw>
<kw name="Input Password" owner="SeleniumLibrary">
<msg time="2024-07-16T15:14:14.947217" level="INFO">Typing password into text field 'css:input[placeholder="Password"]'.</msg>
<msg time="2024-07-16T15:14:14.998016" level="INFO">Temporally setting log level to: NONE</msg>
<arg>${password}</arg>
<arg>${pass}</arg>
<doc>Types the given password into the text field identified by ``locator``.</doc>
<status status="PASS" start="2024-07-16T15:14:14.947217" elapsed="0.119955"/>
</kw>
<arg>sandhiyas</arg>
<arg>Sand@123</arg>
<status status="PASS" start="2024-07-16T15:14:14.767950" elapsed="0.299222"/>
</kw>
<kw name="click the login button" owner="LoginResource">
<kw name="Click Button" owner="SeleniumLibrary">
<msg time="2024-07-16T15:14:15.069619" level="INFO">Clicking button 'xpath://button[@class="btn d-flex justify-content-center align-items-center w-100 h-100 btn-primary btn-action-primary"]'.</msg>
<arg>${submit_btn}</arg>
<doc>Clicks the button identified by ``locator``.</doc>
<status status="PASS" start="2024-07-16T15:14:15.069619" elapsed="0.076112"/>
</kw>
<status status="PASS" start="2024-07-16T15:14:15.068613" elapsed="0.077118"/>
</kw>
<kw name="Click the Banking Option" owner="HomeResource">
<kw name="Wait Until Element Is Visible" owner="SeleniumLibrary">
<arg>${Banking}</arg>
<doc>Waits until the element ``locator`` is visible.</doc>
<status status="PASS" start="2024-07-16T15:14:15.146737" elapsed="1.099038"/>
</kw>
<kw name="Click Element" owner="SeleniumLibrary">
<msg time="2024-07-16T15:14:16.246781" level="INFO">Clicking element 'xpath://div[text()='Banking']'.</msg>
<arg>${Banking}</arg>
<doc>Click the element identified by ``locator``.</doc>
<status status="PASS" start="2024-07-16T15:14:16.246781" elapsed="0.153937"/>
</kw>
<status status="PASS" start="2024-07-16T15:14:15.145731" elapsed="1.254987"/>
</kw>
<kw name="Verify the Banking page is displayed" owner="HomeResource">
<kw name="Element Text Should Be" owner="SeleniumLibrary">
<msg time="2024-07-16T15:14:16.403093" level="INFO">Verifying element 'xpath://div[text()='Banking']' contains exact text 'Banking'.</msg>
<arg>${Banking_page_verify}</arg>
<arg>${Banking_page_keyword}</arg>
<doc>Verifies that element ``locator`` contains exact the text ``expected``.</doc>
<status status="PASS" start="2024-07-16T15:14:16.402087" elapsed="0.038293"/>
</kw>
<status status="PASS" start="2024-07-16T15:14:16.400718" elapsed="0.039662"/>
</kw>
<kw name="Verify the Receive payment page" owner="ReceivePaymentResouce">
<kw name="Wait Until Element Is Visible" owner="SeleniumLibrary">
<msg time="2024-07-16T15:14:21.850616" level="INFO" html="true">&lt;/td&gt;&lt;/tr&gt;&lt;tr&gt;&lt;td colspan="3"&gt;&lt;a href="33-selenium-screenshot-1.png"&gt;&lt;img src="33-selenium-screenshot-1.png" width="800px"&gt;&lt;/a&gt;</msg>
<msg time="2024-07-16T15:14:21.850616" level="FAIL">Element 'xpath://div[@class='menu-group']//span[text()='Receive payment']' not visible after 5 seconds.</msg>
<arg>${receive_payment}</arg>
<doc>Waits until the element ``locator`` is visible.</doc>
<status status="FAIL" start="2024-07-16T15:14:16.441384" elapsed="5.411362">Element 'xpath://div[@class='menu-group']//span[text()='Receive payment']' not visible after 5 seconds.</status>
</kw>
<kw name="Click Element" owner="SeleniumLibrary">
<arg>${receive_payment}</arg>
<doc>Click the element identified by ``locator``.</doc>
<status status="NOT RUN" start="2024-07-16T15:14:21.853802" elapsed="0.000000"/>
</kw>
<kw name="Element Text Should Be" owner="SeleniumLibrary">
<arg>${rec_pay_verify}</arg>
<arg>${rec_pay_verify_keyword}</arg>
<doc>Verifies that element ``locator`` contains exact the text ``expected``.</doc>
<status status="NOT RUN" start="2024-07-16T15:14:21.853802" elapsed="0.001003"/>
</kw>
<status status="FAIL" start="2024-07-16T15:14:16.440380" elapsed="5.414425">Element 'xpath://div[@class='menu-group']//span[text()='Receive payment']' not visible after 5 seconds.</status>
</kw>
<kw name="Fill the receive payment form with data" owner="ReceivePaymentResouce">
<arg>${user}</arg>
<arg>${amount}</arg>
<status status="NOT RUN" start="2024-07-16T15:14:21.854805" elapsed="0.000000"/>
</kw>
<kw name="Select the schedule" owner="ReceivePaymentResouce">
<status status="NOT RUN" start="2024-07-16T15:14:21.855963" elapsed="0.000000"/>
</kw>
<kw name="Fill the description" owner="ReceivePaymentResouce">
<arg>${description}</arg>
<status status="NOT RUN" start="2024-07-16T15:14:21.856986" elapsed="0.000000"/>
</kw>
<kw name="Click the next button" owner="ReceivePaymentResouce">
<status status="NOT RUN" start="2024-07-16T15:14:21.857977" elapsed="0.000995"/>
</kw>
<kw name="Verify the confirmation page is displayed" owner="ReceivePaymentResouce">
<status status="NOT RUN" start="2024-07-16T15:14:21.858972" elapsed="0.000000"/>
</kw>
<arg>user=demo</arg>
<arg>amount=10</arg>
<arg>description=Receive payment from users</arg>
<tag>smoke</tag>
<doc>This checks the Receive payment functionality with valid data</doc>
<status status="FAIL" start="2024-07-16T15:14:12.329982" elapsed="9.529989">Element 'xpath://div[@class='menu-group']//span[text()='Receive payment']' not visible after 5 seconds.</status>
</kw>
<kw name="Close Browser Session" owner="GenericResource" type="TEARDOWN">
<kw name="Close Browser" owner="SeleniumLibrary">
<doc>Closes the current browser.</doc>
<status status="PASS" start="2024-07-16T15:14:21.860971" elapsed="7.284163"/>
</kw>
<status status="PASS" start="2024-07-16T15:14:21.859971" elapsed="7.285163"/>
</kw>
<status status="FAIL" start="2024-07-16T15:14:07.546395" elapsed="21.598739">Element 'xpath://div[@class='menu-group']//span[text()='Receive payment']' not visible after 5 seconds.</status>
</test>
<doc>This checks the Receive payment fubctionality</doc>
<status status="FAIL" start="2024-07-16T15:14:05.159552" elapsed="23.988880"/>
</suite>
<doc>[https://pabot.org/?ref=log|Pabot] result from 34 executions.</doc>
<status status="FAIL" start="2024-07-16T15:08:31.282000" elapsed="178.219829"/>
</suite>
<statistics>
<total>
<stat pass="41" fail="9" skip="0">All Tests</stat>
</total>
<tag>
<stat pass="3" fail="2" skip="0">Regression</stat>
<stat pass="2" fail="0" skip="0">Retest</stat>
<stat pass="14" fail="0" skip="0">Smoke</stat>
<stat pass="0" fail="1" skip="0">wishlist</stat>
</tag>
<suite>
<stat pass="41" fail="9" skip="0" id="s1" name="TestCases">TestCases</stat>
<stat pass="6" fail="1" skip="0" id="s1-s1" name="Test Advertisement">TestCases.Test Advertisement</stat>
<stat pass="1" fail="0" skip="0" id="s1-s2" name="Test Logout">TestCases.Test Logout</stat>
<stat pass="2" fail="0" skip="0" id="s1-s3" name="Test Myadvertisement">TestCases.Test Myadvertisement</stat>
<stat pass="1" fail="0" skip="0" id="s1-s4" name="Test Pay User Invalid">TestCases.Test Pay User Invalid</stat>
<stat pass="1" fail="0" skip="0" id="s1-s5" name="Test Payment To User">TestCases.Test Payment To User</stat>
<stat pass="1" fail="0" skip="0" id="s1-s6" name="Test Register">TestCases.Test Register</stat>
<stat pass="4" fail="0" skip="0" id="s1-s7" name="Test User Payment">TestCases.Test User Payment</stat>
<stat pass="1" fail="0" skip="0" id="s1-s8" name="test Blankfields">TestCases.test Blankfields</stat>
<stat pass="0" fail="1" skip="0" id="s1-s9" name="test addUserToContact">TestCases.test addUserToContact</stat>
<stat pass="1" fail="0" skip="0" id="s1-s10" name="test alreadyExistsEmail">TestCases.test alreadyExistsEmail</stat>
<stat pass="1" fail="0" skip="0" id="s1-s11" name="test blankAmount">TestCases.test blankAmount</stat>
<stat pass="1" fail="0" skip="0" id="s1-s12" name="test blankAmountQRcode">TestCases.test blankAmountQRcode</stat>
<stat pass="0" fail="1" skip="0" id="s1-s13" name="test blankAmountReceivePay">TestCases.test blankAmountReceivePay</stat>
<stat pass="0" fail="1" skip="0" id="s1-s14" name="test blankDescReceivePay">TestCases.test blankDescReceivePay</stat>
<stat pass="1" fail="0" skip="0" id="s1-s15" name="test blankDescripQRcode">TestCases.test blankDescripQRcode</stat>
<stat pass="1" fail="0" skip="0" id="s1-s16" name="test blankFieldRegister">TestCases.test blankFieldRegister</stat>
<stat pass="1" fail="0" skip="0" id="s1-s17" name="test blankQRcode">TestCases.test blankQRcode</stat>
<stat pass="0" fail="1" skip="0" id="s1-s18" name="test blankUserReceivePay">TestCases.test blankUserReceivePay</stat>
<stat pass="1" fail="0" skip="0" id="s1-s19" name="test blankUserfields">TestCases.test blankUserfields</stat>
<stat pass="1" fail="0" skip="0" id="s1-s20" name="test businessDirectory">TestCases.test businessDirectory</stat>
<stat pass="0" fail="1" skip="0" id="s1-s21" name="test cancel recurringPayment">TestCases.test cancel recurringPayment</stat>
<stat pass="1" fail="0" skip="0" id="s1-s22" name="test confirmPasswordRegister">TestCases.test confirmPasswordRegister</stat>
<stat pass="1" fail="0" skip="0" id="s1-s23" name="test invalidEmailRegister">TestCases.test invalidEmailRegister</stat>
<stat pass="1" fail="0" skip="0" id="s1-s24" name="test invalidKeyBusinessDirectory">TestCases.test invalidKeyBusinessDirectory</stat>
<stat pass="3" fail="0" skip="0" id="s1-s25" name="test invalidLogin">TestCases.test invalidLogin</stat>
<stat pass="1" fail="0" skip="0" id="s1-s26" name="test invalidPasswordRegister">TestCases.test invalidPasswordRegister</stat>
<stat pass="0" fail="1" skip="0" id="s1-s27" name="test invalidReceivePay">TestCases.test invalidReceivePay</stat>
<stat pass="1" fail="0" skip="0" id="s1-s28" name="test mandatoryFieldRegister">TestCases.test mandatoryFieldRegister</stat>
<stat pass="1" fail="0" skip="0" id="s1-s29" name="test memberAccount">TestCases.test memberAccount</stat>
<stat pass="4" fail="0" skip="0" id="s1-s30" name="test receiveQRcode">TestCases.test receiveQRcode</stat>
<stat pass="0" fail="1" skip="0" id="s1-s31" name="test recurringPayment">TestCases.test recurringPayment</stat>
<stat pass="2" fail="0" skip="0" id="s1-s32" name="test validLogin">TestCases.test validLogin</stat>
<stat pass="1" fail="0" skip="0" id="s1-s33" name="test validQRcode">TestCases.test validQRcode</stat>
<stat pass="0" fail="1" skip="0" id="s1-s34" name="test validReceivePay">TestCases.test validReceivePay</stat>
</suite>
</statistics>
<errors>
<msg time="2024-07-16T15:13:18.846848" level="WARN">Multiple tests with name 'inValid Login Test' executed in suite 'TestCases.test invalidLogin'.</msg>
<msg time="2024-07-16T15:13:32.218324" level="WARN">Multiple tests with name 'inValid Login Test' executed in suite 'TestCases.test invalidLogin'.</msg>
<msg time="2024-07-16T15:14:18.300888" level="WARN">Multiple tests with name 'Valid Login Test case' executed in suite 'TestCases.test validLogin'.</msg>
</errors>
</robot>
