<?xml version="1.0" encoding="UTF-8"?>
<robot generator="Robot 7.0 (Python 3.12.2 on win32)" generated="2024-07-16T15:13:25.415585" rpa="false" schemaversion="5">
<suite id="s1" name="TestCases" source="C:\Users\ASUS\Desktop\PilotProject_Cyclos_Team1-1\TestCases">
<suite id="s1-s1" name="test memberAccount" source="C:\Users\ASUS\Desktop\PilotProject_Cyclos_Team1-1\TestCases\test_memberAccount.robot">
<test id="s1-s1-t1" name="Validate the Member Account" line="13">
<kw name="Open the Browser with URL" owner="GenericResource" type="SETUP">
<kw name="Create Webdriver" owner="SeleniumLibrary">
<msg time="2024-07-16T15:13:25.950772" level="INFO">Creating an instance of the Chrome WebDriver.</msg>
<arg>${brower_name}</arg>
<doc>Creates an instance of Selenium WebDriver.</doc>
<status status="PASS" start="2024-07-16T15:13:25.950772" elapsed="3.141143"/>
</kw>
<kw name="Go To" owner="SeleniumLibrary">
<msg time="2024-07-16T15:13:29.092915" level="INFO">Opening url 'https://demo.cyclos.org/ui/home'</msg>
<arg>${url}</arg>
<doc>Navigates the current browser window to the provided ``url``.</doc>
<status status="PASS" start="2024-07-16T15:13:29.092915" elapsed="2.744308"/>
</kw>
<kw name="Maximize Browser Window" owner="SeleniumLibrary">
<doc>Maximizes current browser window.</doc>
<status status="PASS" start="2024-07-16T15:13:31.837223" elapsed="0.101065"/>
</kw>
<kw name="Set Selenium Implicit Wait" owner="SeleniumLibrary">
<arg>5</arg>
<doc>Sets the implicit wait value used by Selenium.</doc>
<status status="PASS" start="2024-07-16T15:13:31.938288" elapsed="0.014164"/>
</kw>
<status status="PASS" start="2024-07-16T15:13:25.948772" elapsed="6.003680"/>
</kw>
<kw name="Go to Login Page" owner="HomeResource">
<kw name="Wait Until Element Is Visible" owner="SeleniumLibrary">
<arg>${login_btn}</arg>
<doc>Waits until the element ``locator`` is visible.</doc>
<status status="PASS" start="2024-07-16T15:13:31.953548" elapsed="3.792475"/>
</kw>
<kw name="Click Element" owner="SeleniumLibrary">
<msg time="2024-07-16T15:13:35.748023" level="INFO">Clicking element 'xpath:(//div[@class="ml-2"])[3]'.</msg>
<arg>${login_btn}</arg>
<doc>Click the element identified by ``locator``.</doc>
<status status="PASS" start="2024-07-16T15:13:35.746023" elapsed="0.840531"/>
</kw>
<status status="PASS" start="2024-07-16T15:13:31.952452" elapsed="4.637101"/>
</kw>
<kw name="Fill the login form" owner="LoginResource">
<kw name="Input Text" owner="SeleniumLibrary">
<msg time="2024-07-16T15:13:36.591676" level="INFO">Typing text 'dharun' into text field 'css:input[placeholder="User"]'.</msg>
<arg>${username}</arg>
<arg>${user}</arg>
<doc>Types the given ``text`` into the text field identified by ``locator``.</doc>
<status status="PASS" start="2024-07-16T15:13:36.591676" elapsed="0.469969"/>
</kw>
<kw name="Input Password" owner="SeleniumLibrary">
<msg time="2024-07-16T15:13:37.062650" level="INFO">Typing password into text field 'css:input[placeholder="Password"]'.</msg>
<msg time="2024-07-16T15:13:37.118840" level="INFO">Temporally setting log level to: NONE</msg>
<arg>${password}</arg>
<arg>${pass}</arg>
<doc>Types the given password into the text field identified by ``locator``.</doc>
<status status="PASS" start="2024-07-16T15:13:37.061645" elapsed="0.225569"/>
</kw>
<arg>dharun</arg>
<arg>1234</arg>
<status status="PASS" start="2024-07-16T15:13:36.590554" elapsed="0.697663"/>
</kw>
<kw name="click the login button" owner="LoginResource">
<kw name="Click Button" owner="SeleniumLibrary">
<msg time="2024-07-16T15:13:37.291220" level="INFO">Clicking button 'xpath://button[@class="btn d-flex justify-content-center align-items-center w-100 h-100 btn-primary btn-action-primary"]'.</msg>
<arg>${submit_btn}</arg>
<doc>Clicks the button identified by ``locator``.</doc>
<status status="PASS" start="2024-07-16T15:13:37.290215" elapsed="0.169566"/>
</kw>
<status status="PASS" start="2024-07-16T15:13:37.289221" elapsed="0.171565"/>
</kw>
<kw name="Click the Banking Option" owner="HomeResource">
<kw name="Wait Until Element Is Visible" owner="SeleniumLibrary">
<arg>${Banking}</arg>
<doc>Waits until the element ``locator`` is visible.</doc>
<status status="PASS" start="2024-07-16T15:13:37.461787" elapsed="0.902012"/>
</kw>
<kw name="Click Element" owner="SeleniumLibrary">
<msg time="2024-07-16T15:13:38.364798" level="INFO">Clicking element 'xpath://div[text()='Banking']'.</msg>
<arg>${Banking}</arg>
<doc>Click the element identified by ``locator``.</doc>
<status status="PASS" start="2024-07-16T15:13:38.363799" elapsed="0.347428"/>
</kw>
<status status="PASS" start="2024-07-16T15:13:37.460786" elapsed="1.250441"/>
</kw>
<kw name="Verify the Banking page is displayed" owner="HomeResource">
<kw name="Element Text Should Be" owner="SeleniumLibrary">
<msg time="2024-07-16T15:13:38.713234" level="INFO">Verifying element 'xpath://div[text()='Banking']' contains exact text 'Banking'.</msg>
<arg>${Banking_page_verify}</arg>
<arg>${Banking_page_keyword}</arg>
<doc>Verifies that element ``locator`` contains exact the text ``expected``.</doc>
<status status="PASS" start="2024-07-16T15:13:38.712227" elapsed="0.089205"/>
</kw>
<status status="PASS" start="2024-07-16T15:13:38.712227" elapsed="0.089205"/>
</kw>
<kw name="Verify the Member account page" owner="MemberAccountResource">
<kw name="Wait Until Element Is Visible" owner="SeleniumLibrary">
<arg>${Member_acc}</arg>
<doc>Waits until the element ``locator`` is visible.</doc>
<status status="PASS" start="2024-07-16T15:13:38.802431" elapsed="1.097484"/>
</kw>
<kw name="Click Element" owner="SeleniumLibrary">
<msg time="2024-07-16T15:13:39.900915" level="INFO">Clicking element 'xpath://div[text()='Member account']'.</msg>
<arg>${Member_acc}</arg>
<doc>Click the element identified by ``locator``.</doc>
<status status="PASS" start="2024-07-16T15:13:39.899915" elapsed="1.012320"/>
</kw>
<kw name="Element Text Should Be" owner="SeleniumLibrary">
<msg time="2024-07-16T15:13:40.913656" level="INFO">Verifying element 'xpath://div[text()=' Member account ']' contains exact text 'Member account'.</msg>
<arg>${Member_acc_keyword_xpath}</arg>
<arg>${Member_acc_keyword}</arg>
<doc>Verifies that element ``locator`` contains exact the text ``expected``.</doc>
<status status="PASS" start="2024-07-16T15:13:40.913656" elapsed="0.529196"/>
</kw>
<status status="PASS" start="2024-07-16T15:13:38.801432" elapsed="2.641420"/>
</kw>
<kw name="Verify the balance" owner="MemberAccountResource">
<kw name="Wait Until Element Is Visible" owner="SeleniumLibrary">
<arg>${balance_xpath}</arg>
<doc>Waits until the element ``locator`` is visible.</doc>
<status status="PASS" start="2024-07-16T15:13:41.446376" elapsed="0.051506"/>
</kw>
<kw name="Get Text" owner="SeleniumLibrary">
<msg time="2024-07-16T15:13:41.522264" level="INFO">${balance} = 503,00 IU's</msg>
<var>${balance}</var>
<arg>${balance_xpath}</arg>
<doc>Returns the text value of the element identified by ``locator``.</doc>
<status status="PASS" start="2024-07-16T15:13:41.497882" elapsed="0.024382"/>
</kw>
<kw name="Element Should Contain" owner="SeleniumLibrary">
<msg time="2024-07-16T15:13:41.547477" level="INFO">Element 'xpath://div[@class='status-label col-6 col-sm-3']/following-sibling::div' contains text '503,00 IU's'.</msg>
<arg>${balance_xpath}</arg>
<arg>${balance}</arg>
<doc>Verifies that element ``locator`` contains text ``expected``.</doc>
<status status="PASS" start="2024-07-16T15:13:41.522264" elapsed="0.025213"/>
</kw>
<status status="PASS" start="2024-07-16T15:13:41.443852" elapsed="0.103625"/>
</kw>
<kw name="Assert the transaction data" owner="MemberAccountResource">
<kw name="Wait Until Element Is Visible" owner="SeleniumLibrary">
<arg>${table_xpath}</arg>
<doc>Waits until the element ``locator`` is visible.</doc>
<status status="PASS" start="2024-07-16T15:13:41.548483" elapsed="0.039310"/>
</kw>
<kw name="Get Element Count" owner="SeleniumLibrary">
<msg time="2024-07-16T15:13:41.600573" level="INFO">${element_count} = 1</msg>
<var>${element_count}</var>
<arg>${table_xpath}</arg>
<doc>Returns the number of elements matching ``locator``.</doc>
<status status="PASS" start="2024-07-16T15:13:41.588802" elapsed="0.011771"/>
</kw>
<kw name="Should Not Be Equal As Numbers" owner="BuiltIn">
<msg time="2024-07-16T15:13:41.601581" level="INFO">Argument types are:
&lt;class 'str'&gt;
&lt;class 'int'&gt;</msg>
<arg>0</arg>
<arg>${element_count}</arg>
<doc>Fails if objects are equal after converting them to real numbers.</doc>
<status status="PASS" start="2024-07-16T15:13:41.600573" elapsed="0.001008"/>
</kw>
<status status="PASS" start="2024-07-16T15:13:41.548483" elapsed="0.053098"/>
</kw>
<kw name="Close Browser Session" owner="GenericResource" type="TEARDOWN">
<kw name="Close Browser" owner="SeleniumLibrary">
<doc>Closes the current browser.</doc>
<status status="PASS" start="2024-07-16T15:13:41.602581" elapsed="8.253470"/>
</kw>
<status status="PASS" start="2024-07-16T15:13:41.601581" elapsed="8.254470"/>
</kw>
<doc>validate the balance and transaction</doc>
<tag>smoke</tag>
<status status="PASS" start="2024-07-16T15:13:25.946772" elapsed="23.909279"/>
</test>
<doc>This checks the Member account fubctionality</doc>
<status status="PASS" start="2024-07-16T15:13:25.468561" elapsed="24.389489"/>
</suite>
<status status="PASS" start="2024-07-16T15:13:25.447558" elapsed="24.411668"/>
</suite>
<statistics>
<total>
<stat pass="1" fail="0" skip="0">All Tests</stat>
</total>
<tag>
<stat pass="1" fail="0" skip="0">smoke</stat>
</tag>
<suite>
<stat pass="1" fail="0" skip="0" id="s1" name="TestCases">TestCases</stat>
<stat pass="1" fail="0" skip="0" id="s1-s1" name="test memberAccount">TestCases.test memberAccount</stat>
</suite>
</statistics>
<errors>
</errors>
</robot>
