<?xml version="1.0" encoding="UTF-8"?>
<robot generator="Robot 7.0 (Python 3.12.2 on win32)" generated="2024-07-16T15:09:07.275585" rpa="false" schemaversion="5">
<suite id="s1" name="TestCases" source="C:\Users\ASUS\Desktop\PilotProject_Cyclos_Team1-1\TestCases">
<suite id="s1-s1" name="Test Payment To User" source="C:\Users\ASUS\Desktop\PilotProject_Cyclos_Team1-1\TestCases\test_payment_to_user.robot">
<test id="s1-s1-t1" name="To validate payment" line="20">
<kw name="Open the Browser with URL" owner="GenericResource" type="SETUP">
<kw name="Create Webdriver" owner="SeleniumLibrary">
<msg time="2024-07-16T15:09:09.533030" level="INFO">Creating an instance of the Chrome WebDriver.</msg>
<arg>${brower_name}</arg>
<doc>Creates an instance of Selenium WebDriver.</doc>
<status status="PASS" start="2024-07-16T15:09:09.531909" elapsed="2.068067"/>
</kw>
<kw name="Go To" owner="SeleniumLibrary">
<msg time="2024-07-16T15:09:11.601114" level="INFO">Opening url 'https://demo.cyclos.org/ui/home'</msg>
<arg>${url}</arg>
<doc>Navigates the current browser window to the provided ``url``.</doc>
<status status="PASS" start="2024-07-16T15:09:11.601114" elapsed="3.313991"/>
</kw>
<kw name="Maximize Browser Window" owner="SeleniumLibrary">
<doc>Maximizes current browser window.</doc>
<status status="PASS" start="2024-07-16T15:09:14.915105" elapsed="0.094337"/>
</kw>
<kw name="Set Selenium Implicit Wait" owner="SeleniumLibrary">
<arg>5</arg>
<doc>Sets the implicit wait value used by Selenium.</doc>
<status status="PASS" start="2024-07-16T15:09:15.009442" elapsed="0.002006"/>
</kw>
<status status="PASS" start="2024-07-16T15:09:09.530905" elapsed="5.480543"/>
</kw>
<kw name="To validate payment to user functionality with valid amount">
<kw name="Go to Login Page" owner="HomeResource">
<kw name="Wait Until Element Is Visible" owner="SeleniumLibrary">
<arg>${login_btn}</arg>
<doc>Waits until the element ``locator`` is visible.</doc>
<status status="PASS" start="2024-07-16T15:09:15.014448" elapsed="3.623149"/>
</kw>
<kw name="Click Element" owner="SeleniumLibrary">
<msg time="2024-07-16T15:09:18.638597" level="INFO">Clicking element 'xpath:(//div[@class="ml-2"])[3]'.</msg>
<arg>${login_btn}</arg>
<doc>Click the element identified by ``locator``.</doc>
<status status="PASS" start="2024-07-16T15:09:18.638597" elapsed="0.167147"/>
</kw>
<status status="PASS" start="2024-07-16T15:09:15.013448" elapsed="3.792296"/>
</kw>
<kw name="Fill the login form" owner="LoginResource">
<kw name="Input Text" owner="SeleniumLibrary">
<msg time="2024-07-16T15:09:18.807745" level="INFO">Typing text 'sandhiyas' into text field 'css:input[placeholder="User"]'.</msg>
<arg>${username}</arg>
<arg>${user}</arg>
<doc>Types the given ``text`` into the text field identified by ``locator``.</doc>
<status status="PASS" start="2024-07-16T15:09:18.807745" elapsed="0.228195"/>
</kw>
<kw name="Input Password" owner="SeleniumLibrary">
<msg time="2024-07-16T15:09:19.036947" level="INFO">Typing password into text field 'css:input[placeholder="Password"]'.</msg>
<msg time="2024-07-16T15:09:19.222998" level="INFO">Temporally setting log level to: NONE</msg>
<arg>${password}</arg>
<arg>${pass}</arg>
<doc>Types the given password into the text field identified by ``locator``.</doc>
<status status="PASS" start="2024-07-16T15:09:19.035940" elapsed="0.742210"/>
</kw>
<arg>sandhiyas</arg>
<arg>Sand@123</arg>
<status status="PASS" start="2024-07-16T15:09:18.806746" elapsed="0.971404"/>
</kw>
<kw name="click the login button" owner="LoginResource">
<kw name="Click Button" owner="SeleniumLibrary">
<msg time="2024-07-16T15:09:19.780638" level="INFO">Clicking button 'xpath://button[@class="btn d-flex justify-content-center align-items-center w-100 h-100 btn-primary btn-action-primary"]'.</msg>
<arg>${submit_btn}</arg>
<doc>Clicks the button identified by ``locator``.</doc>
<status status="PASS" start="2024-07-16T15:09:19.779423" elapsed="0.128915"/>
</kw>
<status status="PASS" start="2024-07-16T15:09:19.779423" elapsed="0.128915"/>
</kw>
<kw name="Click on the Banking button" owner="HomeResource">
<kw name="Wait Until Element Is Visible" owner="SeleniumLibrary">
<arg>${Banking}</arg>
<doc>Waits until the element ``locator`` is visible.</doc>
<status status="PASS" start="2024-07-16T15:09:19.910372" elapsed="1.044090"/>
</kw>
<kw name="Click Element" owner="SeleniumLibrary">
<msg time="2024-07-16T15:09:20.955462" level="INFO">Clicking element 'xpath://div[text()='Banking']'.</msg>
<arg>${Banking}</arg>
<doc>Click the element identified by ``locator``.</doc>
<status status="PASS" start="2024-07-16T15:09:20.954462" elapsed="0.067732"/>
</kw>
<status status="PASS" start="2024-07-16T15:09:19.909847" elapsed="1.113382"/>
</kw>
<kw name="Select the option payment to user" owner="PaymentUser">
<kw name="Wait Until Element Is Visible" owner="SeleniumLibrary">
<arg>${select_payment_to_user}</arg>
<doc>Waits until the element ``locator`` is visible.</doc>
<status status="PASS" start="2024-07-16T15:09:21.024236" elapsed="1.343063"/>
</kw>
<kw name="Click Element" owner="SeleniumLibrary">
<msg time="2024-07-16T15:09:22.368299" level="INFO">Clicking element 'xpath://div[text()="Payment to user"]'.</msg>
<arg>${select_payment_to_user}</arg>
<doc>Click the element identified by ``locator``.</doc>
<status status="PASS" start="2024-07-16T15:09:22.367299" elapsed="0.169387"/>
</kw>
<status status="PASS" start="2024-07-16T15:09:21.023229" elapsed="1.514457"/>
</kw>
<kw name="verify the payment to user page open" owner="PaymentUser">
<kw name="Element Text Should Be" owner="SeleniumLibrary">
<msg time="2024-07-16T15:09:22.539690" level="INFO">Verifying element 'xpath://div[@class="content-title d-flex"]//div' contains exact text 'Payment to user'.</msg>
<arg>${payment_user_title}</arg>
<arg>Payment to user</arg>
<doc>Verifies that element ``locator`` contains exact the text ``expected``.</doc>
<status status="PASS" start="2024-07-16T15:09:22.538686" elapsed="0.327740"/>
</kw>
<status status="PASS" start="2024-07-16T15:09:22.537686" elapsed="0.328740"/>
</kw>
<kw name="Enter the username in the to user field" owner="PaymentUser">
<kw name="Input Text" owner="SeleniumLibrary">
<msg time="2024-07-16T15:09:22.867935" level="INFO">Typing text 'dinesh dk' into text field 'xpath://input[@placeholder="Type to search"]'.</msg>
<arg>${to_User}</arg>
<arg>${user_name}</arg>
<doc>Types the given ``text`` into the text field identified by ``locator``.</doc>
<status status="PASS" start="2024-07-16T15:09:22.866426" elapsed="0.105426"/>
</kw>
<arg>${user_name}</arg>
<status status="PASS" start="2024-07-16T15:09:22.866426" elapsed="0.106433"/>
</kw>
<kw name="Select the user" owner="PaymentUser">
<kw name="Click Element" owner="SeleniumLibrary">
<msg time="2024-07-16T15:09:22.974859" level="INFO">Clicking element 'xpath://div[@class="dropdown-menu show"]//a[1]'.</msg>
<arg>${select_user}</arg>
<doc>Click the element identified by ``locator``.</doc>
<status status="PASS" start="2024-07-16T15:09:22.974859" elapsed="0.849068"/>
</kw>
<status status="PASS" start="2024-07-16T15:09:22.972859" elapsed="0.851068"/>
</kw>
<kw name="Enter the valid amount in the amount field" owner="PaymentUser">
<kw name="Input Text" owner="SeleniumLibrary">
<msg time="2024-07-16T15:09:23.827957" level="INFO">Typing text '10' into text field 'xpath://div[@class="input-group"]//input'.</msg>
<arg>${amount}</arg>
<arg>${amount_data}</arg>
<doc>Types the given ``text`` into the text field identified by ``locator``.</doc>
<status status="PASS" start="2024-07-16T15:09:23.826935" elapsed="0.121186"/>
</kw>
<arg>${amount_data}</arg>
<status status="PASS" start="2024-07-16T15:09:23.824932" elapsed="0.123189"/>
</kw>
<kw name="Click the scheduling dropdown button" owner="PaymentUser">
<kw name="Click Element" owner="SeleniumLibrary">
<msg time="2024-07-16T15:09:23.950120" level="INFO">Clicking element 'xpath://button[@title="Pay now"]'.</msg>
<arg>${Scheduling}</arg>
<doc>Click the element identified by ``locator``.</doc>
<status status="PASS" start="2024-07-16T15:09:23.949121" elapsed="0.616363"/>
</kw>
<status status="PASS" start="2024-07-16T15:09:23.948121" elapsed="0.617363"/>
</kw>
<kw name="Click the pay now option" owner="PaymentUser">
<kw name="Click Element" owner="SeleniumLibrary">
<msg time="2024-07-16T15:09:24.568480" level="INFO">Clicking element 'xpath://a[text()=' Pay now ']'.</msg>
<arg>${pay_now_option}</arg>
<doc>Click the element identified by ``locator``.</doc>
<status status="PASS" start="2024-07-16T15:09:24.567480" elapsed="0.071741"/>
</kw>
<status status="PASS" start="2024-07-16T15:09:24.566487" elapsed="0.072734"/>
</kw>
<kw name="Click the next Button in payment page" owner="PaymentUser">
<kw name="Wait Until Element Is Visible" owner="SeleniumLibrary">
<arg>${next}</arg>
<doc>Waits until the element ``locator`` is visible.</doc>
<status status="PASS" start="2024-07-16T15:09:24.641226" elapsed="0.026677"/>
</kw>
<kw name="Click Element" owner="SeleniumLibrary">
<msg time="2024-07-16T15:09:24.668906" level="INFO">Clicking element 'xpath://action-button[@class="d-inline-block button"]/button'.</msg>
<arg>${next}</arg>
<doc>Click the element identified by ``locator``.</doc>
<status status="PASS" start="2024-07-16T15:09:24.667903" elapsed="0.064384"/>
</kw>
<status status="PASS" start="2024-07-16T15:09:24.640226" elapsed="0.092061"/>
</kw>
<kw name="Click the confirm button in the payment page" owner="PaymentUser">
<kw name="Wait Until Element Is Visible" owner="SeleniumLibrary">
<arg>${confirm_button}</arg>
<doc>Waits until the element ``locator`` is visible.</doc>
<status status="PASS" start="2024-07-16T15:09:24.733288" elapsed="0.282550"/>
</kw>
<kw name="Click Element" owner="SeleniumLibrary">
<msg time="2024-07-16T15:09:25.016838" level="INFO">Clicking element 'xpath://span[text()='Confirm']'.</msg>
<arg>${confirm_button}</arg>
<doc>Click the element identified by ``locator``.</doc>
<status status="PASS" start="2024-07-16T15:09:25.016838" elapsed="0.122909"/>
</kw>
<status status="PASS" start="2024-07-16T15:09:24.732287" elapsed="0.407460"/>
</kw>
<kw name="verify the succesfull payment notification" owner="PaymentUser">
<kw name="Wait Until Element Is Visible" owner="SeleniumLibrary">
<arg>${successfull_payment_msg}</arg>
<doc>Waits until the element ``locator`` is visible.</doc>
<status status="PASS" start="2024-07-16T15:09:25.140750" elapsed="0.581595"/>
</kw>
<kw name="Element Text Should Be" owner="SeleniumLibrary">
<msg time="2024-07-16T15:09:25.723348" level="INFO">Verifying element 'xpath://div[@class="notification-message"]//div' contains exact text 'The payment was successfully processed'.</msg>
<arg>${successfull_payment_msg}</arg>
<arg>The payment was successfully processed</arg>
<doc>Verifies that element ``locator`` contains exact the text ``expected``.</doc>
<status status="PASS" start="2024-07-16T15:09:25.722345" elapsed="0.024022"/>
</kw>
<status status="PASS" start="2024-07-16T15:09:25.139747" elapsed="0.606620"/>
</kw>
<arg>user_name=dinesh dk</arg>
<arg>amount_data=10</arg>
<tag>Smoke</tag>
<doc>To validate the successfull payment notification</doc>
<status status="PASS" start="2024-07-16T15:09:15.012450" elapsed="10.733917"/>
</kw>
<kw name="Close Browser Session" owner="GenericResource" type="TEARDOWN">
<kw name="Close Browser" owner="SeleniumLibrary">
<doc>Closes the current browser.</doc>
<status status="PASS" start="2024-07-16T15:09:25.747372" elapsed="14.020787"/>
</kw>
<status status="PASS" start="2024-07-16T15:09:25.746367" elapsed="14.021792"/>
</kw>
<status status="PASS" start="2024-07-16T15:09:09.525801" elapsed="30.242358"/>
</test>
<doc>To validate Banking - payment to user Functionality</doc>
<status status="PASS" start="2024-07-16T15:09:07.331252" elapsed="32.439307"/>
</suite>
<status status="PASS" start="2024-07-16T15:09:07.304632" elapsed="32.471082"/>
</suite>
<statistics>
<total>
<stat pass="1" fail="0" skip="0">All Tests</stat>
</total>
<tag>
</tag>
<suite>
<stat pass="1" fail="0" skip="0" id="s1" name="TestCases">TestCases</stat>
<stat pass="1" fail="0" skip="0" id="s1-s1" name="Test Payment To User">TestCases.Test Payment To User</stat>
</suite>
</statistics>
<errors>
</errors>
</robot>
