<?xml version="1.0" encoding="UTF-8"?>
<robot generator="Robot 7.0 (Python 3.12.2 on win32)" generated="2024-07-16T15:10:14.488992" rpa="false" schemaversion="5">
<suite id="s1" name="TestCases" source="C:\Users\ASUS\Desktop\PilotProject_Cyclos_Team1-1\TestCases">
<suite id="s1-s1" name="test alreadyExistsEmail" source="C:\Users\ASUS\Desktop\PilotProject_Cyclos_Team1-1\TestCases\test_alreadyExistsEmail.robot">
<test id="s1-s1-t1" name="valid register Test case" line="13">
<kw name="Open the Browser with URL" owner="GenericResource" type="SETUP">
<kw name="Create Webdriver" owner="SeleniumLibrary">
<msg time="2024-07-16T15:10:17.921506" level="INFO">Creating an instance of the Chrome WebDriver.</msg>
<arg>${brower_name}</arg>
<doc>Creates an instance of Selenium WebDriver.</doc>
<status status="PASS" start="2024-07-16T15:10:17.919507" elapsed="2.212925"/>
</kw>
<kw name="Go To" owner="SeleniumLibrary">
<msg time="2024-07-16T15:10:20.133432" level="INFO">Opening url 'https://demo.cyclos.org/ui/home'</msg>
<arg>${url}</arg>
<doc>Navigates the current browser window to the provided ``url``.</doc>
<status status="PASS" start="2024-07-16T15:10:20.132432" elapsed="2.388551"/>
</kw>
<kw name="Maximize Browser Window" owner="SeleniumLibrary">
<doc>Maximizes current browser window.</doc>
<status status="PASS" start="2024-07-16T15:10:22.520983" elapsed="0.068372"/>
</kw>
<kw name="Set Selenium Implicit Wait" owner="SeleniumLibrary">
<arg>5</arg>
<doc>Sets the implicit wait value used by Selenium.</doc>
<status status="PASS" start="2024-07-16T15:10:22.589885" elapsed="0.001514"/>
</kw>
<status status="PASS" start="2024-07-16T15:10:17.918505" elapsed="4.672894"/>
</kw>
<kw name="Valid register with already existing email">
<kw name="Go to Register Page" owner="HomeResource">
<kw name="Wait Until Element Is Visible" owner="SeleniumLibrary">
<arg>${register_btn}</arg>
<doc>Waits until the element ``locator`` is visible.</doc>
<status status="PASS" start="2024-07-16T15:10:22.593399" elapsed="1.949889"/>
</kw>
<kw name="Click Element" owner="SeleniumLibrary">
<msg time="2024-07-16T15:10:24.544288" level="INFO">Clicking element 'xpath://div[text()=" Register "]'.</msg>
<arg>${register_btn}</arg>
<doc>Click the element identified by ``locator``.</doc>
<status status="PASS" start="2024-07-16T15:10:24.544288" elapsed="0.090169"/>
</kw>
<status status="PASS" start="2024-07-16T15:10:22.592399" elapsed="2.042058"/>
</kw>
<kw name="Verify Register Page opens" owner="RegisterResource">
<kw name="Element Should Contain" owner="SeleniumLibrary">
<msg time="2024-07-16T15:10:26.906202" level="INFO">Element 'xpath://div[text()=" User registration "]' contains text 'User registration'.</msg>
<arg>${verify_register}</arg>
<arg>User registration</arg>
<doc>Verifies that element ``locator`` contains text ``expected``.</doc>
<status status="PASS" start="2024-07-16T15:10:24.636975" elapsed="2.269227"/>
</kw>
<status status="PASS" start="2024-07-16T15:10:24.635896" elapsed="2.270306"/>
</kw>
<kw name="Fill the Required feilds" owner="RegisterResource">
<kw name="Input Text" owner="SeleniumLibrary">
<msg time="2024-07-16T15:10:26.907201" level="INFO">Typing text '  abc' into text field 'xpath://input-field[@formcontrolname="name"]/label-value/div/div/input'.</msg>
<arg>${name_field}</arg>
<arg>${name}</arg>
<doc>Types the given ``text`` into the text field identified by ``locator``.</doc>
<status status="PASS" start="2024-07-16T15:10:26.907201" elapsed="0.113541"/>
</kw>
<kw name="Input Text" owner="SeleniumLibrary">
<msg time="2024-07-16T15:10:27.020742" level="INFO">Typing text 'abc12345' into text field 'xpath://input-field[@formcontrolname="username"]/label-value/div/div/input'.</msg>
<arg>${loginName_field}</arg>
<arg>${login_name}</arg>
<doc>Types the given ``text`` into the text field identified by ``locator``.</doc>
<status status="PASS" start="2024-07-16T15:10:27.020742" elapsed="0.131421"/>
</kw>
<kw name="Input Text" owner="SeleniumLibrary">
<msg time="2024-07-16T15:10:27.154174" level="INFO">Typing text 'sandhiya110902@gmail.com' into text field 'xpath://input-field[@formcontrolname="email"]/input'.</msg>
<arg>${email_field}</arg>
<arg>${email}</arg>
<doc>Types the given ``text`` into the text field identified by ``locator``.</doc>
<status status="PASS" start="2024-07-16T15:10:27.153178" elapsed="0.199445"/>
</kw>
<arg>${name}</arg>
<arg>${login}</arg>
<arg>${email}</arg>
<status status="PASS" start="2024-07-16T15:10:26.906202" elapsed="0.446421"/>
</kw>
<kw name="Execute Javascript" owner="SeleniumLibrary">
<msg time="2024-07-16T15:10:27.354629" level="INFO">Executing JavaScript:
window.scrollTo(0, document.body.scrollHeight)
Without any arguments.</msg>
<arg>window.scrollTo(0, document.body.scrollHeight)</arg>
<doc>Executes the given JavaScript code with possible arguments.</doc>
<status status="PASS" start="2024-07-16T15:10:27.352623" elapsed="0.008333"/>
</kw>
<kw name="clicking next button for mandatory field" owner="RegisterResource">
<kw name="Wait Until Element Is Visible" owner="SeleniumLibrary">
<arg>${man_next_btn}</arg>
<doc>Waits until the element ``locator`` is visible.</doc>
<status status="PASS" start="2024-07-16T15:10:27.361959" elapsed="0.046605"/>
</kw>
<kw name="Click Button" owner="SeleniumLibrary">
<msg time="2024-07-16T15:10:27.409564" level="INFO">Clicking button 'xpath:(//action-button[@class="d-inline-block button"]/button)[2]'.</msg>
<arg>${man_next_btn}</arg>
<doc>Clicks the button identified by ``locator``.</doc>
<status status="PASS" start="2024-07-16T15:10:27.408564" elapsed="0.296416"/>
</kw>
<status status="PASS" start="2024-07-16T15:10:27.360956" elapsed="0.344024"/>
</kw>
<kw name="verification for email already exists" owner="RegisterResource">
<kw name="Element Text Should Be" owner="SeleniumLibrary">
<msg time="2024-07-16T15:10:27.705980" level="INFO">Verifying element 'css:div[class="invalid-feedback"]' contains exact text 'E-Mail must be unique.'.</msg>
<arg>${field_required}</arg>
<arg>E-Mail must be unique.</arg>
<doc>Verifies that element ``locator`` contains exact the text ``expected``.</doc>
<status status="PASS" start="2024-07-16T15:10:27.705980" elapsed="0.791819"/>
</kw>
<status status="PASS" start="2024-07-16T15:10:27.704980" elapsed="0.793997"/>
</kw>
<arg>name=  abc</arg>
<arg>login=abc12345</arg>
<arg>email=sandhiya110902@gmail.com</arg>
<tag>Regression</tag>
<status status="PASS" start="2024-07-16T15:10:22.592399" elapsed="5.906578"/>
</kw>
<kw name="Close Browser Session" owner="GenericResource" type="TEARDOWN">
<kw name="Close Browser" owner="SeleniumLibrary">
<doc>Closes the current browser.</doc>
<status status="PASS" start="2024-07-16T15:10:28.501227" elapsed="5.565388"/>
</kw>
<status status="PASS" start="2024-07-16T15:10:28.499988" elapsed="5.566627"/>
</kw>
<status status="PASS" start="2024-07-16T15:10:17.914506" elapsed="16.152109"/>
</test>
<doc>Test to Register Page</doc>
<status status="PASS" start="2024-07-16T15:10:14.546722" elapsed="19.521718"/>
</suite>
<status status="PASS" start="2024-07-16T15:10:14.521469" elapsed="19.548978"/>
</suite>
<statistics>
<total>
<stat pass="1" fail="0" skip="0">All Tests</stat>
</total>
<tag>
</tag>
<suite>
<stat pass="1" fail="0" skip="0" id="s1" name="TestCases">TestCases</stat>
<stat pass="1" fail="0" skip="0" id="s1-s1" name="test alreadyExistsEmail">TestCases.test alreadyExistsEmail</stat>
</suite>
</statistics>
<errors>
</errors>
</robot>
