<?xml version="1.0" encoding="UTF-8"?>
<robot generator="Robot 7.0 (Python 3.12.2 on win32)" generated="2024-07-17T09:12:42.484034" rpa="false" schemaversion="5">
<suite id="s1" name="PilotProject Cyclos Team1-1" source="C:\Users\ASUS\Desktop\PilotProject_Cyclos_Team1-1">
<suite id="s1-s1" name="TestCases" source="C:\Users\ASUS\Desktop\PilotProject_Cyclos_Team1-1\TestCases">
<suite id="s1-s1-s1" name="test cancel recurringPayment" source="C:\Users\ASUS\Desktop\PilotProject_Cyclos_Team1-1\TestCases\test_cancel_recurringPayment.robot">
<test id="s1-s1-s1-t1" name="To validate payment" line="17">
<kw name="Open the Browser with URL" owner="GenericResource" type="SETUP">
<kw name="Create Webdriver" owner="SeleniumLibrary">
<msg time="2024-07-17T09:12:43.535337" level="INFO">Creating an instance of the Chrome WebDriver.</msg>
<arg>${brower_name}</arg>
<doc>Creates an instance of Selenium WebDriver.</doc>
<status status="PASS" start="2024-07-17T09:12:43.535337" elapsed="2.045974"/>
</kw>
<kw name="Go To" owner="SeleniumLibrary">
<msg time="2024-07-17T09:12:45.582309" level="INFO">Opening url 'https://demo.cyclos.org/ui/home'</msg>
<arg>${url}</arg>
<doc>Navigates the current browser window to the provided ``url``.</doc>
<status status="PASS" start="2024-07-17T09:12:45.581311" elapsed="4.025957"/>
</kw>
<kw name="Maximize Browser Window" owner="SeleniumLibrary">
<doc>Maximizes current browser window.</doc>
<status status="PASS" start="2024-07-17T09:12:49.608274" elapsed="1.401567"/>
</kw>
<kw name="Set Selenium Implicit Wait" owner="SeleniumLibrary">
<arg>5</arg>
<doc>Sets the implicit wait value used by Selenium.</doc>
<status status="PASS" start="2024-07-17T09:12:51.009841" elapsed="0.005846"/>
</kw>
<status status="PASS" start="2024-07-17T09:12:43.534336" elapsed="7.481351"/>
</kw>
<kw name="To validate cancel the Recurring payment">
<kw name="Go to Login Page" owner="HomeResource">
<kw name="Wait Until Element Is Visible" owner="SeleniumLibrary">
<arg>${login_btn}</arg>
<doc>Waits until the element ``locator`` is visible.</doc>
<status status="PASS" start="2024-07-17T09:12:51.018692" elapsed="1.564132"/>
</kw>
<kw name="Click Element" owner="SeleniumLibrary">
<msg time="2024-07-17T09:12:52.584826" level="INFO">Clicking element 'xpath:(//div[@class="ml-2"])[3]'.</msg>
<arg>${login_btn}</arg>
<doc>Click the element identified by ``locator``.</doc>
<status status="PASS" start="2024-07-17T09:12:52.582824" elapsed="0.295260"/>
</kw>
<status status="PASS" start="2024-07-17T09:12:51.017692" elapsed="1.860392"/>
</kw>
<kw name="Fill the login form" owner="LoginResource">
<kw name="Input Text" owner="SeleniumLibrary">
<msg time="2024-07-17T09:12:52.880083" level="INFO">Typing text 'kavi123' into text field 'css:input[placeholder="User"]'.</msg>
<arg>${username}</arg>
<arg>${user}</arg>
<doc>Types the given ``text`` into the text field identified by ``locator``.</doc>
<status status="PASS" start="2024-07-17T09:12:52.879083" elapsed="0.477119"/>
</kw>
<kw name="Input Password" owner="SeleniumLibrary">
<msg time="2024-07-17T09:12:53.358209" level="INFO">Typing password into text field 'css:input[placeholder="Password"]'.</msg>
<msg time="2024-07-17T09:12:53.415917" level="INFO">Temporally setting log level to: NONE</msg>
<arg>${password}</arg>
<arg>${pass}</arg>
<doc>Types the given password into the text field identified by ``locator``.</doc>
<status status="PASS" start="2024-07-17T09:12:53.357209" elapsed="0.177969"/>
</kw>
<arg>kavi123</arg>
<arg>kavitha</arg>
<status status="PASS" start="2024-07-17T09:12:52.879083" elapsed="0.657094"/>
</kw>
<kw name="click the login button" owner="LoginResource">
<kw name="Click Button" owner="SeleniumLibrary">
<msg time="2024-07-17T09:12:53.537177" level="INFO">Clicking button 'xpath://button[@class="btn d-flex justify-content-center align-items-center w-100 h-100 btn-primary btn-action-primary"]'.</msg>
<arg>${submit_btn}</arg>
<doc>Clicks the button identified by ``locator``.</doc>
<status status="PASS" start="2024-07-17T09:12:53.536177" elapsed="0.172264"/>
</kw>
<status status="PASS" start="2024-07-17T09:12:53.536177" elapsed="0.172264"/>
</kw>
<kw name="Click on the Banking button" owner="HomeResource">
<kw name="Wait Until Element Is Visible" owner="SeleniumLibrary">
<arg>${Banking}</arg>
<doc>Waits until the element ``locator`` is visible.</doc>
<status status="PASS" start="2024-07-17T09:12:53.711470" elapsed="1.406686"/>
</kw>
<kw name="Click Element" owner="SeleniumLibrary">
<msg time="2024-07-17T09:12:55.119155" level="INFO">Clicking element 'xpath://div[text()='Banking']'.</msg>
<arg>${Banking}</arg>
<doc>Click the element identified by ``locator``.</doc>
<status status="PASS" start="2024-07-17T09:12:55.119155" elapsed="0.187583"/>
</kw>
<status status="PASS" start="2024-07-17T09:12:53.709441" elapsed="1.599296"/>
</kw>
<kw name="verify the Banking page open" owner="PaymentUser">
<kw name="Wait Until Element Is Visible" owner="SeleniumLibrary">
<arg>${Banking_title}</arg>
<doc>Waits until the element ``locator`` is visible.</doc>
<status status="PASS" start="2024-07-17T09:12:55.309736" elapsed="1.439221"/>
</kw>
<kw name="Element Text Should Be" owner="SeleniumLibrary">
<msg time="2024-07-17T09:12:56.751253" level="INFO">Verifying element 'xpath://div[@class="side-menu-header"]//following-sibling::div' contains exact text 'Banking'.</msg>
<arg>${Banking_title}</arg>
<arg>Banking</arg>
<doc>Verifies that element ``locator`` contains exact the text ``expected``.</doc>
<status status="PASS" start="2024-07-17T09:12:56.750233" elapsed="0.090677"/>
</kw>
<status status="PASS" start="2024-07-17T09:12:55.308737" elapsed="1.533175"/>
</kw>
<kw name="Select the option payment to user" owner="PaymentUser">
<kw name="Wait Until Element Is Visible" owner="SeleniumLibrary">
<arg>${select_payment_to_user}</arg>
<doc>Waits until the element ``locator`` is visible.</doc>
<status status="PASS" start="2024-07-17T09:12:56.845121" elapsed="0.070881"/>
</kw>
<kw name="Click Element" owner="SeleniumLibrary">
<msg time="2024-07-17T09:12:56.917505" level="INFO">Clicking element 'xpath://div[text()="Payment to user"]'.</msg>
<arg>${select_payment_to_user}</arg>
<doc>Click the element identified by ``locator``.</doc>
<status status="PASS" start="2024-07-17T09:12:56.916997" elapsed="0.159556"/>
</kw>
<status status="PASS" start="2024-07-17T09:12:56.841912" elapsed="0.234641"/>
</kw>
<kw name="verify the payment to user page open" owner="PaymentUser">
<kw name="Element Text Should Be" owner="SeleniumLibrary">
<msg time="2024-07-17T09:12:57.079552" level="INFO">Verifying element 'xpath://div[@class="content-title d-flex"]//div' contains exact text 'Payment to user'.</msg>
<arg>${payment_user_title}</arg>
<arg>Payment to user</arg>
<doc>Verifies that element ``locator`` contains exact the text ``expected``.</doc>
<status status="PASS" start="2024-07-17T09:12:57.078553" elapsed="0.389894"/>
</kw>
<status status="PASS" start="2024-07-17T09:12:57.077554" elapsed="0.391893"/>
</kw>
<kw name="Enter the username in the to user field" owner="PaymentUser">
<kw name="Input Text" owner="SeleniumLibrary">
<msg time="2024-07-17T09:12:57.471448" level="INFO">Typing text 'keerthisan' into text field 'xpath://input[@placeholder="Type to search"]'.</msg>
<arg>${to_User}</arg>
<arg>${user_name}</arg>
<doc>Types the given ``text`` into the text field identified by ``locator``.</doc>
<status status="PASS" start="2024-07-17T09:12:57.470448" elapsed="1.234258"/>
</kw>
<arg>${user_name}</arg>
<status status="PASS" start="2024-07-17T09:12:57.469447" elapsed="1.235259"/>
</kw>
<kw name="Select the user" owner="PaymentUser">
<kw name="Click Element" owner="SeleniumLibrary">
<msg time="2024-07-17T09:12:58.706711" level="INFO">Clicking element 'xpath://div[@class="dropdown-menu show"]//a[1]'.</msg>
<arg>${select_user}</arg>
<doc>Click the element identified by ``locator``.</doc>
<status status="PASS" start="2024-07-17T09:12:58.706711" elapsed="1.171152"/>
</kw>
<status status="PASS" start="2024-07-17T09:12:58.705711" elapsed="1.172152"/>
</kw>
<kw name="Enter the valid amount in the amount field" owner="PaymentUser">
<kw name="Input Text" owner="SeleniumLibrary">
<msg time="2024-07-17T09:12:59.878867" level="INFO">Typing text '10' into text field 'xpath://div[@class="input-group"]//input'.</msg>
<arg>${amount}</arg>
<arg>${amount_data}</arg>
<doc>Types the given ``text`` into the text field identified by ``locator``.</doc>
<status status="PASS" start="2024-07-17T09:12:59.878867" elapsed="0.433149"/>
</kw>
<arg>${amount_data}</arg>
<status status="PASS" start="2024-07-17T09:12:59.877863" elapsed="0.434153"/>
</kw>
<kw name="Click the scheduling dropdown button" owner="PaymentUser">
<kw name="Click Element" owner="SeleniumLibrary">
<msg time="2024-07-17T09:13:00.314020" level="INFO">Clicking element 'xpath://button[@title="Pay now"]'.</msg>
<arg>${Scheduling}</arg>
<doc>Click the element identified by ``locator``.</doc>
<status status="PASS" start="2024-07-17T09:13:00.313020" elapsed="1.652533"/>
</kw>
<status status="PASS" start="2024-07-17T09:13:00.313020" elapsed="1.652533"/>
</kw>
<kw name="Select the Recurring payment option" owner="PaymentUser">
<kw name="Click Element" owner="SeleniumLibrary">
<msg time="2024-07-17T09:13:01.967786" level="INFO">Clicking element 'xpath://a[text()=" Recurring payments "]'.</msg>
<arg>${recurring_payment}</arg>
<doc>Click the element identified by ``locator``.</doc>
<status status="PASS" start="2024-07-17T09:13:01.966553" elapsed="0.512915"/>
</kw>
<status status="PASS" start="2024-07-17T09:13:01.965553" elapsed="0.513915"/>
</kw>
<kw name="Click the process every dropdown list" owner="PaymentUser">
<kw name="Click Element" owner="SeleniumLibrary">
<msg time="2024-07-17T09:13:02.481675" level="INFO">Clicking element 'xpath:(//div[@class="w-100"])[2]//button'.</msg>
<arg>${click_process_every}</arg>
<doc>Click the element identified by ``locator``.</doc>
<status status="PASS" start="2024-07-17T09:13:02.481675" elapsed="0.265399"/>
</kw>
<status status="PASS" start="2024-07-17T09:13:02.480671" elapsed="0.266403"/>
</kw>
<kw name="Select the week in process every dropdown list" owner="PaymentUser">
<kw name="Click Element" owner="SeleniumLibrary">
<msg time="2024-07-17T09:13:02.751080" level="INFO">Clicking element 'xpath://a[text()=" Weeks "]'.</msg>
<arg>${click_week}</arg>
<doc>Click the element identified by ``locator``.</doc>
<status status="PASS" start="2024-07-17T09:13:02.749081" elapsed="0.232146"/>
</kw>
<status status="PASS" start="2024-07-17T09:13:02.747074" elapsed="0.234153"/>
</kw>
<kw name="Click the next Button in payment page" owner="PaymentUser">
<kw name="Wait Until Element Is Visible" owner="SeleniumLibrary">
<arg>${next}</arg>
<doc>Waits until the element ``locator`` is visible.</doc>
<status status="PASS" start="2024-07-17T09:13:02.982242" elapsed="0.093846"/>
</kw>
<kw name="Click Element" owner="SeleniumLibrary">
<msg time="2024-07-17T09:13:03.077096" level="INFO">Clicking element 'xpath://action-button[@class="d-inline-block button"]/button'.</msg>
<arg>${next}</arg>
<doc>Click the element identified by ``locator``.</doc>
<status status="PASS" start="2024-07-17T09:13:03.077096" elapsed="0.198626"/>
</kw>
<status status="PASS" start="2024-07-17T09:13:02.982242" elapsed="0.294774"/>
</kw>
<kw name="Click the confirm button in the payment page" owner="PaymentUser">
<kw name="Wait Until Element Is Visible" owner="SeleniumLibrary">
<arg>${confirm_button}</arg>
<doc>Waits until the element ``locator`` is visible.</doc>
<status status="PASS" start="2024-07-17T09:13:03.278022" elapsed="0.244317"/>
</kw>
<kw name="Click Element" owner="SeleniumLibrary">
<msg time="2024-07-17T09:13:03.523695" level="INFO">Clicking element 'xpath://span[text()='Confirm']'.</msg>
<arg>${confirm_button}</arg>
<doc>Click the element identified by ``locator``.</doc>
<status status="PASS" start="2024-07-17T09:13:03.522339" elapsed="0.090384"/>
</kw>
<status status="PASS" start="2024-07-17T09:13:03.277016" elapsed="0.336706"/>
</kw>
<kw name="Click Cancel the recurring payment" owner="PaymentUser">
<try>
<branch type="TRY">
<kw name="Wait Until Element Is Visible" owner="SeleniumLibrary">
<arg>${cancel_recurring_payment}</arg>
<doc>Waits until the element ``locator`` is visible.</doc>
<status status="PASS" start="2024-07-17T09:13:03.616959" elapsed="0.888949"/>
</kw>
<kw name="Click Element" owner="SeleniumLibrary">
<msg time="2024-07-17T09:13:04.508067" level="INFO">Clicking element 'xpath://div[text()='Cancel this recurring payment']'.</msg>
<arg>${cancel_recurring_payment}</arg>
<doc>Click the element identified by ``locator``.</doc>
<status status="PASS" start="2024-07-17T09:13:04.507063" elapsed="0.237145"/>
</kw>
<kw name="Click Element" owner="SeleniumLibrary">
<msg time="2024-07-17T09:13:04.745212" level="INFO">Clicking element 'xpath://span[text()='Confirm']'.</msg>
<arg>${confirm_button}</arg>
<doc>Click the element identified by ``locator``.</doc>
<status status="PASS" start="2024-07-17T09:13:04.745212" elapsed="0.085559"/>
</kw>
<status status="PASS" start="2024-07-17T09:13:03.614720" elapsed="1.216051"/>
</branch>
<branch type="EXCEPT">
<kw name="Log" owner="BuiltIn">
<arg>intentional failure.</arg>
<doc>Logs the given message with the given level.</doc>
<status status="NOT RUN" start="2024-07-17T09:13:04.831771" elapsed="0.000000"/>
</kw>
<status status="NOT RUN" start="2024-07-17T09:13:04.830771" elapsed="0.001000"/>
</branch>
<status status="PASS" start="2024-07-17T09:13:03.614720" elapsed="1.218051"/>
</try>
<status status="PASS" start="2024-07-17T09:13:03.614720" elapsed="1.218051"/>
</kw>
<kw name="verify the cancellation status" owner="PaymentUser">
<kw name="Wait Until Element Is Visible" owner="SeleniumLibrary">
<arg>${cancellation_status}</arg>
<doc>Waits until the element ``locator`` is visible.</doc>
<status status="PASS" start="2024-07-17T09:13:04.832771" elapsed="0.953705"/>
</kw>
<kw name="Element Text Should Be" owner="SeleniumLibrary">
<msg time="2024-07-17T09:13:05.787480" level="INFO">Verifying element 'xpath://div[text()=" Canceled "]' contains exact text 'Canceled'.</msg>
<arg>${cancellation_status}</arg>
<arg>Canceled</arg>
<doc>Verifies that element ``locator`` contains exact the text ``expected``.</doc>
<status status="PASS" start="2024-07-17T09:13:05.786476" elapsed="0.041149"/>
</kw>
<status status="PASS" start="2024-07-17T09:13:04.832771" elapsed="0.994854"/>
</kw>
<arg>user_name=keerthisan</arg>
<arg>amount_data=10</arg>
<tag>Smoke</tag>
<doc>To verify that the recurring payment is cancelled</doc>
<status status="PASS" start="2024-07-17T09:12:51.016693" elapsed="14.810932"/>
</kw>
<kw name="Close Browser Session" owner="GenericResource" type="TEARDOWN">
<kw name="Close Browser" owner="SeleniumLibrary">
<doc>Closes the current browser.</doc>
<status status="PASS" start="2024-07-17T09:13:05.829624" elapsed="3.266005"/>
</kw>
<status status="PASS" start="2024-07-17T09:13:05.828627" elapsed="3.267002"/>
</kw>
<status status="PASS" start="2024-07-17T09:12:43.531331" elapsed="25.564298"/>
</test>
<doc>To validate Banking - payment to user Functionality</doc>
<status status="PASS" start="2024-07-17T09:12:42.516497" elapsed="26.580134"/>
</suite>
<status status="PASS" start="2024-07-17T09:12:42.515497" elapsed="26.582133"/>
</suite>
<status status="PASS" start="2024-07-17T09:12:42.500980" elapsed="26.598160"/>
</suite>
<statistics>
<total>
<stat pass="1" fail="0" skip="0">All Tests</stat>
</total>
<tag>
</tag>
<suite>
<stat pass="1" fail="0" skip="0" id="s1" name="PilotProject Cyclos Team1-1">PilotProject Cyclos Team1-1</stat>
<stat pass="1" fail="0" skip="0" id="s1-s1" name="TestCases">PilotProject Cyclos Team1-1.TestCases</stat>
<stat pass="1" fail="0" skip="0" id="s1-s1-s1" name="test cancel recurringPayment">PilotProject Cyclos Team1-1.TestCases.test cancel recurringPayment</stat>
</suite>
</statistics>
<errors>
</errors>
</robot>
