<?xml version="1.0" encoding="UTF-8"?>
<robot generator="Robot 7.0 (Python 3.12.2 on win32)" generated="2024-07-16T15:11:27.626256" rpa="false" schemaversion="5">
<suite id="s1" name="TestCases" source="C:\Users\ASUS\Desktop\PilotProject_Cyclos_Team1-1\TestCases">
<suite id="s1-s1" name="test blankDescripQRcode" source="C:\Users\ASUS\Desktop\PilotProject_Cyclos_Team1-1\TestCases\test_blankDescripQRcode.robot">
<test id="s1-s1-t1" name="Validate Receive QR code with valid data" line="17">
<kw name="Open the Browser with URL" owner="GenericResource" type="SETUP">
<kw name="Create Webdriver" owner="SeleniumLibrary">
<msg time="2024-07-16T15:11:29.413998" level="INFO">Creating an instance of the Chrome WebDriver.</msg>
<arg>${brower_name}</arg>
<doc>Creates an instance of Selenium WebDriver.</doc>
<status status="PASS" start="2024-07-16T15:11:29.412996" elapsed="2.065313"/>
</kw>
<kw name="Go To" owner="SeleniumLibrary">
<msg time="2024-07-16T15:11:31.479307" level="INFO">Opening url 'https://demo.cyclos.org/ui/home'</msg>
<arg>${url}</arg>
<doc>Navigates the current browser window to the provided ``url``.</doc>
<status status="PASS" start="2024-07-16T15:11:31.478309" elapsed="2.821846"/>
</kw>
<kw name="Maximize Browser Window" owner="SeleniumLibrary">
<doc>Maximizes current browser window.</doc>
<status status="PASS" start="2024-07-16T15:11:34.301157" elapsed="0.088363"/>
</kw>
<kw name="Set Selenium Implicit Wait" owner="SeleniumLibrary">
<arg>5</arg>
<doc>Sets the implicit wait value used by Selenium.</doc>
<status status="PASS" start="2024-07-16T15:11:34.390535" elapsed="0.022487"/>
</kw>
<status status="PASS" start="2024-07-16T15:11:29.411703" elapsed="5.002319"/>
</kw>
<kw name="Validate the Receive QR code functionality with blank description">
<kw name="Go to Login Page" owner="HomeResource">
<kw name="Wait Until Element Is Visible" owner="SeleniumLibrary">
<arg>${login_btn}</arg>
<doc>Waits until the element ``locator`` is visible.</doc>
<status status="PASS" start="2024-07-16T15:11:34.415022" elapsed="2.016730"/>
</kw>
<kw name="Click Element" owner="SeleniumLibrary">
<msg time="2024-07-16T15:11:36.432759" level="INFO">Clicking element 'xpath:(//div[@class="ml-2"])[3]'.</msg>
<arg>${login_btn}</arg>
<doc>Click the element identified by ``locator``.</doc>
<status status="PASS" start="2024-07-16T15:11:36.432759" elapsed="0.188664"/>
</kw>
<status status="PASS" start="2024-07-16T15:11:34.415022" elapsed="2.207402"/>
</kw>
<kw name="Fill the login form" owner="LoginResource">
<kw name="Input Text" owner="SeleniumLibrary">
<msg time="2024-07-16T15:11:36.624424" level="INFO">Typing text 'sandhiyas' into text field 'css:input[placeholder="User"]'.</msg>
<arg>${username}</arg>
<arg>${user}</arg>
<doc>Types the given ``text`` into the text field identified by ``locator``.</doc>
<status status="PASS" start="2024-07-16T15:11:36.623424" elapsed="0.259117"/>
</kw>
<kw name="Input Password" owner="SeleniumLibrary">
<msg time="2024-07-16T15:11:36.887033" level="INFO">Typing password into text field 'css:input[placeholder="Password"]'.</msg>
<msg time="2024-07-16T15:11:36.966737" level="INFO">Temporally setting log level to: NONE</msg>
<arg>${password}</arg>
<arg>${pass}</arg>
<doc>Types the given password into the text field identified by ``locator``.</doc>
<status status="PASS" start="2024-07-16T15:11:36.885540" elapsed="0.162254"/>
</kw>
<arg>sandhiyas</arg>
<arg>Sand@123</arg>
<status status="PASS" start="2024-07-16T15:11:36.622424" elapsed="0.426370"/>
</kw>
<kw name="click the login button" owner="LoginResource">
<kw name="Click Button" owner="SeleniumLibrary">
<msg time="2024-07-16T15:11:37.051794" level="INFO">Clicking button 'xpath://button[@class="btn d-flex justify-content-center align-items-center w-100 h-100 btn-primary btn-action-primary"]'.</msg>
<arg>${submit_btn}</arg>
<doc>Clicks the button identified by ``locator``.</doc>
<status status="PASS" start="2024-07-16T15:11:37.050793" elapsed="0.092866"/>
</kw>
<status status="PASS" start="2024-07-16T15:11:37.049794" elapsed="0.093865"/>
</kw>
<kw name="Click the Banking Option" owner="HomeResource">
<kw name="Wait Until Element Is Visible" owner="SeleniumLibrary">
<arg>${Banking}</arg>
<doc>Waits until the element ``locator`` is visible.</doc>
<status status="PASS" start="2024-07-16T15:11:37.145666" elapsed="0.725675"/>
</kw>
<kw name="Click Element" owner="SeleniumLibrary">
<msg time="2024-07-16T15:11:37.871341" level="INFO">Clicking element 'xpath://div[text()='Banking']'.</msg>
<arg>${Banking}</arg>
<doc>Click the element identified by ``locator``.</doc>
<status status="PASS" start="2024-07-16T15:11:37.871341" elapsed="0.140949"/>
</kw>
<status status="PASS" start="2024-07-16T15:11:37.144666" elapsed="0.867624"/>
</kw>
<kw name="Verify the Banking page is displayed" owner="HomeResource">
<kw name="Element Text Should Be" owner="SeleniumLibrary">
<msg time="2024-07-16T15:11:38.014647" level="INFO">Verifying element 'xpath://div[text()='Banking']' contains exact text 'Banking'.</msg>
<arg>${Banking_page_verify}</arg>
<arg>${Banking_page_keyword}</arg>
<doc>Verifies that element ``locator`` contains exact the text ``expected``.</doc>
<status status="PASS" start="2024-07-16T15:11:38.013297" elapsed="0.049799"/>
</kw>
<status status="PASS" start="2024-07-16T15:11:38.012290" elapsed="0.050806"/>
</kw>
<kw name="Verify the Receive qr code page" owner="ReceiveQRcodeResources">
<kw name="Wait Until Element Is Visible" owner="SeleniumLibrary">
<arg>${receive_qr}</arg>
<doc>Waits until the element ``locator`` is visible.</doc>
<status status="PASS" start="2024-07-16T15:11:38.065096" elapsed="1.080636"/>
</kw>
<kw name="Click Element" owner="SeleniumLibrary">
<msg time="2024-07-16T15:11:39.146732" level="INFO">Clicking element 'xpath://div[text()='Receive QR-code']'.</msg>
<arg>${receive_qr}</arg>
<doc>Click the element identified by ``locator``.</doc>
<status status="PASS" start="2024-07-16T15:11:39.145732" elapsed="0.107935"/>
</kw>
<kw name="Element Text Should Be" owner="SeleniumLibrary">
<msg time="2024-07-16T15:11:39.254668" level="INFO">Verifying element 'xpath://div[text()=' Receive QR-code payment ']' contains exact text 'Receive QR-code payment'.</msg>
<arg>${Receive_qr_key_xpath}</arg>
<arg>${receive_qr_keyword}</arg>
<doc>Verifies that element ``locator`` contains exact the text ``expected``.</doc>
<status status="PASS" start="2024-07-16T15:11:39.253667" elapsed="0.338356"/>
</kw>
<status status="PASS" start="2024-07-16T15:11:38.064096" elapsed="1.527927"/>
</kw>
<kw name="Fill the payment form with data" owner="ReceiveQRcodeResources">
<kw name="Input Text" owner="SeleniumLibrary">
<msg time="2024-07-16T15:11:39.594024" level="INFO">Typing text '100' into text field 'css:div[class='input-group'] input'.</msg>
<arg>${amount_css}</arg>
<arg>${amount}</arg>
<doc>Types the given ``text`` into the text field identified by ``locator``.</doc>
<status status="PASS" start="2024-07-16T15:11:39.593025" elapsed="0.231415"/>
</kw>
<kw name="Input Text" owner="SeleniumLibrary">
<msg time="2024-07-16T15:11:39.825441" level="INFO">Typing text '' into text field 'css:div[class='label-value-container'] textarea'.</msg>
<arg>${descript_css}</arg>
<arg>${description}</arg>
<doc>Types the given ``text`` into the text field identified by ``locator``.</doc>
<status status="PASS" start="2024-07-16T15:11:39.824440" elapsed="0.098458"/>
</kw>
<kw name="Click Button" owner="SeleniumLibrary">
<msg time="2024-07-16T15:11:39.924897" level="INFO">Clicking button 'xpath://button[@class='btn d-flex justify-content-center align-items-center w-100 h-100 btn-primary']'.</msg>
<arg>${gen_qr}</arg>
<doc>Clicks the button identified by ``locator``.</doc>
<status status="PASS" start="2024-07-16T15:11:39.923897" elapsed="0.113653"/>
</kw>
<arg>${amount}</arg>
<arg>${blank_description}</arg>
<status status="PASS" start="2024-07-16T15:11:39.592023" elapsed="0.445527"/>
</kw>
<kw name="Verify the qr code is displayed" owner="ReceiveQRcodeResources">
<kw name="Wait Until Element Is Visible" owner="SeleniumLibrary">
<arg>${gen_qr}</arg>
<doc>Waits until the element ``locator`` is visible.</doc>
<status status="PASS" start="2024-07-16T15:11:40.038556" elapsed="0.026374"/>
</kw>
<kw name="Element Should Be Visible" owner="SeleniumLibrary">
<msg time="2024-07-16T15:11:40.087405" level="INFO">Element 'xpath://button[@class='btn d-flex justify-content-center align-items-center w-100 h-100 btn-primary']' is displayed.</msg>
<arg>${gen_qr}</arg>
<doc>Verifies that the element identified by ``locator`` is visible.</doc>
<status status="PASS" start="2024-07-16T15:11:40.066323" elapsed="0.021082"/>
</kw>
<status status="PASS" start="2024-07-16T15:11:40.037550" elapsed="0.051267"/>
</kw>
<arg>amount=100</arg>
<arg>blank_description=</arg>
<tag>regression</tag>
<doc>This checks the qr code with blank description</doc>
<status status="PASS" start="2024-07-16T15:11:34.414022" elapsed="5.674795"/>
</kw>
<kw name="Close Browser Session" owner="GenericResource" type="TEARDOWN">
<kw name="Close Browser" owner="SeleniumLibrary">
<doc>Closes the current browser.</doc>
<status status="PASS" start="2024-07-16T15:11:40.089823" elapsed="4.554250"/>
</kw>
<status status="PASS" start="2024-07-16T15:11:40.089823" elapsed="4.554250"/>
</kw>
<status status="PASS" start="2024-07-16T15:11:29.407703" elapsed="15.236370"/>
</test>
<doc>This checks the Receive QR code fubctionality</doc>
<status status="PASS" start="2024-07-16T15:11:27.668571" elapsed="16.976507"/>
</suite>
<status status="PASS" start="2024-07-16T15:11:27.647680" elapsed="16.999397"/>
</suite>
<statistics>
<total>
<stat pass="1" fail="0" skip="0">All Tests</stat>
</total>
<tag>
</tag>
<suite>
<stat pass="1" fail="0" skip="0" id="s1" name="TestCases">TestCases</stat>
<stat pass="1" fail="0" skip="0" id="s1-s1" name="test blankDescripQRcode">TestCases.test blankDescripQRcode</stat>
</suite>
</statistics>
<errors>
</errors>
</robot>
