<?xml version="1.0" encoding="UTF-8"?>
<robot generator="Robot 7.0 (Python 3.12.2 on win32)" generated="2024-07-16T16:00:15.515687" rpa="false" schemaversion="5">
<suite id="s1" name="TestCases" source="C:\Users\ASUS\Desktop\PilotProject_Cyclos_Team1-1\TestCases">
<suite id="s1-s1" name="test invalidEmailRegister" source="C:\Users\ASUS\Desktop\PilotProject_Cyclos_Team1-1\TestCases\test_invalidEmailRegister.robot">
<test id="s1-s1-t1" name="valid register Test case" line="13">
<kw name="Open the Browser with URL" owner="GenericResource" type="SETUP">
<kw name="Create Webdriver" owner="SeleniumLibrary">
<msg time="2024-07-16T16:00:19.550742" level="INFO">Creating an instance of the Chrome WebDriver.</msg>
<arg>${brower_name}</arg>
<doc>Creates an instance of Selenium WebDriver.</doc>
<status status="PASS" start="2024-07-16T16:00:19.550235" elapsed="3.024402"/>
</kw>
<kw name="Go To" owner="SeleniumLibrary">
<msg time="2024-07-16T16:00:22.575642" level="INFO">Opening url 'https://demo.cyclos.org/ui/home'</msg>
<arg>${url}</arg>
<doc>Navigates the current browser window to the provided ``url``.</doc>
<status status="PASS" start="2024-07-16T16:00:22.575642" elapsed="2.671401"/>
</kw>
<kw name="Maximize Browser Window" owner="SeleniumLibrary">
<doc>Maximizes current browser window.</doc>
<status status="PASS" start="2024-07-16T16:00:25.248469" elapsed="0.150246"/>
</kw>
<kw name="Set Selenium Implicit Wait" owner="SeleniumLibrary">
<arg>5</arg>
<doc>Sets the implicit wait value used by Selenium.</doc>
<status status="PASS" start="2024-07-16T16:00:25.398715" elapsed="0.008770"/>
</kw>
<status status="PASS" start="2024-07-16T16:00:19.548229" elapsed="5.859256"/>
</kw>
<kw name="Valid register with invalid email field">
<kw name="Go to Register Page" owner="HomeResource">
<kw name="Wait Until Element Is Visible" owner="SeleniumLibrary">
<arg>${register_btn}</arg>
<doc>Waits until the element ``locator`` is visible.</doc>
<status status="PASS" start="2024-07-16T16:00:25.409489" elapsed="2.298966"/>
</kw>
<kw name="Click Element" owner="SeleniumLibrary">
<msg time="2024-07-16T16:00:27.708455" level="INFO">Clicking element 'xpath://div[text()=" Register "]'.</msg>
<arg>${register_btn}</arg>
<doc>Click the element identified by ``locator``.</doc>
<status status="PASS" start="2024-07-16T16:00:27.708455" elapsed="0.170038"/>
</kw>
<status status="PASS" start="2024-07-16T16:00:25.409489" elapsed="2.470251"/>
</kw>
<kw name="Verify Register Page opens" owner="RegisterResource">
<kw name="Element Should Contain" owner="SeleniumLibrary">
<msg time="2024-07-16T16:00:30.666078" level="INFO">Element 'xpath://div[text()=" User registration "]' contains text 'User registration'.</msg>
<arg>${verify_register}</arg>
<arg>User registration</arg>
<doc>Verifies that element ``locator`` contains text ``expected``.</doc>
<status status="PASS" start="2024-07-16T16:00:27.879740" elapsed="2.786338"/>
</kw>
<status status="PASS" start="2024-07-16T16:00:27.879740" elapsed="2.786338"/>
</kw>
<kw name="Fill the Required feilds" owner="RegisterResource">
<kw name="Input Text" owner="SeleniumLibrary">
<msg time="2024-07-16T16:00:30.668157" level="INFO">Typing text '  abc' into text field 'xpath://input-field[@formcontrolname="name"]/label-value/div/div/input'.</msg>
<arg>${name_field}</arg>
<arg>${name}</arg>
<doc>Types the given ``text`` into the text field identified by ``locator``.</doc>
<status status="PASS" start="2024-07-16T16:00:30.667154" elapsed="0.275344"/>
</kw>
<kw name="Input Text" owner="SeleniumLibrary">
<msg time="2024-07-16T16:00:30.943498" level="INFO">Typing text 'abc12345' into text field 'xpath://input-field[@formcontrolname="username"]/label-value/div/div/input'.</msg>
<arg>${loginName_field}</arg>
<arg>${login_name}</arg>
<doc>Types the given ``text`` into the text field identified by ``locator``.</doc>
<status status="PASS" start="2024-07-16T16:00:30.943498" elapsed="0.182442"/>
</kw>
<kw name="Input Text" owner="SeleniumLibrary">
<msg time="2024-07-16T16:00:31.126940" level="INFO">Typing text 'abc123@gmail.' into text field 'xpath://input-field[@formcontrolname="email"]/input'.</msg>
<arg>${email_field}</arg>
<arg>${email}</arg>
<doc>Types the given ``text`` into the text field identified by ``locator``.</doc>
<status status="PASS" start="2024-07-16T16:00:31.126940" elapsed="0.265977"/>
</kw>
<arg>${name}</arg>
<arg>${login}</arg>
<arg>${email}</arg>
<status status="PASS" start="2024-07-16T16:00:30.667154" elapsed="0.725763"/>
</kw>
<kw name="Execute Javascript" owner="SeleniumLibrary">
<msg time="2024-07-16T16:00:31.394917" level="INFO">Executing JavaScript:
window.scrollTo(0, document.body.scrollHeight)
Without any arguments.</msg>
<arg>window.scrollTo(0, document.body.scrollHeight)</arg>
<doc>Executes the given JavaScript code with possible arguments.</doc>
<status status="PASS" start="2024-07-16T16:00:31.392917" elapsed="0.010306"/>
</kw>
<kw name="clicking next button for mandatory field" owner="RegisterResource">
<kw name="Wait Until Element Is Visible" owner="SeleniumLibrary">
<arg>${man_next_btn}</arg>
<doc>Waits until the element ``locator`` is visible.</doc>
<status status="PASS" start="2024-07-16T16:00:31.404224" elapsed="0.029742"/>
</kw>
<kw name="Click Button" owner="SeleniumLibrary">
<msg time="2024-07-16T16:00:31.435476" level="INFO">Clicking button 'xpath:(//action-button[@class="d-inline-block button"]/button)[2]'.</msg>
<arg>${man_next_btn}</arg>
<doc>Clicks the button identified by ``locator``.</doc>
<status status="PASS" start="2024-07-16T16:00:31.434967" elapsed="0.083041"/>
</kw>
<status status="PASS" start="2024-07-16T16:00:31.403223" elapsed="0.114785"/>
</kw>
<kw name="verification for invalid email" owner="RegisterResource">
<kw name="Element Text Should Be" owner="SeleniumLibrary">
<msg time="2024-07-16T16:00:31.519007" level="INFO">Verifying element 'css:div[class="invalid-feedback"]' contains exact text 'This field is invalid'.</msg>
<arg>${field_required}</arg>
<arg>This field is invalid</arg>
<doc>Verifies that element ``locator`` contains exact the text ``expected``.</doc>
<status status="PASS" start="2024-07-16T16:00:31.519007" elapsed="0.031969"/>
</kw>
<status status="PASS" start="2024-07-16T16:00:31.518008" elapsed="0.032968"/>
</kw>
<arg>name=  abc</arg>
<arg>login=abc12345</arg>
<arg>email=abc123@gmail.</arg>
<tag>Regression</tag>
<doc>To validate register functionality with invalid email field</doc>
<status status="PASS" start="2024-07-16T16:00:25.408490" elapsed="6.142486"/>
</kw>
<kw name="Close Browser Session" owner="GenericResource" type="TEARDOWN">
<kw name="Close Browser" owner="SeleniumLibrary">
<doc>Closes the current browser.</doc>
<status status="PASS" start="2024-07-16T16:00:31.551976" elapsed="2.495368"/>
</kw>
<status status="PASS" start="2024-07-16T16:00:31.550976" elapsed="2.496368"/>
</kw>
<status status="PASS" start="2024-07-16T16:00:19.546229" elapsed="14.501115"/>
</test>
<doc>Test to Register Page</doc>
<status status="PASS" start="2024-07-16T16:00:15.668587" elapsed="18.379757"/>
</suite>
<status status="PASS" start="2024-07-16T16:00:15.556877" elapsed="18.493865"/>
</suite>
<statistics>
<total>
<stat pass="1" fail="0" skip="0">All Tests</stat>
</total>
<tag>
</tag>
<suite>
<stat pass="1" fail="0" skip="0" id="s1" name="TestCases">TestCases</stat>
<stat pass="1" fail="0" skip="0" id="s1-s1" name="test invalidEmailRegister">TestCases.test invalidEmailRegister</stat>
</suite>
</statistics>
<errors>
</errors>
</robot>
