<?xml version="1.0" encoding="UTF-8"?>
<robot generator="Robot 7.0 (Python 3.12.2 on win32)" generated="2024-07-16T15:12:58.101129" rpa="false" schemaversion="5">
<suite id="s1" name="TestCases" source="C:\Users\ASUS\Desktop\PilotProject_Cyclos_Team1-1\TestCases">
<suite id="s1-s1" name="test mandatoryFieldRegister" source="C:\Users\ASUS\Desktop\PilotProject_Cyclos_Team1-1\TestCases\test_mandatoryFieldRegister.robot">
<test id="s1-s1-t1" name="valid register Test case" line="13">
<kw name="Open the Browser with URL" owner="GenericResource" type="SETUP">
<kw name="Create Webdriver" owner="SeleniumLibrary">
<msg time="2024-07-16T15:13:03.797902" level="INFO">Creating an instance of the Chrome WebDriver.</msg>
<arg>${brower_name}</arg>
<doc>Creates an instance of Selenium WebDriver.</doc>
<status status="PASS" start="2024-07-16T15:13:03.796902" elapsed="3.328621"/>
</kw>
<kw name="Go To" owner="SeleniumLibrary">
<msg time="2024-07-16T15:13:07.126521" level="INFO">Opening url 'https://demo.cyclos.org/ui/home'</msg>
<arg>${url}</arg>
<doc>Navigates the current browser window to the provided ``url``.</doc>
<status status="PASS" start="2024-07-16T15:13:07.126521" elapsed="2.409025"/>
</kw>
<kw name="Maximize Browser Window" owner="SeleniumLibrary">
<doc>Maximizes current browser window.</doc>
<status status="PASS" start="2024-07-16T15:13:09.536546" elapsed="0.054609"/>
</kw>
<kw name="Set Selenium Implicit Wait" owner="SeleniumLibrary">
<arg>5</arg>
<doc>Sets the implicit wait value used by Selenium.</doc>
<status status="PASS" start="2024-07-16T15:13:09.591155" elapsed="0.002999"/>
</kw>
<status status="PASS" start="2024-07-16T15:13:03.789902" elapsed="5.805253"/>
</kw>
<kw name="Valid register with mandatory fields">
<kw name="Go to Register Page" owner="HomeResource">
<kw name="Wait Until Element Is Visible" owner="SeleniumLibrary">
<arg>${register_btn}</arg>
<doc>Waits until the element ``locator`` is visible.</doc>
<status status="PASS" start="2024-07-16T15:13:09.598155" elapsed="2.853600"/>
</kw>
<kw name="Click Element" owner="SeleniumLibrary">
<msg time="2024-07-16T15:13:12.451755" level="INFO">Clicking element 'xpath://div[text()=" Register "]'.</msg>
<arg>${register_btn}</arg>
<doc>Click the element identified by ``locator``.</doc>
<status status="PASS" start="2024-07-16T15:13:12.451755" elapsed="0.091241"/>
</kw>
<status status="PASS" start="2024-07-16T15:13:09.597155" elapsed="2.945841"/>
</kw>
<kw name="Verify Register Page opens" owner="RegisterResource">
<kw name="Element Should Contain" owner="SeleniumLibrary">
<msg time="2024-07-16T15:13:14.698124" level="INFO">Element 'xpath://div[text()=" User registration "]' contains text 'User registration'.</msg>
<arg>${verify_register}</arg>
<arg>User registration</arg>
<doc>Verifies that element ``locator`` contains text ``expected``.</doc>
<status status="PASS" start="2024-07-16T15:13:12.545003" elapsed="2.153121"/>
</kw>
<status status="PASS" start="2024-07-16T15:13:12.543996" elapsed="2.154128"/>
</kw>
<kw name="Fill the Required feilds" owner="RegisterResource">
<kw name="Input Text" owner="SeleniumLibrary">
<msg time="2024-07-16T15:13:14.699124" level="INFO">Typing text '  abc' into text field 'xpath://input-field[@formcontrolname="name"]/label-value/div/div/input'.</msg>
<arg>${name_field}</arg>
<arg>${name}</arg>
<doc>Types the given ``text`` into the text field identified by ``locator``.</doc>
<status status="PASS" start="2024-07-16T15:13:14.699124" elapsed="0.163952"/>
</kw>
<kw name="Input Text" owner="SeleniumLibrary">
<msg time="2024-07-16T15:13:14.864085" level="INFO">Typing text 'abc12345' into text field 'xpath://input-field[@formcontrolname="username"]/label-value/div/div/input'.</msg>
<arg>${loginName_field}</arg>
<arg>${login_name}</arg>
<doc>Types the given ``text`` into the text field identified by ``locator``.</doc>
<status status="PASS" start="2024-07-16T15:13:14.863076" elapsed="0.152579"/>
</kw>
<kw name="Input Text" owner="SeleniumLibrary">
<msg time="2024-07-16T15:13:15.017655" level="INFO">Typing text 'abc123@gmail.com' into text field 'xpath://input-field[@formcontrolname="email"]/input'.</msg>
<arg>${email_field}</arg>
<arg>${email}</arg>
<doc>Types the given ``text`` into the text field identified by ``locator``.</doc>
<status status="PASS" start="2024-07-16T15:13:15.016655" elapsed="0.148006"/>
</kw>
<arg>${name}</arg>
<arg>${login}</arg>
<arg>${email}</arg>
<status status="PASS" start="2024-07-16T15:13:14.698124" elapsed="0.466537"/>
</kw>
<kw name="Execute Javascript" owner="SeleniumLibrary">
<msg time="2024-07-16T15:13:15.166111" level="INFO">Executing JavaScript:
window.scrollTo(0, document.body.scrollHeight)
Without any arguments.</msg>
<arg>window.scrollTo(0, document.body.scrollHeight)</arg>
<doc>Executes the given JavaScript code with possible arguments.</doc>
<status status="PASS" start="2024-07-16T15:13:15.164661" elapsed="0.008818"/>
</kw>
<kw name="clicking next button for mandatory field" owner="RegisterResource">
<kw name="Wait Until Element Is Visible" owner="SeleniumLibrary">
<arg>${man_next_btn}</arg>
<doc>Waits until the element ``locator`` is visible.</doc>
<status status="PASS" start="2024-07-16T15:13:15.174485" elapsed="0.029659"/>
</kw>
<kw name="Click Button" owner="SeleniumLibrary">
<msg time="2024-07-16T15:13:15.204978" level="INFO">Clicking button 'xpath:(//action-button[@class="d-inline-block button"]/button)[2]'.</msg>
<arg>${man_next_btn}</arg>
<doc>Clicks the button identified by ``locator``.</doc>
<status status="PASS" start="2024-07-16T15:13:15.204978" elapsed="0.106705"/>
</kw>
<status status="PASS" start="2024-07-16T15:13:15.173479" elapsed="0.139206"/>
</kw>
<kw name="fill password fields" owner="RegisterResource">
<kw name="Input Password" owner="SeleniumLibrary">
<msg time="2024-07-16T15:13:15.313683" level="INFO">Typing password into text field 'xpath://input-field[@formcontrolname="value"]/label-value/div/div/input'.</msg>
<msg time="2024-07-16T15:13:16.276938" level="INFO">Temporally setting log level to: NONE</msg>
<arg>${password_field}</arg>
<arg>${pass}</arg>
<doc>Types the given password into the text field identified by ``locator``.</doc>
<status status="PASS" start="2024-07-16T15:13:15.313683" elapsed="1.091662"/>
</kw>
<kw name="Execute Javascript" owner="SeleniumLibrary">
<msg time="2024-07-16T15:13:16.406556" level="INFO">Executing JavaScript:
window.scrollTo(0, document.body.scrollHeight)
Without any arguments.</msg>
<arg>window.scrollTo(0, document.body.scrollHeight)</arg>
<doc>Executes the given JavaScript code with possible arguments.</doc>
<status status="PASS" start="2024-07-16T15:13:16.405345" elapsed="0.009510"/>
</kw>
<kw name="Wait Until Element Is Enabled" owner="SeleniumLibrary">
<arg>${confirm_password}</arg>
<doc>Waits until the element ``locator`` is enabled.</doc>
<status status="PASS" start="2024-07-16T15:13:16.415859" elapsed="0.039632"/>
</kw>
<kw name="Input Text" owner="SeleniumLibrary">
<msg time="2024-07-16T15:13:16.456496" level="INFO">Typing text 'abc@123' into text field 'xpath://input-field[@formcontrolname="confirmationValue"]/label-value/div/div/input'.</msg>
<arg>${confirm_password}</arg>
<arg>${cpass}</arg>
<doc>Types the given ``text`` into the text field identified by ``locator``.</doc>
<status status="PASS" start="2024-07-16T15:13:16.455491" elapsed="0.114689"/>
</kw>
<arg>${password}</arg>
<arg>${confirm_password}</arg>
<status status="PASS" start="2024-07-16T15:13:15.312685" elapsed="1.257495"/>
</kw>
<kw name="click Registration confirmation checkbox" owner="RegisterResource">
<kw name="Click Element" owner="SeleniumLibrary">
<msg time="2024-07-16T15:13:16.573451" level="INFO">Clicking element 'xpath://accept-agreements[@formcontrolname="acceptAgreements"]/div/div/div/boolean-field/div/label'.</msg>
<arg>${demo_checkbox}</arg>
<doc>Click the element identified by ``locator``.</doc>
<status status="PASS" start="2024-07-16T15:13:16.572434" elapsed="0.072544"/>
</kw>
<status status="PASS" start="2024-07-16T15:13:16.571425" elapsed="0.073553"/>
</kw>
<kw name="click submit button" owner="RegisterResource">
<kw name="Click Button" owner="SeleniumLibrary">
<msg time="2024-07-16T15:13:16.646977" level="INFO">Clicking button 'xpath:(//action-button[@class="d-inline-block button"]/button)[1]'.</msg>
<arg>${submit_btn}</arg>
<doc>Clicks the button identified by ``locator``.</doc>
<status status="PASS" start="2024-07-16T15:13:16.646977" elapsed="0.081733"/>
</kw>
<status status="PASS" start="2024-07-16T15:13:16.644978" elapsed="0.083732"/>
</kw>
<kw name="verify the registration is successful" owner="RegisterResource">
<kw name="Element Text Should Be" owner="SeleniumLibrary">
<msg time="2024-07-16T15:13:16.730936" level="INFO">Verifying element 'css:div[class="invalid-feedback"]' contains exact text 'This field is required'.</msg>
<arg>${field_required}</arg>
<arg>This field is required</arg>
<doc>Verifies that element ``locator`` contains exact the text ``expected``.</doc>
<status status="PASS" start="2024-07-16T15:13:16.729711" elapsed="0.029695"/>
</kw>
<status status="PASS" start="2024-07-16T15:13:16.729711" elapsed="0.029695"/>
</kw>
<arg>name=  abc</arg>
<arg>login=abc12345</arg>
<arg>email=abc123@gmail.com</arg>
<arg>password=abc@123</arg>
<arg>confirm_password=abc@123</arg>
<tag>Smoke</tag>
<doc>This checks the Register functionality with mandatory fields</doc>
<status status="PASS" start="2024-07-16T15:13:09.595155" elapsed="7.164251"/>
</kw>
<kw name="Close Browser Session" owner="GenericResource" type="TEARDOWN">
<kw name="Close Browser" owner="SeleniumLibrary">
<doc>Closes the current browser.</doc>
<status status="PASS" start="2024-07-16T15:13:16.760665" elapsed="2.898026"/>
</kw>
<status status="PASS" start="2024-07-16T15:13:16.759406" elapsed="2.899285"/>
</kw>
<status status="PASS" start="2024-07-16T15:13:03.786391" elapsed="15.872300"/>
</test>
<doc>Test to Register Page</doc>
<status status="PASS" start="2024-07-16T15:12:58.203931" elapsed="21.456127"/>
</suite>
<status status="PASS" start="2024-07-16T15:12:58.174132" elapsed="21.488479"/>
</suite>
<statistics>
<total>
<stat pass="1" fail="0" skip="0">All Tests</stat>
</total>
<tag>
</tag>
<suite>
<stat pass="1" fail="0" skip="0" id="s1" name="TestCases">TestCases</stat>
<stat pass="1" fail="0" skip="0" id="s1-s1" name="test mandatoryFieldRegister">TestCases.test mandatoryFieldRegister</stat>
</suite>
</statistics>
<errors>
</errors>
</robot>
