<?xml version="1.0" encoding="UTF-8"?>
<robot generator="Robot 7.0 (Python 3.12.2 on win32)" generated="2024-07-17T09:13:41.846530" rpa="false" schemaversion="5">
<suite id="s1" name="PilotProject Cyclos Team1-1" source="C:\Users\ASUS\Desktop\PilotProject_Cyclos_Team1-1">
<suite id="s1-s1" name="TestCases" source="C:\Users\ASUS\Desktop\PilotProject_Cyclos_Team1-1\TestCases">
<suite id="s1-s1-s1" name="test memberAccount" source="C:\Users\ASUS\Desktop\PilotProject_Cyclos_Team1-1\TestCases\test_memberAccount.robot">
<test id="s1-s1-s1-t1" name="Validate the Member Account" line="13">
<kw name="Open the Browser with URL" owner="GenericResource" type="SETUP">
<kw name="Create Webdriver" owner="SeleniumLibrary">
<msg time="2024-07-17T09:13:42.113810" level="INFO">Creating an instance of the Chrome WebDriver.</msg>
<arg>${brower_name}</arg>
<doc>Creates an instance of Selenium WebDriver.</doc>
<status status="PASS" start="2024-07-17T09:13:42.112382" elapsed="1.881183"/>
</kw>
<kw name="Go To" owner="SeleniumLibrary">
<msg time="2024-07-17T09:13:43.993565" level="INFO">Opening url 'https://demo.cyclos.org/ui/home'</msg>
<arg>${url}</arg>
<doc>Navigates the current browser window to the provided ``url``.</doc>
<status status="PASS" start="2024-07-17T09:13:43.993565" elapsed="3.678777"/>
</kw>
<kw name="Maximize Browser Window" owner="SeleniumLibrary">
<doc>Maximizes current browser window.</doc>
<status status="PASS" start="2024-07-17T09:13:47.672342" elapsed="0.300509"/>
</kw>
<kw name="Set Selenium Implicit Wait" owner="SeleniumLibrary">
<arg>5</arg>
<doc>Sets the implicit wait value used by Selenium.</doc>
<status status="PASS" start="2024-07-17T09:13:47.972851" elapsed="0.008001"/>
</kw>
<status status="PASS" start="2024-07-17T09:13:42.112382" elapsed="5.869474"/>
</kw>
<kw name="Go to Login Page" owner="HomeResource">
<kw name="Wait Until Element Is Visible" owner="SeleniumLibrary">
<arg>${login_btn}</arg>
<doc>Waits until the element ``locator`` is visible.</doc>
<status status="PASS" start="2024-07-17T09:13:47.982853" elapsed="2.498204"/>
</kw>
<kw name="Click Element" owner="SeleniumLibrary">
<msg time="2024-07-17T09:13:50.482057" level="INFO">Clicking element 'xpath:(//div[@class="ml-2"])[3]'.</msg>
<arg>${login_btn}</arg>
<doc>Click the element identified by ``locator``.</doc>
<status status="PASS" start="2024-07-17T09:13:50.481057" elapsed="0.830662"/>
</kw>
<status status="PASS" start="2024-07-17T09:13:47.982853" elapsed="3.328866"/>
</kw>
<kw name="Fill the login form" owner="LoginResource">
<kw name="Input Text" owner="SeleniumLibrary">
<msg time="2024-07-17T09:13:51.313209" level="INFO">Typing text 'dharun' into text field 'css:input[placeholder="User"]'.</msg>
<arg>${username}</arg>
<arg>${user}</arg>
<doc>Types the given ``text`` into the text field identified by ``locator``.</doc>
<status status="PASS" start="2024-07-17T09:13:51.313209" elapsed="0.436286"/>
</kw>
<kw name="Input Password" owner="SeleniumLibrary">
<msg time="2024-07-17T09:13:51.750493" level="INFO">Typing password into text field 'css:input[placeholder="Password"]'.</msg>
<msg time="2024-07-17T09:13:51.899762" level="INFO">Temporally setting log level to: NONE</msg>
<arg>${password}</arg>
<arg>${pass}</arg>
<doc>Types the given password into the text field identified by ``locator``.</doc>
<status status="PASS" start="2024-07-17T09:13:51.750493" elapsed="0.228513"/>
</kw>
<arg>dharun</arg>
<arg>1234</arg>
<status status="PASS" start="2024-07-17T09:13:51.311719" elapsed="0.667287"/>
</kw>
<kw name="click the login button" owner="LoginResource">
<kw name="Click Button" owner="SeleniumLibrary">
<msg time="2024-07-17T09:13:51.981006" level="INFO">Clicking button 'xpath://button[@class="btn d-flex justify-content-center align-items-center w-100 h-100 btn-primary btn-action-primary"]'.</msg>
<arg>${submit_btn}</arg>
<doc>Clicks the button identified by ``locator``.</doc>
<status status="PASS" start="2024-07-17T09:13:51.981006" elapsed="1.072645"/>
</kw>
<status status="PASS" start="2024-07-17T09:13:51.980006" elapsed="1.074646"/>
</kw>
<kw name="Click the Banking Option" owner="HomeResource">
<kw name="Wait Until Element Is Visible" owner="SeleniumLibrary">
<arg>${Banking}</arg>
<doc>Waits until the element ``locator`` is visible.</doc>
<status status="PASS" start="2024-07-17T09:13:53.056795" elapsed="1.394003"/>
</kw>
<kw name="Click Element" owner="SeleniumLibrary">
<msg time="2024-07-17T09:13:54.454199" level="INFO">Clicking element 'xpath://div[text()='Banking']'.</msg>
<arg>${Banking}</arg>
<doc>Click the element identified by ``locator``.</doc>
<status status="PASS" start="2024-07-17T09:13:54.450798" elapsed="0.143908"/>
</kw>
<status status="PASS" start="2024-07-17T09:13:53.055656" elapsed="1.539050"/>
</kw>
<kw name="Verify the Banking page is displayed" owner="HomeResource">
<kw name="Element Text Should Be" owner="SeleniumLibrary">
<msg time="2024-07-17T09:13:54.596053" level="INFO">Verifying element 'xpath://div[text()='Banking']' contains exact text 'Banking'.</msg>
<arg>${Banking_page_verify}</arg>
<arg>${Banking_page_keyword}</arg>
<doc>Verifies that element ``locator`` contains exact the text ``expected``.</doc>
<status status="PASS" start="2024-07-17T09:13:54.596053" elapsed="0.033042"/>
</kw>
<status status="PASS" start="2024-07-17T09:13:54.594706" elapsed="0.034389"/>
</kw>
<kw name="Verify the Member account page" owner="MemberAccountResource">
<kw name="Wait Until Element Is Visible" owner="SeleniumLibrary">
<arg>${Member_acc}</arg>
<doc>Waits until the element ``locator`` is visible.</doc>
<status status="PASS" start="2024-07-17T09:13:54.631354" elapsed="1.011471"/>
</kw>
<kw name="Click Element" owner="SeleniumLibrary">
<msg time="2024-07-17T09:13:55.644828" level="INFO">Clicking element 'xpath://div[text()='Member account']'.</msg>
<arg>${Member_acc}</arg>
<doc>Click the element identified by ``locator``.</doc>
<status status="PASS" start="2024-07-17T09:13:55.643829" elapsed="0.104371"/>
</kw>
<kw name="Element Text Should Be" owner="SeleniumLibrary">
<msg time="2024-07-17T09:13:55.750201" level="INFO">Verifying element 'xpath://div[text()=' Member account ']' contains exact text 'Member account'.</msg>
<arg>${Member_acc_keyword_xpath}</arg>
<arg>${Member_acc_keyword}</arg>
<doc>Verifies that element ``locator`` contains exact the text ``expected``.</doc>
<status status="PASS" start="2024-07-17T09:13:55.748200" elapsed="0.979950"/>
</kw>
<status status="PASS" start="2024-07-17T09:13:54.630347" elapsed="2.097803"/>
</kw>
<kw name="Verify the balance" owner="MemberAccountResource">
<kw name="Wait Until Element Is Visible" owner="SeleniumLibrary">
<arg>${balance_xpath}</arg>
<doc>Waits until the element ``locator`` is visible.</doc>
<status status="PASS" start="2024-07-17T09:13:56.730154" elapsed="0.037660"/>
</kw>
<kw name="Get Text" owner="SeleniumLibrary">
<msg time="2024-07-17T09:13:56.796513" level="INFO">${balance} = 503,00 IU's</msg>
<var>${balance}</var>
<arg>${balance_xpath}</arg>
<doc>Returns the text value of the element identified by ``locator``.</doc>
<status status="PASS" start="2024-07-17T09:13:56.768814" elapsed="0.027699"/>
</kw>
<kw name="Element Should Contain" owner="SeleniumLibrary">
<msg time="2024-07-17T09:13:56.829092" level="INFO">Element 'xpath://div[@class='status-label col-6 col-sm-3']/following-sibling::div' contains text '503,00 IU's'.</msg>
<arg>${balance_xpath}</arg>
<arg>${balance}</arg>
<doc>Verifies that element ``locator`` contains text ``expected``.</doc>
<status status="PASS" start="2024-07-17T09:13:56.796513" elapsed="0.032579"/>
</kw>
<status status="PASS" start="2024-07-17T09:13:56.729154" elapsed="0.099938"/>
</kw>
<kw name="Assert the transaction data" owner="MemberAccountResource">
<kw name="Wait Until Element Is Visible" owner="SeleniumLibrary">
<arg>${table_xpath}</arg>
<doc>Waits until the element ``locator`` is visible.</doc>
<status status="PASS" start="2024-07-17T09:13:56.832094" elapsed="0.030394"/>
</kw>
<kw name="Get Element Count" owner="SeleniumLibrary">
<msg time="2024-07-17T09:13:56.880087" level="INFO">${element_count} = 1</msg>
<var>${element_count}</var>
<arg>${table_xpath}</arg>
<doc>Returns the number of elements matching ``locator``.</doc>
<status status="PASS" start="2024-07-17T09:13:56.862488" elapsed="0.017599"/>
</kw>
<kw name="Should Not Be Equal As Numbers" owner="BuiltIn">
<msg time="2024-07-17T09:13:56.881086" level="INFO">Argument types are:
&lt;class 'str'&gt;
&lt;class 'int'&gt;</msg>
<arg>0</arg>
<arg>${element_count}</arg>
<doc>Fails if objects are equal after converting them to real numbers.</doc>
<status status="PASS" start="2024-07-17T09:13:56.881086" elapsed="0.000000"/>
</kw>
<status status="PASS" start="2024-07-17T09:13:56.830094" elapsed="0.051992"/>
</kw>
<kw name="Close Browser Session" owner="GenericResource" type="TEARDOWN">
<kw name="Close Browser" owner="SeleniumLibrary">
<doc>Closes the current browser.</doc>
<status status="PASS" start="2024-07-17T09:13:56.883496" elapsed="2.350174"/>
</kw>
<status status="PASS" start="2024-07-17T09:13:56.882086" elapsed="2.352701"/>
</kw>
<doc>validate the balance and transaction</doc>
<tag>smoke</tag>
<status status="PASS" start="2024-07-17T09:13:42.111378" elapsed="17.123409"/>
</test>
<doc>This checks the Member account fubctionality</doc>
<status status="PASS" start="2024-07-17T09:13:41.883526" elapsed="17.352265"/>
</suite>
<status status="PASS" start="2024-07-17T09:13:41.881199" elapsed="17.358595"/>
</suite>
<status status="PASS" start="2024-07-17T09:13:41.862023" elapsed="17.378770"/>
</suite>
<statistics>
<total>
<stat pass="1" fail="0" skip="0">All Tests</stat>
</total>
<tag>
<stat pass="1" fail="0" skip="0">smoke</stat>
</tag>
<suite>
<stat pass="1" fail="0" skip="0" id="s1" name="PilotProject Cyclos Team1-1">PilotProject Cyclos Team1-1</stat>
<stat pass="1" fail="0" skip="0" id="s1-s1" name="TestCases">PilotProject Cyclos Team1-1.TestCases</stat>
<stat pass="1" fail="0" skip="0" id="s1-s1-s1" name="test memberAccount">PilotProject Cyclos Team1-1.TestCases.test memberAccount</stat>
</suite>
</statistics>
<errors>
</errors>
</robot>
