<?xml version="1.0" encoding="UTF-8"?>
<robot generator="Robot 7.0 (Python 3.12.2 on win32)" generated="2024-07-17T09:10:12.926703" rpa="false" schemaversion="5">
<suite id="s1" name="PilotProject Cyclos Team1-1" source="C:\Users\ASUS\Desktop\PilotProject_Cyclos_Team1-1">
<suite id="s1-s1" name="TestCases" source="C:\Users\ASUS\Desktop\PilotProject_Cyclos_Team1-1\TestCases">
<suite id="s1-s1-s1" name="Test User Payment" source="C:\Users\ASUS\Desktop\PilotProject_Cyclos_Team1-1\TestCases\test_user_payment.robot">
<test id="s1-s1-s1-t1" name="To validate payment to user functionality with valid data" line="12">
<kw name="Open the Browser with URL" owner="GenericResource" type="SETUP">
<kw name="Create Webdriver" owner="SeleniumLibrary">
<msg time="2024-07-17T09:10:13.336798" level="INFO">Creating an instance of the Chrome WebDriver.</msg>
<arg>${brower_name}</arg>
<doc>Creates an instance of Selenium WebDriver.</doc>
<status status="PASS" start="2024-07-17T09:10:13.336798" elapsed="2.550702"/>
</kw>
<kw name="Go To" owner="SeleniumLibrary">
<msg time="2024-07-17T09:10:15.888500" level="INFO">Opening url 'https://demo.cyclos.org/ui/home'</msg>
<arg>${url}</arg>
<doc>Navigates the current browser window to the provided ``url``.</doc>
<status status="PASS" start="2024-07-17T09:10:15.887500" elapsed="3.440526"/>
</kw>
<kw name="Maximize Browser Window" owner="SeleniumLibrary">
<doc>Maximizes current browser window.</doc>
<status status="PASS" start="2024-07-17T09:10:19.329026" elapsed="0.063395"/>
</kw>
<kw name="Set Selenium Implicit Wait" owner="SeleniumLibrary">
<arg>5</arg>
<doc>Sets the implicit wait value used by Selenium.</doc>
<status status="PASS" start="2024-07-17T09:10:19.392421" elapsed="0.008732"/>
</kw>
<status status="PASS" start="2024-07-17T09:10:13.334798" elapsed="6.067372"/>
</kw>
<kw name="Go to Login Page" owner="HomeResource">
<kw name="Wait Until Element Is Visible" owner="SeleniumLibrary">
<msg time="2024-07-17T09:10:24.849825" level="INFO" html="true">&lt;/td&gt;&lt;/tr&gt;&lt;tr&gt;&lt;td colspan="3"&gt;&lt;a href="selenium-screenshot-1.png"&gt;&lt;img src="selenium-screenshot-1.png" width="800px"&gt;&lt;/a&gt;</msg>
<msg time="2024-07-17T09:10:24.849825" level="FAIL">Element 'xpath:(//div[@class="ml-2"])[3]' not visible after 5 seconds.</msg>
<arg>${login_btn}</arg>
<doc>Waits until the element ``locator`` is visible.</doc>
<status status="FAIL" start="2024-07-17T09:10:19.403176" elapsed="5.504453">Element 'xpath:(//div[@class="ml-2"])[3]' not visible after 5 seconds.</status>
</kw>
<kw name="Click Element" owner="SeleniumLibrary">
<arg>${login_btn}</arg>
<doc>Click the element identified by ``locator``.</doc>
<status status="NOT RUN" start="2024-07-17T09:10:24.907629" elapsed="0.001002"/>
</kw>
<status status="FAIL" start="2024-07-17T09:10:19.402170" elapsed="5.506461">Element 'xpath:(//div[@class="ml-2"])[3]' not visible after 5 seconds.</status>
</kw>
<kw name="Fill the login form" owner="LoginResource">
<arg>sathish_sk</arg>
<arg>sathish123</arg>
<status status="NOT RUN" start="2024-07-17T09:10:24.909631" elapsed="0.000000"/>
</kw>
<kw name="click the login button" owner="LoginResource">
<status status="NOT RUN" start="2024-07-17T09:10:24.910629" elapsed="0.000000"/>
</kw>
<kw name="Click the Banking Option" owner="HomeResource">
<status status="NOT RUN" start="2024-07-17T09:10:24.911686" elapsed="0.000943"/>
</kw>
<kw name="Verify the Banking page is displayed" owner="HomeResource">
<status status="NOT RUN" start="2024-07-17T09:10:24.912629" elapsed="0.000000"/>
</kw>
<kw name="Select the option payment to user" owner="PaymentUser">
<status status="NOT RUN" start="2024-07-17T09:10:24.913629" elapsed="0.000000"/>
</kw>
<kw name="verify the payment to user page open" owner="PaymentUser">
<status status="NOT RUN" start="2024-07-17T09:10:24.914629" elapsed="0.000000"/>
</kw>
<kw name="Enter the username in the to user field" owner="PaymentUser">
<arg>${user_name}</arg>
<status status="NOT RUN" start="2024-07-17T09:10:24.914629" elapsed="0.000000"/>
</kw>
<kw name="Select the user" owner="PaymentUser">
<status status="NOT RUN" start="2024-07-17T09:10:24.915630" elapsed="0.000000"/>
</kw>
<kw name="Enter the valid amount in the amount field" owner="PaymentUser">
<arg>${amount_data}</arg>
<status status="NOT RUN" start="2024-07-17T09:10:24.915630" elapsed="0.000000"/>
</kw>
<kw name="Click the scheduling dropdown button" owner="PaymentUser">
<status status="NOT RUN" start="2024-07-17T09:10:24.916629" elapsed="0.000000"/>
</kw>
<kw name="Click the monthly installment option" owner="PaymentUser">
<status status="NOT RUN" start="2024-07-17T09:10:24.916629" elapsed="0.001003"/>
</kw>
<kw name="Fill the no of installments" owner="PaymentUser">
<arg>${inst_no}</arg>
<status status="NOT RUN" start="2024-07-17T09:10:24.917632" elapsed="0.000997"/>
</kw>
<kw name="Click the first installment" owner="PaymentUser">
<status status="NOT RUN" start="2024-07-17T09:10:24.918629" elapsed="0.001000"/>
</kw>
<kw name="Fill the future date" owner="PaymentUser">
<arg>${fut_date}</arg>
<status status="NOT RUN" start="2024-07-17T09:10:24.919629" elapsed="0.001000"/>
</kw>
<kw name="Fill the description" owner="PaymentUser">
<arg>${description}</arg>
<status status="NOT RUN" start="2024-07-17T09:10:24.920629" elapsed="0.000000"/>
</kw>
<kw name="Click the next Button in payment page" owner="PaymentUser">
<status status="NOT RUN" start="2024-07-17T09:10:24.921628" elapsed="0.000000"/>
</kw>
<kw name="Verify the confirmation page is displayed" owner="PaymentUser">
<status status="NOT RUN" start="2024-07-17T09:10:24.922629" elapsed="0.000000"/>
</kw>
<kw name="Click the confirm button in the payment page" owner="PaymentUser">
<status status="NOT RUN" start="2024-07-17T09:10:24.923629" elapsed="0.000000"/>
</kw>
<kw name="verify the succesfull payment notification" owner="PaymentUser">
<status status="NOT RUN" start="2024-07-17T09:10:24.923629" elapsed="0.000999"/>
</kw>
<kw name="Close Browser Session" owner="GenericResource" type="TEARDOWN">
<kw name="Close Browser" owner="SeleniumLibrary">
<doc>Closes the current browser.</doc>
<status status="PASS" start="2024-07-17T09:10:24.925628" elapsed="3.187903"/>
</kw>
<status status="PASS" start="2024-07-17T09:10:24.925628" elapsed="3.187903"/>
</kw>
<doc>Validate the user payment features</doc>
<tag>smoke</tag>
<status status="FAIL" start="2024-07-17T09:10:13.332798" elapsed="14.780733">Element 'xpath:(//div[@class="ml-2"])[3]' not visible after 5 seconds.</status>
</test>
<test id="s1-s1-s1-t2" name="To validate payment to user functionality with blank user name" line="36">
<kw name="Open the Browser with URL" owner="GenericResource" type="SETUP">
<kw name="Create Webdriver" owner="SeleniumLibrary">
<msg time="2024-07-17T09:10:28.115946" level="INFO">Creating an instance of the Chrome WebDriver.</msg>
<arg>${brower_name}</arg>
<doc>Creates an instance of Selenium WebDriver.</doc>
<status status="PASS" start="2024-07-17T09:10:28.115946" elapsed="3.966922"/>
</kw>
<kw name="Go To" owner="SeleniumLibrary">
<msg time="2024-07-17T09:10:32.084265" level="INFO">Opening url 'https://demo.cyclos.org/ui/home'</msg>
<arg>${url}</arg>
<doc>Navigates the current browser window to the provided ``url``.</doc>
<status status="PASS" start="2024-07-17T09:10:32.082868" elapsed="2.559480"/>
</kw>
<kw name="Maximize Browser Window" owner="SeleniumLibrary">
<doc>Maximizes current browser window.</doc>
<status status="PASS" start="2024-07-17T09:10:34.643351" elapsed="0.040165"/>
</kw>
<kw name="Set Selenium Implicit Wait" owner="SeleniumLibrary">
<arg>5</arg>
<doc>Sets the implicit wait value used by Selenium.</doc>
<status status="PASS" start="2024-07-17T09:10:34.683516" elapsed="0.003175"/>
</kw>
<status status="PASS" start="2024-07-17T09:10:28.114941" elapsed="6.571750"/>
</kw>
<kw name="Go to Login Page" owner="HomeResource">
<kw name="Wait Until Element Is Visible" owner="SeleniumLibrary">
<arg>${login_btn}</arg>
<doc>Waits until the element ``locator`` is visible.</doc>
<status status="PASS" start="2024-07-17T09:10:34.687693" elapsed="2.021015"/>
</kw>
<kw name="Click Element" owner="SeleniumLibrary">
<msg time="2024-07-17T09:10:36.709708" level="INFO">Clicking element 'xpath:(//div[@class="ml-2"])[3]'.</msg>
<arg>${login_btn}</arg>
<doc>Click the element identified by ``locator``.</doc>
<status status="PASS" start="2024-07-17T09:10:36.709708" elapsed="0.100717"/>
</kw>
<status status="PASS" start="2024-07-17T09:10:34.686691" elapsed="2.124734"/>
</kw>
<kw name="Fill the login form" owner="LoginResource">
<kw name="Input Text" owner="SeleniumLibrary">
<msg time="2024-07-17T09:10:36.814424" level="INFO">Typing text 'dharun' into text field 'css:input[placeholder="User"]'.</msg>
<arg>${username}</arg>
<arg>${user}</arg>
<doc>Types the given ``text`` into the text field identified by ``locator``.</doc>
<status status="PASS" start="2024-07-17T09:10:36.812425" elapsed="0.171842"/>
</kw>
<kw name="Input Password" owner="SeleniumLibrary">
<msg time="2024-07-17T09:10:36.985267" level="INFO">Typing password into text field 'css:input[placeholder="Password"]'.</msg>
<msg time="2024-07-17T09:10:37.031370" level="INFO">Temporally setting log level to: NONE</msg>
<arg>${password}</arg>
<arg>${pass}</arg>
<doc>Types the given password into the text field identified by ``locator``.</doc>
<status status="PASS" start="2024-07-17T09:10:36.985267" elapsed="0.113836"/>
</kw>
<arg>dharun</arg>
<arg>1234</arg>
<status status="PASS" start="2024-07-17T09:10:36.811425" elapsed="0.287678"/>
</kw>
<kw name="click the login button" owner="LoginResource">
<kw name="Click Button" owner="SeleniumLibrary">
<msg time="2024-07-17T09:10:37.100611" level="INFO">Clicking button 'xpath://button[@class="btn d-flex justify-content-center align-items-center w-100 h-100 btn-primary btn-action-primary"]'.</msg>
<arg>${submit_btn}</arg>
<doc>Clicks the button identified by ``locator``.</doc>
<status status="PASS" start="2024-07-17T09:10:37.100104" elapsed="0.089443"/>
</kw>
<status status="PASS" start="2024-07-17T09:10:37.099103" elapsed="0.090444"/>
</kw>
<kw name="Click the Banking Option" owner="HomeResource">
<kw name="Wait Until Element Is Visible" owner="SeleniumLibrary">
<arg>${Banking}</arg>
<doc>Waits until the element ``locator`` is visible.</doc>
<status status="PASS" start="2024-07-17T09:10:37.191054" elapsed="0.717279"/>
</kw>
<kw name="Click Element" owner="SeleniumLibrary">
<msg time="2024-07-17T09:10:37.910339" level="INFO">Clicking element 'xpath://div[text()='Banking']'.</msg>
<arg>${Banking}</arg>
<doc>Click the element identified by ``locator``.</doc>
<status status="PASS" start="2024-07-17T09:10:37.909339" elapsed="0.067358"/>
</kw>
<status status="PASS" start="2024-07-17T09:10:37.190548" elapsed="0.786149"/>
</kw>
<kw name="Verify the Banking page is displayed" owner="HomeResource">
<kw name="Element Text Should Be" owner="SeleniumLibrary">
<msg time="2024-07-17T09:10:37.978703" level="INFO">Verifying element 'xpath://div[text()='Banking']' contains exact text 'Banking'.</msg>
<arg>${Banking_page_verify}</arg>
<arg>${Banking_page_keyword}</arg>
<doc>Verifies that element ``locator`` contains exact the text ``expected``.</doc>
<status status="PASS" start="2024-07-17T09:10:37.977701" elapsed="0.030636"/>
</kw>
<status status="PASS" start="2024-07-17T09:10:37.976697" elapsed="0.031640"/>
</kw>
<kw name="Select the option payment to user" owner="PaymentUser">
<kw name="Wait Until Element Is Visible" owner="SeleniumLibrary">
<arg>${select_payment_to_user}</arg>
<doc>Waits until the element ``locator`` is visible.</doc>
<status status="PASS" start="2024-07-17T09:10:38.010801" elapsed="1.138801"/>
</kw>
<kw name="Click Element" owner="SeleniumLibrary">
<msg time="2024-07-17T09:10:39.151115" level="INFO">Clicking element 'xpath://div[text()="Payment to user"]'.</msg>
<arg>${select_payment_to_user}</arg>
<doc>Click the element identified by ``locator``.</doc>
<status status="PASS" start="2024-07-17T09:10:39.149602" elapsed="0.091918"/>
</kw>
<status status="PASS" start="2024-07-17T09:10:38.009754" elapsed="1.231766"/>
</kw>
<kw name="verify the payment to user page open" owner="PaymentUser">
<kw name="Element Text Should Be" owner="SeleniumLibrary">
<msg time="2024-07-17T09:10:39.244812" level="INFO">Verifying element 'xpath://div[@class="content-title d-flex"]//div' contains exact text 'Payment to user'.</msg>
<arg>${payment_user_title}</arg>
<arg>Payment to user</arg>
<doc>Verifies that element ``locator`` contains exact the text ``expected``.</doc>
<status status="PASS" start="2024-07-17T09:10:39.243796" elapsed="0.262859"/>
</kw>
<status status="PASS" start="2024-07-17T09:10:39.242778" elapsed="0.263877"/>
</kw>
<kw name="Enter the valid amount in the amount field" owner="PaymentUser">
<kw name="Input Text" owner="SeleniumLibrary">
<msg time="2024-07-17T09:10:39.507658" level="INFO">Typing text '10' into text field 'xpath://div[@class="input-group"]//input'.</msg>
<arg>${amount}</arg>
<arg>${amount_data}</arg>
<doc>Types the given ``text`` into the text field identified by ``locator``.</doc>
<status status="PASS" start="2024-07-17T09:10:39.507658" elapsed="0.115140"/>
</kw>
<arg>${amount_data}</arg>
<status status="PASS" start="2024-07-17T09:10:39.506655" elapsed="0.117144"/>
</kw>
<kw name="Click the next Button in payment page" owner="PaymentUser">
<kw name="Wait Until Element Is Visible" owner="SeleniumLibrary">
<arg>${next}</arg>
<doc>Waits until the element ``locator`` is visible.</doc>
<status status="PASS" start="2024-07-17T09:10:39.624845" elapsed="0.025059"/>
</kw>
<kw name="Click Element" owner="SeleniumLibrary">
<msg time="2024-07-17T09:10:39.651902" level="INFO">Clicking element 'xpath://action-button[@class="d-inline-block button"]/button'.</msg>
<arg>${next}</arg>
<doc>Click the element identified by ``locator``.</doc>
<status status="PASS" start="2024-07-17T09:10:39.650903" elapsed="0.080689"/>
</kw>
<status status="PASS" start="2024-07-17T09:10:39.623799" elapsed="0.107793"/>
</kw>
<kw name="verify the error message for user to field is given blank" owner="PaymentUser">
<try>
<branch type="TRY">
<kw name="Wait Until Element Is Visible" owner="SeleniumLibrary">
<arg>${to_user_error_msg}</arg>
<doc>Waits until the element ``locator`` is visible.</doc>
<status status="PASS" start="2024-07-17T09:10:39.733597" elapsed="0.043480"/>
</kw>
<kw name="Element Text Should Be" owner="SeleniumLibrary">
<msg time="2024-07-17T09:10:39.778555" level="INFO">Verifying element 'xpath:(//field-errors)[1]//div' contains exact text 'This field is required'.</msg>
<arg>${to_user_error_msg}</arg>
<arg>This field is required</arg>
<doc>Verifies that element ``locator`` contains exact the text ``expected``.</doc>
<status status="PASS" start="2024-07-17T09:10:39.777077" elapsed="0.028484"/>
</kw>
<status status="PASS" start="2024-07-17T09:10:39.732597" elapsed="0.072964"/>
</branch>
<branch type="EXCEPT">
<kw name="Log" owner="BuiltIn">
<arg>intentional failure.</arg>
<doc>Logs the given message with the given level.</doc>
<status status="NOT RUN" start="2024-07-17T09:10:39.806564" elapsed="0.000000"/>
</kw>
<status status="NOT RUN" start="2024-07-17T09:10:39.806564" elapsed="0.001001"/>
</branch>
<status status="PASS" start="2024-07-17T09:10:39.732597" elapsed="0.074968"/>
</try>
<status status="PASS" start="2024-07-17T09:10:39.732597" elapsed="0.074968"/>
</kw>
<kw name="Close Browser Session" owner="GenericResource" type="TEARDOWN">
<kw name="Close Browser" owner="SeleniumLibrary">
<doc>Closes the current browser.</doc>
<status status="PASS" start="2024-07-17T09:10:39.808566" elapsed="2.258530"/>
</kw>
<status status="PASS" start="2024-07-17T09:10:39.808566" elapsed="2.258530"/>
</kw>
<doc>Validate the user payment features</doc>
<tag>regression</tag>
<status status="PASS" start="2024-07-17T09:10:28.113531" elapsed="13.953565"/>
</test>
<test id="s1-s1-s1-t3" name="To validate payment to user functionality with blank amount field" line="50">
<kw name="Open the Browser with URL" owner="GenericResource" type="SETUP">
<kw name="Create Webdriver" owner="SeleniumLibrary">
<msg time="2024-07-17T09:10:42.072095" level="INFO">Creating an instance of the Chrome WebDriver.</msg>
<arg>${brower_name}</arg>
<doc>Creates an instance of Selenium WebDriver.</doc>
<status status="PASS" start="2024-07-17T09:10:42.071095" elapsed="1.986961"/>
</kw>
<kw name="Go To" owner="SeleniumLibrary">
<msg time="2024-07-17T09:10:44.058056" level="INFO">Opening url 'https://demo.cyclos.org/ui/home'</msg>
<arg>${url}</arg>
<doc>Navigates the current browser window to the provided ``url``.</doc>
<status status="PASS" start="2024-07-17T09:10:44.058056" elapsed="2.624083"/>
</kw>
<kw name="Maximize Browser Window" owner="SeleniumLibrary">
<doc>Maximizes current browser window.</doc>
<status status="PASS" start="2024-07-17T09:10:46.682139" elapsed="0.123009"/>
</kw>
<kw name="Set Selenium Implicit Wait" owner="SeleniumLibrary">
<arg>5</arg>
<doc>Sets the implicit wait value used by Selenium.</doc>
<status status="PASS" start="2024-07-17T09:10:46.805148" elapsed="0.015987"/>
</kw>
<status status="PASS" start="2024-07-17T09:10:42.070095" elapsed="4.751040"/>
</kw>
<kw name="Go to Login Page" owner="HomeResource">
<kw name="Wait Until Element Is Visible" owner="SeleniumLibrary">
<arg>${login_btn}</arg>
<doc>Waits until the element ``locator`` is visible.</doc>
<status status="PASS" start="2024-07-17T09:10:46.822137" elapsed="3.130239"/>
</kw>
<kw name="Click Element" owner="SeleniumLibrary">
<msg time="2024-07-17T09:10:49.953376" level="INFO">Clicking element 'xpath:(//div[@class="ml-2"])[3]'.</msg>
<arg>${login_btn}</arg>
<doc>Click the element identified by ``locator``.</doc>
<status status="PASS" start="2024-07-17T09:10:49.952376" elapsed="0.514733"/>
</kw>
<status status="PASS" start="2024-07-17T09:10:46.822137" elapsed="3.644972"/>
</kw>
<kw name="Fill the login form" owner="LoginResource">
<kw name="Input Text" owner="SeleniumLibrary">
<msg time="2024-07-17T09:10:50.469108" level="INFO">Typing text 'dharun' into text field 'css:input[placeholder="User"]'.</msg>
<arg>${username}</arg>
<arg>${user}</arg>
<doc>Types the given ``text`` into the text field identified by ``locator``.</doc>
<status status="PASS" start="2024-07-17T09:10:50.468109" elapsed="0.518721"/>
</kw>
<kw name="Input Password" owner="SeleniumLibrary">
<msg time="2024-07-17T09:10:50.988084" level="INFO">Typing password into text field 'css:input[placeholder="Password"]'.</msg>
<msg time="2024-07-17T09:10:52.136168" level="INFO">Temporally setting log level to: NONE</msg>
<arg>${password}</arg>
<arg>${pass}</arg>
<doc>Types the given password into the text field identified by ``locator``.</doc>
<status status="PASS" start="2024-07-17T09:10:50.988084" elapsed="1.360901"/>
</kw>
<arg>dharun</arg>
<arg>1234</arg>
<status status="PASS" start="2024-07-17T09:10:50.468109" elapsed="1.881876"/>
</kw>
<kw name="click the login button" owner="LoginResource">
<kw name="Click Button" owner="SeleniumLibrary">
<msg time="2024-07-17T09:10:52.351985" level="INFO">Clicking button 'xpath://button[@class="btn d-flex justify-content-center align-items-center w-100 h-100 btn-primary btn-action-primary"]'.</msg>
<arg>${submit_btn}</arg>
<doc>Clicks the button identified by ``locator``.</doc>
<status status="PASS" start="2024-07-17T09:10:52.351985" elapsed="0.280126"/>
</kw>
<status status="PASS" start="2024-07-17T09:10:52.350985" elapsed="0.281126"/>
</kw>
<kw name="Click the Banking Option" owner="HomeResource">
<kw name="Wait Until Element Is Visible" owner="SeleniumLibrary">
<arg>${Banking}</arg>
<doc>Waits until the element ``locator`` is visible.</doc>
<status status="PASS" start="2024-07-17T09:10:52.633179" elapsed="0.725765"/>
</kw>
<kw name="Click Element" owner="SeleniumLibrary">
<msg time="2024-07-17T09:10:53.359950" level="INFO">Clicking element 'xpath://div[text()='Banking']'.</msg>
<arg>${Banking}</arg>
<doc>Click the element identified by ``locator``.</doc>
<status status="PASS" start="2024-07-17T09:10:53.359950" elapsed="0.108750"/>
</kw>
<status status="PASS" start="2024-07-17T09:10:52.633179" elapsed="0.836520"/>
</kw>
<kw name="Verify the Banking page is displayed" owner="HomeResource">
<kw name="Element Text Should Be" owner="SeleniumLibrary">
<msg time="2024-07-17T09:10:53.472700" level="INFO">Verifying element 'xpath://div[text()='Banking']' contains exact text 'Banking'.</msg>
<arg>${Banking_page_verify}</arg>
<arg>${Banking_page_keyword}</arg>
<doc>Verifies that element ``locator`` contains exact the text ``expected``.</doc>
<status status="PASS" start="2024-07-17T09:10:53.471699" elapsed="0.156221"/>
</kw>
<status status="PASS" start="2024-07-17T09:10:53.470699" elapsed="0.157221"/>
</kw>
<kw name="Select the option payment to user" owner="PaymentUser">
<kw name="Wait Until Element Is Visible" owner="SeleniumLibrary">
<arg>${select_payment_to_user}</arg>
<doc>Waits until the element ``locator`` is visible.</doc>
<status status="PASS" start="2024-07-17T09:10:53.629419" elapsed="0.932485"/>
</kw>
<kw name="Click Element" owner="SeleniumLibrary">
<msg time="2024-07-17T09:10:54.562904" level="INFO">Clicking element 'xpath://div[text()="Payment to user"]'.</msg>
<arg>${select_payment_to_user}</arg>
<doc>Click the element identified by ``locator``.</doc>
<status status="PASS" start="2024-07-17T09:10:54.561904" elapsed="0.133321"/>
</kw>
<status status="PASS" start="2024-07-17T09:10:53.627920" elapsed="1.067305"/>
</kw>
<kw name="verify the payment to user page open" owner="PaymentUser">
<kw name="Element Text Should Be" owner="SeleniumLibrary">
<msg time="2024-07-17T09:10:54.698226" level="INFO">Verifying element 'xpath://div[@class="content-title d-flex"]//div' contains exact text 'Payment to user'.</msg>
<arg>${payment_user_title}</arg>
<arg>Payment to user</arg>
<doc>Verifies that element ``locator`` contains exact the text ``expected``.</doc>
<status status="PASS" start="2024-07-17T09:10:54.697226" elapsed="0.302538"/>
</kw>
<status status="PASS" start="2024-07-17T09:10:54.696225" elapsed="0.303539"/>
</kw>
<kw name="Enter the username in the to user field" owner="PaymentUser">
<kw name="Input Text" owner="SeleniumLibrary">
<msg time="2024-07-17T09:10:55.001764" level="INFO">Typing text 'css:input[placeholder="User"]' into text field 'xpath://input[@placeholder="Type to search"]'.</msg>
<arg>${to_User}</arg>
<arg>${user_name}</arg>
<doc>Types the given ``text`` into the text field identified by ``locator``.</doc>
<status status="PASS" start="2024-07-17T09:10:55.000764" elapsed="0.399099"/>
</kw>
<arg>${user_name}</arg>
<status status="PASS" start="2024-07-17T09:10:55.000764" elapsed="0.399099"/>
</kw>
<kw name="Select the user" owner="PaymentUser">
<kw name="Click Element" owner="SeleniumLibrary">
<msg time="2024-07-17T09:10:55.405043" level="INFO">Clicking element 'xpath://div[@class="dropdown-menu show"]//a[1]'.</msg>
<arg>${select_user}</arg>
<doc>Click the element identified by ``locator``.</doc>
<status status="PASS" start="2024-07-17T09:10:55.402044" elapsed="0.850409"/>
</kw>
<status status="PASS" start="2024-07-17T09:10:55.401034" elapsed="0.851419"/>
</kw>
<kw name="Click the scheduling dropdown button" owner="PaymentUser">
<kw name="Click Element" owner="SeleniumLibrary">
<msg time="2024-07-17T09:10:56.255453" level="INFO">Clicking element 'xpath://button[@title="Pay now"]'.</msg>
<arg>${Scheduling}</arg>
<doc>Click the element identified by ``locator``.</doc>
<status status="PASS" start="2024-07-17T09:10:56.254452" elapsed="0.856370"/>
</kw>
<status status="PASS" start="2024-07-17T09:10:56.253452" elapsed="0.858370"/>
</kw>
<kw name="Click the monthly installment option" owner="PaymentUser">
<kw name="Click Element" owner="SeleniumLibrary">
<msg time="2024-07-17T09:10:57.114100" level="INFO">Clicking element 'xpath://div[@role='listbox']//a[text()=' Monthly installments ']'.</msg>
<arg>${monthly_inst_option}</arg>
<doc>Click the element identified by ``locator``.</doc>
<status status="PASS" start="2024-07-17T09:10:57.112822" elapsed="0.151514"/>
</kw>
<status status="PASS" start="2024-07-17T09:10:57.112822" elapsed="0.151514"/>
</kw>
<kw name="Fill the no of installments" owner="PaymentUser">
<kw name="Input Text" owner="SeleniumLibrary">
<msg time="2024-07-17T09:10:57.266336" level="INFO">Typing text '5' into text field 'xpath://div[@class='d-flex label-value-value']//input[@type='number']'.</msg>
<arg>${no_of_installments}</arg>
<arg>${no_of_installments_data}</arg>
<doc>Types the given ``text`` into the text field identified by ``locator``.</doc>
<status status="PASS" start="2024-07-17T09:10:57.265336" elapsed="0.363946"/>
</kw>
<arg>${inst_no}</arg>
<status status="PASS" start="2024-07-17T09:10:57.264336" elapsed="0.364946"/>
</kw>
<kw name="Click the first installment" owner="PaymentUser">
<kw name="Click Element" owner="SeleniumLibrary">
<msg time="2024-07-17T09:10:57.631287" level="INFO">Clicking element 'xpath://label[@class='custom-control-label' and text()=' Future date ']'.</msg>
<arg>${first_instal}</arg>
<doc>Click the element identified by ``locator``.</doc>
<status status="PASS" start="2024-07-17T09:10:57.631287" elapsed="0.185086"/>
</kw>
<status status="PASS" start="2024-07-17T09:10:57.630285" elapsed="0.186088"/>
</kw>
<kw name="Fill the future date" owner="PaymentUser">
<kw name="Input Text" owner="SeleniumLibrary">
<msg time="2024-07-17T09:10:57.819986" level="INFO">Typing text '30-07-2024' into text field 'xpath://div[@class='d-flex label-value-value']//input[@type='date']'.</msg>
<arg>${future_date}</arg>
<arg>${fut_date}</arg>
<doc>Types the given ``text`` into the text field identified by ``locator``.</doc>
<status status="PASS" start="2024-07-17T09:10:57.818981" elapsed="0.180892"/>
</kw>
<arg>${fut_date}</arg>
<status status="PASS" start="2024-07-17T09:10:57.816373" elapsed="0.184500"/>
</kw>
<kw name="Fill the description" owner="PaymentUser">
<kw name="Input Text" owner="SeleniumLibrary">
<msg time="2024-07-17T09:10:58.002873" level="INFO">Typing text 'Monthly Installments' into text field 'xpath://div[@class='d-flex label-value-value']//textarea'.</msg>
<arg>${descrip_xpath}</arg>
<arg>${description}</arg>
<doc>Types the given ``text`` into the text field identified by ``locator``.</doc>
<status status="PASS" start="2024-07-17T09:10:58.001873" elapsed="0.202133"/>
</kw>
<arg>${description}</arg>
<status status="PASS" start="2024-07-17T09:10:58.000873" elapsed="0.203133"/>
</kw>
<kw name="Click the next Button in payment page" owner="PaymentUser">
<kw name="Wait Until Element Is Visible" owner="SeleniumLibrary">
<arg>${next}</arg>
<doc>Waits until the element ``locator`` is visible.</doc>
<status status="PASS" start="2024-07-17T09:10:58.205355" elapsed="0.027070"/>
</kw>
<kw name="Click Element" owner="SeleniumLibrary">
<msg time="2024-07-17T09:10:58.234430" level="INFO">Clicking element 'xpath://action-button[@class="d-inline-block button"]/button'.</msg>
<arg>${next}</arg>
<doc>Click the element identified by ``locator``.</doc>
<status status="PASS" start="2024-07-17T09:10:58.233430" elapsed="0.070795"/>
</kw>
<status status="PASS" start="2024-07-17T09:10:58.204006" elapsed="0.100219"/>
</kw>
<kw name="verify the error message for amount field is given blank" owner="PaymentUser">
<kw name="Wait Until Element Is Visible" owner="SeleniumLibrary">
<arg>${amount_error_msg}</arg>
<doc>Waits until the element ``locator`` is visible.</doc>
<status status="PASS" start="2024-07-17T09:10:58.305225" elapsed="0.033570"/>
</kw>
<kw name="Element Text Should Be" owner="SeleniumLibrary">
<msg time="2024-07-17T09:10:58.339798" level="INFO">Verifying element 'xpath:(//field-errors)[2]//div' contains exact text 'This field is required'.</msg>
<arg>${amount_error_msg}</arg>
<arg>This field is required</arg>
<doc>Verifies that element ``locator`` contains exact the text ``expected``.</doc>
<status status="PASS" start="2024-07-17T09:10:58.338795" elapsed="0.024468"/>
</kw>
<status status="PASS" start="2024-07-17T09:10:58.304225" elapsed="0.059038"/>
</kw>
<kw name="Close Browser Session" owner="GenericResource" type="TEARDOWN">
<kw name="Close Browser" owner="SeleniumLibrary">
<doc>Closes the current browser.</doc>
<status status="PASS" start="2024-07-17T09:10:58.365262" elapsed="5.883875"/>
</kw>
<status status="PASS" start="2024-07-17T09:10:58.364263" elapsed="5.884874"/>
</kw>
<doc>Validate the user payment features</doc>
<tag>regression</tag>
<status status="PASS" start="2024-07-17T09:10:42.068095" elapsed="22.181042"/>
</test>
<test id="s1-s1-s1-t4" name="To validate payment to user functionality with blank fields" line="71">
<kw name="Open the Browser with URL" owner="GenericResource" type="SETUP">
<kw name="Create Webdriver" owner="SeleniumLibrary">
<msg time="2024-07-17T09:11:04.251137" level="INFO">Creating an instance of the Chrome WebDriver.</msg>
<arg>${brower_name}</arg>
<doc>Creates an instance of Selenium WebDriver.</doc>
<status status="PASS" start="2024-07-17T09:11:04.251137" elapsed="2.637288"/>
</kw>
<kw name="Go To" owner="SeleniumLibrary">
<msg time="2024-07-17T09:11:06.890427" level="INFO">Opening url 'https://demo.cyclos.org/ui/home'</msg>
<arg>${url}</arg>
<doc>Navigates the current browser window to the provided ``url``.</doc>
<status status="PASS" start="2024-07-17T09:11:06.889427" elapsed="2.789350"/>
</kw>
<kw name="Maximize Browser Window" owner="SeleniumLibrary">
<doc>Maximizes current browser window.</doc>
<status status="PASS" start="2024-07-17T09:11:09.679775" elapsed="0.070555"/>
</kw>
<kw name="Set Selenium Implicit Wait" owner="SeleniumLibrary">
<arg>5</arg>
<doc>Sets the implicit wait value used by Selenium.</doc>
<status status="PASS" start="2024-07-17T09:11:09.750330" elapsed="0.001999"/>
</kw>
<status status="PASS" start="2024-07-17T09:11:04.251137" elapsed="5.501192"/>
</kw>
<kw name="Go to Login Page" owner="HomeResource">
<kw name="Wait Until Element Is Visible" owner="SeleniumLibrary">
<arg>${login_btn}</arg>
<doc>Waits until the element ``locator`` is visible.</doc>
<status status="PASS" start="2024-07-17T09:11:09.753329" elapsed="2.073058"/>
</kw>
<kw name="Click Element" owner="SeleniumLibrary">
<msg time="2024-07-17T09:11:11.827392" level="INFO">Clicking element 'xpath:(//div[@class="ml-2"])[3]'.</msg>
<arg>${login_btn}</arg>
<doc>Click the element identified by ``locator``.</doc>
<status status="PASS" start="2024-07-17T09:11:11.826387" elapsed="0.209314"/>
</kw>
<status status="PASS" start="2024-07-17T09:11:09.753329" elapsed="2.282372"/>
</kw>
<kw name="Fill the login form" owner="LoginResource">
<kw name="Input Text" owner="SeleniumLibrary">
<msg time="2024-07-17T09:11:12.038158" level="INFO">Typing text 'dharun' into text field 'css:input[placeholder="User"]'.</msg>
<arg>${username}</arg>
<arg>${user}</arg>
<doc>Types the given ``text`` into the text field identified by ``locator``.</doc>
<status status="PASS" start="2024-07-17T09:11:12.037153" elapsed="0.493053"/>
</kw>
<kw name="Input Password" owner="SeleniumLibrary">
<msg time="2024-07-17T09:11:12.531591" level="INFO">Typing password into text field 'css:input[placeholder="Password"]'.</msg>
<msg time="2024-07-17T09:11:12.664012" level="INFO">Temporally setting log level to: NONE</msg>
<arg>${password}</arg>
<arg>${pass}</arg>
<doc>Types the given password into the text field identified by ``locator``.</doc>
<status status="PASS" start="2024-07-17T09:11:12.530206" elapsed="0.219059"/>
</kw>
<arg>dharun</arg>
<arg>1234</arg>
<status status="PASS" start="2024-07-17T09:11:12.035701" elapsed="0.713564"/>
</kw>
<kw name="click the login button" owner="LoginResource">
<kw name="Click Button" owner="SeleniumLibrary">
<msg time="2024-07-17T09:11:12.751692" level="INFO">Clicking button 'xpath://button[@class="btn d-flex justify-content-center align-items-center w-100 h-100 btn-primary btn-action-primary"]'.</msg>
<arg>${submit_btn}</arg>
<doc>Clicks the button identified by ``locator``.</doc>
<status status="PASS" start="2024-07-17T09:11:12.750687" elapsed="0.112746"/>
</kw>
<status status="PASS" start="2024-07-17T09:11:12.750687" elapsed="0.112746"/>
</kw>
<kw name="Click the Banking Option" owner="HomeResource">
<kw name="Wait Until Element Is Visible" owner="SeleniumLibrary">
<arg>${Banking}</arg>
<doc>Waits until the element ``locator`` is visible.</doc>
<status status="PASS" start="2024-07-17T09:11:12.864431" elapsed="0.750301"/>
</kw>
<kw name="Click Element" owner="SeleniumLibrary">
<msg time="2024-07-17T09:11:13.615736" level="INFO">Clicking element 'xpath://div[text()='Banking']'.</msg>
<arg>${Banking}</arg>
<doc>Click the element identified by ``locator``.</doc>
<status status="PASS" start="2024-07-17T09:11:13.614732" elapsed="0.101940"/>
</kw>
<status status="PASS" start="2024-07-17T09:11:12.864431" elapsed="0.852241"/>
</kw>
<kw name="Verify the Banking page is displayed" owner="HomeResource">
<kw name="Element Text Should Be" owner="SeleniumLibrary">
<msg time="2024-07-17T09:11:13.722699" level="INFO">Verifying element 'xpath://div[text()='Banking']' contains exact text 'Banking'.</msg>
<arg>${Banking_page_verify}</arg>
<arg>${Banking_page_keyword}</arg>
<doc>Verifies that element ``locator`` contains exact the text ``expected``.</doc>
<status status="PASS" start="2024-07-17T09:11:13.721678" elapsed="0.040814"/>
</kw>
<status status="PASS" start="2024-07-17T09:11:13.717675" elapsed="0.045821"/>
</kw>
<kw name="Select the option payment to user" owner="PaymentUser">
<kw name="Wait Until Element Is Visible" owner="SeleniumLibrary">
<arg>${select_payment_to_user}</arg>
<doc>Waits until the element ``locator`` is visible.</doc>
<status status="PASS" start="2024-07-17T09:11:13.764778" elapsed="0.966253"/>
</kw>
<kw name="Click Element" owner="SeleniumLibrary">
<msg time="2024-07-17T09:11:14.732034" level="INFO">Clicking element 'xpath://div[text()="Payment to user"]'.</msg>
<arg>${select_payment_to_user}</arg>
<doc>Click the element identified by ``locator``.</doc>
<status status="PASS" start="2024-07-17T09:11:14.731031" elapsed="0.096526"/>
</kw>
<status status="PASS" start="2024-07-17T09:11:13.763496" elapsed="1.064061"/>
</kw>
<kw name="verify the payment to user page open" owner="PaymentUser">
<kw name="Element Text Should Be" owner="SeleniumLibrary">
<msg time="2024-07-17T09:11:14.829561" level="INFO">Verifying element 'xpath://div[@class="content-title d-flex"]//div' contains exact text 'Payment to user'.</msg>
<arg>${payment_user_title}</arg>
<arg>Payment to user</arg>
<doc>Verifies that element ``locator`` contains exact the text ``expected``.</doc>
<status status="PASS" start="2024-07-17T09:11:14.829561" elapsed="0.948815"/>
</kw>
<status status="PASS" start="2024-07-17T09:11:14.827557" elapsed="0.950819"/>
</kw>
<kw name="Click the next Button in payment page" owner="PaymentUser">
<kw name="Wait Until Element Is Visible" owner="SeleniumLibrary">
<arg>${next}</arg>
<doc>Waits until the element ``locator`` is visible.</doc>
<status status="PASS" start="2024-07-17T09:11:15.780373" elapsed="0.218945"/>
</kw>
<kw name="Click Element" owner="SeleniumLibrary">
<msg time="2024-07-17T09:11:16.002545" level="INFO">Clicking element 'xpath://action-button[@class="d-inline-block button"]/button'.</msg>
<arg>${next}</arg>
<doc>Click the element identified by ``locator``.</doc>
<status status="PASS" start="2024-07-17T09:11:16.001321" elapsed="0.155653"/>
</kw>
<status status="PASS" start="2024-07-17T09:11:15.779375" elapsed="0.377599"/>
</kw>
<kw name="verify the error message for user to field is given blank" owner="PaymentUser">
<try>
<branch type="TRY">
<kw name="Wait Until Element Is Visible" owner="SeleniumLibrary">
<arg>${to_user_error_msg}</arg>
<doc>Waits until the element ``locator`` is visible.</doc>
<status status="PASS" start="2024-07-17T09:11:16.157979" elapsed="0.030542"/>
</kw>
<kw name="Element Text Should Be" owner="SeleniumLibrary">
<msg time="2024-07-17T09:11:16.190011" level="INFO">Verifying element 'xpath:(//field-errors)[1]//div' contains exact text 'This field is required'.</msg>
<arg>${to_user_error_msg}</arg>
<arg>This field is required</arg>
<doc>Verifies that element ``locator`` contains exact the text ``expected``.</doc>
<status status="PASS" start="2024-07-17T09:11:16.188521" elapsed="0.022687"/>
</kw>
<status status="PASS" start="2024-07-17T09:11:16.157979" elapsed="0.053229"/>
</branch>
<branch type="EXCEPT">
<kw name="Log" owner="BuiltIn">
<arg>intentional failure.</arg>
<doc>Logs the given message with the given level.</doc>
<status status="NOT RUN" start="2024-07-17T09:11:16.211208" elapsed="0.001003"/>
</kw>
<status status="NOT RUN" start="2024-07-17T09:11:16.211208" elapsed="0.001003"/>
</branch>
<status status="PASS" start="2024-07-17T09:11:16.157979" elapsed="0.054232"/>
</try>
<status status="PASS" start="2024-07-17T09:11:16.157979" elapsed="0.054232"/>
</kw>
<kw name="verify the error message for amount field is given blank" owner="PaymentUser">
<kw name="Wait Until Element Is Visible" owner="SeleniumLibrary">
<arg>${amount_error_msg}</arg>
<doc>Waits until the element ``locator`` is visible.</doc>
<status status="PASS" start="2024-07-17T09:11:16.213208" elapsed="0.033157"/>
</kw>
<kw name="Element Text Should Be" owner="SeleniumLibrary">
<msg time="2024-07-17T09:11:16.247371" level="INFO">Verifying element 'xpath:(//field-errors)[2]//div' contains exact text 'This field is required'.</msg>
<arg>${amount_error_msg}</arg>
<arg>This field is required</arg>
<doc>Verifies that element ``locator`` contains exact the text ``expected``.</doc>
<status status="PASS" start="2024-07-17T09:11:16.246365" elapsed="0.031156"/>
</kw>
<status status="PASS" start="2024-07-17T09:11:16.213208" elapsed="0.064313"/>
</kw>
<kw name="Close Browser Session" owner="GenericResource" type="TEARDOWN">
<kw name="Close Browser" owner="SeleniumLibrary">
<doc>Closes the current browser.</doc>
<status status="PASS" start="2024-07-17T09:11:16.278521" elapsed="8.670368"/>
</kw>
<status status="PASS" start="2024-07-17T09:11:16.278521" elapsed="8.670368"/>
</kw>
<doc>Validate the user payment features</doc>
<tag>retest</tag>
<status status="PASS" start="2024-07-17T09:11:04.250137" elapsed="20.698752"/>
</test>
<doc>To validate Banking - payment to user Functionality</doc>
<status status="FAIL" start="2024-07-17T09:10:12.969547" elapsed="71.980342"/>
</suite>
<status status="FAIL" start="2024-07-17T09:10:12.968544" elapsed="71.982346"/>
</suite>
<status status="FAIL" start="2024-07-17T09:10:12.950826" elapsed="72.001376"/>
</suite>
<statistics>
<total>
<stat pass="3" fail="1" skip="0">All Tests</stat>
</total>
<tag>
<stat pass="2" fail="0" skip="0">regression</stat>
<stat pass="1" fail="0" skip="0">retest</stat>
<stat pass="0" fail="1" skip="0">smoke</stat>
</tag>
<suite>
<stat pass="3" fail="1" skip="0" id="s1" name="PilotProject Cyclos Team1-1">PilotProject Cyclos Team1-1</stat>
<stat pass="3" fail="1" skip="0" id="s1-s1" name="TestCases">PilotProject Cyclos Team1-1.TestCases</stat>
<stat pass="3" fail="1" skip="0" id="s1-s1-s1" name="Test User Payment">PilotProject Cyclos Team1-1.TestCases.Test User Payment</stat>
</suite>
</statistics>
<errors>
</errors>
</robot>
