<?xml version="1.0" encoding="UTF-8"?>
<robot generator="Robot 7.0 (Python 3.12.2 on win32)" generated="2024-07-10T11:57:37.386692" rpa="false" schemaversion="5">
<suite id="s1" name="TestCases" source="C:\Users\ASUS\Desktop\PilotProject_Cyclos_Team1-1\TestCases">
<suite id="s1-s1" name="test memberAccount" source="C:\Users\ASUS\Desktop\PilotProject_Cyclos_Team1-1\TestCases\test_memberAccount.robot">
<test id="s1-s1-t1" name="Validate the Member Account" line="13">
<kw name="Open the Browser with URL" owner="GenericResource" type="SETUP">
<kw name="Create Webdriver" owner="SeleniumLibrary">
<msg time="2024-07-10T11:57:37.985887" level="INFO">Creating an instance of the Chrome WebDriver.</msg>
<arg>${brower_name}</arg>
<doc>Creates an instance of Selenium WebDriver.</doc>
<status status="PASS" start="2024-07-10T11:57:37.984705" elapsed="3.230255"/>
</kw>
<kw name="Go To" owner="SeleniumLibrary">
<msg time="2024-07-10T11:57:41.215964" level="INFO">Opening url 'https://demo.cyclos.org/ui/home'</msg>
<arg>${url}</arg>
<doc>Navigates the current browser window to the provided ``url``.</doc>
<status status="PASS" start="2024-07-10T11:57:41.214960" elapsed="3.400847"/>
</kw>
<kw name="Maximize Browser Window" owner="SeleniumLibrary">
<doc>Maximizes current browser window.</doc>
<status status="PASS" start="2024-07-10T11:57:44.615807" elapsed="0.103231"/>
</kw>
<kw name="Set Selenium Implicit Wait" owner="SeleniumLibrary">
<arg>5</arg>
<doc>Sets the implicit wait value used by Selenium.</doc>
<status status="PASS" start="2024-07-10T11:57:44.720039" elapsed="0.006593"/>
</kw>
<status status="PASS" start="2024-07-10T11:57:37.984191" elapsed="6.742441"/>
</kw>
<kw name="Go to Login Page" owner="HomeResource">
<kw name="Sleep" owner="BuiltIn">
<msg time="2024-07-10T11:57:49.730181" level="INFO">Slept 5 seconds.</msg>
<arg>5s</arg>
<doc>Pauses the test executed for the given time.</doc>
<status status="PASS" start="2024-07-10T11:57:44.728632" elapsed="5.001549"/>
</kw>
<kw name="Click Element" owner="SeleniumLibrary">
<msg time="2024-07-10T11:57:49.731702" level="INFO">Clicking element 'xpath:(//div[@class="ml-2"])[3]'.</msg>
<arg>${login_btn}</arg>
<doc>Click the element identified by ``locator``.</doc>
<status status="PASS" start="2024-07-10T11:57:49.730687" elapsed="0.157147"/>
</kw>
<status status="PASS" start="2024-07-10T11:57:44.727633" elapsed="5.160201"/>
</kw>
<kw name="Fill the login form" owner="LoginResource">
<kw name="Input Text" owner="SeleniumLibrary">
<msg time="2024-07-10T11:57:49.889398" level="INFO">Typing text 'dharun' into text field 'css:input[placeholder="User"]'.</msg>
<arg>${username}</arg>
<arg>${user}</arg>
<doc>Types the given ``text`` into the text field identified by ``locator``.</doc>
<status status="PASS" start="2024-07-10T11:57:49.888395" elapsed="0.132987"/>
</kw>
<kw name="Input Password" owner="SeleniumLibrary">
<msg time="2024-07-10T11:57:50.022382" level="INFO">Typing password into text field 'css:input[placeholder="Password"]'.</msg>
<msg time="2024-07-10T11:57:50.067989" level="INFO">Temporally setting log level to: NONE</msg>
<arg>${password}</arg>
<arg>${pass}</arg>
<doc>Types the given password into the text field identified by ``locator``.</doc>
<status status="PASS" start="2024-07-10T11:57:50.021382" elapsed="0.151272"/>
</kw>
<arg>dharun</arg>
<arg>1234</arg>
<status status="PASS" start="2024-07-10T11:57:49.888395" elapsed="0.284259"/>
</kw>
<kw name="click the login button" owner="LoginResource">
<kw name="Click Button" owner="SeleniumLibrary">
<msg time="2024-07-10T11:57:50.173653" level="INFO">Clicking button 'xpath://button[@class="btn d-flex justify-content-center align-items-center w-100 h-100 btn-primary btn-action-primary"]'.</msg>
<arg>${submit_btn}</arg>
<doc>Clicks the button identified by ``locator``.</doc>
<status status="PASS" start="2024-07-10T11:57:50.173653" elapsed="0.105656"/>
</kw>
<status status="PASS" start="2024-07-10T11:57:50.172654" elapsed="0.106655"/>
</kw>
<kw name="Click the Banking Option" owner="HomeResource">
<kw name="Wait Until Element Is Visible" owner="SeleniumLibrary">
<arg>${Banking}</arg>
<doc>Waits until the element ``locator`` is visible.</doc>
<status status="PASS" start="2024-07-10T11:57:50.281348" elapsed="0.761002"/>
</kw>
<kw name="Click Element" owner="SeleniumLibrary">
<msg time="2024-07-10T11:57:51.043389" level="INFO">Clicking element 'xpath://div[text()='Banking']'.</msg>
<arg>${Banking}</arg>
<doc>Click the element identified by ``locator``.</doc>
<status status="PASS" start="2024-07-10T11:57:51.043389" elapsed="0.103996"/>
</kw>
<status status="PASS" start="2024-07-10T11:57:50.280330" elapsed="0.867055"/>
</kw>
<kw name="Verify the Banking page is displayed" owner="HomeResource">
<kw name="Element Text Should Be" owner="SeleniumLibrary">
<msg time="2024-07-10T11:57:51.150258" level="INFO">Verifying element 'xpath://div[text()='Banking']' contains exact text 'Banking'.</msg>
<arg>${Banking_page_verify}</arg>
<arg>${Banking_page_keyword}</arg>
<doc>Verifies that element ``locator`` contains exact the text ``expected``.</doc>
<status status="PASS" start="2024-07-10T11:57:51.149258" elapsed="0.120658"/>
</kw>
<status status="PASS" start="2024-07-10T11:57:51.148253" elapsed="0.121663"/>
</kw>
<kw name="Verify the Member account page" owner="MemberAccountResource">
<kw name="Wait Until Element Is Visible" owner="SeleniumLibrary">
<arg>${Member_acc}</arg>
<doc>Waits until the element ``locator`` is visible.</doc>
<status status="PASS" start="2024-07-10T11:57:51.271798" elapsed="1.379560"/>
</kw>
<kw name="Click Element" owner="SeleniumLibrary">
<msg time="2024-07-10T11:57:52.653539" level="INFO">Clicking element 'xpath://div[text()='Member account']'.</msg>
<arg>${Member_acc}</arg>
<doc>Click the element identified by ``locator``.</doc>
<status status="PASS" start="2024-07-10T11:57:52.652371" elapsed="0.159045"/>
</kw>
<kw name="Element Text Should Be" owner="SeleniumLibrary">
<msg time="2024-07-10T11:57:52.812421" level="INFO">Verifying element 'xpath://div[text()=' Member account ']' contains exact text 'Member account'.</msg>
<arg>${Member_acc_keyword_xpath}</arg>
<arg>${Member_acc_keyword}</arg>
<doc>Verifies that element ``locator`` contains exact the text ``expected``.</doc>
<status status="PASS" start="2024-07-10T11:57:52.812421" elapsed="1.162866"/>
</kw>
<status status="PASS" start="2024-07-10T11:57:51.271289" elapsed="2.703998"/>
</kw>
<kw name="Verify the balance" owner="MemberAccountResource">
<kw name="Wait Until Element Is Visible" owner="SeleniumLibrary">
<arg>${balance_xpath}</arg>
<doc>Waits until the element ``locator`` is visible.</doc>
<status status="PASS" start="2024-07-10T11:57:53.976287" elapsed="0.358646"/>
</kw>
<kw name="Get Text" owner="SeleniumLibrary">
<msg time="2024-07-10T11:57:54.558615" level="INFO">${balance} = 503,00 IU's</msg>
<var>${balance}</var>
<arg>${balance_xpath}</arg>
<doc>Returns the text value of the element identified by ``locator``.</doc>
<status status="PASS" start="2024-07-10T11:57:54.334933" elapsed="0.223682"/>
</kw>
<kw name="Element Should Contain" owner="SeleniumLibrary">
<msg time="2024-07-10T11:57:54.623318" level="INFO">Element 'xpath://div[@class='status-label col-6 col-sm-3']/following-sibling::div' contains text '503,00 IU's'.</msg>
<arg>${balance_xpath}</arg>
<arg>${balance}</arg>
<doc>Verifies that element ``locator`` contains text ``expected``.</doc>
<status status="PASS" start="2024-07-10T11:57:54.559615" elapsed="0.063703"/>
</kw>
<status status="PASS" start="2024-07-10T11:57:53.975287" elapsed="0.648031"/>
</kw>
<kw name="Assert the transaction data" owner="MemberAccountResource">
<kw name="Wait Until Element Is Visible" owner="SeleniumLibrary">
<arg>${table_xpath}</arg>
<doc>Waits until the element ``locator`` is visible.</doc>
<status status="PASS" start="2024-07-10T11:57:54.624318" elapsed="0.043334"/>
</kw>
<kw name="Get Element Count" owner="SeleniumLibrary">
<msg time="2024-07-10T11:57:54.677132" level="INFO">${element_count} = 1</msg>
<var>${element_count}</var>
<arg>${table_xpath}</arg>
<doc>Returns the number of elements matching ``locator``.</doc>
<status status="PASS" start="2024-07-10T11:57:54.668656" elapsed="0.008476"/>
</kw>
<kw name="Should Not Be Equal As Numbers" owner="BuiltIn">
<msg time="2024-07-10T11:57:54.682441" level="INFO">Argument types are:
&lt;class 'str'&gt;
&lt;class 'int'&gt;</msg>
<arg>0</arg>
<arg>${element_count}</arg>
<doc>Fails if objects are equal after converting them to real numbers.</doc>
<status status="PASS" start="2024-07-10T11:57:54.677132" elapsed="0.005309"/>
</kw>
<kw name="Table Cell Should Contain" owner="SeleniumLibrary">
<msg time="2024-07-10T11:58:00.222293" level="INFO" html="true">&lt;/td&gt;&lt;/tr&gt;&lt;tr&gt;&lt;td colspan="3"&gt;&lt;a href="selenium-screenshot-1.png"&gt;&lt;img src="selenium-screenshot-1.png" width="800px"&gt;&lt;/a&gt;</msg>
<msg time="2024-07-10T11:58:00.222293" level="FAIL">Table 'xpath://table[@class='table table-hover cursor-pointer']' cell on row 2 and column 5 should have contained text '+1,00 IU's' but it had '-2,00 IU's'.</msg>
<arg>${table_xpath}</arg>
<arg>2</arg>
<arg>5</arg>
<arg>+1,00 IU's</arg>
<doc>Verifies table cell contains text ``expected``.</doc>
<status status="FAIL" start="2024-07-10T11:57:54.683447" elapsed="5.542851">Table 'xpath://table[@class='table table-hover cursor-pointer']' cell on row 2 and column 5 should have contained text '+1,00 IU's' but it had '-2,00 IU's'.</status>
</kw>
<status status="FAIL" start="2024-07-10T11:57:54.624318" elapsed="5.601980">Table 'xpath://table[@class='table table-hover cursor-pointer']' cell on row 2 and column 5 should have contained text '+1,00 IU's' but it had '-2,00 IU's'.</status>
</kw>
<kw name="Close Browser Session" owner="GenericResource" type="TEARDOWN">
<kw name="Close Browser" owner="SeleniumLibrary">
<doc>Closes the current browser.</doc>
<status status="PASS" start="2024-07-10T11:58:00.229298" elapsed="4.097230"/>
</kw>
<status status="PASS" start="2024-07-10T11:58:00.227297" elapsed="4.100230"/>
</kw>
<doc>validate the balance and transaction</doc>
<tag>smoke</tag>
<status status="FAIL" start="2024-07-10T11:57:37.983192" elapsed="26.344335">Table 'xpath://table[@class='table table-hover cursor-pointer']' cell on row 2 and column 5 should have contained text '+1,00 IU's' but it had '-2,00 IU's'.</status>
</test>
<doc>This checks the Member account fubctionality</doc>
<status status="FAIL" start="2024-07-10T11:57:37.483449" elapsed="26.846078"/>
</suite>
<status status="FAIL" start="2024-07-10T11:57:37.438386" elapsed="26.893647"/>
</suite>
<statistics>
<total>
<stat pass="0" fail="1" skip="0">All Tests</stat>
</total>
<tag>
<stat pass="0" fail="1" skip="0">smoke</stat>
</tag>
<suite>
<stat pass="0" fail="1" skip="0" id="s1" name="TestCases">TestCases</stat>
<stat pass="0" fail="1" skip="0" id="s1-s1" name="test memberAccount">TestCases.test memberAccount</stat>
</suite>
</statistics>
<errors>
</errors>
</robot>
