<?xml version="1.0" encoding="UTF-8"?>
<robot generator="Robot 7.0 (Python 3.12.2 on win32)" generated="2024-07-10T11:53:33.734612" rpa="false" schemaversion="5">
<suite id="s1" name="TestCases" source="C:\Users\ASUS\Desktop\PilotProject_Cyclos_Team1-1\TestCases">
<suite id="s1-s1" name="Test Logout" source="C:\Users\ASUS\Desktop\PilotProject_Cyclos_Team1-1\TestCases\test_logout.robot">
<test id="s1-s1-t1" name="testcase for logout functionality" line="12">
<kw name="Open the Browser with URL" owner="GenericResource" type="SETUP">
<kw name="Create Webdriver" owner="SeleniumLibrary">
<msg time="2024-07-10T11:53:34.059652" level="INFO">Creating an instance of the Chrome WebDriver.</msg>
<arg>${brower_name}</arg>
<doc>Creates an instance of Selenium WebDriver.</doc>
<status status="PASS" start="2024-07-10T11:53:34.058155" elapsed="2.359728"/>
</kw>
<kw name="Go To" owner="SeleniumLibrary">
<msg time="2024-07-10T11:53:36.418883" level="INFO">Opening url 'https://demo.cyclos.org/ui/home'</msg>
<arg>${url}</arg>
<doc>Navigates the current browser window to the provided ``url``.</doc>
<status status="PASS" start="2024-07-10T11:53:36.417883" elapsed="3.560005"/>
</kw>
<kw name="Maximize Browser Window" owner="SeleniumLibrary">
<doc>Maximizes current browser window.</doc>
<status status="PASS" start="2024-07-10T11:53:39.977888" elapsed="0.217423"/>
</kw>
<kw name="Set Selenium Implicit Wait" owner="SeleniumLibrary">
<arg>5</arg>
<doc>Sets the implicit wait value used by Selenium.</doc>
<status status="PASS" start="2024-07-10T11:53:40.196313" elapsed="0.014568"/>
</kw>
<status status="PASS" start="2024-07-10T11:53:34.055367" elapsed="6.156515"/>
</kw>
<kw name="Go to Login Page" owner="HomeResource">
<kw name="Sleep" owner="BuiltIn">
<msg time="2024-07-10T11:53:45.216604" level="INFO">Slept 5 seconds.</msg>
<arg>5s</arg>
<doc>Pauses the test executed for the given time.</doc>
<status status="PASS" start="2024-07-10T11:53:40.213881" elapsed="5.002723"/>
</kw>
<kw name="Click Element" owner="SeleniumLibrary">
<msg time="2024-07-10T11:53:45.229607" level="INFO">Clicking element 'xpath:(//div[@class="ml-2"])[3]'.</msg>
<arg>${login_btn}</arg>
<doc>Click the element identified by ``locator``.</doc>
<status status="PASS" start="2024-07-10T11:53:45.228607" elapsed="1.005765"/>
</kw>
<status status="PASS" start="2024-07-10T11:53:40.212882" elapsed="6.022490"/>
</kw>
<kw name="Fill the login form" owner="LoginResource">
<kw name="Input Text" owner="SeleniumLibrary">
<msg time="2024-07-10T11:53:46.236373" level="INFO">Typing text 'sandhiyas' into text field 'css:input[placeholder="User"]'.</msg>
<arg>${username}</arg>
<arg>${user}</arg>
<doc>Types the given ``text`` into the text field identified by ``locator``.</doc>
<status status="PASS" start="2024-07-10T11:53:46.235372" elapsed="0.602095"/>
</kw>
<kw name="Input Password" owner="SeleniumLibrary">
<msg time="2024-07-10T11:53:46.838471" level="INFO">Typing password into text field 'css:input[placeholder="Password"]'.</msg>
<msg time="2024-07-10T11:53:46.987846" level="INFO">Temporally setting log level to: NONE</msg>
<arg>${password}</arg>
<arg>${pass}</arg>
<doc>Types the given password into the text field identified by ``locator``.</doc>
<status status="PASS" start="2024-07-10T11:53:46.838471" elapsed="0.303978"/>
</kw>
<arg>sandhiyas</arg>
<arg>Sand@123</arg>
<status status="PASS" start="2024-07-10T11:53:46.235372" elapsed="0.907077"/>
</kw>
<kw name="click the login button" owner="LoginResource">
<kw name="Click Button" owner="SeleniumLibrary">
<msg time="2024-07-10T11:53:47.144449" level="INFO">Clicking button 'xpath://button[@class="btn d-flex justify-content-center align-items-center w-100 h-100 btn-primary btn-action-primary"]'.</msg>
<arg>${submit_btn}</arg>
<doc>Clicks the button identified by ``locator``.</doc>
<status status="PASS" start="2024-07-10T11:53:47.143450" elapsed="0.497595"/>
</kw>
<status status="PASS" start="2024-07-10T11:53:47.142449" elapsed="0.498596"/>
</kw>
<kw name="click the logout" owner="HomeResource">
<kw name="Wait Until Element Is Visible" owner="SeleniumLibrary">
<arg>${Logout}</arg>
<doc>Waits until the element ``locator`` is visible.</doc>
<status status="PASS" start="2024-07-10T11:53:47.642044" elapsed="0.915259"/>
</kw>
<kw name="Click Element" owner="SeleniumLibrary">
<msg time="2024-07-10T11:53:48.558303" level="INFO">Clicking element 'xpath://a[@aria-label="Logout"]//icon//*[name()="svg"]'.</msg>
<arg>${Logout}</arg>
<doc>Click the element identified by ``locator``.</doc>
<status status="PASS" start="2024-07-10T11:53:48.557303" elapsed="0.126634"/>
</kw>
<status status="PASS" start="2024-07-10T11:53:47.642044" elapsed="1.041893"/>
</kw>
<kw name="Close Browser Session" owner="GenericResource" type="TEARDOWN">
<kw name="Close Browser" owner="SeleniumLibrary">
<doc>Closes the current browser.</doc>
<status status="PASS" start="2024-07-10T11:53:48.684936" elapsed="4.367461"/>
</kw>
<status status="PASS" start="2024-07-10T11:53:48.684936" elapsed="4.367461"/>
</kw>
<doc>Validate the Logout Functionality</doc>
<tag>Smoke</tag>
<status status="PASS" start="2024-07-10T11:53:34.054367" elapsed="18.998030"/>
</test>
<doc>Test to Logout functionality</doc>
<status status="PASS" start="2024-07-10T11:53:33.800770" elapsed="19.252615"/>
</suite>
<status status="PASS" start="2024-07-10T11:53:33.778813" elapsed="19.275575"/>
</suite>
<statistics>
<total>
<stat pass="1" fail="0" skip="0">All Tests</stat>
</total>
<tag>
<stat pass="1" fail="0" skip="0">Smoke</stat>
</tag>
<suite>
<stat pass="1" fail="0" skip="0" id="s1" name="TestCases">TestCases</stat>
<stat pass="1" fail="0" skip="0" id="s1-s1" name="Test Logout">TestCases.Test Logout</stat>
</suite>
</statistics>
<errors>
</errors>
</robot>
