<?xml version="1.0" encoding="UTF-8"?>
<robot generator="Robot 7.0 (Python 3.12.2 on win32)" generated="2024-07-16T15:09:44.170612" rpa="false" schemaversion="5">
<suite id="s1" name="TestCases" source="C:\Users\ASUS\Desktop\PilotProject_Cyclos_Team1-1\TestCases">
<suite id="s1-s1" name="Test User Payment" source="C:\Users\ASUS\Desktop\PilotProject_Cyclos_Team1-1\TestCases\test_user_payment.robot">
<test id="s1-s1-t1" name="To validate payment to user functionality with valid data" line="12">
<kw name="Open the Browser with URL" owner="GenericResource" type="SETUP">
<kw name="Create Webdriver" owner="SeleniumLibrary">
<msg time="2024-07-16T15:09:45.072140" level="INFO">Creating an instance of the Chrome WebDriver.</msg>
<arg>${brower_name}</arg>
<doc>Creates an instance of Selenium WebDriver.</doc>
<status status="PASS" start="2024-07-16T15:09:45.071141" elapsed="2.342745"/>
</kw>
<kw name="Go To" owner="SeleniumLibrary">
<msg time="2024-07-16T15:09:47.414892" level="INFO">Opening url 'https://demo.cyclos.org/ui/home'</msg>
<arg>${url}</arg>
<doc>Navigates the current browser window to the provided ``url``.</doc>
<status status="PASS" start="2024-07-16T15:09:47.413886" elapsed="3.027845"/>
</kw>
<kw name="Maximize Browser Window" owner="SeleniumLibrary">
<doc>Maximizes current browser window.</doc>
<status status="PASS" start="2024-07-16T15:09:50.442731" elapsed="0.135982"/>
</kw>
<kw name="Set Selenium Implicit Wait" owner="SeleniumLibrary">
<arg>5</arg>
<doc>Sets the implicit wait value used by Selenium.</doc>
<status status="PASS" start="2024-07-16T15:09:50.578713" elapsed="0.010393"/>
</kw>
<status status="PASS" start="2024-07-16T15:09:45.070141" elapsed="5.519966"/>
</kw>
<kw name="Go to Login Page" owner="HomeResource">
<kw name="Wait Until Element Is Visible" owner="SeleniumLibrary">
<arg>${login_btn}</arg>
<doc>Waits until the element ``locator`` is visible.</doc>
<status status="PASS" start="2024-07-16T15:09:50.591107" elapsed="2.838741"/>
</kw>
<kw name="Click Element" owner="SeleniumLibrary">
<msg time="2024-07-16T15:09:53.433171" level="INFO">Clicking element 'xpath:(//div[@class="ml-2"])[3]'.</msg>
<arg>${login_btn}</arg>
<doc>Click the element identified by ``locator``.</doc>
<status status="PASS" start="2024-07-16T15:09:53.429848" elapsed="0.494671"/>
</kw>
<status status="PASS" start="2024-07-16T15:09:50.590107" elapsed="3.334412"/>
</kw>
<kw name="Fill the login form" owner="LoginResource">
<kw name="Input Text" owner="SeleniumLibrary">
<msg time="2024-07-16T15:09:53.925813" level="INFO">Typing text 'dharun' into text field 'css:input[placeholder="User"]'.</msg>
<arg>${username}</arg>
<arg>${user}</arg>
<doc>Types the given ``text`` into the text field identified by ``locator``.</doc>
<status status="PASS" start="2024-07-16T15:09:53.925813" elapsed="0.468305"/>
</kw>
<kw name="Input Password" owner="SeleniumLibrary">
<msg time="2024-07-16T15:09:54.395194" level="INFO">Typing password into text field 'css:input[placeholder="Password"]'.</msg>
<msg time="2024-07-16T15:09:54.453353" level="INFO">Temporally setting log level to: NONE</msg>
<arg>${password}</arg>
<arg>${pass}</arg>
<doc>Types the given password into the text field identified by ``locator``.</doc>
<status status="PASS" start="2024-07-16T15:09:54.395194" elapsed="0.147246"/>
</kw>
<arg>dharun</arg>
<arg>1234</arg>
<status status="PASS" start="2024-07-16T15:09:53.924519" elapsed="0.617921"/>
</kw>
<kw name="click the login button" owner="LoginResource">
<kw name="Click Button" owner="SeleniumLibrary">
<msg time="2024-07-16T15:09:54.544438" level="INFO">Clicking button 'xpath://button[@class="btn d-flex justify-content-center align-items-center w-100 h-100 btn-primary btn-action-primary"]'.</msg>
<arg>${submit_btn}</arg>
<doc>Clicks the button identified by ``locator``.</doc>
<status status="PASS" start="2024-07-16T15:09:54.543438" elapsed="0.908141"/>
</kw>
<status status="PASS" start="2024-07-16T15:09:54.543438" elapsed="0.908141"/>
</kw>
<kw name="Click the Banking Option" owner="HomeResource">
<kw name="Wait Until Element Is Visible" owner="SeleniumLibrary">
<arg>${Banking}</arg>
<doc>Waits until the element ``locator`` is visible.</doc>
<status status="PASS" start="2024-07-16T15:09:55.452579" elapsed="0.701669"/>
</kw>
<kw name="Click Element" owner="SeleniumLibrary">
<msg time="2024-07-16T15:09:56.154248" level="INFO">Clicking element 'xpath://div[text()='Banking']'.</msg>
<arg>${Banking}</arg>
<doc>Click the element identified by ``locator``.</doc>
<status status="PASS" start="2024-07-16T15:09:56.154248" elapsed="0.119381"/>
</kw>
<status status="PASS" start="2024-07-16T15:09:55.451579" elapsed="0.822050"/>
</kw>
<kw name="Verify the Banking page is displayed" owner="HomeResource">
<kw name="Element Text Should Be" owner="SeleniumLibrary">
<msg time="2024-07-16T15:09:56.274628" level="INFO">Verifying element 'xpath://div[text()='Banking']' contains exact text 'Banking'.</msg>
<arg>${Banking_page_verify}</arg>
<arg>${Banking_page_keyword}</arg>
<doc>Verifies that element ``locator`` contains exact the text ``expected``.</doc>
<status status="PASS" start="2024-07-16T15:09:56.274628" elapsed="0.199827"/>
</kw>
<status status="PASS" start="2024-07-16T15:09:56.273629" elapsed="0.201827"/>
</kw>
<kw name="Select the option payment to user" owner="PaymentUser">
<kw name="Wait Until Element Is Visible" owner="SeleniumLibrary">
<arg>${select_payment_to_user}</arg>
<doc>Waits until the element ``locator`` is visible.</doc>
<status status="PASS" start="2024-07-16T15:09:56.476455" elapsed="0.775917"/>
</kw>
<kw name="Click Element" owner="SeleniumLibrary">
<msg time="2024-07-16T15:09:57.254371" level="INFO">Clicking element 'xpath://div[text()="Payment to user"]'.</msg>
<arg>${select_payment_to_user}</arg>
<doc>Click the element identified by ``locator``.</doc>
<status status="PASS" start="2024-07-16T15:09:57.253372" elapsed="0.253186"/>
</kw>
<status status="PASS" start="2024-07-16T15:09:56.475456" elapsed="1.031102"/>
</kw>
<kw name="verify the payment to user page open" owner="PaymentUser">
<kw name="Element Text Should Be" owner="SeleniumLibrary">
<msg time="2024-07-16T15:09:57.509069" level="INFO">Verifying element 'xpath://div[@class="content-title d-flex"]//div' contains exact text 'Payment to user'.</msg>
<arg>${payment_user_title}</arg>
<arg>Payment to user</arg>
<doc>Verifies that element ``locator`` contains exact the text ``expected``.</doc>
<status status="PASS" start="2024-07-16T15:09:57.508066" elapsed="1.488933"/>
</kw>
<status status="PASS" start="2024-07-16T15:09:57.507556" elapsed="1.489443"/>
</kw>
<kw name="Enter the username in the to user field" owner="PaymentUser">
<kw name="Input Text" owner="SeleniumLibrary">
<msg time="2024-07-16T15:09:58.998003" level="INFO">Typing text 'css:input[placeholder="User"]' into text field 'xpath://input[@placeholder="Type to search"]'.</msg>
<arg>${to_User}</arg>
<arg>${user_name}</arg>
<doc>Types the given ``text`` into the text field identified by ``locator``.</doc>
<status status="PASS" start="2024-07-16T15:09:58.998003" elapsed="0.759292"/>
</kw>
<arg>${user_name}</arg>
<status status="PASS" start="2024-07-16T15:09:58.998003" elapsed="0.759292"/>
</kw>
<kw name="Select the user" owner="PaymentUser">
<kw name="Click Element" owner="SeleniumLibrary">
<msg time="2024-07-16T15:09:59.759620" level="INFO">Clicking element 'xpath://div[@class="dropdown-menu show"]//a[1]'.</msg>
<arg>${select_user}</arg>
<doc>Click the element identified by ``locator``.</doc>
<status status="PASS" start="2024-07-16T15:09:59.758612" elapsed="0.960243"/>
</kw>
<status status="PASS" start="2024-07-16T15:09:59.757295" elapsed="0.962561"/>
</kw>
<kw name="Enter the valid amount in the amount field" owner="PaymentUser">
<kw name="Input Text" owner="SeleniumLibrary">
<msg time="2024-07-16T15:10:00.721855" level="INFO">Typing text '10' into text field 'xpath://div[@class="input-group"]//input'.</msg>
<arg>${amount}</arg>
<arg>${amount_data}</arg>
<doc>Types the given ``text`` into the text field identified by ``locator``.</doc>
<status status="PASS" start="2024-07-16T15:10:00.721855" elapsed="0.491760"/>
</kw>
<arg>${amount_data}</arg>
<status status="PASS" start="2024-07-16T15:10:00.719856" elapsed="0.494759"/>
</kw>
<kw name="Click the scheduling dropdown button" owner="PaymentUser">
<kw name="Click Element" owner="SeleniumLibrary">
<msg time="2024-07-16T15:10:01.216615" level="INFO">Clicking element 'xpath://button[@title="Pay now"]'.</msg>
<arg>${Scheduling}</arg>
<doc>Click the element identified by ``locator``.</doc>
<status status="PASS" start="2024-07-16T15:10:01.215615" elapsed="0.300723"/>
</kw>
<status status="PASS" start="2024-07-16T15:10:01.214615" elapsed="0.301723"/>
</kw>
<kw name="Click the monthly installment option" owner="PaymentUser">
<kw name="Click Element" owner="SeleniumLibrary">
<msg time="2024-07-16T15:10:01.518336" level="INFO">Clicking element 'xpath://div[@role='listbox']//a[text()=' Monthly installments ']'.</msg>
<arg>${monthly_inst_option}</arg>
<doc>Click the element identified by ``locator``.</doc>
<status status="PASS" start="2024-07-16T15:10:01.517337" elapsed="0.147387"/>
</kw>
<status status="PASS" start="2024-07-16T15:10:01.517337" elapsed="0.148392"/>
</kw>
<kw name="Fill the no of installments" owner="PaymentUser">
<kw name="Input Text" owner="SeleniumLibrary">
<msg time="2024-07-16T15:10:01.666729" level="INFO">Typing text '5' into text field 'xpath://div[@class='d-flex label-value-value']//input[@type='number']'.</msg>
<arg>${no_of_installments}</arg>
<arg>${no_of_installments_data}</arg>
<doc>Types the given ``text`` into the text field identified by ``locator``.</doc>
<status status="PASS" start="2024-07-16T15:10:01.666729" elapsed="0.111866"/>
</kw>
<arg>${inst_no}</arg>
<status status="PASS" start="2024-07-16T15:10:01.665729" elapsed="0.112866"/>
</kw>
<kw name="Click the first installment" owner="PaymentUser">
<kw name="Click Element" owner="SeleniumLibrary">
<msg time="2024-07-16T15:10:01.781597" level="INFO">Clicking element 'xpath://label[@class='custom-control-label' and text()=' Future date ']'.</msg>
<arg>${first_instal}</arg>
<doc>Click the element identified by ``locator``.</doc>
<status status="PASS" start="2024-07-16T15:10:01.780596" elapsed="0.119588"/>
</kw>
<status status="PASS" start="2024-07-16T15:10:01.779595" elapsed="0.120589"/>
</kw>
<kw name="Fill the future date" owner="PaymentUser">
<kw name="Input Text" owner="SeleniumLibrary">
<msg time="2024-07-16T15:10:01.901184" level="INFO">Typing text '30-07-2024' into text field 'xpath://div[@class='d-flex label-value-value']//input[@type='date']'.</msg>
<arg>${future_date}</arg>
<arg>${fut_date}</arg>
<doc>Types the given ``text`` into the text field identified by ``locator``.</doc>
<status status="PASS" start="2024-07-16T15:10:01.901184" elapsed="0.335100"/>
</kw>
<arg>${fut_date}</arg>
<status status="PASS" start="2024-07-16T15:10:01.900184" elapsed="0.337105"/>
</kw>
<kw name="Fill the description" owner="PaymentUser">
<kw name="Input Text" owner="SeleniumLibrary">
<msg time="2024-07-16T15:10:02.239288" level="INFO">Typing text 'Monthly Installments' into text field 'xpath://div[@class='d-flex label-value-value']//textarea'.</msg>
<arg>${descrip_xpath}</arg>
<arg>${description}</arg>
<doc>Types the given ``text`` into the text field identified by ``locator``.</doc>
<status status="PASS" start="2024-07-16T15:10:02.238288" elapsed="0.256541"/>
</kw>
<arg>${description}</arg>
<status status="PASS" start="2024-07-16T15:10:02.237289" elapsed="0.257540"/>
</kw>
<kw name="Click the next Button in payment page" owner="PaymentUser">
<kw name="Wait Until Element Is Visible" owner="SeleniumLibrary">
<arg>${next}</arg>
<doc>Waits until the element ``locator`` is visible.</doc>
<status status="PASS" start="2024-07-16T15:10:02.496833" elapsed="0.035080"/>
</kw>
<kw name="Click Element" owner="SeleniumLibrary">
<msg time="2024-07-16T15:10:02.532934" level="INFO">Clicking element 'xpath://action-button[@class="d-inline-block button"]/button'.</msg>
<arg>${next}</arg>
<doc>Click the element identified by ``locator``.</doc>
<status status="PASS" start="2024-07-16T15:10:02.532934" elapsed="0.117331"/>
</kw>
<status status="PASS" start="2024-07-16T15:10:02.494829" elapsed="0.155436"/>
</kw>
<kw name="Verify the confirmation page is displayed" owner="PaymentUser">
<kw name="Element Should Be Visible" owner="SeleniumLibrary">
<msg time="2024-07-16T15:10:03.093898" level="INFO">Element 'xpath://div[text()=' Payment confirmation ']' is displayed.</msg>
<arg>${pay_confirm_title}</arg>
<doc>Verifies that the element identified by ``locator`` is visible.</doc>
<status status="PASS" start="2024-07-16T15:10:02.651265" elapsed="0.443633"/>
</kw>
<status status="PASS" start="2024-07-16T15:10:02.650265" elapsed="0.444633"/>
</kw>
<kw name="Click the confirm button in the payment page" owner="PaymentUser">
<kw name="Wait Until Element Is Visible" owner="SeleniumLibrary">
<arg>${confirm_button}</arg>
<doc>Waits until the element ``locator`` is visible.</doc>
<status status="PASS" start="2024-07-16T15:10:03.096897" elapsed="0.296261"/>
</kw>
<kw name="Click Element" owner="SeleniumLibrary">
<msg time="2024-07-16T15:10:03.394163" level="INFO">Clicking element 'xpath://span[text()='Confirm']'.</msg>
<arg>${confirm_button}</arg>
<doc>Click the element identified by ``locator``.</doc>
<status status="PASS" start="2024-07-16T15:10:03.394163" elapsed="0.134914"/>
</kw>
<status status="PASS" start="2024-07-16T15:10:03.095898" elapsed="0.434360"/>
</kw>
<kw name="verify the succesfull payment notification" owner="PaymentUser">
<kw name="Wait Until Element Is Visible" owner="SeleniumLibrary">
<arg>${successfull_payment_msg}</arg>
<doc>Waits until the element ``locator`` is visible.</doc>
<status status="PASS" start="2024-07-16T15:10:03.531262" elapsed="0.681848"/>
</kw>
<kw name="Element Text Should Be" owner="SeleniumLibrary">
<msg time="2024-07-16T15:10:04.214110" level="INFO">Verifying element 'xpath://div[@class="notification-message"]//div' contains exact text 'The payment was successfully processed'.</msg>
<arg>${successfull_payment_msg}</arg>
<arg>The payment was successfully processed</arg>
<doc>Verifies that element ``locator`` contains exact the text ``expected``.</doc>
<status status="PASS" start="2024-07-16T15:10:04.214110" elapsed="0.022394"/>
</kw>
<status status="PASS" start="2024-07-16T15:10:03.530258" elapsed="0.707245"/>
</kw>
<kw name="Close Browser Session" owner="GenericResource" type="TEARDOWN">
<kw name="Close Browser" owner="SeleniumLibrary">
<doc>Closes the current browser.</doc>
<status status="PASS" start="2024-07-16T15:10:04.239015" elapsed="4.577848"/>
</kw>
<status status="PASS" start="2024-07-16T15:10:04.238010" elapsed="4.578853"/>
</kw>
<doc>Validate the user payment features</doc>
<tag>smoke</tag>
<status status="PASS" start="2024-07-16T15:09:45.069142" elapsed="23.747721"/>
</test>
<test id="s1-s1-t2" name="To validate payment to user functionality with blank user name" line="36">
<kw name="Open the Browser with URL" owner="GenericResource" type="SETUP">
<kw name="Create Webdriver" owner="SeleniumLibrary">
<msg time="2024-07-16T15:10:08.826372" level="INFO">Creating an instance of the Chrome WebDriver.</msg>
<arg>${brower_name}</arg>
<doc>Creates an instance of Selenium WebDriver.</doc>
<status status="PASS" start="2024-07-16T15:10:08.826372" elapsed="2.831135"/>
</kw>
<kw name="Go To" owner="SeleniumLibrary">
<msg time="2024-07-16T15:10:11.658508" level="INFO">Opening url 'https://demo.cyclos.org/ui/home'</msg>
<arg>${url}</arg>
<doc>Navigates the current browser window to the provided ``url``.</doc>
<status status="PASS" start="2024-07-16T15:10:11.657507" elapsed="2.450968"/>
</kw>
<kw name="Maximize Browser Window" owner="SeleniumLibrary">
<doc>Maximizes current browser window.</doc>
<status status="PASS" start="2024-07-16T15:10:14.108475" elapsed="0.049701"/>
</kw>
<kw name="Set Selenium Implicit Wait" owner="SeleniumLibrary">
<arg>5</arg>
<doc>Sets the implicit wait value used by Selenium.</doc>
<status status="PASS" start="2024-07-16T15:10:14.159177" elapsed="0.015893"/>
</kw>
<status status="PASS" start="2024-07-16T15:10:08.825369" elapsed="5.569691"/>
</kw>
<kw name="Go to Login Page" owner="HomeResource">
<kw name="Wait Until Element Is Visible" owner="SeleniumLibrary">
<arg>${login_btn}</arg>
<doc>Waits until the element ``locator`` is visible.</doc>
<status status="PASS" start="2024-07-16T15:10:14.397060" elapsed="2.076921"/>
</kw>
<kw name="Click Element" owner="SeleniumLibrary">
<msg time="2024-07-16T15:10:16.473981" level="INFO">Clicking element 'xpath:(//div[@class="ml-2"])[3]'.</msg>
<arg>${login_btn}</arg>
<doc>Click the element identified by ``locator``.</doc>
<status status="PASS" start="2024-07-16T15:10:16.473981" elapsed="0.146351"/>
</kw>
<status status="PASS" start="2024-07-16T15:10:14.396061" elapsed="2.225290"/>
</kw>
<kw name="Fill the login form" owner="LoginResource">
<kw name="Input Text" owner="SeleniumLibrary">
<msg time="2024-07-16T15:10:16.622351" level="INFO">Typing text 'dharun' into text field 'css:input[placeholder="User"]'.</msg>
<arg>${username}</arg>
<arg>${user}</arg>
<doc>Types the given ``text`` into the text field identified by ``locator``.</doc>
<status status="PASS" start="2024-07-16T15:10:16.622351" elapsed="0.418726"/>
</kw>
<kw name="Input Password" owner="SeleniumLibrary">
<msg time="2024-07-16T15:10:17.042081" level="INFO">Typing password into text field 'css:input[placeholder="Password"]'.</msg>
<msg time="2024-07-16T15:10:17.095472" level="INFO">Temporally setting log level to: NONE</msg>
<arg>${password}</arg>
<arg>${pass}</arg>
<doc>Types the given password into the text field identified by ``locator``.</doc>
<status status="PASS" start="2024-07-16T15:10:17.041077" elapsed="0.148669"/>
</kw>
<arg>dharun</arg>
<arg>1234</arg>
<status status="PASS" start="2024-07-16T15:10:16.621351" elapsed="0.568395"/>
</kw>
<kw name="click the login button" owner="LoginResource">
<kw name="Click Button" owner="SeleniumLibrary">
<msg time="2024-07-16T15:10:17.191746" level="INFO">Clicking button 'xpath://button[@class="btn d-flex justify-content-center align-items-center w-100 h-100 btn-primary btn-action-primary"]'.</msg>
<arg>${submit_btn}</arg>
<doc>Clicks the button identified by ``locator``.</doc>
<status status="PASS" start="2024-07-16T15:10:17.190746" elapsed="0.239966"/>
</kw>
<status status="PASS" start="2024-07-16T15:10:17.189746" elapsed="0.241966"/>
</kw>
<kw name="Click the Banking Option" owner="HomeResource">
<kw name="Wait Until Element Is Visible" owner="SeleniumLibrary">
<arg>${Banking}</arg>
<doc>Waits until the element ``locator`` is visible.</doc>
<status status="PASS" start="2024-07-16T15:10:17.432712" elapsed="0.722852"/>
</kw>
<kw name="Click Element" owner="SeleniumLibrary">
<msg time="2024-07-16T15:10:18.156564" level="INFO">Clicking element 'xpath://div[text()='Banking']'.</msg>
<arg>${Banking}</arg>
<doc>Click the element identified by ``locator``.</doc>
<status status="PASS" start="2024-07-16T15:10:18.155564" elapsed="0.095183"/>
</kw>
<status status="PASS" start="2024-07-16T15:10:17.431712" elapsed="0.819035"/>
</kw>
<kw name="Verify the Banking page is displayed" owner="HomeResource">
<kw name="Element Text Should Be" owner="SeleniumLibrary">
<msg time="2024-07-16T15:10:18.252748" level="INFO">Verifying element 'xpath://div[text()='Banking']' contains exact text 'Banking'.</msg>
<arg>${Banking_page_verify}</arg>
<arg>${Banking_page_keyword}</arg>
<doc>Verifies that element ``locator`` contains exact the text ``expected``.</doc>
<status status="PASS" start="2024-07-16T15:10:18.251747" elapsed="0.042720"/>
</kw>
<status status="PASS" start="2024-07-16T15:10:18.251747" elapsed="0.043720"/>
</kw>
<kw name="Select the option payment to user" owner="PaymentUser">
<kw name="Wait Until Element Is Visible" owner="SeleniumLibrary">
<arg>${select_payment_to_user}</arg>
<doc>Waits until the element ``locator`` is visible.</doc>
<status status="PASS" start="2024-07-16T15:10:18.296467" elapsed="1.005811"/>
</kw>
<kw name="Click Element" owner="SeleniumLibrary">
<msg time="2024-07-16T15:10:19.303478" level="INFO">Clicking element 'xpath://div[text()="Payment to user"]'.</msg>
<arg>${select_payment_to_user}</arg>
<doc>Click the element identified by ``locator``.</doc>
<status status="PASS" start="2024-07-16T15:10:19.303478" elapsed="0.126884"/>
</kw>
<status status="PASS" start="2024-07-16T15:10:18.295467" elapsed="1.134895"/>
</kw>
<kw name="verify the payment to user page open" owner="PaymentUser">
<kw name="Element Text Should Be" owner="SeleniumLibrary">
<msg time="2024-07-16T15:10:19.432362" level="INFO">Verifying element 'xpath://div[@class="content-title d-flex"]//div' contains exact text 'Payment to user'.</msg>
<arg>${payment_user_title}</arg>
<arg>Payment to user</arg>
<doc>Verifies that element ``locator`` contains exact the text ``expected``.</doc>
<status status="PASS" start="2024-07-16T15:10:19.431361" elapsed="1.001785"/>
</kw>
<status status="PASS" start="2024-07-16T15:10:19.430362" elapsed="1.002784"/>
</kw>
<kw name="Enter the valid amount in the amount field" owner="PaymentUser">
<kw name="Input Text" owner="SeleniumLibrary">
<msg time="2024-07-16T15:10:20.434146" level="INFO">Typing text '10' into text field 'xpath://div[@class="input-group"]//input'.</msg>
<arg>${amount}</arg>
<arg>${amount_data}</arg>
<doc>Types the given ``text`` into the text field identified by ``locator``.</doc>
<status status="PASS" start="2024-07-16T15:10:20.434146" elapsed="0.130269"/>
</kw>
<arg>${amount_data}</arg>
<status status="PASS" start="2024-07-16T15:10:20.433146" elapsed="0.131269"/>
</kw>
<kw name="Click the next Button in payment page" owner="PaymentUser">
<kw name="Wait Until Element Is Visible" owner="SeleniumLibrary">
<arg>${next}</arg>
<doc>Waits until the element ``locator`` is visible.</doc>
<status status="PASS" start="2024-07-16T15:10:20.565415" elapsed="0.026304"/>
</kw>
<kw name="Click Element" owner="SeleniumLibrary">
<msg time="2024-07-16T15:10:20.591719" level="INFO">Clicking element 'xpath://action-button[@class="d-inline-block button"]/button'.</msg>
<arg>${next}</arg>
<doc>Click the element identified by ``locator``.</doc>
<status status="PASS" start="2024-07-16T15:10:20.591719" elapsed="0.071903"/>
</kw>
<status status="PASS" start="2024-07-16T15:10:20.565415" elapsed="0.098207"/>
</kw>
<kw name="verify the error message for user to field is given blank" owner="PaymentUser">
<try>
<branch type="TRY">
<kw name="Wait Until Element Is Visible" owner="SeleniumLibrary">
<arg>${to_user_error_msg}</arg>
<doc>Waits until the element ``locator`` is visible.</doc>
<status status="PASS" start="2024-07-16T15:10:20.665626" elapsed="0.030278"/>
</kw>
<kw name="Element Text Should Be" owner="SeleniumLibrary">
<msg time="2024-07-16T15:10:20.696904" level="INFO">Verifying element 'xpath:(//field-errors)[1]//div' contains exact text 'This field is required'.</msg>
<arg>${to_user_error_msg}</arg>
<arg>This field is required</arg>
<doc>Verifies that element ``locator`` contains exact the text ``expected``.</doc>
<status status="PASS" start="2024-07-16T15:10:20.695904" elapsed="0.025364"/>
</kw>
<status status="PASS" start="2024-07-16T15:10:20.665626" elapsed="0.056644"/>
</branch>
<branch type="EXCEPT">
<kw name="Log" owner="BuiltIn">
<arg>intentional failure.</arg>
<doc>Logs the given message with the given level.</doc>
<status status="NOT RUN" start="2024-07-16T15:10:20.722270" elapsed="0.000000"/>
</kw>
<status status="NOT RUN" start="2024-07-16T15:10:20.722270" elapsed="0.000000"/>
</branch>
<status status="PASS" start="2024-07-16T15:10:20.664626" elapsed="0.058643"/>
</try>
<status status="PASS" start="2024-07-16T15:10:20.664626" elapsed="0.058643"/>
</kw>
<kw name="Close Browser Session" owner="GenericResource" type="TEARDOWN">
<kw name="Close Browser" owner="SeleniumLibrary">
<doc>Closes the current browser.</doc>
<status status="PASS" start="2024-07-16T15:10:20.724268" elapsed="10.227275"/>
</kw>
<status status="PASS" start="2024-07-16T15:10:20.723269" elapsed="10.228274"/>
</kw>
<doc>Validate the user payment features</doc>
<tag>regression</tag>
<status status="PASS" start="2024-07-16T15:10:08.817864" elapsed="22.133679"/>
</test>
<test id="s1-s1-t3" name="To validate payment to user functionality with blank amount field" line="50">
<kw name="Open the Browser with URL" owner="GenericResource" type="SETUP">
<kw name="Create Webdriver" owner="SeleniumLibrary">
<msg time="2024-07-16T15:10:30.955804" level="INFO">Creating an instance of the Chrome WebDriver.</msg>
<arg>${brower_name}</arg>
<doc>Creates an instance of Selenium WebDriver.</doc>
<status status="PASS" start="2024-07-16T15:10:30.954541" elapsed="2.298501"/>
</kw>
<kw name="Go To" owner="SeleniumLibrary">
<msg time="2024-07-16T15:10:33.254145" level="INFO">Opening url 'https://demo.cyclos.org/ui/home'</msg>
<arg>${url}</arg>
<doc>Navigates the current browser window to the provided ``url``.</doc>
<status status="PASS" start="2024-07-16T15:10:33.253042" elapsed="2.396701"/>
</kw>
<kw name="Maximize Browser Window" owner="SeleniumLibrary">
<doc>Maximizes current browser window.</doc>
<status status="PASS" start="2024-07-16T15:10:35.649743" elapsed="0.105602"/>
</kw>
<kw name="Set Selenium Implicit Wait" owner="SeleniumLibrary">
<arg>5</arg>
<doc>Sets the implicit wait value used by Selenium.</doc>
<status status="PASS" start="2024-07-16T15:10:35.755345" elapsed="0.007189"/>
</kw>
<status status="PASS" start="2024-07-16T15:10:30.954541" elapsed="4.807993"/>
</kw>
<kw name="Go to Login Page" owner="HomeResource">
<kw name="Wait Until Element Is Visible" owner="SeleniumLibrary">
<arg>${login_btn}</arg>
<doc>Waits until the element ``locator`` is visible.</doc>
<status status="PASS" start="2024-07-16T15:10:35.766531" elapsed="1.913210"/>
</kw>
<kw name="Click Element" owner="SeleniumLibrary">
<msg time="2024-07-16T15:10:37.680741" level="INFO">Clicking element 'xpath:(//div[@class="ml-2"])[3]'.</msg>
<arg>${login_btn}</arg>
<doc>Click the element identified by ``locator``.</doc>
<status status="PASS" start="2024-07-16T15:10:37.679741" elapsed="0.167371"/>
</kw>
<status status="PASS" start="2024-07-16T15:10:35.764535" elapsed="2.082577"/>
</kw>
<kw name="Fill the login form" owner="LoginResource">
<kw name="Input Text" owner="SeleniumLibrary">
<msg time="2024-07-16T15:10:37.848116" level="INFO">Typing text 'dharun' into text field 'css:input[placeholder="User"]'.</msg>
<arg>${username}</arg>
<arg>${user}</arg>
<doc>Types the given ``text`` into the text field identified by ``locator``.</doc>
<status status="PASS" start="2024-07-16T15:10:37.848116" elapsed="0.446790"/>
</kw>
<kw name="Input Password" owner="SeleniumLibrary">
<msg time="2024-07-16T15:10:38.296839" level="INFO">Typing password into text field 'css:input[placeholder="Password"]'.</msg>
<msg time="2024-07-16T15:10:38.417294" level="INFO">Temporally setting log level to: NONE</msg>
<arg>${password}</arg>
<arg>${pass}</arg>
<doc>Types the given password into the text field identified by ``locator``.</doc>
<status status="PASS" start="2024-07-16T15:10:38.294906" elapsed="0.642559"/>
</kw>
<arg>dharun</arg>
<arg>1234</arg>
<status status="PASS" start="2024-07-16T15:10:37.847112" elapsed="1.090860"/>
</kw>
<kw name="click the login button" owner="LoginResource">
<kw name="Click Button" owner="SeleniumLibrary">
<msg time="2024-07-16T15:10:38.938975" level="INFO">Clicking button 'xpath://button[@class="btn d-flex justify-content-center align-items-center w-100 h-100 btn-primary btn-action-primary"]'.</msg>
<arg>${submit_btn}</arg>
<doc>Clicks the button identified by ``locator``.</doc>
<status status="PASS" start="2024-07-16T15:10:38.938975" elapsed="0.308103"/>
</kw>
<status status="PASS" start="2024-07-16T15:10:38.937972" elapsed="0.309106"/>
</kw>
<kw name="Click the Banking Option" owner="HomeResource">
<kw name="Wait Until Element Is Visible" owner="SeleniumLibrary">
<arg>${Banking}</arg>
<doc>Waits until the element ``locator`` is visible.</doc>
<status status="PASS" start="2024-07-16T15:10:39.248077" elapsed="0.717390"/>
</kw>
<kw name="Click Element" owner="SeleniumLibrary">
<msg time="2024-07-16T15:10:39.967474" level="INFO">Clicking element 'xpath://div[text()='Banking']'.</msg>
<arg>${Banking}</arg>
<doc>Click the element identified by ``locator``.</doc>
<status status="PASS" start="2024-07-16T15:10:39.966475" elapsed="0.202481"/>
</kw>
<status status="PASS" start="2024-07-16T15:10:39.248077" elapsed="0.920879"/>
</kw>
<kw name="Verify the Banking page is displayed" owner="HomeResource">
<kw name="Element Text Should Be" owner="SeleniumLibrary">
<msg time="2024-07-16T15:10:40.171961" level="INFO">Verifying element 'xpath://div[text()='Banking']' contains exact text 'Banking'.</msg>
<arg>${Banking_page_verify}</arg>
<arg>${Banking_page_keyword}</arg>
<doc>Verifies that element ``locator`` contains exact the text ``expected``.</doc>
<status status="PASS" start="2024-07-16T15:10:40.170955" elapsed="0.141850"/>
</kw>
<status status="PASS" start="2024-07-16T15:10:40.168956" elapsed="0.143849"/>
</kw>
<kw name="Select the option payment to user" owner="PaymentUser">
<kw name="Wait Until Element Is Visible" owner="SeleniumLibrary">
<arg>${select_payment_to_user}</arg>
<doc>Waits until the element ``locator`` is visible.</doc>
<status status="PASS" start="2024-07-16T15:10:40.313806" elapsed="0.730959"/>
</kw>
<kw name="Click Element" owner="SeleniumLibrary">
<msg time="2024-07-16T15:10:41.046764" level="INFO">Clicking element 'xpath://div[text()="Payment to user"]'.</msg>
<arg>${select_payment_to_user}</arg>
<doc>Click the element identified by ``locator``.</doc>
<status status="PASS" start="2024-07-16T15:10:41.045764" elapsed="0.098777"/>
</kw>
<status status="PASS" start="2024-07-16T15:10:40.312805" elapsed="0.831736"/>
</kw>
<kw name="verify the payment to user page open" owner="PaymentUser">
<kw name="Element Text Should Be" owner="SeleniumLibrary">
<msg time="2024-07-16T15:10:41.145542" level="INFO">Verifying element 'xpath://div[@class="content-title d-flex"]//div' contains exact text 'Payment to user'.</msg>
<arg>${payment_user_title}</arg>
<arg>Payment to user</arg>
<doc>Verifies that element ``locator`` contains exact the text ``expected``.</doc>
<status status="PASS" start="2024-07-16T15:10:41.145542" elapsed="0.265647"/>
</kw>
<status status="PASS" start="2024-07-16T15:10:41.144541" elapsed="0.266648"/>
</kw>
<kw name="Enter the username in the to user field" owner="PaymentUser">
<kw name="Input Text" owner="SeleniumLibrary">
<msg time="2024-07-16T15:10:41.413694" level="INFO">Typing text 'css:input[placeholder="User"]' into text field 'xpath://input[@placeholder="Type to search"]'.</msg>
<arg>${to_User}</arg>
<arg>${user_name}</arg>
<doc>Types the given ``text`` into the text field identified by ``locator``.</doc>
<status status="PASS" start="2024-07-16T15:10:41.412188" elapsed="0.226827"/>
</kw>
<arg>${user_name}</arg>
<status status="PASS" start="2024-07-16T15:10:41.412188" elapsed="0.226827"/>
</kw>
<kw name="Select the user" owner="PaymentUser">
<kw name="Click Element" owner="SeleniumLibrary">
<msg time="2024-07-16T15:10:41.642017" level="INFO">Clicking element 'xpath://div[@class="dropdown-menu show"]//a[1]'.</msg>
<arg>${select_user}</arg>
<doc>Click the element identified by ``locator``.</doc>
<status status="PASS" start="2024-07-16T15:10:41.641017" elapsed="0.875629"/>
</kw>
<status status="PASS" start="2024-07-16T15:10:41.640017" elapsed="0.878738"/>
</kw>
<kw name="Click the scheduling dropdown button" owner="PaymentUser">
<kw name="Click Element" owner="SeleniumLibrary">
<msg time="2024-07-16T15:10:42.522286" level="INFO">Clicking element 'xpath://button[@title="Pay now"]'.</msg>
<arg>${Scheduling}</arg>
<doc>Click the element identified by ``locator``.</doc>
<status status="PASS" start="2024-07-16T15:10:42.521272" elapsed="0.986948"/>
</kw>
<status status="PASS" start="2024-07-16T15:10:42.519762" elapsed="0.988458"/>
</kw>
<kw name="Click the monthly installment option" owner="PaymentUser">
<kw name="Click Element" owner="SeleniumLibrary">
<msg time="2024-07-16T15:10:43.512677" level="INFO">Clicking element 'xpath://div[@role='listbox']//a[text()=' Monthly installments ']'.</msg>
<arg>${monthly_inst_option}</arg>
<doc>Click the element identified by ``locator``.</doc>
<status status="PASS" start="2024-07-16T15:10:43.511683" elapsed="0.081078"/>
</kw>
<status status="PASS" start="2024-07-16T15:10:43.509666" elapsed="0.083095"/>
</kw>
<kw name="Fill the no of installments" owner="PaymentUser">
<kw name="Input Text" owner="SeleniumLibrary">
<msg time="2024-07-16T15:10:43.594766" level="INFO">Typing text '5' into text field 'xpath://div[@class='d-flex label-value-value']//input[@type='number']'.</msg>
<arg>${no_of_installments}</arg>
<arg>${no_of_installments_data}</arg>
<doc>Types the given ``text`` into the text field identified by ``locator``.</doc>
<status status="PASS" start="2024-07-16T15:10:43.593766" elapsed="0.119417"/>
</kw>
<arg>${inst_no}</arg>
<status status="PASS" start="2024-07-16T15:10:43.593766" elapsed="0.119417"/>
</kw>
<kw name="Click the first installment" owner="PaymentUser">
<kw name="Click Element" owner="SeleniumLibrary">
<msg time="2024-07-16T15:10:43.715205" level="INFO">Clicking element 'xpath://label[@class='custom-control-label' and text()=' Future date ']'.</msg>
<arg>${first_instal}</arg>
<doc>Click the element identified by ``locator``.</doc>
<status status="PASS" start="2024-07-16T15:10:43.714192" elapsed="0.083123"/>
</kw>
<status status="PASS" start="2024-07-16T15:10:43.714192" elapsed="0.084466"/>
</kw>
<kw name="Fill the future date" owner="PaymentUser">
<kw name="Input Text" owner="SeleniumLibrary">
<msg time="2024-07-16T15:10:43.800662" level="INFO">Typing text '30-07-2024' into text field 'xpath://div[@class='d-flex label-value-value']//input[@type='date']'.</msg>
<arg>${future_date}</arg>
<arg>${fut_date}</arg>
<doc>Types the given ``text`` into the text field identified by ``locator``.</doc>
<status status="PASS" start="2024-07-16T15:10:43.800662" elapsed="0.192483"/>
</kw>
<arg>${fut_date}</arg>
<status status="PASS" start="2024-07-16T15:10:43.799661" elapsed="0.193991"/>
</kw>
<kw name="Fill the description" owner="PaymentUser">
<kw name="Input Text" owner="SeleniumLibrary">
<msg time="2024-07-16T15:10:43.995164" level="INFO">Typing text 'Monthly Installments' into text field 'xpath://div[@class='d-flex label-value-value']//textarea'.</msg>
<arg>${descrip_xpath}</arg>
<arg>${description}</arg>
<doc>Types the given ``text`` into the text field identified by ``locator``.</doc>
<status status="PASS" start="2024-07-16T15:10:43.994161" elapsed="0.174414"/>
</kw>
<arg>${description}</arg>
<status status="PASS" start="2024-07-16T15:10:43.993652" elapsed="0.174923"/>
</kw>
<kw name="Click the next Button in payment page" owner="PaymentUser">
<kw name="Wait Until Element Is Visible" owner="SeleniumLibrary">
<arg>${next}</arg>
<doc>Waits until the element ``locator`` is visible.</doc>
<status status="PASS" start="2024-07-16T15:10:44.170032" elapsed="0.027875"/>
</kw>
<kw name="Click Element" owner="SeleniumLibrary">
<msg time="2024-07-16T15:10:44.200093" level="INFO">Clicking element 'xpath://action-button[@class="d-inline-block button"]/button'.</msg>
<arg>${next}</arg>
<doc>Click the element identified by ``locator``.</doc>
<status status="PASS" start="2024-07-16T15:10:44.199090" elapsed="0.072870"/>
</kw>
<status status="PASS" start="2024-07-16T15:10:44.170032" elapsed="0.101928"/>
</kw>
<kw name="verify the error message for amount field is given blank" owner="PaymentUser">
<kw name="Wait Until Element Is Visible" owner="SeleniumLibrary">
<arg>${amount_error_msg}</arg>
<doc>Waits until the element ``locator`` is visible.</doc>
<status status="PASS" start="2024-07-16T15:10:44.274065" elapsed="0.025049"/>
</kw>
<kw name="Element Text Should Be" owner="SeleniumLibrary">
<msg time="2024-07-16T15:10:44.302116" level="INFO">Verifying element 'xpath:(//field-errors)[2]//div' contains exact text 'This field is required'.</msg>
<arg>${amount_error_msg}</arg>
<arg>This field is required</arg>
<doc>Verifies that element ``locator`` contains exact the text ``expected``.</doc>
<status status="PASS" start="2024-07-16T15:10:44.301115" elapsed="0.044013"/>
</kw>
<status status="PASS" start="2024-07-16T15:10:44.272960" elapsed="0.072168"/>
</kw>
<kw name="Close Browser Session" owner="GenericResource" type="TEARDOWN">
<kw name="Close Browser" owner="SeleniumLibrary">
<doc>Closes the current browser.</doc>
<status status="PASS" start="2024-07-16T15:10:44.346133" elapsed="7.255099"/>
</kw>
<status status="PASS" start="2024-07-16T15:10:44.345128" elapsed="7.256104"/>
</kw>
<doc>Validate the user payment features</doc>
<tag>regression</tag>
<status status="PASS" start="2024-07-16T15:10:30.952541" elapsed="20.648691"/>
</test>
<test id="s1-s1-t4" name="To validate payment to user functionality with blank fields" line="71">
<kw name="Open the Browser with URL" owner="GenericResource" type="SETUP">
<kw name="Create Webdriver" owner="SeleniumLibrary">
<msg time="2024-07-16T15:10:51.603232" level="INFO">Creating an instance of the Chrome WebDriver.</msg>
<arg>${brower_name}</arg>
<doc>Creates an instance of Selenium WebDriver.</doc>
<status status="PASS" start="2024-07-16T15:10:51.603232" elapsed="2.455750"/>
</kw>
<kw name="Go To" owner="SeleniumLibrary">
<msg time="2024-07-16T15:10:54.059984" level="INFO">Opening url 'https://demo.cyclos.org/ui/home'</msg>
<arg>${url}</arg>
<doc>Navigates the current browser window to the provided ``url``.</doc>
<status status="PASS" start="2024-07-16T15:10:54.058982" elapsed="2.935907"/>
</kw>
<kw name="Maximize Browser Window" owner="SeleniumLibrary">
<doc>Maximizes current browser window.</doc>
<status status="PASS" start="2024-07-16T15:10:56.994889" elapsed="0.121305"/>
</kw>
<kw name="Set Selenium Implicit Wait" owner="SeleniumLibrary">
<arg>5</arg>
<doc>Sets the implicit wait value used by Selenium.</doc>
<status status="PASS" start="2024-07-16T15:10:57.116194" elapsed="0.031650"/>
</kw>
<status status="PASS" start="2024-07-16T15:10:51.603232" elapsed="5.545616"/>
</kw>
<kw name="Go to Login Page" owner="HomeResource">
<kw name="Wait Until Element Is Visible" owner="SeleniumLibrary">
<arg>${login_btn}</arg>
<doc>Waits until the element ``locator`` is visible.</doc>
<status status="PASS" start="2024-07-16T15:10:57.151322" elapsed="1.967324"/>
</kw>
<kw name="Click Element" owner="SeleniumLibrary">
<msg time="2024-07-16T15:10:59.120048" level="INFO">Clicking element 'xpath:(//div[@class="ml-2"])[3]'.</msg>
<arg>${login_btn}</arg>
<doc>Click the element identified by ``locator``.</doc>
<status status="PASS" start="2024-07-16T15:10:59.118646" elapsed="0.179836"/>
</kw>
<status status="PASS" start="2024-07-16T15:10:57.150310" elapsed="2.148172"/>
</kw>
<kw name="Fill the login form" owner="LoginResource">
<kw name="Input Text" owner="SeleniumLibrary">
<msg time="2024-07-16T15:10:59.300481" level="INFO">Typing text 'dharun' into text field 'css:input[placeholder="User"]'.</msg>
<arg>${username}</arg>
<arg>${user}</arg>
<doc>Types the given ``text`` into the text field identified by ``locator``.</doc>
<status status="PASS" start="2024-07-16T15:10:59.299481" elapsed="0.131602"/>
</kw>
<kw name="Input Password" owner="SeleniumLibrary">
<msg time="2024-07-16T15:10:59.432264" level="INFO">Typing password into text field 'css:input[placeholder="Password"]'.</msg>
<msg time="2024-07-16T15:10:59.476711" level="INFO">Temporally setting log level to: NONE</msg>
<arg>${password}</arg>
<arg>${pass}</arg>
<doc>Types the given password into the text field identified by ``locator``.</doc>
<status status="PASS" start="2024-07-16T15:10:59.431083" elapsed="0.143823"/>
</kw>
<arg>dharun</arg>
<arg>1234</arg>
<status status="PASS" start="2024-07-16T15:10:59.298482" elapsed="0.276424"/>
</kw>
<kw name="click the login button" owner="LoginResource">
<kw name="Click Button" owner="SeleniumLibrary">
<msg time="2024-07-16T15:10:59.576902" level="INFO">Clicking button 'xpath://button[@class="btn d-flex justify-content-center align-items-center w-100 h-100 btn-primary btn-action-primary"]'.</msg>
<arg>${submit_btn}</arg>
<doc>Clicks the button identified by ``locator``.</doc>
<status status="PASS" start="2024-07-16T15:10:59.576902" elapsed="0.134019"/>
</kw>
<status status="PASS" start="2024-07-16T15:10:59.575909" elapsed="0.136012"/>
</kw>
<kw name="Click the Banking Option" owner="HomeResource">
<kw name="Wait Until Element Is Visible" owner="SeleniumLibrary">
<arg>${Banking}</arg>
<doc>Waits until the element ``locator`` is visible.</doc>
<status status="PASS" start="2024-07-16T15:10:59.712923" elapsed="0.702283"/>
</kw>
<kw name="Click Element" owner="SeleniumLibrary">
<msg time="2024-07-16T15:11:00.417477" level="INFO">Clicking element 'xpath://div[text()='Banking']'.</msg>
<arg>${Banking}</arg>
<doc>Click the element identified by ``locator``.</doc>
<status status="PASS" start="2024-07-16T15:11:00.416474" elapsed="0.080272"/>
</kw>
<status status="PASS" start="2024-07-16T15:10:59.711921" elapsed="0.784825"/>
</kw>
<kw name="Verify the Banking page is displayed" owner="HomeResource">
<kw name="Element Text Should Be" owner="SeleniumLibrary">
<msg time="2024-07-16T15:11:00.497747" level="INFO">Verifying element 'xpath://div[text()='Banking']' contains exact text 'Banking'.</msg>
<arg>${Banking_page_verify}</arg>
<arg>${Banking_page_keyword}</arg>
<doc>Verifies that element ``locator`` contains exact the text ``expected``.</doc>
<status status="PASS" start="2024-07-16T15:11:00.497747" elapsed="0.042877"/>
</kw>
<status status="PASS" start="2024-07-16T15:11:00.497747" elapsed="0.042877"/>
</kw>
<kw name="Select the option payment to user" owner="PaymentUser">
<kw name="Wait Until Element Is Visible" owner="SeleniumLibrary">
<arg>${select_payment_to_user}</arg>
<doc>Waits until the element ``locator`` is visible.</doc>
<status status="PASS" start="2024-07-16T15:11:00.541628" elapsed="1.070285"/>
</kw>
<kw name="Click Element" owner="SeleniumLibrary">
<msg time="2024-07-16T15:11:01.612914" level="INFO">Clicking element 'xpath://div[text()="Payment to user"]'.</msg>
<arg>${select_payment_to_user}</arg>
<doc>Click the element identified by ``locator``.</doc>
<status status="PASS" start="2024-07-16T15:11:01.611913" elapsed="0.096531"/>
</kw>
<status status="PASS" start="2024-07-16T15:11:00.540624" elapsed="1.168813"/>
</kw>
<kw name="verify the payment to user page open" owner="PaymentUser">
<kw name="Element Text Should Be" owner="SeleniumLibrary">
<msg time="2024-07-16T15:11:01.710437" level="INFO">Verifying element 'xpath://div[@class="content-title d-flex"]//div' contains exact text 'Payment to user'.</msg>
<arg>${payment_user_title}</arg>
<arg>Payment to user</arg>
<doc>Verifies that element ``locator`` contains exact the text ``expected``.</doc>
<status status="PASS" start="2024-07-16T15:11:01.710437" elapsed="0.281233"/>
</kw>
<status status="PASS" start="2024-07-16T15:11:01.709437" elapsed="0.282233"/>
</kw>
<kw name="Click the next Button in payment page" owner="PaymentUser">
<kw name="Wait Until Element Is Visible" owner="SeleniumLibrary">
<arg>${next}</arg>
<doc>Waits until the element ``locator`` is visible.</doc>
<status status="PASS" start="2024-07-16T15:11:01.993670" elapsed="0.025954"/>
</kw>
<kw name="Click Element" owner="SeleniumLibrary">
<msg time="2024-07-16T15:11:02.020629" level="INFO">Clicking element 'xpath://action-button[@class="d-inline-block button"]/button'.</msg>
<arg>${next}</arg>
<doc>Click the element identified by ``locator``.</doc>
<status status="PASS" start="2024-07-16T15:11:02.020629" elapsed="0.068270"/>
</kw>
<status status="PASS" start="2024-07-16T15:11:01.992670" elapsed="0.096229"/>
</kw>
<kw name="verify the error message for user to field is given blank" owner="PaymentUser">
<try>
<branch type="TRY">
<kw name="Wait Until Element Is Visible" owner="SeleniumLibrary">
<arg>${to_user_error_msg}</arg>
<doc>Waits until the element ``locator`` is visible.</doc>
<status status="PASS" start="2024-07-16T15:11:02.090397" elapsed="0.034176"/>
</kw>
<kw name="Element Text Should Be" owner="SeleniumLibrary">
<msg time="2024-07-16T15:11:02.126006" level="INFO">Verifying element 'xpath:(//field-errors)[1]//div' contains exact text 'This field is required'.</msg>
<arg>${to_user_error_msg}</arg>
<arg>This field is required</arg>
<doc>Verifies that element ``locator`` contains exact the text ``expected``.</doc>
<status status="PASS" start="2024-07-16T15:11:02.126006" elapsed="0.023292"/>
</kw>
<status status="PASS" start="2024-07-16T15:11:02.090397" elapsed="0.058901"/>
</branch>
<branch type="EXCEPT">
<kw name="Log" owner="BuiltIn">
<arg>intentional failure.</arg>
<doc>Logs the given message with the given level.</doc>
<status status="NOT RUN" start="2024-07-16T15:11:02.150304" elapsed="0.000000"/>
</kw>
<status status="NOT RUN" start="2024-07-16T15:11:02.149298" elapsed="0.001006"/>
</branch>
<status status="PASS" start="2024-07-16T15:11:02.090397" elapsed="0.059907"/>
</try>
<status status="PASS" start="2024-07-16T15:11:02.088899" elapsed="0.062406"/>
</kw>
<kw name="verify the error message for amount field is given blank" owner="PaymentUser">
<kw name="Wait Until Element Is Visible" owner="SeleniumLibrary">
<arg>${amount_error_msg}</arg>
<doc>Waits until the element ``locator`` is visible.</doc>
<status status="PASS" start="2024-07-16T15:11:02.152305" elapsed="0.029492"/>
</kw>
<kw name="Element Text Should Be" owner="SeleniumLibrary">
<msg time="2024-07-16T15:11:02.182801" level="INFO">Verifying element 'xpath:(//field-errors)[2]//div' contains exact text 'This field is required'.</msg>
<arg>${amount_error_msg}</arg>
<arg>This field is required</arg>
<doc>Verifies that element ``locator`` contains exact the text ``expected``.</doc>
<status status="PASS" start="2024-07-16T15:11:02.181797" elapsed="0.020703"/>
</kw>
<status status="PASS" start="2024-07-16T15:11:02.151305" elapsed="0.051195"/>
</kw>
<kw name="Close Browser Session" owner="GenericResource" type="TEARDOWN">
<kw name="Close Browser" owner="SeleniumLibrary">
<doc>Closes the current browser.</doc>
<status status="PASS" start="2024-07-16T15:11:02.204699" elapsed="5.548477"/>
</kw>
<status status="PASS" start="2024-07-16T15:11:02.203664" elapsed="5.549512"/>
</kw>
<doc>Validate the user payment features</doc>
<tag>retest</tag>
<status status="PASS" start="2024-07-16T15:10:51.602232" elapsed="16.150944"/>
</test>
<doc>To validate Banking - payment to user Functionality</doc>
<status status="PASS" start="2024-07-16T15:09:44.286968" elapsed="83.467679"/>
</suite>
<status status="PASS" start="2024-07-16T15:09:44.253343" elapsed="83.502392"/>
</suite>
<statistics>
<total>
<stat pass="4" fail="0" skip="0">All Tests</stat>
</total>
<tag>
<stat pass="2" fail="0" skip="0">regression</stat>
<stat pass="1" fail="0" skip="0">retest</stat>
<stat pass="1" fail="0" skip="0">smoke</stat>
</tag>
<suite>
<stat pass="4" fail="0" skip="0" id="s1" name="TestCases">TestCases</stat>
<stat pass="4" fail="0" skip="0" id="s1-s1" name="Test User Payment">TestCases.Test User Payment</stat>
</suite>
</statistics>
<errors>
</errors>
</robot>
