<?xml version="1.0" encoding="UTF-8"?>
<robot generator="Robot 7.0 (Python 3.12.2 on win32)" generated="2024-07-17T09:12:44.648724" rpa="false" schemaversion="5">
<suite id="s1" name="PilotProject Cyclos Team1-1" source="C:\Users\ASUS\Desktop\PilotProject_Cyclos_Team1-1">
<suite id="s1-s1" name="TestCases" source="C:\Users\ASUS\Desktop\PilotProject_Cyclos_Team1-1\TestCases">
<suite id="s1-s1-s1" name="test confirmPasswordRegister" source="C:\Users\ASUS\Desktop\PilotProject_Cyclos_Team1-1\TestCases\test_confirmPasswordRegister.robot">
<test id="s1-s1-s1-t1" name="valid register Test case" line="13">
<kw name="Open the Browser with URL" owner="GenericResource" type="SETUP">
<kw name="Create Webdriver" owner="SeleniumLibrary">
<msg time="2024-07-17T09:12:47.812929" level="INFO">Creating an instance of the Chrome WebDriver.</msg>
<arg>${brower_name}</arg>
<doc>Creates an instance of Selenium WebDriver.</doc>
<status status="PASS" start="2024-07-17T09:12:47.812929" elapsed="2.859863"/>
</kw>
<kw name="Go To" owner="SeleniumLibrary">
<msg time="2024-07-17T09:12:50.673808" level="INFO">Opening url 'https://demo.cyclos.org/ui/home'</msg>
<arg>${url}</arg>
<doc>Navigates the current browser window to the provided ``url``.</doc>
<status status="PASS" start="2024-07-17T09:12:50.672792" elapsed="4.499982"/>
</kw>
<kw name="Maximize Browser Window" owner="SeleniumLibrary">
<doc>Maximizes current browser window.</doc>
<status status="PASS" start="2024-07-17T09:12:55.172774" elapsed="0.128638"/>
</kw>
<kw name="Set Selenium Implicit Wait" owner="SeleniumLibrary">
<arg>5</arg>
<doc>Sets the implicit wait value used by Selenium.</doc>
<status status="PASS" start="2024-07-17T09:12:55.302415" elapsed="0.006322"/>
</kw>
<status status="PASS" start="2024-07-17T09:12:47.810928" elapsed="7.498808"/>
</kw>
<kw name="Valid register with invalid confirm password">
<kw name="Go to Register Page" owner="HomeResource">
<kw name="Wait Until Element Is Visible" owner="SeleniumLibrary">
<arg>${register_btn}</arg>
<doc>Waits until the element ``locator`` is visible.</doc>
<status status="PASS" start="2024-07-17T09:12:55.311736" elapsed="3.063110"/>
</kw>
<kw name="Click Element" owner="SeleniumLibrary">
<msg time="2024-07-17T09:12:58.375847" level="INFO">Clicking element 'xpath://div[text()=" Register "]'.</msg>
<arg>${register_btn}</arg>
<doc>Click the element identified by ``locator``.</doc>
<status status="PASS" start="2024-07-17T09:12:58.374846" elapsed="0.328597"/>
</kw>
<status status="PASS" start="2024-07-17T09:12:55.310736" elapsed="3.393970"/>
</kw>
<kw name="Verify Register Page opens" owner="RegisterResource">
<kw name="Element Should Contain" owner="SeleniumLibrary">
<msg time="2024-07-17T09:13:01.293532" level="INFO">Element 'xpath://div[text()=" User registration "]' contains text 'User registration'.</msg>
<arg>${verify_register}</arg>
<arg>User registration</arg>
<doc>Verifies that element ``locator`` contains text ``expected``.</doc>
<status status="PASS" start="2024-07-17T09:12:58.705711" elapsed="2.587821"/>
</kw>
<status status="PASS" start="2024-07-17T09:12:58.704706" elapsed="2.588826"/>
</kw>
<kw name="Fill the Required feilds" owner="RegisterResource">
<kw name="Input Text" owner="SeleniumLibrary">
<msg time="2024-07-17T09:13:01.295971" level="INFO">Typing text '  abc' into text field 'xpath://input-field[@formcontrolname="name"]/label-value/div/div/input'.</msg>
<arg>${name_field}</arg>
<arg>${name}</arg>
<doc>Types the given ``text`` into the text field identified by ``locator``.</doc>
<status status="PASS" start="2024-07-17T09:13:01.294965" elapsed="0.184800"/>
</kw>
<kw name="Input Text" owner="SeleniumLibrary">
<msg time="2024-07-17T09:13:01.480765" level="INFO">Typing text 'abc12345' into text field 'xpath://input-field[@formcontrolname="username"]/label-value/div/div/input'.</msg>
<arg>${loginName_field}</arg>
<arg>${login_name}</arg>
<doc>Types the given ``text`` into the text field identified by ``locator``.</doc>
<status status="PASS" start="2024-07-17T09:13:01.480765" elapsed="0.329066"/>
</kw>
<kw name="Input Text" owner="SeleniumLibrary">
<msg time="2024-07-17T09:13:01.810824" level="INFO">Typing text 'abc123@gmail.com' into text field 'xpath://input-field[@formcontrolname="email"]/input'.</msg>
<arg>${email_field}</arg>
<arg>${email}</arg>
<doc>Types the given ``text`` into the text field identified by ``locator``.</doc>
<status status="PASS" start="2024-07-17T09:13:01.810824" elapsed="0.263137"/>
</kw>
<arg>${name}</arg>
<arg>${login}</arg>
<arg>${email}</arg>
<status status="PASS" start="2024-07-17T09:13:01.293532" elapsed="0.780429"/>
</kw>
<kw name="Fill the Remaining profile feilds" owner="RegisterResource">
<kw name="Input Text" owner="SeleniumLibrary">
<msg time="2024-07-17T09:13:02.077261" level="INFO">Typing text 'www.google.com' into text field 'css:input[name="website"]'.</msg>
<arg>${website_field}</arg>
<arg>${website}</arg>
<doc>Types the given ``text`` into the text field identified by ``locator``.</doc>
<status status="PASS" start="2024-07-17T09:13:02.076259" elapsed="0.239835"/>
</kw>
<kw name="Click Element" owner="SeleniumLibrary">
<msg time="2024-07-17T09:13:02.318497" level="INFO">Clicking element 'css:button#business_type'.</msg>
<arg>${business_type}</arg>
<doc>Click the element identified by ``locator``.</doc>
<status status="PASS" start="2024-07-17T09:13:02.316094" elapsed="0.115440"/>
</kw>
<kw name="Click Link" owner="SeleniumLibrary">
<msg time="2024-07-17T09:13:02.432736" level="INFO">Clicking link 'css:a#business_type_clothing'.</msg>
<arg>${clothing}</arg>
<doc>Clicks a link identified by ``locator``.</doc>
<status status="PASS" start="2024-07-17T09:13:02.431534" elapsed="0.170670"/>
</kw>
<kw name="Input Text" owner="SeleniumLibrary">
<msg time="2024-07-17T09:13:02.604460" level="INFO">Typing text '9856743210' into text field 'xpath:(//input-field[@formcontrolname="number"]/input)[1]'.</msg>
<arg>${mobile_number}</arg>
<arg>${mobile_number1}</arg>
<doc>Types the given ``text`` into the text field identified by ``locator``.</doc>
<status status="PASS" start="2024-07-17T09:13:02.603204" elapsed="0.226282"/>
</kw>
<kw name="Input Text" owner="SeleniumLibrary">
<msg time="2024-07-17T09:13:02.830487" level="INFO">Typing text '(201) 555-0123' into text field 'xpath:(//input-field[@formcontrolname="number"]/input)[2]'.</msg>
<arg>${Landline_number}</arg>
<arg>${landline}</arg>
<doc>Types the given ``text`` into the text field identified by ``locator``.</doc>
<status status="PASS" start="2024-07-17T09:13:02.829486" elapsed="0.233175"/>
</kw>
<arg>${website}</arg>
<arg>${gender}</arg>
<arg>${mobile}</arg>
<arg>${land_line}</arg>
<status status="PASS" start="2024-07-17T09:13:02.073961" elapsed="0.989704"/>
</kw>
<kw name="Enable address fields" owner="RegisterResource">
<kw name="Click Element" owner="SeleniumLibrary">
<msg time="2024-07-17T09:13:03.064664" level="INFO">Clicking element 'xpath:(//label[@class="custom-control-label"])[3]'.</msg>
<arg>${address_enable}</arg>
<doc>Click the element identified by ``locator``.</doc>
<status status="PASS" start="2024-07-17T09:13:03.064664" elapsed="0.261358"/>
</kw>
<status status="PASS" start="2024-07-17T09:13:03.063665" elapsed="0.262357"/>
</kw>
<kw name="Fill the address fields" owner="RegisterResource">
<kw name="Input Text" owner="SeleniumLibrary">
<msg time="2024-07-17T09:13:03.328022" level="INFO">Typing text 'gandhi street' into text field 'xpath:(//label-value[@class="label-on-side label-value any-label-value field"]/div/div/input)[3]'.</msg>
<arg>${address_line1}</arg>
<arg>${address}</arg>
<doc>Types the given ``text`` into the text field identified by ``locator``.</doc>
<status status="PASS" start="2024-07-17T09:13:03.327022" elapsed="0.418956"/>
</kw>
<kw name="Input Text" owner="SeleniumLibrary">
<msg time="2024-07-17T09:13:03.747408" level="INFO">Typing text '637503' into text field 'css:input#zip'.</msg>
<arg>${zip_code}</arg>
<arg>${zip}</arg>
<doc>Types the given ``text`` into the text field identified by ``locator``.</doc>
<status status="PASS" start="2024-07-17T09:13:03.745978" elapsed="0.170943"/>
</kw>
<kw name="Input Text" owner="SeleniumLibrary">
<msg time="2024-07-17T09:13:03.917927" level="INFO">Typing text 'salem' into text field 'css:input#city'.</msg>
<arg>${city_field}</arg>
<arg>${city}</arg>
<doc>Types the given ``text`` into the text field identified by ``locator``.</doc>
<status status="PASS" start="2024-07-17T09:13:03.916921" elapsed="0.142405"/>
</kw>
<kw name="Input Text" owner="SeleniumLibrary">
<msg time="2024-07-17T09:13:04.060325" level="INFO">Typing text 'tamilnadu' into text field 'css:input#region'.</msg>
<arg>${region_field}</arg>
<arg>${region}</arg>
<doc>Types the given ``text`` into the text field identified by ``locator``.</doc>
<status status="PASS" start="2024-07-17T09:13:04.059326" elapsed="0.205706"/>
</kw>
<arg>${address}</arg>
<arg>${zip}</arg>
<arg>${city}</arg>
<arg>${region}</arg>
<status status="PASS" start="2024-07-17T09:13:03.326022" elapsed="0.939010"/>
</kw>
<kw name="Click next button" owner="RegisterResource">
<kw name="Wait Until Element Is Visible" owner="SeleniumLibrary">
<arg>${next_btn}</arg>
<doc>Waits until the element ``locator`` is visible.</doc>
<status status="PASS" start="2024-07-17T09:13:04.267036" elapsed="0.039057"/>
</kw>
<kw name="Click Button" owner="SeleniumLibrary">
<msg time="2024-07-17T09:13:04.307093" level="INFO">Clicking button 'xpath:(//action-button[@class="d-inline-block button"]/button)[3]'.</msg>
<arg>${next_btn}</arg>
<doc>Clicks the button identified by ``locator``.</doc>
<status status="PASS" start="2024-07-17T09:13:04.307093" elapsed="0.170396"/>
</kw>
<status status="PASS" start="2024-07-17T09:13:04.266036" elapsed="0.211453"/>
</kw>
<kw name="fill password fields" owner="RegisterResource">
<kw name="Input Password" owner="SeleniumLibrary">
<msg time="2024-07-17T09:13:04.480489" level="INFO">Typing password into text field 'xpath://input-field[@formcontrolname="value"]/label-value/div/div/input'.</msg>
<msg time="2024-07-17T09:13:07.410296" level="INFO">Temporally setting log level to: NONE</msg>
<arg>${password_field}</arg>
<arg>${pass}</arg>
<doc>Types the given password into the text field identified by ``locator``.</doc>
<status status="PASS" start="2024-07-17T09:13:04.479489" elapsed="3.011572"/>
</kw>
<kw name="Execute Javascript" owner="SeleniumLibrary">
<msg time="2024-07-17T09:13:07.493446" level="INFO">Executing JavaScript:
window.scrollTo(0, document.body.scrollHeight)
Without any arguments.</msg>
<arg>window.scrollTo(0, document.body.scrollHeight)</arg>
<doc>Executes the given JavaScript code with possible arguments.</doc>
<status status="PASS" start="2024-07-17T09:13:07.492368" elapsed="0.014362"/>
</kw>
<kw name="Wait Until Element Is Enabled" owner="SeleniumLibrary">
<arg>${confirm_password}</arg>
<doc>Waits until the element ``locator`` is enabled.</doc>
<status status="PASS" start="2024-07-17T09:13:07.507898" elapsed="0.052811"/>
</kw>
<kw name="Input Text" owner="SeleniumLibrary">
<msg time="2024-07-17T09:13:07.562733" level="INFO">Typing text 'abc@124' into text field 'xpath://input-field[@formcontrolname="confirmationValue"]/label-value/div/div/input'.</msg>
<arg>${confirm_password}</arg>
<arg>${cpass}</arg>
<doc>Types the given ``text`` into the text field identified by ``locator``.</doc>
<status status="PASS" start="2024-07-17T09:13:07.560709" elapsed="0.148947"/>
</kw>
<arg>${password}</arg>
<arg>${confirm_password}</arg>
<status status="PASS" start="2024-07-17T09:13:04.478489" elapsed="3.232167"/>
</kw>
<kw name="click Registration confirmation checkbox" owner="RegisterResource">
<kw name="Click Element" owner="SeleniumLibrary">
<msg time="2024-07-17T09:13:07.713157" level="INFO">Clicking element 'xpath://accept-agreements[@formcontrolname="acceptAgreements"]/div/div/div/boolean-field/div/label'.</msg>
<arg>${demo_checkbox}</arg>
<doc>Click the element identified by ``locator``.</doc>
<status status="PASS" start="2024-07-17T09:13:07.713157" elapsed="0.084899"/>
</kw>
<status status="PASS" start="2024-07-17T09:13:07.712016" elapsed="0.086040"/>
</kw>
<kw name="click submit button" owner="RegisterResource">
<kw name="Click Button" owner="SeleniumLibrary">
<msg time="2024-07-17T09:13:07.801056" level="INFO">Clicking button 'xpath:(//action-button[@class="d-inline-block button"]/button)[1]'.</msg>
<arg>${submit_btn}</arg>
<doc>Clicks the button identified by ``locator``.</doc>
<status status="PASS" start="2024-07-17T09:13:07.800055" elapsed="0.116035"/>
</kw>
<status status="PASS" start="2024-07-17T09:13:07.799062" elapsed="0.118035"/>
</kw>
<kw name="verification for confirmPassword" owner="RegisterResource">
<kw name="Element Text Should Be" owner="SeleniumLibrary">
<msg time="2024-07-17T09:13:07.920097" level="INFO">Verifying element 'css:div[class="invalid-feedback"]' contains exact text 'The passwords don't match'.</msg>
<arg>${field_required}</arg>
<arg>The passwords don't match</arg>
<doc>Verifies that element ``locator`` contains exact the text ``expected``.</doc>
<status status="PASS" start="2024-07-17T09:13:07.919098" elapsed="0.053780"/>
</kw>
<status status="PASS" start="2024-07-17T09:13:07.917097" elapsed="0.055781"/>
</kw>
<arg>name=  abc</arg>
<arg>login=abc12345</arg>
<arg>email=abc123@gmail.com</arg>
<arg>website=www.google.com</arg>
<arg>gender=male</arg>
<arg>mobile=9856743210</arg>
<arg>land_line=(201) 555-0123</arg>
<arg>address=gandhi street</arg>
<arg>zip=637503</arg>
<arg>city=salem</arg>
<arg>region=tamilnadu</arg>
<arg>password=abc@123</arg>
<arg>confirm_password=abc@124</arg>
<tag>Regression</tag>
<doc>To validate register functionality with invalid confirm password field</doc>
<status status="PASS" start="2024-07-17T09:12:55.309736" elapsed="12.663142"/>
</kw>
<kw name="Close Browser Session" owner="GenericResource" type="TEARDOWN">
<kw name="Close Browser" owner="SeleniumLibrary">
<doc>Closes the current browser.</doc>
<status status="PASS" start="2024-07-17T09:13:07.975104" elapsed="3.286829"/>
</kw>
<status status="PASS" start="2024-07-17T09:13:07.974385" elapsed="3.287548"/>
</kw>
<status status="PASS" start="2024-07-17T09:12:47.807583" elapsed="23.454350"/>
</test>
<doc>Test to Register Page</doc>
<status status="PASS" start="2024-07-17T09:12:44.697955" elapsed="26.565980"/>
</suite>
<status status="PASS" start="2024-07-17T09:12:44.694941" elapsed="26.571020"/>
</suite>
<status status="PASS" start="2024-07-17T09:12:44.665241" elapsed="26.602753"/>
</suite>
<statistics>
<total>
<stat pass="1" fail="0" skip="0">All Tests</stat>
</total>
<tag>
</tag>
<suite>
<stat pass="1" fail="0" skip="0" id="s1" name="PilotProject Cyclos Team1-1">PilotProject Cyclos Team1-1</stat>
<stat pass="1" fail="0" skip="0" id="s1-s1" name="TestCases">PilotProject Cyclos Team1-1.TestCases</stat>
<stat pass="1" fail="0" skip="0" id="s1-s1-s1" name="test confirmPasswordRegister">PilotProject Cyclos Team1-1.TestCases.test confirmPasswordRegister</stat>
</suite>
</statistics>
<errors>
</errors>
</robot>
