<?xml version="1.0" encoding="UTF-8"?>
<robot generator="Robot 7.0 (Python 3.12.2 on win32)" generated="2024-07-10T11:57:15.521326" rpa="false" schemaversion="5">
<suite id="s1" name="TestCases" source="C:\Users\ASUS\Desktop\PilotProject_Cyclos_Team1-1\TestCases">
<suite id="s1-s1" name="test invalidReceivePay" source="C:\Users\ASUS\Desktop\PilotProject_Cyclos_Team1-1\TestCases\test_invalidReceivePay.robot">
<test id="s1-s1-t1" name="Validate Receive payment with data" line="19">
<kw name="Open the Browser with URL" owner="GenericResource" type="SETUP">
<kw name="Create Webdriver" owner="SeleniumLibrary">
<msg time="2024-07-10T11:57:18.693548" level="INFO">Creating an instance of the Chrome WebDriver.</msg>
<arg>${brower_name}</arg>
<doc>Creates an instance of Selenium WebDriver.</doc>
<status status="PASS" start="2024-07-10T11:57:18.692547" elapsed="3.194397"/>
</kw>
<kw name="Go To" owner="SeleniumLibrary">
<msg time="2024-07-10T11:57:21.887944" level="INFO">Opening url 'https://demo.cyclos.org/ui/home'</msg>
<arg>${url}</arg>
<doc>Navigates the current browser window to the provided ``url``.</doc>
<status status="PASS" start="2024-07-10T11:57:21.887944" elapsed="2.822145"/>
</kw>
<kw name="Maximize Browser Window" owner="SeleniumLibrary">
<doc>Maximizes current browser window.</doc>
<status status="PASS" start="2024-07-10T11:57:24.710089" elapsed="0.141037"/>
</kw>
<kw name="Set Selenium Implicit Wait" owner="SeleniumLibrary">
<arg>5</arg>
<doc>Sets the implicit wait value used by Selenium.</doc>
<status status="PASS" start="2024-07-10T11:57:24.851126" elapsed="0.003853"/>
</kw>
<status status="PASS" start="2024-07-10T11:57:18.665609" elapsed="6.189370"/>
</kw>
<kw name="Validate the Receive payment functionality with empty data">
<kw name="Go to Login Page" owner="HomeResource">
<kw name="Sleep" owner="BuiltIn">
<msg time="2024-07-10T11:57:29.859509" level="INFO">Slept 5 seconds.</msg>
<arg>5s</arg>
<doc>Pauses the test executed for the given time.</doc>
<status status="PASS" start="2024-07-10T11:57:24.858986" elapsed="5.000523"/>
</kw>
<kw name="Click Element" owner="SeleniumLibrary">
<msg time="2024-07-10T11:57:29.860015" level="INFO">Clicking element 'xpath:(//div[@class="ml-2"])[3]'.</msg>
<arg>${login_btn}</arg>
<doc>Click the element identified by ``locator``.</doc>
<status status="PASS" start="2024-07-10T11:57:29.860015" elapsed="0.162096"/>
</kw>
<status status="PASS" start="2024-07-10T11:57:24.856982" elapsed="5.165129"/>
</kw>
<kw name="Fill the login form" owner="LoginResource">
<kw name="Input Text" owner="SeleniumLibrary">
<msg time="2024-07-10T11:57:30.024111" level="INFO">Typing text 'dharun' into text field 'css:input[placeholder="User"]'.</msg>
<arg>${username}</arg>
<arg>${user}</arg>
<doc>Types the given ``text`` into the text field identified by ``locator``.</doc>
<status status="PASS" start="2024-07-10T11:57:30.024111" elapsed="0.125839"/>
</kw>
<kw name="Input Password" owner="SeleniumLibrary">
<msg time="2024-07-10T11:57:30.150950" level="INFO">Typing password into text field 'css:input[placeholder="Password"]'.</msg>
<msg time="2024-07-10T11:57:30.188438" level="INFO">Temporally setting log level to: NONE</msg>
<arg>${password}</arg>
<arg>${pass}</arg>
<doc>Types the given password into the text field identified by ``locator``.</doc>
<status status="PASS" start="2024-07-10T11:57:30.149950" elapsed="0.112395"/>
</kw>
<arg>dharun</arg>
<arg>1234</arg>
<status status="PASS" start="2024-07-10T11:57:30.023240" elapsed="0.240157"/>
</kw>
<kw name="click the login button" owner="LoginResource">
<kw name="Click Button" owner="SeleniumLibrary">
<msg time="2024-07-10T11:57:30.264398" level="INFO">Clicking button 'xpath://button[@class="btn d-flex justify-content-center align-items-center w-100 h-100 btn-primary btn-action-primary"]'.</msg>
<arg>${submit_btn}</arg>
<doc>Clicks the button identified by ``locator``.</doc>
<status status="PASS" start="2024-07-10T11:57:30.264398" elapsed="0.084042"/>
</kw>
<status status="PASS" start="2024-07-10T11:57:30.263397" elapsed="0.085043"/>
</kw>
<kw name="Click the Banking Option" owner="HomeResource">
<kw name="Wait Until Element Is Visible" owner="SeleniumLibrary">
<arg>${Banking}</arg>
<doc>Waits until the element ``locator`` is visible.</doc>
<status status="PASS" start="2024-07-10T11:57:30.349774" elapsed="0.794802"/>
</kw>
<kw name="Click Element" owner="SeleniumLibrary">
<msg time="2024-07-10T11:57:31.145576" level="INFO">Clicking element 'xpath://div[text()='Banking']'.</msg>
<arg>${Banking}</arg>
<doc>Click the element identified by ``locator``.</doc>
<status status="PASS" start="2024-07-10T11:57:31.144576" elapsed="0.068853"/>
</kw>
<status status="PASS" start="2024-07-10T11:57:30.348440" elapsed="0.864989"/>
</kw>
<kw name="Verify the Banking page is displayed" owner="HomeResource">
<kw name="Element Text Should Be" owner="SeleniumLibrary">
<msg time="2024-07-10T11:57:31.215429" level="INFO">Verifying element 'xpath://div[text()='Banking']' contains exact text 'Banking'.</msg>
<arg>${Banking_page_verify}</arg>
<arg>${Banking_page_keyword}</arg>
<doc>Verifies that element ``locator`` contains exact the text ``expected``.</doc>
<status status="PASS" start="2024-07-10T11:57:31.214429" elapsed="0.032560"/>
</kw>
<status status="PASS" start="2024-07-10T11:57:31.213429" elapsed="0.033560"/>
</kw>
<kw name="Verify the Receive payment page" owner="ReceivePaymentResouce">
<kw name="Wait Until Element Is Visible" owner="SeleniumLibrary">
<arg>${receive_payment}</arg>
<doc>Waits until the element ``locator`` is visible.</doc>
<status status="PASS" start="2024-07-10T11:57:31.247996" elapsed="1.816798"/>
</kw>
<kw name="Click Element" owner="SeleniumLibrary">
<msg time="2024-07-10T11:57:33.068796" level="INFO">Clicking element 'xpath:(//nav[@class='navbar d-flex flex-column align-items-stretch']//a/div)[4]'.</msg>
<arg>${receive_payment}</arg>
<doc>Click the element identified by ``locator``.</doc>
<status status="PASS" start="2024-07-10T11:57:33.067793" elapsed="0.160385"/>
</kw>
<kw name="Element Text Should Be" owner="SeleniumLibrary">
<msg time="2024-07-10T11:57:33.230537" level="INFO">Verifying element 'xpath://div[text()=' Receive payment ']' contains exact text 'Receive payment'.</msg>
<arg>${rec_pay_verify}</arg>
<arg>${rec_pay_verify_keyword}</arg>
<doc>Verifies that element ``locator`` contains exact the text ``expected``.</doc>
<status status="PASS" start="2024-07-10T11:57:33.229180" elapsed="1.248000"/>
</kw>
<status status="PASS" start="2024-07-10T11:57:31.247996" elapsed="3.229184"/>
</kw>
<kw name="Fill the receive payment form with data" owner="ReceivePaymentResouce">
<kw name="Input Text" owner="SeleniumLibrary">
<msg time="2024-07-10T11:57:34.478375" level="INFO">Typing text '   ' into text field 'xpath://input[@placeholder='Type to search']'.</msg>
<arg>${input_user}</arg>
<arg>${user}</arg>
<doc>Types the given ``text`` into the text field identified by ``locator``.</doc>
<status status="PASS" start="2024-07-10T11:57:34.478375" elapsed="0.108743"/>
</kw>
<kw name="Input Text" owner="SeleniumLibrary">
<msg time="2024-07-10T11:57:34.588130" level="INFO">Typing text '   ' into text field 'xpath://div[@class='label-value-container']//div[@class='input-group']//input'.</msg>
<arg>${input_amount}</arg>
<arg>${amount}</arg>
<doc>Types the given ``text`` into the text field identified by ``locator``.</doc>
<status status="PASS" start="2024-07-10T11:57:34.588130" elapsed="0.149153"/>
</kw>
<arg>${blank_user}</arg>
<arg>${blank_amount}</arg>
<status status="PASS" start="2024-07-10T11:57:34.477180" elapsed="0.261103"/>
</kw>
<kw name="Click the next button" owner="ReceivePaymentResouce">
<kw name="Click Button" owner="SeleniumLibrary">
<msg time="2024-07-10T11:57:34.740283" level="INFO">Clicking button 'xpath://action-button/button'.</msg>
<arg>${next_button}</arg>
<doc>Clicks the button identified by ``locator``.</doc>
<status status="PASS" start="2024-07-10T11:57:34.739283" elapsed="0.503432"/>
</kw>
<status status="PASS" start="2024-07-10T11:57:34.738283" elapsed="0.504432"/>
</kw>
<kw name="verify user error message is displayed" owner="ReceivePaymentResouce">
<kw name="Element Should Be Visible" owner="SeleniumLibrary">
<msg time="2024-07-10T11:57:41.223162" level="INFO" html="true">&lt;/td&gt;&lt;/tr&gt;&lt;tr&gt;&lt;td colspan="3"&gt;&lt;a href="selenium-screenshot-1.png"&gt;&lt;img src="selenium-screenshot-1.png" width="800px"&gt;&lt;/a&gt;</msg>
<msg time="2024-07-10T11:57:41.223162" level="FAIL">Element with locator 'xpath:(//div[@class='d-flex label-value-value']//field-errors/div)[1]' not found.</msg>
<arg>${user_error_msg}</arg>
<doc>Verifies that the element identified by ``locator`` is visible.</doc>
<status status="FAIL" start="2024-07-10T11:57:35.246010" elapsed="5.982331">Element with locator 'xpath:(//div[@class='d-flex label-value-value']//field-errors/div)[1]' not found.</status>
</kw>
<status status="FAIL" start="2024-07-10T11:57:35.244004" elapsed="5.985334">Element with locator 'xpath:(//div[@class='d-flex label-value-value']//field-errors/div)[1]' not found.</status>
</kw>
<kw name="verify amount error message is displayed" owner="ReceivePaymentResouce">
<status status="NOT RUN" start="2024-07-10T11:57:41.230338" elapsed="0.000000"/>
</kw>
<arg>blank_user=   </arg>
<arg>blank_amount=   </arg>
<arg>blank_description=  </arg>
<tag>invalid_Receive_payment</tag>
<doc>This checks the Receive payment functionality with empty data</doc>
<status status="FAIL" start="2024-07-10T11:57:24.855981" elapsed="16.374357">Element with locator 'xpath:(//div[@class='d-flex label-value-value']//field-errors/div)[1]' not found.</status>
</kw>
<kw name="Close Browser Session" owner="GenericResource" type="TEARDOWN">
<kw name="Close Browser" owner="SeleniumLibrary">
<doc>Closes the current browser.</doc>
<status status="PASS" start="2024-07-10T11:57:41.231338" elapsed="6.921921"/>
</kw>
<status status="PASS" start="2024-07-10T11:57:41.231338" elapsed="6.923028"/>
</kw>
<tag>smoke</tag>
<status status="FAIL" start="2024-07-10T11:57:18.658731" elapsed="29.495635">Element with locator 'xpath:(//div[@class='d-flex label-value-value']//field-errors/div)[1]' not found.</status>
</test>
<doc>This checks the Receive payment fubctionality</doc>
<status status="FAIL" start="2024-07-10T11:57:15.594120" elapsed="32.561680"/>
</suite>
<status status="FAIL" start="2024-07-10T11:57:15.563898" elapsed="32.593925"/>
</suite>
<statistics>
<total>
<stat pass="0" fail="1" skip="0">All Tests</stat>
</total>
<tag>
<stat pass="0" fail="1" skip="0">smoke</stat>
</tag>
<suite>
<stat pass="0" fail="1" skip="0" id="s1" name="TestCases">TestCases</stat>
<stat pass="0" fail="1" skip="0" id="s1-s1" name="test invalidReceivePay">TestCases.test invalidReceivePay</stat>
</suite>
</statistics>
<errors>
</errors>
</robot>
