<?xml version="1.0" encoding="UTF-8"?>
<robot generator="Robot 7.0 (Python 3.12.2 on win32)" generated="2024-07-10T11:56:02.116707" rpa="false" schemaversion="5">
<suite id="s1" name="TestCases" source="C:\Users\ASUS\Desktop\PilotProject_Cyclos_Team1-1\TestCases">
<suite id="s1-s1" name="test blankFieldRegister" source="C:\Users\ASUS\Desktop\PilotProject_Cyclos_Team1-1\TestCases\test_blankFieldRegister.robot">
<test id="s1-s1-t1" name="valid register Test case" line="13">
<kw name="Open the Browser with URL" owner="GenericResource" type="SETUP">
<kw name="Create Webdriver" owner="SeleniumLibrary">
<msg time="2024-07-10T11:56:03.272438" level="INFO">Creating an instance of the Chrome WebDriver.</msg>
<arg>${brower_name}</arg>
<doc>Creates an instance of Selenium WebDriver.</doc>
<status status="PASS" start="2024-07-10T11:56:03.270241" elapsed="2.551539"/>
</kw>
<kw name="Go To" owner="SeleniumLibrary">
<msg time="2024-07-10T11:56:05.822779" level="INFO">Opening url 'https://demo.cyclos.org/ui/home'</msg>
<arg>${url}</arg>
<doc>Navigates the current browser window to the provided ``url``.</doc>
<status status="PASS" start="2024-07-10T11:56:05.822779" elapsed="3.170022"/>
</kw>
<kw name="Maximize Browser Window" owner="SeleniumLibrary">
<doc>Maximizes current browser window.</doc>
<status status="PASS" start="2024-07-10T11:56:08.993801" elapsed="0.077394"/>
</kw>
<kw name="Set Selenium Implicit Wait" owner="SeleniumLibrary">
<arg>5</arg>
<doc>Sets the implicit wait value used by Selenium.</doc>
<status status="PASS" start="2024-07-10T11:56:09.071195" elapsed="0.001506"/>
</kw>
<status status="PASS" start="2024-07-10T11:56:03.269236" elapsed="5.803465"/>
</kw>
<kw name="Valid register with blank fields">
<kw name="Go to Register Page" owner="HomeResource">
<kw name="Sleep" owner="BuiltIn">
<msg time="2024-07-10T11:56:14.075135" level="INFO">Slept 5 seconds.</msg>
<arg>5s</arg>
<doc>Pauses the test executed for the given time.</doc>
<status status="PASS" start="2024-07-10T11:56:09.074703" elapsed="5.000432"/>
</kw>
<kw name="Click Element" owner="SeleniumLibrary">
<msg time="2024-07-10T11:56:14.076647" level="INFO">Clicking element 'xpath://div[text()=" Register "]'.</msg>
<arg>${register_btn}</arg>
<doc>Click the element identified by ``locator``.</doc>
<status status="PASS" start="2024-07-10T11:56:14.075644" elapsed="0.226385"/>
</kw>
<status status="PASS" start="2024-07-10T11:56:09.073703" elapsed="5.228326"/>
</kw>
<kw name="Verify Register Page opens" owner="RegisterResource">
<kw name="Element Should Contain" owner="SeleniumLibrary">
<msg time="2024-07-10T11:56:16.701756" level="INFO">Element 'xpath://div[text()=" User registration "]' contains text 'User registration'.</msg>
<arg>${verify_register}</arg>
<arg>User registration</arg>
<doc>Verifies that element ``locator`` contains text ``expected``.</doc>
<status status="PASS" start="2024-07-10T11:56:14.303029" elapsed="2.398727"/>
</kw>
<status status="PASS" start="2024-07-10T11:56:14.303029" elapsed="2.398727"/>
</kw>
<kw name="Fill the Remaining profile feilds" owner="RegisterResource">
<kw name="Input Text" owner="SeleniumLibrary">
<msg time="2024-07-10T11:56:16.704263" level="INFO">Typing text 'www.google.com' into text field 'css:input[name="website"]'.</msg>
<arg>${website_field}</arg>
<arg>${website}</arg>
<doc>Types the given ``text`` into the text field identified by ``locator``.</doc>
<status status="PASS" start="2024-07-10T11:56:16.702756" elapsed="0.532880"/>
</kw>
<kw name="Click Element" owner="SeleniumLibrary">
<msg time="2024-07-10T11:56:17.237979" level="INFO">Clicking element 'css:button#business_type'.</msg>
<arg>${business_type}</arg>
<doc>Click the element identified by ``locator``.</doc>
<status status="PASS" start="2024-07-10T11:56:17.235636" elapsed="0.129692"/>
</kw>
<kw name="Click Link" owner="SeleniumLibrary">
<msg time="2024-07-10T11:56:17.366328" level="INFO">Clicking link 'css:a#business_type_clothing'.</msg>
<arg>${clothing}</arg>
<doc>Clicks a link identified by ``locator``.</doc>
<status status="PASS" start="2024-07-10T11:56:17.366328" elapsed="0.219723"/>
</kw>
<kw name="Input Text" owner="SeleniumLibrary">
<msg time="2024-07-10T11:56:17.588051" level="INFO">Typing text '9856743210' into text field 'xpath:(//input-field[@formcontrolname="number"]/input)[1]'.</msg>
<arg>${mobile_number}</arg>
<arg>${mobile_number1}</arg>
<doc>Types the given ``text`` into the text field identified by ``locator``.</doc>
<status status="PASS" start="2024-07-10T11:56:17.587052" elapsed="0.184221"/>
</kw>
<kw name="Input Text" owner="SeleniumLibrary">
<msg time="2024-07-10T11:56:17.772784" level="INFO">Typing text '(201) 555-0123' into text field 'xpath:(//input-field[@formcontrolname="number"]/input)[2]'.</msg>
<arg>${Landline_number}</arg>
<arg>${landline}</arg>
<doc>Types the given ``text`` into the text field identified by ``locator``.</doc>
<status status="PASS" start="2024-07-10T11:56:17.771780" elapsed="0.188782"/>
</kw>
<arg>${website}</arg>
<arg>${gender}</arg>
<arg>${mobile}</arg>
<arg>${land_line}</arg>
<status status="PASS" start="2024-07-10T11:56:16.701756" elapsed="1.258806"/>
</kw>
<kw name="Enable address fields" owner="RegisterResource">
<kw name="Click Element" owner="SeleniumLibrary">
<msg time="2024-07-10T11:56:17.961567" level="INFO">Clicking element 'xpath:(//label[@class="custom-control-label"])[3]'.</msg>
<arg>${address_enable}</arg>
<doc>Click the element identified by ``locator``.</doc>
<status status="PASS" start="2024-07-10T11:56:17.961567" elapsed="0.135902"/>
</kw>
<status status="PASS" start="2024-07-10T11:56:17.960562" elapsed="0.136907"/>
</kw>
<kw name="Fill the address fields" owner="RegisterResource">
<kw name="Input Text" owner="SeleniumLibrary">
<msg time="2024-07-10T11:56:18.099432" level="INFO">Typing text 'gandhi street' into text field 'xpath:(//label-value[@class="label-on-side label-value any-label-value field"]/div/div/input)[3]'.</msg>
<arg>${address_line1}</arg>
<arg>${address}</arg>
<doc>Types the given ``text`` into the text field identified by ``locator``.</doc>
<status status="PASS" start="2024-07-10T11:56:18.098432" elapsed="0.479261"/>
</kw>
<kw name="Input Text" owner="SeleniumLibrary">
<msg time="2024-07-10T11:56:18.578693" level="INFO">Typing text '637503' into text field 'css:input#zip'.</msg>
<arg>${zip_code}</arg>
<arg>${zip}</arg>
<doc>Types the given ``text`` into the text field identified by ``locator``.</doc>
<status status="PASS" start="2024-07-10T11:56:18.578693" elapsed="0.265393"/>
</kw>
<kw name="Input Text" owner="SeleniumLibrary">
<msg time="2024-07-10T11:56:18.844086" level="INFO">Typing text 'salem' into text field 'css:input#city'.</msg>
<arg>${city_field}</arg>
<arg>${city}</arg>
<doc>Types the given ``text`` into the text field identified by ``locator``.</doc>
<status status="PASS" start="2024-07-10T11:56:18.844086" elapsed="0.327959"/>
</kw>
<kw name="Input Text" owner="SeleniumLibrary">
<msg time="2024-07-10T11:56:19.173101" level="INFO">Typing text 'tamilnadu' into text field 'css:input#region'.</msg>
<arg>${region_field}</arg>
<arg>${region}</arg>
<doc>Types the given ``text`` into the text field identified by ``locator``.</doc>
<status status="PASS" start="2024-07-10T11:56:19.173101" elapsed="2.884098"/>
</kw>
<arg>${address}</arg>
<arg>${zip}</arg>
<arg>${city}</arg>
<arg>${region}</arg>
<status status="PASS" start="2024-07-10T11:56:18.098432" elapsed="3.959771"/>
</kw>
<kw name="Click next button" owner="RegisterResource">
<kw name="Wait Until Element Is Visible" owner="SeleniumLibrary">
<arg>${next_btn}</arg>
<doc>Waits until the element ``locator`` is visible.</doc>
<status status="PASS" start="2024-07-10T11:56:22.059203" elapsed="0.260884"/>
</kw>
<kw name="Click Button" owner="SeleniumLibrary">
<msg time="2024-07-10T11:56:22.321085" level="INFO">Clicking button 'xpath:(//action-button[@class="d-inline-block button"]/button)[3]'.</msg>
<arg>${next_btn}</arg>
<doc>Clicks the button identified by ``locator``.</doc>
<status status="PASS" start="2024-07-10T11:56:22.320087" elapsed="0.468422"/>
</kw>
<status status="PASS" start="2024-07-10T11:56:22.058203" elapsed="0.730306"/>
</kw>
<kw name="verfication for necessary fields" owner="RegisterResource">
<kw name="Element Text Should Be" owner="SeleniumLibrary">
<msg time="2024-07-10T11:56:22.790791" level="INFO">Verifying element 'css:div[class="invalid-feedback"]' contains exact text 'This field is required'.</msg>
<arg>${field_required}</arg>
<arg>This field is required</arg>
<doc>Verifies that element ``locator`` contains exact the text ``expected``.</doc>
<status status="PASS" start="2024-07-10T11:56:22.789516" elapsed="0.070608"/>
</kw>
<status status="PASS" start="2024-07-10T11:56:22.789516" elapsed="0.071614"/>
</kw>
<arg>website=www.google.com</arg>
<arg>gender=male</arg>
<arg>mobile=9856743210</arg>
<arg>land_line=(201) 555-0123</arg>
<arg>address=gandhi street</arg>
<arg>zip=637503</arg>
<arg>city=salem</arg>
<arg>region=tamilnadu</arg>
<tag>Regression</tag>
<doc>This checks the Register functionality with blank fields</doc>
<status status="PASS" start="2024-07-10T11:56:09.072701" elapsed="13.788429"/>
</kw>
<kw name="Close Browser Session" owner="GenericResource" type="TEARDOWN">
<kw name="Close Browser" owner="SeleniumLibrary">
<doc>Closes the current browser.</doc>
<status status="PASS" start="2024-07-10T11:56:22.862128" elapsed="3.126692"/>
</kw>
<status status="PASS" start="2024-07-10T11:56:22.862128" elapsed="3.126692"/>
</kw>
<status status="PASS" start="2024-07-10T11:56:03.266718" elapsed="22.722102"/>
</test>
<doc>Test to Register Page</doc>
<status status="PASS" start="2024-07-10T11:56:02.150486" elapsed="23.839336"/>
</suite>
<status status="PASS" start="2024-07-10T11:56:02.130748" elapsed="23.861074"/>
</suite>
<statistics>
<total>
<stat pass="1" fail="0" skip="0">All Tests</stat>
</total>
<tag>
</tag>
<suite>
<stat pass="1" fail="0" skip="0" id="s1" name="TestCases">TestCases</stat>
<stat pass="1" fail="0" skip="0" id="s1-s1" name="test blankFieldRegister">TestCases.test blankFieldRegister</stat>
</suite>
</statistics>
<errors>
</errors>
</robot>
