==============================================================================
TestCases                                                                     
==============================================================================
TestCases.Test Advertisement :: To validate Advertisement Functionality       
==============================================================================
verify that the valid keyword is entered in the keyword field :: V... | PASS |
------------------------------------------------------------------------------
verify that the Invalid keyword is entered in the keyword field ::...   
  Traceback (most recent call last):
    ~~~~~~~~~~~~~~~~~~~~~~~~~~~~~~~~~~~~~~~~~~~~~~~~~~~~~~~~~~~~~~~~~~~~~~~~~~
    File  C:\Cyclos_project\PilotProject_Cyclos_Team1-5\TestCases\test_advertisement.robot:28
    T:  verify that the Invalid keyword is entered in the keyword field    
    ~~~~~~~~~~~~~~~~~~~~~~~~~~~~~~~~~~~~~~~~~~~~~~~~~~~~~~~~~~~~~~~~~~~~~~~~~~
    File  C:\Cyclos_project\PilotProject_Cyclos_Team1-5\TestCases\test_advertisement.robot:35
      Click on the advertisement page button    
    ~~~~~~~~~~~~~~~~~~~~~~~~~~~~~~~~~~~~~~~~~~~~~~~~~~~~~~~~~~~~~~~~~~~~~~~~~~
    File  C:\Cyclos_project\PilotProject_Cyclos_Team1-5\Resources\AdvertisementResource.robot:36
      Wait Until Element Is Visible    ${Advertisement}
      |  ${Advertisement} = xpath://div[text()='Advertisements'] (str)
______________________________________________________________________________
| FAIL |
Element 'xpath://div[text()='Advertisements']' not visible after 5 seconds.
------------------------------------------------------------------------------
Verify the advertisements functionality with dropdownlist order by...   
  Traceback (most recent call last):
    ~~~~~~~~~~~~~~~~~~~~~~~~~~~~~~~~~~~~~~~~~~~~~~~~~~~~~~~~~~~~~~~~~~~~~~~~~~
    File  C:\Cyclos_project\PilotProject_Cyclos_Team1-5\TestCases\test_advertisement.robot:42
    T:  Verify the advertisements functionality with dropdownlist order by Relevance    
    ~~~~~~~~~~~~~~~~~~~~~~~~~~~~~~~~~~~~~~~~~~~~~~~~~~~~~~~~~~~~~~~~~~~~~~~~~~
    File  C:\Cyclos_project\PilotProject_Cyclos_Team1-5\TestCases\test_advertisement.robot:45
      Go to Login Page    
    ~~~~~~~~~~~~~~~~~~~~~~~~~~~~~~~~~~~~~~~~~~~~~~~~~~~~~~~~~~~~~~~~~~~~~~~~~~
    File  C:\Cyclos_project\PilotProject_Cyclos_Team1-5\Resources\HomeResource.robot:31
      Click Element    ${login_btn}
      |  ${login_btn} = xpath:(//div[@class="ml-2"])[3] (str)
______________________________________________________________________________
| FAIL |
Element with locator 'xpath:(//div[@class="ml-2"])[3]' not found.
------------------------------------------------------------------------------
Verify the advertisements functionality with dropdownlist order by...   
  Traceback (most recent call last):
    ~~~~~~~~~~~~~~~~~~~~~~~~~~~~~~~~~~~~~~~~~~~~~~~~~~~~~~~~~~~~~~~~~~~~~~~~~~
    File  C:\Cyclos_project\PilotProject_Cyclos_Team1-5\TestCases\test_advertisement.robot:56
    T:  Verify the advertisements functionality with dropdownlist order by last published    
    ~~~~~~~~~~~~~~~~~~~~~~~~~~~~~~~~~~~~~~~~~~~~~~~~~~~~~~~~~~~~~~~~~~~~~~~~~~
    File  C:\Cyclos_project\PilotProject_Cyclos_Team1-5\TestCases\test_advertisement.robot:63
      Click on the advertisement page button    
    ~~~~~~~~~~~~~~~~~~~~~~~~~~~~~~~~~~~~~~~~~~~~~~~~~~~~~~~~~~~~~~~~~~~~~~~~~~
    File  C:\Cyclos_project\PilotProject_Cyclos_Team1-5\Resources\AdvertisementResource.robot:36
      Wait Until Element Is Visible    ${Advertisement}
      |  ${Advertisement} = xpath://div[text()='Advertisements'] (str)
______________________________________________________________________________
| FAIL |
Element 'xpath://div[text()='Advertisements']' not visible after 5 seconds.
------------------------------------------------------------------------------
Verify the advertisements functionality with dropdownlist order by...   
  Traceback (most recent call last):
    ~~~~~~~~~~~~~~~~~~~~~~~~~~~~~~~~~~~~~~~~~~~~~~~~~~~~~~~~~~~~~~~~~~~~~~~~~~
    File  C:\Cyclos_project\PilotProject_Cyclos_Team1-5\TestCases\test_advertisement.robot:71
    T:  Verify the advertisements functionality with dropdownlist order by lowest    
    ~~~~~~~~~~~~~~~~~~~~~~~~~~~~~~~~~~~~~~~~~~~~~~~~~~~~~~~~~~~~~~~~~~~~~~~~~~
    File  C:\Cyclos_project\PilotProject_Cyclos_Team1-5\TestCases\test_advertisement.robot:74
      Go to Login Page    
    ~~~~~~~~~~~~~~~~~~~~~~~~~~~~~~~~~~~~~~~~~~~~~~~~~~~~~~~~~~~~~~~~~~~~~~~~~~
    File  C:\Cyclos_project\PilotProject_Cyclos_Team1-5\Resources\HomeResource.robot:31
      Click Element    ${login_btn}
      |  ${login_btn} = xpath:(//div[@class="ml-2"])[3] (str)
______________________________________________________________________________
| FAIL |
Element with locator 'xpath:(//div[@class="ml-2"])[3]' not found.
------------------------------------------------------------------------------
Verify the advertisements functionality with dropdownlist order by...   
  Traceback (most recent call last):
    ~~~~~~~~~~~~~~~~~~~~~~~~~~~~~~~~~~~~~~~~~~~~~~~~~~~~~~~~~~~~~~~~~~~~~~~~~~
    File  C:\Cyclos_project\PilotProject_Cyclos_Team1-5\TestCases\test_advertisement.robot:86
    T:  Verify the advertisements functionality with dropdownlist order by Highest    
    ~~~~~~~~~~~~~~~~~~~~~~~~~~~~~~~~~~~~~~~~~~~~~~~~~~~~~~~~~~~~~~~~~~~~~~~~~~
    File  C:\Cyclos_project\PilotProject_Cyclos_Team1-5\TestCases\test_advertisement.robot:93
      Click on the advertisement page button    
    ~~~~~~~~~~~~~~~~~~~~~~~~~~~~~~~~~~~~~~~~~~~~~~~~~~~~~~~~~~~~~~~~~~~~~~~~~~
    File  C:\Cyclos_project\PilotProject_Cyclos_Team1-5\Resources\AdvertisementResource.robot:36
      Wait Until Element Is Visible    ${Advertisement}
      |  ${Advertisement} = xpath://div[text()='Advertisements'] (str)
______________________________________________________________________________
| FAIL |
Element 'xpath://div[text()='Advertisements']' not visible after 5 seconds.
------------------------------------------------------------------------------
verify the wishlist functionality :: To validate the wishlist func...   
  Traceback (most recent call last):
    ~~~~~~~~~~~~~~~~~~~~~~~~~~~~~~~~~~~~~~~~~~~~~~~~~~~~~~~~~~~~~~~~~~~~~~~~~~
    File  C:\Cyclos_project\PilotProject_Cyclos_Team1-5\TestCases\test_advertisement.robot:101
    T:  verify the wishlist functionality    
    ~~~~~~~~~~~~~~~~~~~~~~~~~~~~~~~~~~~~~~~~~~~~~~~~~~~~~~~~~~~~~~~~~~~~~~~~~~
    File  C:\Cyclos_project\PilotProject_Cyclos_Team1-5\TestCases\test_advertisement.robot:108
      Click on the advertisement page button    
    ~~~~~~~~~~~~~~~~~~~~~~~~~~~~~~~~~~~~~~~~~~~~~~~~~~~~~~~~~~~~~~~~~~~~~~~~~~
    File  C:\Cyclos_project\PilotProject_Cyclos_Team1-5\Resources\AdvertisementResource.robot:36
      Wait Until Element Is Visible    ${Advertisement}
      |  ${Advertisement} = xpath://div[text()='Advertisements'] (str)
______________________________________________________________________________
| FAIL |
Element 'xpath://div[text()='Advertisements']' not visible after 5 seconds.
------------------------------------------------------------------------------
TestCases.Test Advertisement :: To validate Advertisement Function... | FAIL |
7 tests, 1 passed, 6 failed
==============================================================================
TestCases                                                             | FAIL |
7 tests, 1 passed, 6 failed
==============================================================================
Output:  C:\Cyclos_project\PilotProject_Cyclos_Team1-5\TestCases\pabot_results\0\output.xml
