<?xml version="1.0" encoding="UTF-8"?>
<robot generator="Robot 7.0 (Python 3.12.2 on win32)" generated="2024-07-10T11:56:30.965539" rpa="false" schemaversion="5">
<suite id="s1" name="TestCases" source="C:\Users\ASUS\Desktop\PilotProject_Cyclos_Team1-1\TestCases">
<suite id="s1-s1" name="test blankUserReceivePay" source="C:\Users\ASUS\Desktop\PilotProject_Cyclos_Team1-1\TestCases\test_blankUserReceivePay.robot">
<test id="s1-s1-t1" name="Validate Receive payment with empty user data" line="20">
<kw name="Open the Browser with URL" owner="GenericResource" type="SETUP">
<kw name="Create Webdriver" owner="SeleniumLibrary">
<msg time="2024-07-10T11:56:32.462859" level="INFO">Creating an instance of the Chrome WebDriver.</msg>
<arg>${brower_name}</arg>
<doc>Creates an instance of Selenium WebDriver.</doc>
<status status="PASS" start="2024-07-10T11:56:32.462859" elapsed="2.761299"/>
</kw>
<kw name="Go To" owner="SeleniumLibrary">
<msg time="2024-07-10T11:56:35.225159" level="INFO">Opening url 'https://demo.cyclos.org/ui/home'</msg>
<arg>${url}</arg>
<doc>Navigates the current browser window to the provided ``url``.</doc>
<status status="PASS" start="2024-07-10T11:56:35.225159" elapsed="3.674769"/>
</kw>
<kw name="Maximize Browser Window" owner="SeleniumLibrary">
<doc>Maximizes current browser window.</doc>
<status status="PASS" start="2024-07-10T11:56:38.901288" elapsed="0.606959"/>
</kw>
<kw name="Set Selenium Implicit Wait" owner="SeleniumLibrary">
<arg>5</arg>
<doc>Sets the implicit wait value used by Selenium.</doc>
<status status="PASS" start="2024-07-10T11:56:39.509250" elapsed="0.002000"/>
</kw>
<status status="PASS" start="2024-07-10T11:56:32.460859" elapsed="7.050391"/>
</kw>
<kw name="Validate the Receive payment functionality with empty user data">
<kw name="Go to Login Page" owner="HomeResource">
<kw name="Sleep" owner="BuiltIn">
<msg time="2024-07-10T11:56:44.513463" level="INFO">Slept 5 seconds.</msg>
<arg>5s</arg>
<doc>Pauses the test executed for the given time.</doc>
<status status="PASS" start="2024-07-10T11:56:39.512250" elapsed="5.001554"/>
</kw>
<kw name="Click Element" owner="SeleniumLibrary">
<msg time="2024-07-10T11:56:44.515804" level="INFO">Clicking element 'xpath:(//div[@class="ml-2"])[3]'.</msg>
<arg>${login_btn}</arg>
<doc>Click the element identified by ``locator``.</doc>
<status status="PASS" start="2024-07-10T11:56:44.513804" elapsed="0.637262"/>
</kw>
<status status="PASS" start="2024-07-10T11:56:39.512250" elapsed="5.638816"/>
</kw>
<kw name="Fill the login form" owner="LoginResource">
<kw name="Input Text" owner="SeleniumLibrary">
<msg time="2024-07-10T11:56:45.155086" level="INFO">Typing text 'demo' into text field 'css:input[placeholder="User"]'.</msg>
<arg>${username}</arg>
<arg>${user}</arg>
<doc>Types the given ``text`` into the text field identified by ``locator``.</doc>
<status status="PASS" start="2024-07-10T11:56:45.153066" elapsed="0.686327"/>
</kw>
<kw name="Input Password" owner="SeleniumLibrary">
<msg time="2024-07-10T11:56:45.840400" level="INFO">Typing password into text field 'css:input[placeholder="Password"]'.</msg>
<msg time="2024-07-10T11:56:47.134328" level="INFO">Temporally setting log level to: NONE</msg>
<arg>${password}</arg>
<arg>${pass}</arg>
<doc>Types the given password into the text field identified by ``locator``.</doc>
<status status="PASS" start="2024-07-10T11:56:45.839393" elapsed="2.494520"/>
</kw>
<arg>demo</arg>
<arg>1234</arg>
<status status="PASS" start="2024-07-10T11:56:45.152066" elapsed="3.181847"/>
</kw>
<kw name="click the login button" owner="LoginResource">
<kw name="Click Button" owner="SeleniumLibrary">
<msg time="2024-07-10T11:56:48.335913" level="INFO">Clicking button 'xpath://button[@class="btn d-flex justify-content-center align-items-center w-100 h-100 btn-primary btn-action-primary"]'.</msg>
<arg>${submit_btn}</arg>
<doc>Clicks the button identified by ``locator``.</doc>
<status status="PASS" start="2024-07-10T11:56:48.334913" elapsed="0.448299"/>
</kw>
<status status="PASS" start="2024-07-10T11:56:48.334913" elapsed="0.449299"/>
</kw>
<kw name="Verify the Banking page is displayed" owner="HomeResource">
<kw name="Element Text Should Be" owner="SeleniumLibrary">
<msg time="2024-07-10T11:56:48.786213" level="INFO">Verifying element 'xpath://div[text()='Banking']' contains exact text 'Banking'.</msg>
<arg>${Banking_page_verify}</arg>
<arg>${Banking_page_keyword}</arg>
<doc>Verifies that element ``locator`` contains exact the text ``expected``.</doc>
<status status="PASS" start="2024-07-10T11:56:48.785212" elapsed="2.471598"/>
</kw>
<status status="PASS" start="2024-07-10T11:56:48.784212" elapsed="2.473605"/>
</kw>
<kw name="Verify the Receive payment page" owner="ReceivePaymentResouce">
<kw name="Wait Until Element Is Visible" owner="SeleniumLibrary">
<msg time="2024-07-10T11:56:56.873607" level="INFO" html="true">&lt;/td&gt;&lt;/tr&gt;&lt;tr&gt;&lt;td colspan="3"&gt;&lt;a href="selenium-screenshot-1.png"&gt;&lt;img src="selenium-screenshot-1.png" width="800px"&gt;&lt;/a&gt;</msg>
<msg time="2024-07-10T11:56:56.873607" level="FAIL">Element 'xpath:(//nav[@class='navbar d-flex flex-column align-items-stretch']//a/div)[4]' not visible after 5 seconds.</msg>
<arg>${receive_payment}</arg>
<doc>Waits until the element ``locator`` is visible.</doc>
<status status="FAIL" start="2024-07-10T11:56:51.258813" elapsed="5.619010">Element 'xpath:(//nav[@class='navbar d-flex flex-column align-items-stretch']//a/div)[4]' not visible after 5 seconds.</status>
</kw>
<kw name="Click Element" owner="SeleniumLibrary">
<arg>${receive_payment}</arg>
<doc>Click the element identified by ``locator``.</doc>
<status status="NOT RUN" start="2024-07-10T11:56:56.878826" elapsed="0.000000"/>
</kw>
<kw name="Element Text Should Be" owner="SeleniumLibrary">
<arg>${rec_pay_verify}</arg>
<arg>${rec_pay_verify_keyword}</arg>
<doc>Verifies that element ``locator`` contains exact the text ``expected``.</doc>
<status status="NOT RUN" start="2024-07-10T11:56:56.879825" elapsed="0.000000"/>
</kw>
<status status="FAIL" start="2024-07-10T11:56:51.257817" elapsed="5.622008">Element 'xpath:(//nav[@class='navbar d-flex flex-column align-items-stretch']//a/div)[4]' not visible after 5 seconds.</status>
</kw>
<kw name="Fill the receive payment form with data" owner="ReceivePaymentResouce">
<arg>${blank_user}</arg>
<arg>${amount}</arg>
<status status="NOT RUN" start="2024-07-10T11:56:56.881000" elapsed="0.000000"/>
</kw>
<kw name="Click the next button" owner="ReceivePaymentResouce">
<status status="NOT RUN" start="2024-07-10T11:56:56.881000" elapsed="0.000000"/>
</kw>
<kw name="verify user error message is displayed" owner="ReceivePaymentResouce">
<status status="NOT RUN" start="2024-07-10T11:56:56.881000" elapsed="0.000000"/>
</kw>
<arg>blank_user= </arg>
<arg>amount=100</arg>
<tag>invalid_Receive_payment</tag>
<doc>This checks the Receive payment functionality with empty user data</doc>
<status status="FAIL" start="2024-07-10T11:56:39.511250" elapsed="17.370755">Element 'xpath:(//nav[@class='navbar d-flex flex-column align-items-stretch']//a/div)[4]' not visible after 5 seconds.</status>
</kw>
<kw name="Close Browser Session" owner="GenericResource" type="TEARDOWN">
<kw name="Close Browser" owner="SeleniumLibrary">
<doc>Closes the current browser.</doc>
<status status="PASS" start="2024-07-10T11:56:56.883239" elapsed="6.251326"/>
</kw>
<status status="PASS" start="2024-07-10T11:56:56.882005" elapsed="6.252560"/>
</kw>
<tag>smoke</tag>
<status status="FAIL" start="2024-07-10T11:56:32.457090" elapsed="30.677475">Element 'xpath:(//nav[@class='navbar d-flex flex-column align-items-stretch']//a/div)[4]' not visible after 5 seconds.</status>
</test>
<doc>This checks the Receive payment functionality</doc>
<status status="FAIL" start="2024-07-10T11:56:30.996607" elapsed="32.139885"/>
</suite>
<status status="FAIL" start="2024-07-10T11:56:30.982583" elapsed="32.155261"/>
</suite>
<statistics>
<total>
<stat pass="0" fail="1" skip="0">All Tests</stat>
</total>
<tag>
<stat pass="0" fail="1" skip="0">smoke</stat>
</tag>
<suite>
<stat pass="0" fail="1" skip="0" id="s1" name="TestCases">TestCases</stat>
<stat pass="0" fail="1" skip="0" id="s1-s1" name="test blankUserReceivePay">TestCases.test blankUserReceivePay</stat>
</suite>
</statistics>
<errors>
</errors>
</robot>
