<?xml version="1.0" encoding="UTF-8"?>
<robot generator="Robot 7.0 (Python 3.12.2 on win32)" generated="2024-07-16T15:09:45.688089" rpa="false" schemaversion="5">
<suite id="s1" name="TestCases" source="C:\Users\ASUS\Desktop\PilotProject_Cyclos_Team1-1\TestCases">
<suite id="s1-s1" name="test Blankfields" source="C:\Users\ASUS\Desktop\PilotProject_Cyclos_Team1-1\TestCases\test_Blankfields.robot">
<test id="s1-s1-t1" name="To validate payment to user functionality with blank fields" line="15">
<kw name="Open the Browser with URL" owner="GenericResource" type="SETUP">
<kw name="Create Webdriver" owner="SeleniumLibrary">
<msg time="2024-07-16T15:09:46.126951" level="INFO">Creating an instance of the Chrome WebDriver.</msg>
<arg>${brower_name}</arg>
<doc>Creates an instance of Selenium WebDriver.</doc>
<status status="PASS" start="2024-07-16T15:09:46.126951" elapsed="3.039992"/>
</kw>
<kw name="Go To" owner="SeleniumLibrary">
<msg time="2024-07-16T15:09:49.169050" level="INFO">Opening url 'https://demo.cyclos.org/ui/home'</msg>
<arg>${url}</arg>
<doc>Navigates the current browser window to the provided ``url``.</doc>
<status status="PASS" start="2024-07-16T15:09:49.166943" elapsed="0.962671"/>
</kw>
<kw name="Maximize Browser Window" owner="SeleniumLibrary">
<doc>Maximizes current browser window.</doc>
<status status="PASS" start="2024-07-16T15:09:50.129614" elapsed="1.784855"/>
</kw>
<kw name="Set Selenium Implicit Wait" owner="SeleniumLibrary">
<arg>5</arg>
<doc>Sets the implicit wait value used by Selenium.</doc>
<status status="PASS" start="2024-07-16T15:09:51.914469" elapsed="0.040449"/>
</kw>
<status status="PASS" start="2024-07-16T15:09:46.124951" elapsed="5.829967"/>
</kw>
<kw name="Go to Login Page" owner="HomeResource">
<kw name="Wait Until Element Is Visible" owner="SeleniumLibrary">
<arg>${login_btn}</arg>
<doc>Waits until the element ``locator`` is visible.</doc>
<status status="PASS" start="2024-07-16T15:09:51.956921" elapsed="2.386806"/>
</kw>
<kw name="Click Element" owner="SeleniumLibrary">
<msg time="2024-07-16T15:09:54.344727" level="INFO">Clicking element 'xpath:(//div[@class="ml-2"])[3]'.</msg>
<arg>${login_btn}</arg>
<doc>Click the element identified by ``locator``.</doc>
<status status="PASS" start="2024-07-16T15:09:54.344727" elapsed="0.775628"/>
</kw>
<status status="PASS" start="2024-07-16T15:09:51.955919" elapsed="3.164436"/>
</kw>
<kw name="Fill the login form" owner="LoginResource">
<kw name="Input Text" owner="SeleniumLibrary">
<msg time="2024-07-16T15:09:55.123356" level="INFO">Typing text 'Sanjay_stark' into text field 'css:input[placeholder="User"]'.</msg>
<arg>${username}</arg>
<arg>${user}</arg>
<doc>Types the given ``text`` into the text field identified by ``locator``.</doc>
<status status="PASS" start="2024-07-16T15:09:55.122356" elapsed="1.024892"/>
</kw>
<kw name="Input Password" owner="SeleniumLibrary">
<msg time="2024-07-16T15:09:56.149247" level="INFO">Typing password into text field 'css:input[placeholder="Password"]'.</msg>
<msg time="2024-07-16T15:09:56.235535" level="INFO">Temporally setting log level to: NONE</msg>
<arg>${password}</arg>
<arg>${pass}</arg>
<doc>Types the given password into the text field identified by ``locator``.</doc>
<status status="PASS" start="2024-07-16T15:09:56.148248" elapsed="0.405720"/>
</kw>
<arg>Sanjay_stark</arg>
<arg>Sanjay</arg>
<status status="PASS" start="2024-07-16T15:09:55.121355" elapsed="1.432613"/>
</kw>
<kw name="click the login button" owner="LoginResource">
<kw name="Click Button" owner="SeleniumLibrary">
<msg time="2024-07-16T15:09:56.555968" level="INFO">Clicking button 'xpath://button[@class="btn d-flex justify-content-center align-items-center w-100 h-100 btn-primary btn-action-primary"]'.</msg>
<arg>${submit_btn}</arg>
<doc>Clicks the button identified by ``locator``.</doc>
<status status="PASS" start="2024-07-16T15:09:56.554968" elapsed="0.434277"/>
</kw>
<status status="PASS" start="2024-07-16T15:09:56.553968" elapsed="0.435277"/>
</kw>
<kw name="Click on the Banking button" owner="HomeResource">
<kw name="Wait Until Element Is Visible" owner="SeleniumLibrary">
<arg>${Banking}</arg>
<doc>Waits until the element ``locator`` is visible.</doc>
<status status="PASS" start="2024-07-16T15:09:56.990245" elapsed="0.826382"/>
</kw>
<kw name="Click Element" owner="SeleniumLibrary">
<msg time="2024-07-16T15:09:57.817628" level="INFO">Clicking element 'xpath://div[text()='Banking']'.</msg>
<arg>${Banking}</arg>
<doc>Click the element identified by ``locator``.</doc>
<status status="PASS" start="2024-07-16T15:09:57.817628" elapsed="0.154876"/>
</kw>
<status status="PASS" start="2024-07-16T15:09:56.989245" elapsed="0.983259"/>
</kw>
<kw name="verify the Banking page open" owner="PaymentUser">
<kw name="Wait Until Element Is Visible" owner="SeleniumLibrary">
<arg>${Banking_title}</arg>
<doc>Waits until the element ``locator`` is visible.</doc>
<status status="PASS" start="2024-07-16T15:09:57.973503" elapsed="1.059697"/>
</kw>
<kw name="Element Text Should Be" owner="SeleniumLibrary">
<msg time="2024-07-16T15:09:59.035200" level="INFO">Verifying element 'xpath://div[@class="side-menu-header"]//following-sibling::div' contains exact text 'Banking'.</msg>
<arg>${Banking_title}</arg>
<arg>Banking</arg>
<doc>Verifies that element ``locator`` contains exact the text ``expected``.</doc>
<status status="PASS" start="2024-07-16T15:09:59.034200" elapsed="0.336938"/>
</kw>
<status status="PASS" start="2024-07-16T15:09:57.973503" elapsed="1.398638"/>
</kw>
<kw name="Select the option payment to user" owner="PaymentUser">
<kw name="Wait Until Element Is Visible" owner="SeleniumLibrary">
<arg>${select_payment_to_user}</arg>
<doc>Waits until the element ``locator`` is visible.</doc>
<status status="PASS" start="2024-07-16T15:09:59.373169" elapsed="0.207284"/>
</kw>
<kw name="Click Element" owner="SeleniumLibrary">
<msg time="2024-07-16T15:09:59.581453" level="INFO">Clicking element 'xpath://div[text()="Payment to user"]'.</msg>
<arg>${select_payment_to_user}</arg>
<doc>Click the element identified by ``locator``.</doc>
<status status="PASS" start="2024-07-16T15:09:59.581453" elapsed="0.304083"/>
</kw>
<status status="PASS" start="2024-07-16T15:09:59.372141" elapsed="0.513395"/>
</kw>
<kw name="verify the payment to user page open" owner="PaymentUser">
<kw name="Element Text Should Be" owner="SeleniumLibrary">
<msg time="2024-07-16T15:09:59.886536" level="INFO">Verifying element 'xpath://div[@class="content-title d-flex"]//div' contains exact text 'Payment to user'.</msg>
<arg>${payment_user_title}</arg>
<arg>Payment to user</arg>
<doc>Verifies that element ``locator`` contains exact the text ``expected``.</doc>
<status status="PASS" start="2024-07-16T15:09:59.886536" elapsed="0.516554"/>
</kw>
<status status="PASS" start="2024-07-16T15:09:59.885536" elapsed="0.518555"/>
</kw>
<kw name="Click the next Button in payment page" owner="PaymentUser">
<kw name="Wait Until Element Is Visible" owner="SeleniumLibrary">
<arg>${next}</arg>
<doc>Waits until the element ``locator`` is visible.</doc>
<status status="PASS" start="2024-07-16T15:10:00.405090" elapsed="0.178170"/>
</kw>
<kw name="Click Element" owner="SeleniumLibrary">
<msg time="2024-07-16T15:10:00.584276" level="INFO">Clicking element 'xpath://action-button[@class="d-inline-block button"]/button'.</msg>
<arg>${next}</arg>
<doc>Click the element identified by ``locator``.</doc>
<status status="PASS" start="2024-07-16T15:10:00.583260" elapsed="0.132591"/>
</kw>
<status status="PASS" start="2024-07-16T15:10:00.404091" elapsed="0.312764"/>
</kw>
<kw name="verify the error message for user to field is given blank" owner="PaymentUser">
<try>
<branch type="TRY">
<kw name="Wait Until Element Is Visible" owner="SeleniumLibrary">
<arg>${to_user_error_msg}</arg>
<doc>Waits until the element ``locator`` is visible.</doc>
<status status="PASS" start="2024-07-16T15:10:00.718855" elapsed="0.053495"/>
</kw>
<kw name="Element Text Should Be" owner="SeleniumLibrary">
<msg time="2024-07-16T15:10:00.773353" level="INFO">Verifying element 'xpath:(//field-errors)[1]//div' contains exact text 'This field is required'.</msg>
<arg>${to_user_error_msg}</arg>
<arg>This field is required</arg>
<doc>Verifies that element ``locator`` contains exact the text ``expected``.</doc>
<status status="PASS" start="2024-07-16T15:10:00.772350" elapsed="0.028604"/>
</kw>
<status status="PASS" start="2024-07-16T15:10:00.718855" elapsed="0.082099"/>
</branch>
<branch type="EXCEPT">
<kw name="Log" owner="BuiltIn">
<arg>intentional failure.</arg>
<doc>Logs the given message with the given level.</doc>
<status status="NOT RUN" start="2024-07-16T15:10:00.801960" elapsed="0.000000"/>
</kw>
<status status="NOT RUN" start="2024-07-16T15:10:00.800954" elapsed="0.001006"/>
</branch>
<status status="PASS" start="2024-07-16T15:10:00.717855" elapsed="0.084105"/>
</try>
<status status="PASS" start="2024-07-16T15:10:00.717855" elapsed="0.084105"/>
</kw>
<kw name="verify the error message for amount field is given blank" owner="PaymentUser">
<kw name="Wait Until Element Is Visible" owner="SeleniumLibrary">
<arg>${amount_error_msg}</arg>
<doc>Waits until the element ``locator`` is visible.</doc>
<status status="PASS" start="2024-07-16T15:10:00.802958" elapsed="0.039852"/>
</kw>
<kw name="Element Text Should Be" owner="SeleniumLibrary">
<msg time="2024-07-16T15:10:00.842810" level="INFO">Verifying element 'xpath:(//field-errors)[2]//div' contains exact text 'This field is required'.</msg>
<arg>${amount_error_msg}</arg>
<arg>This field is required</arg>
<doc>Verifies that element ``locator`` contains exact the text ``expected``.</doc>
<status status="PASS" start="2024-07-16T15:10:00.842810" elapsed="0.028013"/>
</kw>
<status status="PASS" start="2024-07-16T15:10:00.802958" elapsed="0.067865"/>
</kw>
<kw name="Close Browser Session" owner="GenericResource" type="TEARDOWN">
<kw name="Close Browser" owner="SeleniumLibrary">
<doc>Closes the current browser.</doc>
<status status="PASS" start="2024-07-16T15:10:00.872329" elapsed="7.990918"/>
</kw>
<status status="PASS" start="2024-07-16T15:10:00.870823" elapsed="7.992424"/>
</kw>
<doc>To validate payment with all the fields are gievn blank</doc>
<tag>Smoke</tag>
<status status="PASS" start="2024-07-16T15:09:46.123951" elapsed="22.739296"/>
</test>
<doc>To validate Banking - payment to user Functionality</doc>
<status status="PASS" start="2024-07-16T15:09:45.735916" elapsed="23.128330"/>
</suite>
<status status="PASS" start="2024-07-16T15:09:45.711229" elapsed="23.164982"/>
</suite>
<statistics>
<total>
<stat pass="1" fail="0" skip="0">All Tests</stat>
</total>
<tag>
<stat pass="1" fail="0" skip="0">Smoke</stat>
</tag>
<suite>
<stat pass="1" fail="0" skip="0" id="s1" name="TestCases">TestCases</stat>
<stat pass="1" fail="0" skip="0" id="s1-s1" name="test Blankfields">TestCases.test Blankfields</stat>
</suite>
</statistics>
<errors>
</errors>
</robot>
