<?xml version="1.0" encoding="UTF-8"?>
<robot generator="Robot 7.0 (Python 3.12.2 on win32)" generated="2024-07-10T11:52:28.849227" rpa="false" schemaversion="5">
<suite id="s1" name="TestCases" source="C:\Users\ASUS\Desktop\PilotProject_Cyclos_Team1-1\TestCases">
<suite id="s1-s1" name="Test Pay User Invalid" source="C:\Users\ASUS\Desktop\PilotProject_Cyclos_Team1-1\TestCases\test_pay_user_invalid.robot">
<test id="s1-s1-t1" name="To validate payment" line="17">
<kw name="Open the Browser with URL" owner="GenericResource" type="SETUP">
<kw name="Create Webdriver" owner="SeleniumLibrary">
<msg time="2024-07-10T11:52:33.384565" level="INFO">Creating an instance of the Chrome WebDriver.</msg>
<arg>${brower_name}</arg>
<doc>Creates an instance of Selenium WebDriver.</doc>
<status status="PASS" start="2024-07-10T11:52:33.384565" elapsed="3.733602"/>
</kw>
<kw name="Go To" owner="SeleniumLibrary">
<msg time="2024-07-10T11:52:37.119458" level="INFO">Opening url 'https://demo.cyclos.org/ui/home'</msg>
<arg>${url}</arg>
<doc>Navigates the current browser window to the provided ``url``.</doc>
<status status="PASS" start="2024-07-10T11:52:37.119458" elapsed="3.645068"/>
</kw>
<kw name="Maximize Browser Window" owner="SeleniumLibrary">
<doc>Maximizes current browser window.</doc>
<status status="PASS" start="2024-07-10T11:52:40.764526" elapsed="0.222909"/>
</kw>
<kw name="Set Selenium Implicit Wait" owner="SeleniumLibrary">
<arg>5</arg>
<doc>Sets the implicit wait value used by Selenium.</doc>
<status status="PASS" start="2024-07-10T11:52:40.987435" elapsed="0.009003"/>
</kw>
<status status="PASS" start="2024-07-10T11:52:33.383562" elapsed="7.612876"/>
</kw>
<kw name="To validate payment to user functionality with invalid amount">
<kw name="Go to Login Page" owner="HomeResource">
<kw name="Sleep" owner="BuiltIn">
<msg time="2024-07-10T11:52:46.005916" level="INFO">Slept 5 seconds.</msg>
<arg>5s</arg>
<doc>Pauses the test executed for the given time.</doc>
<status status="PASS" start="2024-07-10T11:52:41.001434" elapsed="5.005538"/>
</kw>
<kw name="Click Element" owner="SeleniumLibrary">
<msg time="2024-07-10T11:52:46.008978" level="INFO">Clicking element 'xpath:(//div[@class="ml-2"])[3]'.</msg>
<arg>${login_btn}</arg>
<doc>Click the element identified by ``locator``.</doc>
<status status="PASS" start="2024-07-10T11:52:46.007977" elapsed="0.208912"/>
</kw>
<status status="PASS" start="2024-07-10T11:52:41.000434" elapsed="5.216455"/>
</kw>
<kw name="Fill the login form" owner="LoginResource">
<kw name="Input Text" owner="SeleniumLibrary">
<msg time="2024-07-10T11:52:46.218890" level="INFO">Typing text 'Sanjay_stark' into text field 'css:input[placeholder="User"]'.</msg>
<arg>${username}</arg>
<arg>${user}</arg>
<doc>Types the given ``text`` into the text field identified by ``locator``.</doc>
<status status="PASS" start="2024-07-10T11:52:46.217889" elapsed="0.301114"/>
</kw>
<kw name="Input Password" owner="SeleniumLibrary">
<msg time="2024-07-10T11:52:46.520257" level="INFO">Typing password into text field 'css:input[placeholder="Password"]'.</msg>
<msg time="2024-07-10T11:52:46.565375" level="INFO">Temporally setting log level to: NONE</msg>
<arg>${password}</arg>
<arg>${pass}</arg>
<doc>Types the given password into the text field identified by ``locator``.</doc>
<status status="PASS" start="2024-07-10T11:52:46.520257" elapsed="0.107403"/>
</kw>
<arg>Sanjay_stark</arg>
<arg>Sanjay</arg>
<status status="PASS" start="2024-07-10T11:52:46.216889" elapsed="0.410771"/>
</kw>
<kw name="click the login button" owner="LoginResource">
<kw name="Click Button" owner="SeleniumLibrary">
<msg time="2024-07-10T11:52:46.630371" level="INFO">Clicking button 'xpath://button[@class="btn d-flex justify-content-center align-items-center w-100 h-100 btn-primary btn-action-primary"]'.</msg>
<arg>${submit_btn}</arg>
<doc>Clicks the button identified by ``locator``.</doc>
<status status="PASS" start="2024-07-10T11:52:46.630371" elapsed="0.168812"/>
</kw>
<status status="PASS" start="2024-07-10T11:52:46.628779" elapsed="0.171411"/>
</kw>
<kw name="Click on the Banking button" owner="HomeResource">
<kw name="Wait Until Element Is Visible" owner="SeleniumLibrary">
<arg>${Banking}</arg>
<doc>Waits until the element ``locator`` is visible.</doc>
<status status="PASS" start="2024-07-10T11:52:46.803325" elapsed="0.971485"/>
</kw>
<kw name="Click Element" owner="SeleniumLibrary">
<msg time="2024-07-10T11:52:47.774810" level="INFO">Clicking element 'xpath://div[text()='Banking']'.</msg>
<arg>${Banking}</arg>
<doc>Click the element identified by ``locator``.</doc>
<status status="PASS" start="2024-07-10T11:52:47.774810" elapsed="0.072472"/>
</kw>
<status status="PASS" start="2024-07-10T11:52:46.802688" elapsed="1.044594"/>
</kw>
<kw name="verify the Banking page open" owner="PaymentUser">
<kw name="Wait Until Element Is Visible" owner="SeleniumLibrary">
<arg>${Banking_title}</arg>
<doc>Waits until the element ``locator`` is visible.</doc>
<status status="PASS" start="2024-07-10T11:52:47.848289" elapsed="2.900398"/>
</kw>
<kw name="Element Text Should Be" owner="SeleniumLibrary">
<msg time="2024-07-10T11:52:50.749688" level="INFO">Verifying element 'xpath://div[@class="side-menu-header"]//following-sibling::div' contains exact text 'Banking'.</msg>
<arg>${Banking_title}</arg>
<arg>Banking</arg>
<doc>Verifies that element ``locator`` contains exact the text ``expected``.</doc>
<status status="PASS" start="2024-07-10T11:52:50.748687" elapsed="0.024062"/>
</kw>
<status status="PASS" start="2024-07-10T11:52:47.847282" elapsed="2.926467"/>
</kw>
<kw name="Select the option payment to user" owner="PaymentUser">
<kw name="Wait Until Element Is Visible" owner="SeleniumLibrary">
<arg>${select_payment_to_user}</arg>
<doc>Waits until the element ``locator`` is visible.</doc>
<status status="PASS" start="2024-07-10T11:52:50.773749" elapsed="0.019000"/>
</kw>
<kw name="Click Element" owner="SeleniumLibrary">
<msg time="2024-07-10T11:52:50.792749" level="INFO">Clicking element 'xpath://div[text()="Payment to user"]'.</msg>
<arg>${select_payment_to_user}</arg>
<doc>Click the element identified by ``locator``.</doc>
<status status="PASS" start="2024-07-10T11:52:50.792749" elapsed="0.082512"/>
</kw>
<status status="PASS" start="2024-07-10T11:52:50.773749" elapsed="0.101512"/>
</kw>
<kw name="verify the payment to user page open" owner="PaymentUser">
<kw name="Element Text Should Be" owner="SeleniumLibrary">
<msg time="2024-07-10T11:52:50.876261" level="INFO">Verifying element 'xpath://div[@class="content-title d-flex"]//div' contains exact text 'Payment to user'.</msg>
<arg>${payment_user_title}</arg>
<arg>Payment to user</arg>
<doc>Verifies that element ``locator`` contains exact the text ``expected``.</doc>
<status status="PASS" start="2024-07-10T11:52:50.876261" elapsed="0.769158"/>
</kw>
<status status="PASS" start="2024-07-10T11:52:50.875261" elapsed="0.770158"/>
</kw>
<kw name="Enter the username in the to user field" owner="PaymentUser">
<kw name="Input Text" owner="SeleniumLibrary">
<msg time="2024-07-10T11:52:51.649420" level="INFO">Typing text 'Dinesh dk' into text field 'xpath://input[@placeholder="Type to search"]'.</msg>
<arg>${to_User}</arg>
<arg>${user_name}</arg>
<doc>Types the given ``text`` into the text field identified by ``locator``.</doc>
<status status="PASS" start="2024-07-10T11:52:51.649420" elapsed="0.708864"/>
</kw>
<arg>${user_name}</arg>
<status status="PASS" start="2024-07-10T11:52:51.645419" elapsed="0.712865"/>
</kw>
<kw name="Select the user" owner="PaymentUser">
<kw name="Click Element" owner="SeleniumLibrary">
<msg time="2024-07-10T11:52:52.359288" level="INFO">Clicking element 'xpath://div[@class="dropdown-menu show"]//a[1]'.</msg>
<arg>${select_user}</arg>
<doc>Click the element identified by ``locator``.</doc>
<status status="PASS" start="2024-07-10T11:52:52.359288" elapsed="1.179589"/>
</kw>
<status status="PASS" start="2024-07-10T11:52:52.358284" elapsed="1.180593"/>
</kw>
<kw name="Enter the valid amount in the amount field" owner="PaymentUser">
<kw name="Input Text" owner="SeleniumLibrary">
<msg time="2024-07-10T11:52:53.540885" level="INFO">Typing text '501' into text field 'xpath://div[@class="input-group"]//input'.</msg>
<arg>${amount}</arg>
<arg>${amount_data}</arg>
<doc>Types the given ``text`` into the text field identified by ``locator``.</doc>
<status status="PASS" start="2024-07-10T11:52:53.540885" elapsed="0.134230"/>
</kw>
<arg>${exceeded_amount_data}</arg>
<status status="PASS" start="2024-07-10T11:52:53.539885" elapsed="0.135230"/>
</kw>
<kw name="Sleep" owner="BuiltIn">
<msg time="2024-07-10T11:52:58.676558" level="INFO">Slept 5 seconds.</msg>
<arg>5</arg>
<doc>Pauses the test executed for the given time.</doc>
<status status="PASS" start="2024-07-10T11:52:53.675115" elapsed="5.001443"/>
</kw>
<kw name="Click the next Button in payment page" owner="PaymentUser">
<kw name="Wait Until Element Is Visible" owner="SeleniumLibrary">
<arg>${next}</arg>
<doc>Waits until the element ``locator`` is visible.</doc>
<status status="PASS" start="2024-07-10T11:52:58.676558" elapsed="0.017936"/>
</kw>
<kw name="Click Element" owner="SeleniumLibrary">
<msg time="2024-07-10T11:52:58.694494" level="INFO">Clicking element 'xpath://action-button[@class="d-inline-block button"]/button'.</msg>
<arg>${next}</arg>
<doc>Click the element identified by ``locator``.</doc>
<status status="PASS" start="2024-07-10T11:52:58.694494" elapsed="0.038375"/>
</kw>
<status status="PASS" start="2024-07-10T11:52:58.676558" elapsed="0.056311"/>
</kw>
<kw name="verify exceeded amount is entered" owner="PaymentUser">
<kw name="Wait Until Element Is Visible" owner="SeleniumLibrary">
<arg>${invalid_amount_error_msg}</arg>
<doc>Waits until the element ``locator`` is visible.</doc>
<status status="PASS" start="2024-07-10T11:52:58.733974" elapsed="1.082860"/>
</kw>
<kw name="Element Text Should Be" owner="SeleniumLibrary">
<msg time="2024-07-10T11:52:59.817839" level="INFO">Verifying element 'xpath://div[@class='invalid-feedback']' contains exact text 'Amount must be less or equal to 500,00 IU's.'.</msg>
<arg>${invalid_amount_error_msg}</arg>
<arg>Amount must be less or equal to 500,00 IU's.</arg>
<doc>Verifies that element ``locator`` contains exact the text ``expected``.</doc>
<status status="PASS" start="2024-07-10T11:52:59.817839" elapsed="0.014053"/>
</kw>
<status status="PASS" start="2024-07-10T11:52:58.732869" elapsed="1.099023"/>
</kw>
<arg>user_name=Dinesh dk</arg>
<arg>exceeded_amount_data=501</arg>
<tag>Smoke</tag>
<doc>To validate the Exceeded amount is entered</doc>
<status status="PASS" start="2024-07-10T11:52:40.999434" elapsed="18.832458"/>
</kw>
<kw name="Close Browser Session" owner="GenericResource" type="TEARDOWN">
<kw name="Close Browser" owner="SeleniumLibrary">
<doc>Closes the current browser.</doc>
<status status="PASS" start="2024-07-10T11:52:59.832896" elapsed="2.310169"/>
</kw>
<status status="PASS" start="2024-07-10T11:52:59.831892" elapsed="2.311173"/>
</kw>
<status status="PASS" start="2024-07-10T11:52:33.379180" elapsed="28.763885"/>
</test>
<doc>To validate Banking - payment to user Functionality</doc>
<status status="PASS" start="2024-07-10T11:52:28.884908" elapsed="33.259160"/>
</suite>
<status status="PASS" start="2024-07-10T11:52:28.865462" elapsed="33.289006"/>
</suite>
<statistics>
<total>
<stat pass="1" fail="0" skip="0">All Tests</stat>
</total>
<tag>
</tag>
<suite>
<stat pass="1" fail="0" skip="0" id="s1" name="TestCases">TestCases</stat>
<stat pass="1" fail="0" skip="0" id="s1-s1" name="Test Pay User Invalid">TestCases.Test Pay User Invalid</stat>
</suite>
</statistics>
<errors>
</errors>
</robot>
