<?xml version="1.0" encoding="UTF-8"?>
<robot generator="Robot 7.0 (Python 3.12.2 on win32)" generated="2024-07-16T15:57:34.856240" rpa="false" schemaversion="5">
<suite id="s1" name="TestCases" source="C:\Users\ASUS\Desktop\PilotProject_Cyclos_Team1-1\TestCases">
<suite id="s1-s1" name="Test Register" source="C:\Users\ASUS\Desktop\PilotProject_Cyclos_Team1-1\TestCases\test_register.robot">
<test id="s1-s1-t1" name="valid register Test case" line="13">
<kw name="Open the Browser with URL" owner="GenericResource" type="SETUP">
<kw name="Create Webdriver" owner="SeleniumLibrary">
<msg time="2024-07-16T15:57:37.939640" level="INFO">Creating an instance of the Chrome WebDriver.</msg>
<arg>${brower_name}</arg>
<doc>Creates an instance of Selenium WebDriver.</doc>
<status status="PASS" start="2024-07-16T15:57:37.939640" elapsed="2.045181"/>
</kw>
<kw name="Go To" owner="SeleniumLibrary">
<msg time="2024-07-16T15:57:39.985822" level="INFO">Opening url 'https://demo.cyclos.org/ui/home'</msg>
<arg>${url}</arg>
<doc>Navigates the current browser window to the provided ``url``.</doc>
<status status="PASS" start="2024-07-16T15:57:39.984821" elapsed="4.345156"/>
</kw>
<kw name="Maximize Browser Window" owner="SeleniumLibrary">
<doc>Maximizes current browser window.</doc>
<status status="PASS" start="2024-07-16T15:57:44.329977" elapsed="0.130895"/>
</kw>
<kw name="Set Selenium Implicit Wait" owner="SeleniumLibrary">
<arg>5</arg>
<doc>Sets the implicit wait value used by Selenium.</doc>
<status status="PASS" start="2024-07-16T15:57:44.461872" elapsed="0.001507"/>
</kw>
<status status="PASS" start="2024-07-16T15:57:37.938299" elapsed="6.525080"/>
</kw>
<kw name="Valid register with all the fields">
<kw name="Go to Register Page" owner="HomeResource">
<kw name="Wait Until Element Is Visible" owner="SeleniumLibrary">
<arg>${register_btn}</arg>
<doc>Waits until the element ``locator`` is visible.</doc>
<status status="PASS" start="2024-07-16T15:57:44.465656" elapsed="3.634352"/>
</kw>
<kw name="Click Element" owner="SeleniumLibrary">
<msg time="2024-07-16T15:57:48.101237" level="INFO">Clicking element 'xpath://div[text()=" Register "]'.</msg>
<arg>${register_btn}</arg>
<doc>Click the element identified by ``locator``.</doc>
<status status="PASS" start="2024-07-16T15:57:48.101237" elapsed="0.058338"/>
</kw>
<status status="PASS" start="2024-07-16T15:57:44.464653" elapsed="3.696428"/>
</kw>
<kw name="Verify Register Page opens" owner="RegisterResource">
<kw name="Element Should Contain" owner="SeleniumLibrary">
<msg time="2024-07-16T15:57:51.884722" level="INFO">Element 'xpath://div[text()=" User registration "]' contains text 'User registration'.</msg>
<arg>${verify_register}</arg>
<arg>User registration</arg>
<doc>Verifies that element ``locator`` contains text ``expected``.</doc>
<status status="PASS" start="2024-07-16T15:57:48.161081" elapsed="3.723641"/>
</kw>
<status status="PASS" start="2024-07-16T15:57:48.161081" elapsed="3.723641"/>
</kw>
<kw name="Fill the Required feilds" owner="RegisterResource">
<kw name="Input Text" owner="SeleniumLibrary">
<msg time="2024-07-16T15:57:51.885723" level="INFO">Typing text '  abc' into text field 'xpath://input-field[@formcontrolname="name"]/label-value/div/div/input'.</msg>
<arg>${name_field}</arg>
<arg>${name}</arg>
<doc>Types the given ``text`` into the text field identified by ``locator``.</doc>
<status status="PASS" start="2024-07-16T15:57:51.885723" elapsed="0.121329"/>
</kw>
<kw name="Input Text" owner="SeleniumLibrary">
<msg time="2024-07-16T15:57:52.008054" level="INFO">Typing text 'abc12345' into text field 'xpath://input-field[@formcontrolname="username"]/label-value/div/div/input'.</msg>
<arg>${loginName_field}</arg>
<arg>${login_name}</arg>
<doc>Types the given ``text`` into the text field identified by ``locator``.</doc>
<status status="PASS" start="2024-07-16T15:57:52.007052" elapsed="0.120643"/>
</kw>
<kw name="Input Text" owner="SeleniumLibrary">
<msg time="2024-07-16T15:57:52.128691" level="INFO">Typing text 'abc123@gmail.com' into text field 'xpath://input-field[@formcontrolname="email"]/input'.</msg>
<arg>${email_field}</arg>
<arg>${email}</arg>
<doc>Types the given ``text`` into the text field identified by ``locator``.</doc>
<status status="PASS" start="2024-07-16T15:57:52.128691" elapsed="0.114277"/>
</kw>
<arg>${name}</arg>
<arg>${login}</arg>
<arg>${email}</arg>
<status status="PASS" start="2024-07-16T15:57:51.884722" elapsed="0.358246"/>
</kw>
<kw name="Fill the Remaining profile feilds" owner="RegisterResource">
<kw name="Input Text" owner="SeleniumLibrary">
<msg time="2024-07-16T15:57:52.245968" level="INFO">Typing text 'www.google.com' into text field 'css:input[name="website"]'.</msg>
<arg>${website_field}</arg>
<arg>${website}</arg>
<doc>Types the given ``text`` into the text field identified by ``locator``.</doc>
<status status="PASS" start="2024-07-16T15:57:52.244980" elapsed="0.120265"/>
</kw>
<kw name="Click Element" owner="SeleniumLibrary">
<msg time="2024-07-16T15:57:52.366244" level="INFO">Clicking element 'css:button#business_type'.</msg>
<arg>${business_type}</arg>
<doc>Click the element identified by ``locator``.</doc>
<status status="PASS" start="2024-07-16T15:57:52.366244" elapsed="0.059887"/>
</kw>
<kw name="Click Link" owner="SeleniumLibrary">
<msg time="2024-07-16T15:57:52.427135" level="INFO">Clicking link 'css:a#business_type_clothing'.</msg>
<arg>${clothing}</arg>
<doc>Clicks a link identified by ``locator``.</doc>
<status status="PASS" start="2024-07-16T15:57:52.426131" elapsed="0.096502"/>
</kw>
<kw name="Input Text" owner="SeleniumLibrary">
<msg time="2024-07-16T15:57:52.523636" level="INFO">Typing text '9856743210' into text field 'xpath:(//input-field[@formcontrolname="number"]/input)[1]'.</msg>
<arg>${mobile_number}</arg>
<arg>${mobile_number1}</arg>
<doc>Types the given ``text`` into the text field identified by ``locator``.</doc>
<status status="PASS" start="2024-07-16T15:57:52.522633" elapsed="0.144251"/>
</kw>
<kw name="Input Text" owner="SeleniumLibrary">
<msg time="2024-07-16T15:57:52.667884" level="INFO">Typing text '(201) 555-0123' into text field 'xpath:(//input-field[@formcontrolname="number"]/input)[2]'.</msg>
<arg>${Landline_number}</arg>
<arg>${landline}</arg>
<doc>Types the given ``text`` into the text field identified by ``locator``.</doc>
<status status="PASS" start="2024-07-16T15:57:52.666884" elapsed="0.152480"/>
</kw>
<arg>${website}</arg>
<arg>${gender}</arg>
<arg>${mobile}</arg>
<arg>${land_line}</arg>
<status status="PASS" start="2024-07-16T15:57:52.242968" elapsed="0.576396"/>
</kw>
<kw name="Enable address fields" owner="RegisterResource">
<kw name="Click Element" owner="SeleniumLibrary">
<msg time="2024-07-16T15:57:52.820364" level="INFO">Clicking element 'xpath:(//label[@class="custom-control-label"])[3]'.</msg>
<arg>${address_enable}</arg>
<doc>Click the element identified by ``locator``.</doc>
<status status="PASS" start="2024-07-16T15:57:52.820364" elapsed="0.081047"/>
</kw>
<status status="PASS" start="2024-07-16T15:57:52.819364" elapsed="0.082047"/>
</kw>
<kw name="Fill the address fields" owner="RegisterResource">
<kw name="Input Text" owner="SeleniumLibrary">
<msg time="2024-07-16T15:57:52.902410" level="INFO">Typing text 'gandhi street' into text field 'xpath:(//label-value[@class="label-on-side label-value any-label-value field"]/div/div/input)[3]'.</msg>
<arg>${address_line1}</arg>
<arg>${address}</arg>
<doc>Types the given ``text`` into the text field identified by ``locator``.</doc>
<status status="PASS" start="2024-07-16T15:57:52.902410" elapsed="0.133157"/>
</kw>
<kw name="Input Text" owner="SeleniumLibrary">
<msg time="2024-07-16T15:57:53.035567" level="INFO">Typing text '637503' into text field 'css:input#zip'.</msg>
<arg>${zip_code}</arg>
<arg>${zip}</arg>
<doc>Types the given ``text`` into the text field identified by ``locator``.</doc>
<status status="PASS" start="2024-07-16T15:57:53.035567" elapsed="0.165564"/>
</kw>
<kw name="Input Text" owner="SeleniumLibrary">
<msg time="2024-07-16T15:57:53.202136" level="INFO">Typing text 'salem' into text field 'css:input#city'.</msg>
<arg>${city_field}</arg>
<arg>${city}</arg>
<doc>Types the given ``text`` into the text field identified by ``locator``.</doc>
<status status="PASS" start="2024-07-16T15:57:53.201131" elapsed="0.165148"/>
</kw>
<kw name="Input Text" owner="SeleniumLibrary">
<msg time="2024-07-16T15:57:53.367281" level="INFO">Typing text 'tamilnadu' into text field 'css:input#region'.</msg>
<arg>${region_field}</arg>
<arg>${region}</arg>
<doc>Types the given ``text`` into the text field identified by ``locator``.</doc>
<status status="PASS" start="2024-07-16T15:57:53.366279" elapsed="0.103352"/>
</kw>
<arg>${address}</arg>
<arg>${zip}</arg>
<arg>${city}</arg>
<arg>${region}</arg>
<status status="PASS" start="2024-07-16T15:57:52.901411" elapsed="0.569220"/>
</kw>
<kw name="Click next button" owner="RegisterResource">
<kw name="Wait Until Element Is Visible" owner="SeleniumLibrary">
<arg>${next_btn}</arg>
<doc>Waits until the element ``locator`` is visible.</doc>
<status status="PASS" start="2024-07-16T15:57:53.471631" elapsed="0.042376"/>
</kw>
<kw name="Click Button" owner="SeleniumLibrary">
<msg time="2024-07-16T15:57:53.515007" level="INFO">Clicking button 'xpath:(//action-button[@class="d-inline-block button"]/button)[3]'.</msg>
<arg>${next_btn}</arg>
<doc>Clicks the button identified by ``locator``.</doc>
<status status="PASS" start="2024-07-16T15:57:53.515007" elapsed="0.072354"/>
</kw>
<status status="PASS" start="2024-07-16T15:57:53.470631" elapsed="0.117736"/>
</kw>
<kw name="fill password fields" owner="RegisterResource">
<kw name="Input Password" owner="SeleniumLibrary">
<msg time="2024-07-16T15:57:53.589366" level="INFO">Typing password into text field 'xpath://input-field[@formcontrolname="value"]/label-value/div/div/input'.</msg>
<msg time="2024-07-16T15:57:55.420158" level="INFO">Temporally setting log level to: NONE</msg>
<arg>${password_field}</arg>
<arg>${pass}</arg>
<doc>Types the given password into the text field identified by ``locator``.</doc>
<status status="PASS" start="2024-07-16T15:57:53.588367" elapsed="1.965807"/>
</kw>
<kw name="Execute Javascript" owner="SeleniumLibrary">
<msg time="2024-07-16T15:57:55.555174" level="INFO">Executing JavaScript:
window.scrollTo(0, document.body.scrollHeight)
Without any arguments.</msg>
<arg>window.scrollTo(0, document.body.scrollHeight)</arg>
<doc>Executes the given JavaScript code with possible arguments.</doc>
<status status="PASS" start="2024-07-16T15:57:55.554174" elapsed="0.025367"/>
</kw>
<kw name="Wait Until Element Is Enabled" owner="SeleniumLibrary">
<arg>${confirm_password}</arg>
<doc>Waits until the element ``locator`` is enabled.</doc>
<status status="PASS" start="2024-07-16T15:57:55.579541" elapsed="0.117892"/>
</kw>
<kw name="Input Text" owner="SeleniumLibrary">
<msg time="2024-07-16T15:57:55.698846" level="INFO">Typing text 'abc@123' into text field 'xpath://input-field[@formcontrolname="confirmationValue"]/label-value/div/div/input'.</msg>
<arg>${confirm_password}</arg>
<arg>${cpass}</arg>
<doc>Types the given ``text`` into the text field identified by ``locator``.</doc>
<status status="PASS" start="2024-07-16T15:57:55.697433" elapsed="0.149947"/>
</kw>
<arg>${password}</arg>
<arg>${confirm_password}</arg>
<status status="PASS" start="2024-07-16T15:57:53.588367" elapsed="2.260007"/>
</kw>
<kw name="click Registration confirmation checkbox" owner="RegisterResource">
<kw name="Click Element" owner="SeleniumLibrary">
<msg time="2024-07-16T15:57:55.849878" level="INFO">Clicking element 'xpath://accept-agreements[@formcontrolname="acceptAgreements"]/div/div/div/boolean-field/div/label'.</msg>
<arg>${demo_checkbox}</arg>
<doc>Click the element identified by ``locator``.</doc>
<status status="PASS" start="2024-07-16T15:57:55.849372" elapsed="0.066824"/>
</kw>
<status status="PASS" start="2024-07-16T15:57:55.848374" elapsed="0.067822"/>
</kw>
<kw name="click submit button" owner="RegisterResource">
<kw name="Click Button" owner="SeleniumLibrary">
<msg time="2024-07-16T15:57:55.917199" level="INFO">Clicking button 'xpath:(//action-button[@class="d-inline-block button"]/button)[1]'.</msg>
<arg>${submit_btn}</arg>
<doc>Clicks the button identified by ``locator``.</doc>
<status status="PASS" start="2024-07-16T15:57:55.917199" elapsed="0.105011"/>
</kw>
<status status="PASS" start="2024-07-16T15:57:55.916196" elapsed="0.106014"/>
</kw>
<kw name="verify the registration is successful" owner="RegisterResource">
<kw name="Element Text Should Be" owner="SeleniumLibrary">
<msg time="2024-07-16T15:57:56.025211" level="INFO">Verifying element 'css:div[class="invalid-feedback"]' contains exact text 'This field is required'.</msg>
<arg>${field_required}</arg>
<arg>This field is required</arg>
<doc>Verifies that element ``locator`` contains exact the text ``expected``.</doc>
<status status="PASS" start="2024-07-16T15:57:56.024214" elapsed="0.027070"/>
</kw>
<status status="PASS" start="2024-07-16T15:57:56.022210" elapsed="0.029074"/>
</kw>
<arg>name=  abc</arg>
<arg>login=abc12345</arg>
<arg>email=abc123@gmail.com</arg>
<arg>website=www.google.com</arg>
<arg>gender=male</arg>
<arg>mobile=9856743210</arg>
<arg>land_line=(201) 555-0123</arg>
<arg>address=gandhi street</arg>
<arg>zip=637503</arg>
<arg>city=salem</arg>
<arg>region=tamilnadu</arg>
<arg>password=abc@123</arg>
<arg>confirm_password=abc@123</arg>
<tag>Smoke</tag>
<doc>This checks the Register functionality with valid data</doc>
<status status="PASS" start="2024-07-16T15:57:44.463379" elapsed="11.587905"/>
</kw>
<kw name="Close Browser Session" owner="GenericResource" type="TEARDOWN">
<kw name="Close Browser" owner="SeleniumLibrary">
<doc>Closes the current browser.</doc>
<status status="PASS" start="2024-07-16T15:57:56.052287" elapsed="3.369417"/>
</kw>
<status status="PASS" start="2024-07-16T15:57:56.052287" elapsed="3.370410"/>
</kw>
<status status="PASS" start="2024-07-16T15:57:37.935814" elapsed="21.486883"/>
</test>
<doc>Test to Register Page</doc>
<status status="PASS" start="2024-07-16T15:57:34.941909" elapsed="24.480788"/>
</suite>
<status status="PASS" start="2024-07-16T15:57:34.898975" elapsed="24.525722"/>
</suite>
<statistics>
<total>
<stat pass="1" fail="0" skip="0">All Tests</stat>
</total>
<tag>
</tag>
<suite>
<stat pass="1" fail="0" skip="0" id="s1" name="TestCases">TestCases</stat>
<stat pass="1" fail="0" skip="0" id="s1-s1" name="Test Register">TestCases.Test Register</stat>
</suite>
</statistics>
<errors>
</errors>
</robot>
