<?xml version="1.0" encoding="UTF-8"?>
<robot generator="Robot 7.0 (Python 3.12.2 on win32)" generated="2024-07-16T15:14:05.016925" rpa="false" schemaversion="5">
<suite id="s1" name="TestCases" source="C:\Users\ASUS\Desktop\PilotProject_Cyclos_Team1-1\TestCases">
<suite id="s1-s1" name="test validReceivePay" source="C:\Users\ASUS\Desktop\PilotProject_Cyclos_Team1-1\TestCases\test_validReceivePay.robot">
<test id="s1-s1-t1" name="Validate Receive payment with valid data" line="19">
<kw name="Open the Browser with URL" owner="GenericResource" type="SETUP">
<kw name="Create Webdriver" owner="SeleniumLibrary">
<msg time="2024-07-16T15:14:07.552394" level="INFO">Creating an instance of the Chrome WebDriver.</msg>
<arg>${brower_name}</arg>
<doc>Creates an instance of Selenium WebDriver.</doc>
<status status="PASS" start="2024-07-16T15:14:07.552394" elapsed="2.263785"/>
</kw>
<kw name="Go To" owner="SeleniumLibrary">
<msg time="2024-07-16T15:14:09.817410" level="INFO">Opening url 'https://demo.cyclos.org/ui/home'</msg>
<arg>${url}</arg>
<doc>Navigates the current browser window to the provided ``url``.</doc>
<status status="PASS" start="2024-07-16T15:14:09.817410" elapsed="2.427562"/>
</kw>
<kw name="Maximize Browser Window" owner="SeleniumLibrary">
<doc>Maximizes current browser window.</doc>
<status status="PASS" start="2024-07-16T15:14:12.244972" elapsed="0.074000"/>
</kw>
<kw name="Set Selenium Implicit Wait" owner="SeleniumLibrary">
<arg>5</arg>
<doc>Sets the implicit wait value used by Selenium.</doc>
<status status="PASS" start="2024-07-16T15:14:12.319972" elapsed="0.009003"/>
</kw>
<status status="PASS" start="2024-07-16T15:14:07.550394" elapsed="4.778581"/>
</kw>
<kw name="Validate the Receive payment functionality with valid data">
<kw name="Go to Login Page" owner="HomeResource">
<kw name="Wait Until Element Is Visible" owner="SeleniumLibrary">
<arg>${login_btn}</arg>
<doc>Waits until the element ``locator`` is visible.</doc>
<status status="PASS" start="2024-07-16T15:14:12.330982" elapsed="1.998717"/>
</kw>
<kw name="Click Element" owner="SeleniumLibrary">
<msg time="2024-07-16T15:14:14.330699" level="INFO">Clicking element 'xpath:(//div[@class="ml-2"])[3]'.</msg>
<arg>${login_btn}</arg>
<doc>Click the element identified by ``locator``.</doc>
<status status="PASS" start="2024-07-16T15:14:14.330699" elapsed="0.173233"/>
</kw>
<status status="PASS" start="2024-07-16T15:14:12.330982" elapsed="2.172950"/>
</kw>
<kw name="click the login button" owner="LoginResource">
<kw name="Click Button" owner="SeleniumLibrary">
<msg time="2024-07-16T15:14:14.504932" level="INFO">Clicking button 'xpath://button[@class="btn d-flex justify-content-center align-items-center w-100 h-100 btn-primary btn-action-primary"]'.</msg>
<arg>${submit_btn}</arg>
<doc>Clicks the button identified by ``locator``.</doc>
<status status="PASS" start="2024-07-16T15:14:14.504932" elapsed="0.262015"/>
</kw>
<status status="PASS" start="2024-07-16T15:14:14.504932" elapsed="0.263018"/>
</kw>
<kw name="Fill the login form" owner="LoginResource">
<kw name="Input Text" owner="SeleniumLibrary">
<msg time="2024-07-16T15:14:14.768951" level="INFO">Typing text 'sandhiyas' into text field 'css:input[placeholder="User"]'.</msg>
<arg>${username}</arg>
<arg>${user}</arg>
<doc>Types the given ``text`` into the text field identified by ``locator``.</doc>
<status status="PASS" start="2024-07-16T15:14:14.768951" elapsed="0.178266"/>
</kw>
<kw name="Input Password" owner="SeleniumLibrary">
<msg time="2024-07-16T15:14:14.947217" level="INFO">Typing password into text field 'css:input[placeholder="Password"]'.</msg>
<msg time="2024-07-16T15:14:14.998016" level="INFO">Temporally setting log level to: NONE</msg>
<arg>${password}</arg>
<arg>${pass}</arg>
<doc>Types the given password into the text field identified by ``locator``.</doc>
<status status="PASS" start="2024-07-16T15:14:14.947217" elapsed="0.119955"/>
</kw>
<arg>sandhiyas</arg>
<arg>Sand@123</arg>
<status status="PASS" start="2024-07-16T15:14:14.767950" elapsed="0.299222"/>
</kw>
<kw name="click the login button" owner="LoginResource">
<kw name="Click Button" owner="SeleniumLibrary">
<msg time="2024-07-16T15:14:15.069619" level="INFO">Clicking button 'xpath://button[@class="btn d-flex justify-content-center align-items-center w-100 h-100 btn-primary btn-action-primary"]'.</msg>
<arg>${submit_btn}</arg>
<doc>Clicks the button identified by ``locator``.</doc>
<status status="PASS" start="2024-07-16T15:14:15.069619" elapsed="0.076112"/>
</kw>
<status status="PASS" start="2024-07-16T15:14:15.068613" elapsed="0.077118"/>
</kw>
<kw name="Click the Banking Option" owner="HomeResource">
<kw name="Wait Until Element Is Visible" owner="SeleniumLibrary">
<arg>${Banking}</arg>
<doc>Waits until the element ``locator`` is visible.</doc>
<status status="PASS" start="2024-07-16T15:14:15.146737" elapsed="1.099038"/>
</kw>
<kw name="Click Element" owner="SeleniumLibrary">
<msg time="2024-07-16T15:14:16.246781" level="INFO">Clicking element 'xpath://div[text()='Banking']'.</msg>
<arg>${Banking}</arg>
<doc>Click the element identified by ``locator``.</doc>
<status status="PASS" start="2024-07-16T15:14:16.246781" elapsed="0.153937"/>
</kw>
<status status="PASS" start="2024-07-16T15:14:15.145731" elapsed="1.254987"/>
</kw>
<kw name="Verify the Banking page is displayed" owner="HomeResource">
<kw name="Element Text Should Be" owner="SeleniumLibrary">
<msg time="2024-07-16T15:14:16.403093" level="INFO">Verifying element 'xpath://div[text()='Banking']' contains exact text 'Banking'.</msg>
<arg>${Banking_page_verify}</arg>
<arg>${Banking_page_keyword}</arg>
<doc>Verifies that element ``locator`` contains exact the text ``expected``.</doc>
<status status="PASS" start="2024-07-16T15:14:16.402087" elapsed="0.038293"/>
</kw>
<status status="PASS" start="2024-07-16T15:14:16.400718" elapsed="0.039662"/>
</kw>
<kw name="Verify the Receive payment page" owner="ReceivePaymentResouce">
<kw name="Wait Until Element Is Visible" owner="SeleniumLibrary">
<msg time="2024-07-16T15:14:21.850616" level="INFO" html="true">&lt;/td&gt;&lt;/tr&gt;&lt;tr&gt;&lt;td colspan="3"&gt;&lt;a href="selenium-screenshot-1.png"&gt;&lt;img src="selenium-screenshot-1.png" width="800px"&gt;&lt;/a&gt;</msg>
<msg time="2024-07-16T15:14:21.850616" level="FAIL">Element 'xpath://div[@class='menu-group']//span[text()='Receive payment']' not visible after 5 seconds.</msg>
<arg>${receive_payment}</arg>
<doc>Waits until the element ``locator`` is visible.</doc>
<status status="FAIL" start="2024-07-16T15:14:16.441384" elapsed="5.411362">Element 'xpath://div[@class='menu-group']//span[text()='Receive payment']' not visible after 5 seconds.</status>
</kw>
<kw name="Click Element" owner="SeleniumLibrary">
<arg>${receive_payment}</arg>
<doc>Click the element identified by ``locator``.</doc>
<status status="NOT RUN" start="2024-07-16T15:14:21.853802" elapsed="0.000000"/>
</kw>
<kw name="Element Text Should Be" owner="SeleniumLibrary">
<arg>${rec_pay_verify}</arg>
<arg>${rec_pay_verify_keyword}</arg>
<doc>Verifies that element ``locator`` contains exact the text ``expected``.</doc>
<status status="NOT RUN" start="2024-07-16T15:14:21.853802" elapsed="0.001003"/>
</kw>
<status status="FAIL" start="2024-07-16T15:14:16.440380" elapsed="5.414425">Element 'xpath://div[@class='menu-group']//span[text()='Receive payment']' not visible after 5 seconds.</status>
</kw>
<kw name="Fill the receive payment form with data" owner="ReceivePaymentResouce">
<arg>${user}</arg>
<arg>${amount}</arg>
<status status="NOT RUN" start="2024-07-16T15:14:21.854805" elapsed="0.000000"/>
</kw>
<kw name="Select the schedule" owner="ReceivePaymentResouce">
<status status="NOT RUN" start="2024-07-16T15:14:21.855963" elapsed="0.000000"/>
</kw>
<kw name="Fill the description" owner="ReceivePaymentResouce">
<arg>${description}</arg>
<status status="NOT RUN" start="2024-07-16T15:14:21.856986" elapsed="0.000000"/>
</kw>
<kw name="Click the next button" owner="ReceivePaymentResouce">
<status status="NOT RUN" start="2024-07-16T15:14:21.857977" elapsed="0.000995"/>
</kw>
<kw name="Verify the confirmation page is displayed" owner="ReceivePaymentResouce">
<status status="NOT RUN" start="2024-07-16T15:14:21.858972" elapsed="0.000000"/>
</kw>
<arg>user=demo</arg>
<arg>amount=10</arg>
<arg>description=Receive payment from users</arg>
<tag>smoke</tag>
<doc>This checks the Receive payment functionality with valid data</doc>
<status status="FAIL" start="2024-07-16T15:14:12.329982" elapsed="9.529989">Element 'xpath://div[@class='menu-group']//span[text()='Receive payment']' not visible after 5 seconds.</status>
</kw>
<kw name="Close Browser Session" owner="GenericResource" type="TEARDOWN">
<kw name="Close Browser" owner="SeleniumLibrary">
<doc>Closes the current browser.</doc>
<status status="PASS" start="2024-07-16T15:14:21.860971" elapsed="7.284163"/>
</kw>
<status status="PASS" start="2024-07-16T15:14:21.859971" elapsed="7.285163"/>
</kw>
<status status="FAIL" start="2024-07-16T15:14:07.546395" elapsed="21.598739">Element 'xpath://div[@class='menu-group']//span[text()='Receive payment']' not visible after 5 seconds.</status>
</test>
<doc>This checks the Receive payment fubctionality</doc>
<status status="FAIL" start="2024-07-16T15:14:05.159552" elapsed="23.988880"/>
</suite>
<status status="FAIL" start="2024-07-16T15:14:05.119826" elapsed="24.032055"/>
</suite>
<statistics>
<total>
<stat pass="0" fail="1" skip="0">All Tests</stat>
</total>
<tag>
</tag>
<suite>
<stat pass="0" fail="1" skip="0" id="s1" name="TestCases">TestCases</stat>
<stat pass="0" fail="1" skip="0" id="s1-s1" name="test validReceivePay">TestCases.test validReceivePay</stat>
</suite>
</statistics>
<errors>
</errors>
</robot>
