<?xml version="1.0" encoding="UTF-8"?>
<robot generator="Robot 7.0 (Python 3.12.2 on win32)" generated="2024-07-16T16:00:39.303783" rpa="false" schemaversion="5">
<suite id="s1" name="TestCases" source="C:\Users\ASUS\Desktop\PilotProject_Cyclos_Team1-1\TestCases">
<suite id="s1-s1" name="test invalidLogin" source="C:\Users\ASUS\Desktop\PilotProject_Cyclos_Team1-1\TestCases\test_invalidLogin.robot">
<test id="s1-s1-t1" name="inValid Login Test" line="13">
<kw name="Open the Browser with URL" owner="GenericResource" type="SETUP">
<kw name="Create Webdriver" owner="SeleniumLibrary">
<msg time="2024-07-16T16:00:40.682953" level="INFO">Creating an instance of the Chrome WebDriver.</msg>
<arg>${brower_name}</arg>
<doc>Creates an instance of Selenium WebDriver.</doc>
<status status="PASS" start="2024-07-16T16:00:40.682953" elapsed="2.738627"/>
</kw>
<kw name="Go To" owner="SeleniumLibrary">
<msg time="2024-07-16T16:00:43.422580" level="INFO">Opening url 'https://demo.cyclos.org/ui/home'</msg>
<arg>${url}</arg>
<doc>Navigates the current browser window to the provided ``url``.</doc>
<status status="PASS" start="2024-07-16T16:00:43.421580" elapsed="3.648488"/>
</kw>
<kw name="Maximize Browser Window" owner="SeleniumLibrary">
<doc>Maximizes current browser window.</doc>
<status status="PASS" start="2024-07-16T16:00:47.071067" elapsed="0.110607"/>
</kw>
<kw name="Set Selenium Implicit Wait" owner="SeleniumLibrary">
<arg>5</arg>
<doc>Sets the implicit wait value used by Selenium.</doc>
<status status="PASS" start="2024-07-16T16:00:47.182672" elapsed="0.006558"/>
</kw>
<status status="PASS" start="2024-07-16T16:00:40.681949" elapsed="6.507281"/>
</kw>
<kw name="Invalid Login Test">
<kw name="Go to Login Page" owner="HomeResource">
<kw name="Wait Until Element Is Visible" owner="SeleniumLibrary">
<arg>${login_btn}</arg>
<doc>Waits until the element ``locator`` is visible.</doc>
<status status="PASS" start="2024-07-16T16:00:47.191231" elapsed="3.700033"/>
</kw>
<kw name="Click Element" owner="SeleniumLibrary">
<msg time="2024-07-16T16:00:50.892265" level="INFO">Clicking element 'xpath:(//div[@class="ml-2"])[3]'.</msg>
<arg>${login_btn}</arg>
<doc>Click the element identified by ``locator``.</doc>
<status status="PASS" start="2024-07-16T16:00:50.891264" elapsed="1.062545"/>
</kw>
<status status="PASS" start="2024-07-16T16:00:47.190230" elapsed="4.763579"/>
</kw>
<kw name="Fill the login form" owner="LoginResource">
<kw name="Input Text" owner="SeleniumLibrary">
<msg time="2024-07-16T16:00:51.956068" level="INFO">Typing text 'SandhiyaS' into text field 'css:input[placeholder="User"]'.</msg>
<arg>${username}</arg>
<arg>${user}</arg>
<doc>Types the given ``text`` into the text field identified by ``locator``.</doc>
<status status="PASS" start="2024-07-16T16:00:51.954925" elapsed="0.398739"/>
</kw>
<kw name="Input Password" owner="SeleniumLibrary">
<msg time="2024-07-16T16:00:52.354930" level="INFO">Typing password into text field 'css:input[placeholder="Password"]'.</msg>
<msg time="2024-07-16T16:00:52.435926" level="INFO">Temporally setting log level to: NONE</msg>
<arg>${password}</arg>
<arg>${pass}</arg>
<doc>Types the given password into the text field identified by ``locator``.</doc>
<status status="PASS" start="2024-07-16T16:00:52.354930" elapsed="0.250513"/>
</kw>
<arg>${Username}</arg>
<arg>${Password}</arg>
<status status="PASS" start="2024-07-16T16:00:51.953809" elapsed="0.651634"/>
</kw>
<kw name="click the login button" owner="LoginResource">
<kw name="Click Button" owner="SeleniumLibrary">
<msg time="2024-07-16T16:00:52.606443" level="INFO">Clicking button 'xpath://button[@class="btn d-flex justify-content-center align-items-center w-100 h-100 btn-primary btn-action-primary"]'.</msg>
<arg>${submit_btn}</arg>
<doc>Clicks the button identified by ``locator``.</doc>
<status status="PASS" start="2024-07-16T16:00:52.606443" elapsed="0.727434"/>
</kw>
<status status="PASS" start="2024-07-16T16:00:52.605443" elapsed="0.729437"/>
</kw>
<kw name="check the error message" owner="LoginResource">
<kw name="Wait Until Element Is Visible" owner="SeleniumLibrary">
<arg>${alert}</arg>
<doc>Waits until the element ``locator`` is visible.</doc>
<status status="PASS" start="2024-07-16T16:00:53.335881" elapsed="0.803080"/>
</kw>
<kw name="Element Text Should Be" owner="SeleniumLibrary">
<msg time="2024-07-16T16:00:54.139961" level="INFO">Verifying element 'css:div[class="notification-message"]' contains exact text 'The given name / password are incorrect. Please, try again.'.</msg>
<arg>${alert}</arg>
<arg>The given name / password are incorrect. Please, try again.</arg>
<doc>Verifies that element ``locator`` contains exact the text ``expected``.</doc>
<status status="PASS" start="2024-07-16T16:00:54.138961" elapsed="0.054359"/>
</kw>
<status status="PASS" start="2024-07-16T16:00:53.334880" elapsed="0.858440"/>
</kw>
<arg>Username=SandhiyaS</arg>
<arg>Password=Sand</arg>
<tag>Smoke</tag>
<doc>Validate inValid Login Functionality</doc>
<status status="PASS" start="2024-07-16T16:00:47.190230" elapsed="7.003090"/>
</kw>
<kw name="Close Browser Session" owner="GenericResource" type="TEARDOWN">
<kw name="Close Browser" owner="SeleniumLibrary">
<doc>Closes the current browser.</doc>
<status status="PASS" start="2024-07-16T16:00:54.194320" elapsed="5.949825"/>
</kw>
<status status="PASS" start="2024-07-16T16:00:54.194320" elapsed="5.949825"/>
</kw>
<status status="PASS" start="2024-07-16T16:00:40.677978" elapsed="19.466167"/>
</test>
<test id="s1-s1-t2" name="inValid Login Test" line="13">
<kw name="Open the Browser with URL" owner="GenericResource" type="SETUP">
<kw name="Create Webdriver" owner="SeleniumLibrary">
<msg time="2024-07-16T16:01:00.148145" level="INFO">Creating an instance of the Chrome WebDriver.</msg>
<arg>${brower_name}</arg>
<doc>Creates an instance of Selenium WebDriver.</doc>
<status status="PASS" start="2024-07-16T16:01:00.148145" elapsed="1.782287"/>
</kw>
<kw name="Go To" owner="SeleniumLibrary">
<msg time="2024-07-16T16:01:01.930432" level="INFO">Opening url 'https://demo.cyclos.org/ui/home'</msg>
<arg>${url}</arg>
<doc>Navigates the current browser window to the provided ``url``.</doc>
<status status="PASS" start="2024-07-16T16:01:01.930432" elapsed="1.216712"/>
</kw>
<kw name="Maximize Browser Window" owner="SeleniumLibrary">
<doc>Maximizes current browser window.</doc>
<status status="PASS" start="2024-07-16T16:01:03.149156" elapsed="1.255992"/>
</kw>
<kw name="Set Selenium Implicit Wait" owner="SeleniumLibrary">
<arg>5</arg>
<doc>Sets the implicit wait value used by Selenium.</doc>
<status status="PASS" start="2024-07-16T16:01:04.405148" elapsed="0.001195"/>
</kw>
<status status="PASS" start="2024-07-16T16:01:00.147146" elapsed="4.259197"/>
</kw>
<kw name="Invalid Login Test">
<kw name="Go to Login Page" owner="HomeResource">
<kw name="Wait Until Element Is Visible" owner="SeleniumLibrary">
<arg>${login_btn}</arg>
<doc>Waits until the element ``locator`` is visible.</doc>
<status status="PASS" start="2024-07-16T16:01:04.407353" elapsed="2.076798"/>
</kw>
<kw name="Click Element" owner="SeleniumLibrary">
<msg time="2024-07-16T16:01:06.484151" level="INFO">Clicking element 'xpath:(//div[@class="ml-2"])[3]'.</msg>
<arg>${login_btn}</arg>
<doc>Click the element identified by ``locator``.</doc>
<status status="PASS" start="2024-07-16T16:01:06.484151" elapsed="0.117690"/>
</kw>
<status status="PASS" start="2024-07-16T16:01:04.407353" elapsed="2.194488"/>
</kw>
<kw name="Fill the login form" owner="LoginResource">
<kw name="Input Text" owner="SeleniumLibrary">
<msg time="2024-07-16T16:01:06.602840" level="INFO">Typing text 'Sahana123' into text field 'css:input[placeholder="User"]'.</msg>
<arg>${username}</arg>
<arg>${user}</arg>
<doc>Types the given ``text`` into the text field identified by ``locator``.</doc>
<status status="PASS" start="2024-07-16T16:01:06.602840" elapsed="0.171427"/>
</kw>
<kw name="Input Password" owner="SeleniumLibrary">
<msg time="2024-07-16T16:01:06.775267" level="INFO">Typing password into text field 'css:input[placeholder="Password"]'.</msg>
<msg time="2024-07-16T16:01:06.812806" level="INFO">Temporally setting log level to: NONE</msg>
<arg>${password}</arg>
<arg>${pass}</arg>
<doc>Types the given password into the text field identified by ``locator``.</doc>
<status status="PASS" start="2024-07-16T16:01:06.774267" elapsed="0.127681"/>
</kw>
<arg>${Username}</arg>
<arg>${Password}</arg>
<status status="PASS" start="2024-07-16T16:01:06.601841" elapsed="0.300107"/>
</kw>
<kw name="click the login button" owner="LoginResource">
<kw name="Click Button" owner="SeleniumLibrary">
<msg time="2024-07-16T16:01:06.902948" level="INFO">Clicking button 'xpath://button[@class="btn d-flex justify-content-center align-items-center w-100 h-100 btn-primary btn-action-primary"]'.</msg>
<arg>${submit_btn}</arg>
<doc>Clicks the button identified by ``locator``.</doc>
<status status="PASS" start="2024-07-16T16:01:06.902948" elapsed="0.069020"/>
</kw>
<status status="PASS" start="2024-07-16T16:01:06.901948" elapsed="0.070020"/>
</kw>
<kw name="check the error message" owner="LoginResource">
<kw name="Wait Until Element Is Visible" owner="SeleniumLibrary">
<arg>${alert}</arg>
<doc>Waits until the element ``locator`` is visible.</doc>
<status status="PASS" start="2024-07-16T16:01:06.972967" elapsed="0.517045"/>
</kw>
<kw name="Element Text Should Be" owner="SeleniumLibrary">
<msg time="2024-07-16T16:01:07.490012" level="INFO">Verifying element 'css:div[class="notification-message"]' contains exact text 'The given name / password are incorrect. Please, try again.'.</msg>
<arg>${alert}</arg>
<arg>The given name / password are incorrect. Please, try again.</arg>
<doc>Verifies that element ``locator`` contains exact the text ``expected``.</doc>
<status status="PASS" start="2024-07-16T16:01:07.490012" elapsed="0.025744"/>
</kw>
<status status="PASS" start="2024-07-16T16:01:06.971968" elapsed="0.543788"/>
</kw>
<arg>Username=Sahana123</arg>
<arg>Password=sana13</arg>
<tag>Smoke</tag>
<doc>Validate inValid Login Functionality</doc>
<status status="PASS" start="2024-07-16T16:01:04.407353" elapsed="3.108403"/>
</kw>
<kw name="Close Browser Session" owner="GenericResource" type="TEARDOWN">
<kw name="Close Browser" owner="SeleniumLibrary">
<doc>Closes the current browser.</doc>
<status status="PASS" start="2024-07-16T16:01:07.517099" elapsed="2.461695"/>
</kw>
<status status="PASS" start="2024-07-16T16:01:07.517099" elapsed="2.461695"/>
</kw>
<status status="PASS" start="2024-07-16T16:01:00.145146" elapsed="9.833648"/>
</test>
<test id="s1-s1-t3" name="inValid Login Test" line="13">
<kw name="Open the Browser with URL" owner="GenericResource" type="SETUP">
<kw name="Create Webdriver" owner="SeleniumLibrary">
<msg time="2024-07-16T16:01:09.982794" level="INFO">Creating an instance of the Chrome WebDriver.</msg>
<arg>${brower_name}</arg>
<doc>Creates an instance of Selenium WebDriver.</doc>
<status status="PASS" start="2024-07-16T16:01:09.981793" elapsed="3.252420"/>
</kw>
<kw name="Go To" owner="SeleniumLibrary">
<msg time="2024-07-16T16:01:13.235214" level="INFO">Opening url 'https://demo.cyclos.org/ui/home'</msg>
<arg>${url}</arg>
<doc>Navigates the current browser window to the provided ``url``.</doc>
<status status="PASS" start="2024-07-16T16:01:13.234213" elapsed="1.368029"/>
</kw>
<kw name="Maximize Browser Window" owner="SeleniumLibrary">
<doc>Maximizes current browser window.</doc>
<status status="PASS" start="2024-07-16T16:01:14.602242" elapsed="2.331280"/>
</kw>
<kw name="Set Selenium Implicit Wait" owner="SeleniumLibrary">
<arg>5</arg>
<doc>Sets the implicit wait value used by Selenium.</doc>
<status status="PASS" start="2024-07-16T16:01:16.933522" elapsed="0.009083"/>
</kw>
<status status="PASS" start="2024-07-16T16:01:09.981793" elapsed="6.960812"/>
</kw>
<kw name="Invalid Login Test">
<kw name="Go to Login Page" owner="HomeResource">
<kw name="Wait Until Element Is Visible" owner="SeleniumLibrary">
<arg>${login_btn}</arg>
<doc>Waits until the element ``locator`` is visible.</doc>
<status status="PASS" start="2024-07-16T16:01:16.944604" elapsed="2.600921"/>
</kw>
<kw name="Click Element" owner="SeleniumLibrary">
<msg time="2024-07-16T16:01:19.546526" level="INFO">Clicking element 'xpath:(//div[@class="ml-2"])[3]'.</msg>
<arg>${login_btn}</arg>
<doc>Click the element identified by ``locator``.</doc>
<status status="PASS" start="2024-07-16T16:01:19.545525" elapsed="0.260367"/>
</kw>
<status status="PASS" start="2024-07-16T16:01:16.943605" elapsed="2.862287"/>
</kw>
<kw name="Fill the login form" owner="LoginResource">
<kw name="Input Text" owner="SeleniumLibrary">
<msg time="2024-07-16T16:01:19.807582" level="INFO">Typing text 'sandhiya' into text field 'css:input[placeholder="User"]'.</msg>
<arg>${username}</arg>
<arg>${user}</arg>
<doc>Types the given ``text`` into the text field identified by ``locator``.</doc>
<status status="PASS" start="2024-07-16T16:01:19.807582" elapsed="0.474070"/>
</kw>
<kw name="Input Password" owner="SeleniumLibrary">
<msg time="2024-07-16T16:01:20.285862" level="INFO">Typing password into text field 'css:input[placeholder="Password"]'.</msg>
<msg time="2024-07-16T16:01:20.395677" level="INFO">Temporally setting log level to: NONE</msg>
<arg>${password}</arg>
<arg>${pass}</arg>
<doc>Types the given password into the text field identified by ``locator``.</doc>
<status status="PASS" start="2024-07-16T16:01:20.284654" elapsed="0.290316"/>
</kw>
<arg>${Username}</arg>
<arg>${Password}</arg>
<status status="PASS" start="2024-07-16T16:01:19.805892" elapsed="0.769078"/>
</kw>
<kw name="click the login button" owner="LoginResource">
<kw name="Click Button" owner="SeleniumLibrary">
<msg time="2024-07-16T16:01:20.575970" level="INFO">Clicking button 'xpath://button[@class="btn d-flex justify-content-center align-items-center w-100 h-100 btn-primary btn-action-primary"]'.</msg>
<arg>${submit_btn}</arg>
<doc>Clicks the button identified by ``locator``.</doc>
<status status="PASS" start="2024-07-16T16:01:20.575970" elapsed="0.145993"/>
</kw>
<status status="PASS" start="2024-07-16T16:01:20.574970" elapsed="0.146993"/>
</kw>
<kw name="check the error message" owner="LoginResource">
<kw name="Wait Until Element Is Visible" owner="SeleniumLibrary">
<arg>${alert}</arg>
<doc>Waits until the element ``locator`` is visible.</doc>
<status status="PASS" start="2024-07-16T16:01:20.722963" elapsed="0.636767"/>
</kw>
<kw name="Element Text Should Be" owner="SeleniumLibrary">
<msg time="2024-07-16T16:01:21.360735" level="INFO">Verifying element 'css:div[class="notification-message"]' contains exact text 'The given name / password are incorrect. Please, try again.'.</msg>
<arg>${alert}</arg>
<arg>The given name / password are incorrect. Please, try again.</arg>
<doc>Verifies that element ``locator`` contains exact the text ``expected``.</doc>
<status status="PASS" start="2024-07-16T16:01:21.359730" elapsed="0.034561"/>
</kw>
<status status="PASS" start="2024-07-16T16:01:20.721963" elapsed="0.672328"/>
</kw>
<arg>Username=sandhiya</arg>
<arg>Password=sand123</arg>
<tag>Smoke</tag>
<doc>Validate inValid Login Functionality</doc>
<status status="PASS" start="2024-07-16T16:01:16.942605" elapsed="4.451686"/>
</kw>
<kw name="Close Browser Session" owner="GenericResource" type="TEARDOWN">
<kw name="Close Browser" owner="SeleniumLibrary">
<doc>Closes the current browser.</doc>
<status status="PASS" start="2024-07-16T16:01:21.395297" elapsed="2.411621"/>
</kw>
<status status="PASS" start="2024-07-16T16:01:21.395297" elapsed="2.411621"/>
</kw>
<status status="PASS" start="2024-07-16T16:01:09.979794" elapsed="13.827124"/>
</test>
<doc>Test to Login Page</doc>
<status status="PASS" start="2024-07-16T16:00:39.379337" elapsed="44.427581"/>
</suite>
<status status="PASS" start="2024-07-16T16:00:39.361841" elapsed="44.446451"/>
</suite>
<statistics>
<total>
<stat pass="3" fail="0" skip="0">All Tests</stat>
</total>
<tag>
</tag>
<suite>
<stat pass="3" fail="0" skip="0" id="s1" name="TestCases">TestCases</stat>
<stat pass="3" fail="0" skip="0" id="s1-s1" name="test invalidLogin">TestCases.test invalidLogin</stat>
</suite>
</statistics>
<errors>
<msg time="2024-07-16T16:01:00.145146" level="WARN">Multiple tests with name 'inValid Login Test' executed in suite 'TestCases.test invalidLogin'.</msg>
<msg time="2024-07-16T16:01:09.979794" level="WARN">Multiple tests with name 'inValid Login Test' executed in suite 'TestCases.test invalidLogin'.</msg>
</errors>
</robot>
