<?xml version="1.0" encoding="UTF-8"?>
<robot generator="Robot 7.0 (Python 3.12.2 on win32)" generated="2024-07-16T15:09:45.730913" rpa="false" schemaversion="5">
<suite id="s1" name="TestCases" source="C:\Users\ASUS\Desktop\PilotProject_Cyclos_Team1-1\TestCases">
<suite id="s1-s1" name="test addUserToContact" source="C:\Users\ASUS\Desktop\PilotProject_Cyclos_Team1-1\TestCases\test_addUserToContact.robot">
<test id="s1-s1-t1" name="Validate add to contact in Business Directory functionality" line="16">
<kw name="Open the Browser with URL" owner="GenericResource" type="SETUP">
<kw name="Create Webdriver" owner="SeleniumLibrary">
<msg time="2024-07-16T15:09:48.396015" level="INFO">Creating an instance of the Chrome WebDriver.</msg>
<arg>${brower_name}</arg>
<doc>Creates an instance of Selenium WebDriver.</doc>
<status status="PASS" start="2024-07-16T15:09:48.396015" elapsed="3.324297"/>
</kw>
<kw name="Go To" owner="SeleniumLibrary">
<msg time="2024-07-16T15:09:51.721312" level="INFO">Opening url 'https://demo.cyclos.org/ui/home'</msg>
<arg>${url}</arg>
<doc>Navigates the current browser window to the provided ``url``.</doc>
<status status="PASS" start="2024-07-16T15:09:51.721312" elapsed="2.989322"/>
</kw>
<kw name="Maximize Browser Window" owner="SeleniumLibrary">
<doc>Maximizes current browser window.</doc>
<status status="PASS" start="2024-07-16T15:09:54.710634" elapsed="0.128163"/>
</kw>
<kw name="Set Selenium Implicit Wait" owner="SeleniumLibrary">
<arg>5</arg>
<doc>Sets the implicit wait value used by Selenium.</doc>
<status status="PASS" start="2024-07-16T15:09:54.838797" elapsed="0.002001"/>
</kw>
<status status="PASS" start="2024-07-16T15:09:48.394016" elapsed="6.446782"/>
</kw>
<kw name="To Validate the add to contact in Business Directory functionality">
<kw name="Go to Login Page" owner="HomeResource">
<kw name="Wait Until Element Is Visible" owner="SeleniumLibrary">
<arg>${login_btn}</arg>
<doc>Waits until the element ``locator`` is visible.</doc>
<status status="PASS" start="2024-07-16T15:09:54.842797" elapsed="2.979479"/>
</kw>
<kw name="Click Element" owner="SeleniumLibrary">
<msg time="2024-07-16T15:09:57.823729" level="INFO">Clicking element 'xpath:(//div[@class="ml-2"])[3]'.</msg>
<arg>${login_btn}</arg>
<doc>Click the element identified by ``locator``.</doc>
<status status="PASS" start="2024-07-16T15:09:57.822276" elapsed="0.313016"/>
</kw>
<status status="PASS" start="2024-07-16T15:09:54.841797" elapsed="3.293495"/>
</kw>
<kw name="Fill the login form" owner="LoginResource">
<kw name="Input Text" owner="SeleniumLibrary">
<msg time="2024-07-16T15:09:58.137292" level="INFO">Typing text 'dharun' into text field 'css:input[placeholder="User"]'.</msg>
<arg>${username}</arg>
<arg>${user}</arg>
<doc>Types the given ``text`` into the text field identified by ``locator``.</doc>
<status status="PASS" start="2024-07-16T15:09:58.136292" elapsed="1.168619"/>
</kw>
<kw name="Input Password" owner="SeleniumLibrary">
<msg time="2024-07-16T15:09:59.305914" level="INFO">Typing password into text field 'css:input[placeholder="Password"]'.</msg>
<msg time="2024-07-16T15:09:59.643258" level="INFO">Temporally setting log level to: NONE</msg>
<arg>${password}</arg>
<arg>${pass}</arg>
<doc>Types the given password into the text field identified by ``locator``.</doc>
<status status="PASS" start="2024-07-16T15:09:59.304911" elapsed="0.633290"/>
</kw>
<arg>dharun</arg>
<arg>1234</arg>
<status status="PASS" start="2024-07-16T15:09:58.136292" elapsed="1.801909"/>
</kw>
<kw name="click the login button" owner="LoginResource">
<kw name="Click Button" owner="SeleniumLibrary">
<msg time="2024-07-16T15:09:59.940201" level="INFO">Clicking button 'xpath://button[@class="btn d-flex justify-content-center align-items-center w-100 h-100 btn-primary btn-action-primary"]'.</msg>
<arg>${submit_btn}</arg>
<doc>Clicks the button identified by ``locator``.</doc>
<status status="PASS" start="2024-07-16T15:09:59.939201" elapsed="0.210891"/>
</kw>
<status status="PASS" start="2024-07-16T15:09:59.939201" elapsed="0.210891"/>
</kw>
<kw name="Click the Marketplace Option" owner="HomeResource">
<kw name="Wait Until Element Is Visible" owner="SeleniumLibrary">
<arg>${Marketplace_Xpath}</arg>
<doc>Waits until the element ``locator`` is visible.</doc>
<status status="PASS" start="2024-07-16T15:10:00.152222" elapsed="0.953242"/>
</kw>
<kw name="Click Element" owner="SeleniumLibrary">
<msg time="2024-07-16T15:10:01.107466" level="INFO">Clicking element 'xpath://a[@id='menu_marketplace']'.</msg>
<arg>${Marketplace_Xpath}</arg>
<doc>Click the element identified by ``locator``.</doc>
<status status="PASS" start="2024-07-16T15:10:01.106464" elapsed="0.211855"/>
</kw>
<status status="PASS" start="2024-07-16T15:10:00.150092" elapsed="1.169255"/>
</kw>
<kw name="Verify the Marketplace page is displayed" owner="HomeResource">
<kw name="Element Text Should Be" owner="SeleniumLibrary">
<msg time="2024-07-16T15:10:01.320354" level="INFO">Verifying element 'xpath://div[@class='side-menu-title' and text()=' Marketplace ']' contains exact text 'Marketplace'.</msg>
<arg>${Marketplace_page_verify}</arg>
<arg>${Marketplace_page_keyword}</arg>
<doc>Verifies that element ``locator`` contains exact the text ``expected``.</doc>
<status status="PASS" start="2024-07-16T15:10:01.320354" elapsed="0.839335"/>
</kw>
<status status="PASS" start="2024-07-16T15:10:01.319347" elapsed="0.841342"/>
</kw>
<kw name="Select the option business directory" owner="BusinessDirectoryResource">
<kw name="Wait Until Element Is Visible" owner="SeleniumLibrary">
<arg>${business_dir}</arg>
<doc>Waits until the element ``locator`` is visible.</doc>
<status status="PASS" start="2024-07-16T15:10:02.162015" elapsed="0.032916"/>
</kw>
<kw name="Click Element" owner="SeleniumLibrary">
<msg time="2024-07-16T15:10:02.195937" level="INFO">Clicking element 'xpath:(//nav[@class='navbar d-flex flex-column align-items-stretch']//a/div)[1]'.</msg>
<arg>${business_dir}</arg>
<doc>Click the element identified by ``locator``.</doc>
<status status="PASS" start="2024-07-16T15:10:02.195937" elapsed="0.284940"/>
</kw>
<status status="PASS" start="2024-07-16T15:10:02.160689" elapsed="0.320188"/>
</kw>
<kw name="verify the business directory page open" owner="BusinessDirectoryResource">
<kw name="Element Text Should Be" owner="SeleniumLibrary">
<msg time="2024-07-16T15:10:02.483251" level="INFO">Verifying element 'xpath://div[text()=' Business directory ']' contains exact text 'Business directory'.</msg>
<arg>${business_dir_title}</arg>
<arg>${business_dir_title_verify}</arg>
<doc>Verifies that element ``locator`` contains exact the text ``expected``.</doc>
<status status="PASS" start="2024-07-16T15:10:02.481877" elapsed="0.346253"/>
</kw>
<status status="PASS" start="2024-07-16T15:10:02.481877" elapsed="0.346253"/>
</kw>
<kw name="Enter the key in keyword field" owner="BusinessDirectoryResource">
<kw name="Input Text" owner="SeleniumLibrary">
<msg time="2024-07-16T15:10:02.831132" level="INFO">Typing text 'shop' into text field 'xpath://div[@class='d-flex label-value-value']/input'.</msg>
<arg>${input_key}</arg>
<arg>${keyword}</arg>
<doc>Types the given ``text`` into the text field identified by ``locator``.</doc>
<status status="PASS" start="2024-07-16T15:10:02.830130" elapsed="0.613539"/>
</kw>
<arg>${valid_keyword}</arg>
<status status="PASS" start="2024-07-16T15:10:02.829131" elapsed="0.614538"/>
</kw>
<kw name="Add user to Contact" owner="BusinessDirectoryResource">
<kw name="Wait Until Element Is Visible" owner="SeleniumLibrary">
<arg>${contact}</arg>
<doc>Waits until the element ``locator`` is visible.</doc>
<status status="PASS" start="2024-07-16T15:10:03.444668" elapsed="0.058249"/>
</kw>
<kw name="Click Element" owner="SeleniumLibrary">
<msg time="2024-07-16T15:10:03.504343" level="INFO">Clicking element 'xpath:(//div[@class='row tiled-results']//a)[3]'.</msg>
<arg>${contact}</arg>
<doc>Click the element identified by ``locator``.</doc>
<status status="PASS" start="2024-07-16T15:10:03.502917" elapsed="0.111856"/>
</kw>
<kw name="Wait Until Element Is Visible" owner="SeleniumLibrary">
<msg time="2024-07-16T15:10:09.117591" level="INFO" html="true">&lt;/td&gt;&lt;/tr&gt;&lt;tr&gt;&lt;td colspan="3"&gt;&lt;a href="selenium-screenshot-1.png"&gt;&lt;img src="selenium-screenshot-1.png" width="800px"&gt;&lt;/a&gt;</msg>
<msg time="2024-07-16T15:10:09.118596" level="FAIL">Element 'xpath://div[text()='Add to contacts']' not visible after 5 seconds.</msg>
<arg>${add_to_contact}</arg>
<doc>Waits until the element ``locator`` is visible.</doc>
<status status="FAIL" start="2024-07-16T15:10:03.615280" elapsed="5.508584">Element 'xpath://div[text()='Add to contacts']' not visible after 5 seconds.</status>
</kw>
<kw name="Click Element" owner="SeleniumLibrary">
<arg>${add_to_contact}</arg>
<doc>Click the element identified by ``locator``.</doc>
<status status="NOT RUN" start="2024-07-16T15:10:09.124864" elapsed="0.000000"/>
</kw>
<status status="FAIL" start="2024-07-16T15:10:03.444668" elapsed="5.680196">Element 'xpath://div[text()='Add to contacts']' not visible after 5 seconds.</status>
</kw>
<kw name="Verify the contact is added" owner="BusinessDirectoryResource">
<status status="NOT RUN" start="2024-07-16T15:10:09.124864" elapsed="0.000000"/>
</kw>
<arg>valid_keyword=shop</arg>
<tag>regression</tag>
<doc>This checks the add to contact in Business Directory functionality</doc>
<status status="FAIL" start="2024-07-16T15:09:54.840798" elapsed="14.285243">Element 'xpath://div[text()='Add to contacts']' not visible after 5 seconds.</status>
</kw>
<kw name="Close Browser Session" owner="GenericResource" type="TEARDOWN">
<kw name="Close Browser" owner="SeleniumLibrary">
<doc>Closes the current browser.</doc>
<status status="PASS" start="2024-07-16T15:10:09.127046" elapsed="8.111425"/>
</kw>
<status status="PASS" start="2024-07-16T15:10:09.126041" elapsed="8.112430"/>
</kw>
<tag>regression</tag>
<status status="FAIL" start="2024-07-16T15:09:48.392016" elapsed="28.846455">Element 'xpath://div[text()='Add to contacts']' not visible after 5 seconds.</status>
</test>
<doc>This checks the Business Directory functionality</doc>
<status status="FAIL" start="2024-07-16T15:09:45.772094" elapsed="31.468377"/>
</suite>
<status status="FAIL" start="2024-07-16T15:09:45.749515" elapsed="31.492956"/>
</suite>
<statistics>
<total>
<stat pass="0" fail="1" skip="0">All Tests</stat>
</total>
<tag>
<stat pass="0" fail="1" skip="0">regression</stat>
</tag>
<suite>
<stat pass="0" fail="1" skip="0" id="s1" name="TestCases">TestCases</stat>
<stat pass="0" fail="1" skip="0" id="s1-s1" name="test addUserToContact">TestCases.test addUserToContact</stat>
</suite>
</statistics>
<errors>
</errors>
</robot>
