<?xml version="1.0" encoding="UTF-8"?>
<robot generator="Robot 7.0 (Python 3.12.2 on win32)" generated="2024-07-17T09:08:57.332199" rpa="false" schemaversion="5">
<suite id="s1" name="PilotProject Cyclos Team1-1" source="C:\Users\ASUS\Desktop\PilotProject_Cyclos_Team1-1">
<suite id="s1-s1" name="TestCases" source="C:\Users\ASUS\Desktop\PilotProject_Cyclos_Team1-1\TestCases">
<suite id="s1-s1-s1" name="Test Logout" source="C:\Users\ASUS\Desktop\PilotProject_Cyclos_Team1-1\TestCases\test_logout.robot">
<test id="s1-s1-s1-t1" name="testcase for logout functionality" line="12">
<kw name="Open the Browser with URL" owner="GenericResource" type="SETUP">
<kw name="Create Webdriver" owner="SeleniumLibrary">
<msg time="2024-07-17T09:08:58.330036" level="INFO">Creating an instance of the Chrome WebDriver.</msg>
<arg>${brower_name}</arg>
<doc>Creates an instance of Selenium WebDriver.</doc>
<status status="PASS" start="2024-07-17T09:08:58.330036" elapsed="20.361573"/>
</kw>
<kw name="Go To" owner="SeleniumLibrary">
<msg time="2024-07-17T09:09:18.692613" level="INFO">Opening url 'https://demo.cyclos.org/ui/home'</msg>
<arg>${url}</arg>
<doc>Navigates the current browser window to the provided ``url``.</doc>
<status status="PASS" start="2024-07-17T09:09:18.691609" elapsed="3.605731"/>
</kw>
<kw name="Maximize Browser Window" owner="SeleniumLibrary">
<doc>Maximizes current browser window.</doc>
<status status="PASS" start="2024-07-17T09:09:22.298340" elapsed="0.250776"/>
</kw>
<kw name="Set Selenium Implicit Wait" owner="SeleniumLibrary">
<arg>5</arg>
<doc>Sets the implicit wait value used by Selenium.</doc>
<status status="PASS" start="2024-07-17T09:09:22.549116" elapsed="0.006400"/>
</kw>
<status status="PASS" start="2024-07-17T09:08:58.327798" elapsed="24.228708"/>
</kw>
<kw name="Go to Login Page" owner="HomeResource">
<kw name="Wait Until Element Is Visible" owner="SeleniumLibrary">
<arg>${login_btn}</arg>
<doc>Waits until the element ``locator`` is visible.</doc>
<status status="PASS" start="2024-07-17T09:09:22.560921" elapsed="3.584295"/>
</kw>
<kw name="Click Element" owner="SeleniumLibrary">
<msg time="2024-07-17T09:09:26.146619" level="INFO">Clicking element 'xpath:(//div[@class="ml-2"])[3]'.</msg>
<arg>${login_btn}</arg>
<doc>Click the element identified by ``locator``.</doc>
<status status="PASS" start="2024-07-17T09:09:26.145216" elapsed="0.718165"/>
</kw>
<status status="PASS" start="2024-07-17T09:09:22.559922" elapsed="4.304462"/>
</kw>
<kw name="Fill the login form" owner="LoginResource">
<kw name="Input Text" owner="SeleniumLibrary">
<msg time="2024-07-17T09:09:26.865381" level="INFO">Typing text 'sandhiyas' into text field 'css:input[placeholder="User"]'.</msg>
<arg>${username}</arg>
<arg>${user}</arg>
<doc>Types the given ``text`` into the text field identified by ``locator``.</doc>
<status status="PASS" start="2024-07-17T09:09:26.865381" elapsed="0.293957"/>
</kw>
<kw name="Input Password" owner="SeleniumLibrary">
<msg time="2024-07-17T09:09:27.161340" level="INFO">Typing password into text field 'css:input[placeholder="Password"]'.</msg>
<msg time="2024-07-17T09:09:27.214105" level="INFO">Temporally setting log level to: NONE</msg>
<arg>${password}</arg>
<arg>${pass}</arg>
<doc>Types the given password into the text field identified by ``locator``.</doc>
<status status="PASS" start="2024-07-17T09:09:27.159338" elapsed="0.394432"/>
</kw>
<arg>sandhiyas</arg>
<arg>Sand@123</arg>
<status status="PASS" start="2024-07-17T09:09:26.864384" elapsed="0.690393"/>
</kw>
<kw name="click the login button" owner="LoginResource">
<kw name="Click Button" owner="SeleniumLibrary">
<msg time="2024-07-17T09:09:27.557192" level="INFO">Clicking button 'xpath://button[@class="btn d-flex justify-content-center align-items-center w-100 h-100 btn-primary btn-action-primary"]'.</msg>
<arg>${submit_btn}</arg>
<doc>Clicks the button identified by ``locator``.</doc>
<status status="PASS" start="2024-07-17T09:09:27.556038" elapsed="0.177814"/>
</kw>
<status status="PASS" start="2024-07-17T09:09:27.556038" elapsed="0.177814"/>
</kw>
<kw name="click the logout" owner="HomeResource">
<kw name="Wait Until Element Is Visible" owner="SeleniumLibrary">
<arg>${Logout}</arg>
<doc>Waits until the element ``locator`` is visible.</doc>
<status status="PASS" start="2024-07-17T09:09:27.738108" elapsed="1.159645"/>
</kw>
<kw name="Click Element" owner="SeleniumLibrary">
<msg time="2024-07-17T09:09:28.899759" level="INFO">Clicking element 'xpath://a[@aria-label="Logout"]//icon//*[name()="svg"]'.</msg>
<arg>${Logout}</arg>
<doc>Click the element identified by ``locator``.</doc>
<status status="PASS" start="2024-07-17T09:09:28.898759" elapsed="0.947794"/>
</kw>
<status status="PASS" start="2024-07-17T09:09:27.735853" elapsed="2.111699"/>
</kw>
<kw name="Close Browser Session" owner="GenericResource" type="TEARDOWN">
<kw name="Close Browser" owner="SeleniumLibrary">
<doc>Closes the current browser.</doc>
<status status="PASS" start="2024-07-17T09:09:29.848552" elapsed="6.859797"/>
</kw>
<status status="PASS" start="2024-07-17T09:09:29.847552" elapsed="6.860797"/>
</kw>
<doc>Validate the Logout Functionality</doc>
<tag>Smoke</tag>
<status status="PASS" start="2024-07-17T09:08:58.325800" elapsed="38.382549"/>
</test>
<doc>Test to Logout functionality</doc>
<status status="PASS" start="2024-07-17T09:08:57.516259" elapsed="39.195448"/>
</suite>
<status status="PASS" start="2024-07-17T09:08:57.511819" elapsed="39.200894"/>
</suite>
<status status="PASS" start="2024-07-17T09:08:57.448042" elapsed="39.265672"/>
</suite>
<statistics>
<total>
<stat pass="1" fail="0" skip="0">All Tests</stat>
</total>
<tag>
<stat pass="1" fail="0" skip="0">Smoke</stat>
</tag>
<suite>
<stat pass="1" fail="0" skip="0" id="s1" name="PilotProject Cyclos Team1-1">PilotProject Cyclos Team1-1</stat>
<stat pass="1" fail="0" skip="0" id="s1-s1" name="TestCases">PilotProject Cyclos Team1-1.TestCases</stat>
<stat pass="1" fail="0" skip="0" id="s1-s1-s1" name="Test Logout">PilotProject Cyclos Team1-1.TestCases.Test Logout</stat>
</suite>
</statistics>
<errors>
</errors>
</robot>
