<?xml version="1.0" encoding="UTF-8"?>
<robot generator="Robot 7.0 (Python 3.12.2 on win32)" generated="2024-07-17T09:13:43.827061" rpa="false" schemaversion="5">
<suite id="s1" name="PilotProject Cyclos Team1-1" source="C:\Users\ASUS\Desktop\PilotProject_Cyclos_Team1-1">
<suite id="s1-s1" name="TestCases" source="C:\Users\ASUS\Desktop\PilotProject_Cyclos_Team1-1\TestCases">
<suite id="s1-s1-s1" name="test receiveQRcode" source="C:\Users\ASUS\Desktop\PilotProject_Cyclos_Team1-1\TestCases\test_receiveQRcode.robot">
<test id="s1-s1-s1-t1" name="Validate the Receive QR code functionality with valid data" line="18">
<kw name="Open the Browser with URL" owner="GenericResource" type="SETUP">
<kw name="Create Webdriver" owner="SeleniumLibrary">
<msg time="2024-07-17T09:13:44.972828" level="INFO">Creating an instance of the Chrome WebDriver.</msg>
<arg>${brower_name}</arg>
<doc>Creates an instance of Selenium WebDriver.</doc>
<status status="PASS" start="2024-07-17T09:13:44.971381" elapsed="2.742768"/>
</kw>
<kw name="Go To" owner="SeleniumLibrary">
<msg time="2024-07-17T09:13:47.715149" level="INFO">Opening url 'https://demo.cyclos.org/ui/home'</msg>
<arg>${url}</arg>
<doc>Navigates the current browser window to the provided ``url``.</doc>
<status status="PASS" start="2024-07-17T09:13:47.714149" elapsed="3.242530"/>
</kw>
<kw name="Maximize Browser Window" owner="SeleniumLibrary">
<doc>Maximizes current browser window.</doc>
<status status="PASS" start="2024-07-17T09:13:50.956679" elapsed="0.075565"/>
</kw>
<kw name="Set Selenium Implicit Wait" owner="SeleniumLibrary">
<arg>5</arg>
<doc>Sets the implicit wait value used by Selenium.</doc>
<status status="PASS" start="2024-07-17T09:13:51.033248" elapsed="0.012786"/>
</kw>
<status status="PASS" start="2024-07-17T09:13:44.970377" elapsed="6.076657"/>
</kw>
<kw name="Go to Login Page" owner="HomeResource">
<kw name="Wait Until Element Is Visible" owner="SeleniumLibrary">
<arg>${login_btn}</arg>
<doc>Waits until the element ``locator`` is visible.</doc>
<status status="PASS" start="2024-07-17T09:13:51.048034" elapsed="2.895415"/>
</kw>
<kw name="Click Element" owner="SeleniumLibrary">
<msg time="2024-07-17T09:13:53.944956" level="INFO">Clicking element 'xpath:(//div[@class="ml-2"])[3]'.</msg>
<arg>${login_btn}</arg>
<doc>Click the element identified by ``locator``.</doc>
<status status="PASS" start="2024-07-17T09:13:53.943449" elapsed="0.712307"/>
</kw>
<status status="PASS" start="2024-07-17T09:13:51.047034" elapsed="3.608722"/>
</kw>
<kw name="Fill the login form" owner="LoginResource">
<kw name="Input Text" owner="SeleniumLibrary">
<msg time="2024-07-17T09:13:54.659892" level="INFO">Typing text 'sandhiyas' into text field 'css:input[placeholder="User"]'.</msg>
<arg>${username}</arg>
<arg>${user}</arg>
<doc>Types the given ``text`` into the text field identified by ``locator``.</doc>
<status status="PASS" start="2024-07-17T09:13:54.657888" elapsed="0.223983"/>
</kw>
<kw name="Input Password" owner="SeleniumLibrary">
<msg time="2024-07-17T09:13:54.882871" level="INFO">Typing password into text field 'css:input[placeholder="Password"]'.</msg>
<msg time="2024-07-17T09:13:54.952164" level="INFO">Temporally setting log level to: NONE</msg>
<arg>${password}</arg>
<arg>${pass}</arg>
<doc>Types the given password into the text field identified by ``locator``.</doc>
<status status="PASS" start="2024-07-17T09:13:54.882871" elapsed="0.181106"/>
</kw>
<arg>sandhiyas</arg>
<arg>Sand@123</arg>
<status status="PASS" start="2024-07-17T09:13:54.656753" elapsed="0.407224"/>
</kw>
<kw name="click the login button" owner="LoginResource">
<kw name="Click Button" owner="SeleniumLibrary">
<msg time="2024-07-17T09:13:55.067185" level="INFO">Clicking button 'xpath://button[@class="btn d-flex justify-content-center align-items-center w-100 h-100 btn-primary btn-action-primary"]'.</msg>
<arg>${submit_btn}</arg>
<doc>Clicks the button identified by ``locator``.</doc>
<status status="PASS" start="2024-07-17T09:13:55.066062" elapsed="0.230608"/>
</kw>
<status status="PASS" start="2024-07-17T09:13:55.064979" elapsed="0.231691"/>
</kw>
<kw name="Click the Banking Option" owner="HomeResource">
<kw name="Wait Until Element Is Visible" owner="SeleniumLibrary">
<arg>${Banking}</arg>
<doc>Waits until the element ``locator`` is visible.</doc>
<status status="PASS" start="2024-07-17T09:13:55.297674" elapsed="0.792480"/>
</kw>
<kw name="Click Element" owner="SeleniumLibrary">
<msg time="2024-07-17T09:13:56.091154" level="INFO">Clicking element 'xpath://div[text()='Banking']'.</msg>
<arg>${Banking}</arg>
<doc>Click the element identified by ``locator``.</doc>
<status status="PASS" start="2024-07-17T09:13:56.091154" elapsed="0.137011"/>
</kw>
<status status="PASS" start="2024-07-17T09:13:55.297674" elapsed="0.930491"/>
</kw>
<kw name="Verify the Banking page is displayed" owner="HomeResource">
<kw name="Element Text Should Be" owner="SeleniumLibrary">
<msg time="2024-07-17T09:13:56.229217" level="INFO">Verifying element 'xpath://div[text()='Banking']' contains exact text 'Banking'.</msg>
<arg>${Banking_page_verify}</arg>
<arg>${Banking_page_keyword}</arg>
<doc>Verifies that element ``locator`` contains exact the text ``expected``.</doc>
<status status="PASS" start="2024-07-17T09:13:56.229217" elapsed="0.046573"/>
</kw>
<status status="PASS" start="2024-07-17T09:13:56.228165" elapsed="0.047625"/>
</kw>
<kw name="Verify the Receive qr code page" owner="ReceiveQRcodeResources">
<kw name="Wait Until Element Is Visible" owner="SeleniumLibrary">
<arg>${receive_qr}</arg>
<doc>Waits until the element ``locator`` is visible.</doc>
<status status="PASS" start="2024-07-17T09:13:56.277791" elapsed="1.419230"/>
</kw>
<kw name="Click Element" owner="SeleniumLibrary">
<msg time="2024-07-17T09:13:57.698021" level="INFO">Clicking element 'xpath://div[text()='Receive QR-code']'.</msg>
<arg>${receive_qr}</arg>
<doc>Click the element identified by ``locator``.</doc>
<status status="PASS" start="2024-07-17T09:13:57.697021" elapsed="0.132542"/>
</kw>
<kw name="Element Text Should Be" owner="SeleniumLibrary">
<msg time="2024-07-17T09:13:57.830564" level="INFO">Verifying element 'xpath://div[text()=' Receive QR-code payment ']' contains exact text 'Receive QR-code payment'.</msg>
<arg>${Receive_qr_key_xpath}</arg>
<arg>${receive_qr_keyword}</arg>
<doc>Verifies that element ``locator`` contains exact the text ``expected``.</doc>
<status status="PASS" start="2024-07-17T09:13:57.829563" elapsed="0.371936"/>
</kw>
<status status="PASS" start="2024-07-17T09:13:56.276789" elapsed="1.925718"/>
</kw>
<kw name="Fill the payment form with data" owner="ReceiveQRcodeResources">
<kw name="Input Text" owner="SeleniumLibrary">
<msg time="2024-07-17T09:13:58.204010" level="INFO">Typing text '100' into text field 'css:div[class='input-group'] input'.</msg>
<arg>${amount_css}</arg>
<arg>${amount}</arg>
<doc>Types the given ``text`` into the text field identified by ``locator``.</doc>
<status status="PASS" start="2024-07-17T09:13:58.203504" elapsed="0.117632"/>
</kw>
<kw name="Input Text" owner="SeleniumLibrary">
<msg time="2024-07-17T09:13:58.322145" level="INFO">Typing text '"Payment through QR code"' into text field 'css:div[class='label-value-container'] textarea'.</msg>
<arg>${descript_css}</arg>
<arg>${description}</arg>
<doc>Types the given ``text`` into the text field identified by ``locator``.</doc>
<status status="PASS" start="2024-07-17T09:13:58.321136" elapsed="0.233626"/>
</kw>
<kw name="Click Button" owner="SeleniumLibrary">
<msg time="2024-07-17T09:13:58.555765" level="INFO">Clicking button 'xpath://button[@class='btn d-flex justify-content-center align-items-center w-100 h-100 btn-primary']'.</msg>
<arg>${gen_qr}</arg>
<doc>Clicks the button identified by ``locator``.</doc>
<status status="PASS" start="2024-07-17T09:13:58.554762" elapsed="0.124135"/>
</kw>
<arg>${amount}</arg>
<arg>${description}</arg>
<status status="PASS" start="2024-07-17T09:13:58.202507" elapsed="0.476390"/>
</kw>
<kw name="Verify the qr code is displayed" owner="ReceiveQRcodeResources">
<kw name="Wait Until Element Is Visible" owner="SeleniumLibrary">
<arg>${gen_qr}</arg>
<doc>Waits until the element ``locator`` is visible.</doc>
<status status="PASS" start="2024-07-17T09:13:58.682954" elapsed="0.040134"/>
</kw>
<kw name="Element Should Be Visible" owner="SeleniumLibrary">
<msg time="2024-07-17T09:13:58.755209" level="INFO">Element 'xpath://button[@class='btn d-flex justify-content-center align-items-center w-100 h-100 btn-primary']' is displayed.</msg>
<arg>${gen_qr}</arg>
<doc>Verifies that the element identified by ``locator`` is visible.</doc>
<status status="PASS" start="2024-07-17T09:13:58.724492" elapsed="0.032168"/>
</kw>
<status status="PASS" start="2024-07-17T09:13:58.679925" elapsed="0.076735"/>
</kw>
<kw name="Close Browser Session" owner="GenericResource" type="TEARDOWN">
<kw name="Close Browser" owner="SeleniumLibrary">
<doc>Closes the current browser.</doc>
<status status="PASS" start="2024-07-17T09:13:58.759691" elapsed="4.026873"/>
</kw>
<status status="PASS" start="2024-07-17T09:13:58.757670" elapsed="4.028894"/>
</kw>
<doc>To validate the Receive qr code feature</doc>
<tag>Smoke</tag>
<status status="PASS" start="2024-07-17T09:13:44.969283" elapsed="17.818276"/>
</test>
<test id="s1-s1-s1-t2" name="Validate the Receive QR code functionality with empty data" line="30">
<kw name="Open the Browser with URL" owner="GenericResource" type="SETUP">
<kw name="Create Webdriver" owner="SeleniumLibrary">
<msg time="2024-07-17T09:14:02.792561" level="INFO">Creating an instance of the Chrome WebDriver.</msg>
<arg>${brower_name}</arg>
<doc>Creates an instance of Selenium WebDriver.</doc>
<status status="PASS" start="2024-07-17T09:14:02.791561" elapsed="1.862312"/>
</kw>
<kw name="Go To" owner="SeleniumLibrary">
<msg time="2024-07-17T09:14:04.653873" level="INFO">Opening url 'https://demo.cyclos.org/ui/home'</msg>
<arg>${url}</arg>
<doc>Navigates the current browser window to the provided ``url``.</doc>
<status status="PASS" start="2024-07-17T09:14:04.653873" elapsed="1.464234"/>
</kw>
<kw name="Maximize Browser Window" owner="SeleniumLibrary">
<doc>Maximizes current browser window.</doc>
<status status="PASS" start="2024-07-17T09:14:06.118107" elapsed="2.181677"/>
</kw>
<kw name="Set Selenium Implicit Wait" owner="SeleniumLibrary">
<arg>5</arg>
<doc>Sets the implicit wait value used by Selenium.</doc>
<status status="PASS" start="2024-07-17T09:14:08.300778" elapsed="0.002192"/>
</kw>
<status status="PASS" start="2024-07-17T09:14:02.790559" elapsed="5.512411"/>
</kw>
<kw name="Go to Login Page" owner="HomeResource">
<kw name="Wait Until Element Is Visible" owner="SeleniumLibrary">
<arg>${login_btn}</arg>
<doc>Waits until the element ``locator`` is visible.</doc>
<status status="PASS" start="2024-07-17T09:14:08.303974" elapsed="2.838836"/>
</kw>
<kw name="Click Element" owner="SeleniumLibrary">
<msg time="2024-07-17T09:14:11.143807" level="INFO">Clicking element 'xpath:(//div[@class="ml-2"])[3]'.</msg>
<arg>${login_btn}</arg>
<doc>Click the element identified by ``locator``.</doc>
<status status="PASS" start="2024-07-17T09:14:11.143807" elapsed="0.112906"/>
</kw>
<status status="PASS" start="2024-07-17T09:14:08.302970" elapsed="2.953743"/>
</kw>
<kw name="Fill the login form" owner="LoginResource">
<kw name="Input Text" owner="SeleniumLibrary">
<msg time="2024-07-17T09:14:11.257717" level="INFO">Typing text 'sandhiyas' into text field 'css:input[placeholder="User"]'.</msg>
<arg>${username}</arg>
<arg>${user}</arg>
<doc>Types the given ``text`` into the text field identified by ``locator``.</doc>
<status status="PASS" start="2024-07-17T09:14:11.257717" elapsed="0.372042"/>
</kw>
<kw name="Input Password" owner="SeleniumLibrary">
<msg time="2024-07-17T09:14:11.631756" level="INFO">Typing password into text field 'css:input[placeholder="Password"]'.</msg>
<msg time="2024-07-17T09:14:11.681722" level="INFO">Temporally setting log level to: NONE</msg>
<arg>${password}</arg>
<arg>${pass}</arg>
<doc>Types the given password into the text field identified by ``locator``.</doc>
<status status="PASS" start="2024-07-17T09:14:11.630756" elapsed="0.145727"/>
</kw>
<arg>sandhiyas</arg>
<arg>Sand@123</arg>
<status status="PASS" start="2024-07-17T09:14:11.256713" elapsed="0.519770"/>
</kw>
<kw name="click the login button" owner="LoginResource">
<kw name="Click Button" owner="SeleniumLibrary">
<msg time="2024-07-17T09:14:11.779484" level="INFO">Clicking button 'xpath://button[@class="btn d-flex justify-content-center align-items-center w-100 h-100 btn-primary btn-action-primary"]'.</msg>
<arg>${submit_btn}</arg>
<doc>Clicks the button identified by ``locator``.</doc>
<status status="PASS" start="2024-07-17T09:14:11.778484" elapsed="0.112475"/>
</kw>
<status status="PASS" start="2024-07-17T09:14:11.776483" elapsed="0.114476"/>
</kw>
<kw name="Click the Banking Option" owner="HomeResource">
<kw name="Wait Until Element Is Visible" owner="SeleniumLibrary">
<arg>${Banking}</arg>
<doc>Waits until the element ``locator`` is visible.</doc>
<status status="PASS" start="2024-07-17T09:14:11.892959" elapsed="0.730779"/>
</kw>
<kw name="Click Element" owner="SeleniumLibrary">
<msg time="2024-07-17T09:14:12.624739" level="INFO">Clicking element 'xpath://div[text()='Banking']'.</msg>
<arg>${Banking}</arg>
<doc>Click the element identified by ``locator``.</doc>
<status status="PASS" start="2024-07-17T09:14:12.623738" elapsed="0.069602"/>
</kw>
<status status="PASS" start="2024-07-17T09:14:11.891959" elapsed="0.802571"/>
</kw>
<kw name="Verify the Banking page is displayed" owner="HomeResource">
<kw name="Element Text Should Be" owner="SeleniumLibrary">
<msg time="2024-07-17T09:14:12.697587" level="INFO">Verifying element 'xpath://div[text()='Banking']' contains exact text 'Banking'.</msg>
<arg>${Banking_page_verify}</arg>
<arg>${Banking_page_keyword}</arg>
<doc>Verifies that element ``locator`` contains exact the text ``expected``.</doc>
<status status="PASS" start="2024-07-17T09:14:12.696569" elapsed="0.034039"/>
</kw>
<status status="PASS" start="2024-07-17T09:14:12.695550" elapsed="0.036079"/>
</kw>
<kw name="Verify the Receive qr code page" owner="ReceiveQRcodeResources">
<kw name="Wait Until Element Is Visible" owner="SeleniumLibrary">
<arg>${receive_qr}</arg>
<doc>Waits until the element ``locator`` is visible.</doc>
<status status="PASS" start="2024-07-17T09:14:12.731629" elapsed="1.049878"/>
</kw>
<kw name="Click Element" owner="SeleniumLibrary">
<msg time="2024-07-17T09:14:13.782538" level="INFO">Clicking element 'xpath://div[text()='Receive QR-code']'.</msg>
<arg>${receive_qr}</arg>
<doc>Click the element identified by ``locator``.</doc>
<status status="PASS" start="2024-07-17T09:14:13.781507" elapsed="0.093995"/>
</kw>
<kw name="Element Text Should Be" owner="SeleniumLibrary">
<msg time="2024-07-17T09:14:13.876502" level="INFO">Verifying element 'xpath://div[text()=' Receive QR-code payment ']' contains exact text 'Receive QR-code payment'.</msg>
<arg>${Receive_qr_key_xpath}</arg>
<arg>${receive_qr_keyword}</arg>
<doc>Verifies that element ``locator`` contains exact the text ``expected``.</doc>
<status status="PASS" start="2024-07-17T09:14:13.875502" elapsed="0.270636"/>
</kw>
<status status="PASS" start="2024-07-17T09:14:12.731629" elapsed="1.414509"/>
</kw>
<kw name="Fill the payment form with data" owner="ReceiveQRcodeResources">
<kw name="Input Text" owner="SeleniumLibrary">
<msg time="2024-07-17T09:14:14.148226" level="INFO">Typing text '' into text field 'css:div[class='input-group'] input'.</msg>
<arg>${amount_css}</arg>
<arg>${amount}</arg>
<doc>Types the given ``text`` into the text field identified by ``locator``.</doc>
<status status="PASS" start="2024-07-17T09:14:14.147230" elapsed="0.089070"/>
</kw>
<kw name="Input Text" owner="SeleniumLibrary">
<msg time="2024-07-17T09:14:14.236300" level="INFO">Typing text '' into text field 'css:div[class='label-value-container'] textarea'.</msg>
<arg>${descript_css}</arg>
<arg>${description}</arg>
<doc>Types the given ``text`` into the text field identified by ``locator``.</doc>
<status status="PASS" start="2024-07-17T09:14:14.236300" elapsed="0.109934"/>
</kw>
<kw name="Click Button" owner="SeleniumLibrary">
<msg time="2024-07-17T09:14:14.347263" level="INFO">Clicking button 'xpath://button[@class='btn d-flex justify-content-center align-items-center w-100 h-100 btn-primary']'.</msg>
<arg>${gen_qr}</arg>
<doc>Clicks the button identified by ``locator``.</doc>
<status status="PASS" start="2024-07-17T09:14:14.347263" elapsed="0.099675"/>
</kw>
<arg>${blank_amount}</arg>
<arg>${blank_description}</arg>
<status status="PASS" start="2024-07-17T09:14:14.146138" elapsed="0.300800"/>
</kw>
<kw name="verify error message is displayed" owner="ReceiveQRcodeResources">
<kw name="Element Should Be Visible" owner="SeleniumLibrary">
<msg time="2024-07-17T09:14:14.487636" level="INFO">Element 'xpath:(//div[@class='d-flex label-value-value']/field-errors/div)' is displayed.</msg>
<arg>${error_mess}</arg>
<doc>Verifies that the element identified by ``locator`` is visible.</doc>
<status status="PASS" start="2024-07-17T09:14:14.448970" elapsed="0.038666"/>
</kw>
<status status="PASS" start="2024-07-17T09:14:14.447951" elapsed="0.041175"/>
</kw>
<kw name="Close Browser Session" owner="GenericResource" type="TEARDOWN">
<kw name="Close Browser" owner="SeleniumLibrary">
<doc>Closes the current browser.</doc>
<status status="PASS" start="2024-07-17T09:14:14.489126" elapsed="2.267406"/>
</kw>
<status status="PASS" start="2024-07-17T09:14:14.489126" elapsed="2.268438"/>
</kw>
<doc>To validate the Receive qr code feature</doc>
<tag>Smoke</tag>
<status status="PASS" start="2024-07-17T09:14:02.788560" elapsed="13.969004"/>
</test>
<test id="s1-s1-s1-t3" name="Validate the Receive QR code functionality with empty amount data" line="42">
<kw name="Open the Browser with URL" owner="GenericResource" type="SETUP">
<kw name="Create Webdriver" owner="SeleniumLibrary">
<msg time="2024-07-17T09:14:16.761562" level="INFO">Creating an instance of the Chrome WebDriver.</msg>
<arg>${brower_name}</arg>
<doc>Creates an instance of Selenium WebDriver.</doc>
<status status="PASS" start="2024-07-17T09:14:16.760563" elapsed="2.104195"/>
</kw>
<kw name="Go To" owner="SeleniumLibrary">
<msg time="2024-07-17T09:14:18.866757" level="INFO">Opening url 'https://demo.cyclos.org/ui/home'</msg>
<arg>${url}</arg>
<doc>Navigates the current browser window to the provided ``url``.</doc>
<status status="PASS" start="2024-07-17T09:14:18.865756" elapsed="3.779482"/>
</kw>
<kw name="Maximize Browser Window" owner="SeleniumLibrary">
<doc>Maximizes current browser window.</doc>
<status status="PASS" start="2024-07-17T09:14:22.645238" elapsed="0.125130"/>
</kw>
<kw name="Set Selenium Implicit Wait" owner="SeleniumLibrary">
<arg>5</arg>
<doc>Sets the implicit wait value used by Selenium.</doc>
<status status="PASS" start="2024-07-17T09:14:22.770368" elapsed="0.001999"/>
</kw>
<status status="PASS" start="2024-07-17T09:14:16.759561" elapsed="6.012806"/>
</kw>
<kw name="Go to Login Page" owner="HomeResource">
<kw name="Wait Until Element Is Visible" owner="SeleniumLibrary">
<arg>${login_btn}</arg>
<doc>Waits until the element ``locator`` is visible.</doc>
<status status="PASS" start="2024-07-17T09:14:22.773367" elapsed="3.395158"/>
</kw>
<kw name="Click Element" owner="SeleniumLibrary">
<msg time="2024-07-17T09:14:26.169836" level="INFO">Clicking element 'xpath:(//div[@class="ml-2"])[3]'.</msg>
<arg>${login_btn}</arg>
<doc>Click the element identified by ``locator``.</doc>
<status status="PASS" start="2024-07-17T09:14:26.169836" elapsed="0.231834"/>
</kw>
<status status="PASS" start="2024-07-17T09:14:22.772367" elapsed="3.630303"/>
</kw>
<kw name="Fill the login form" owner="LoginResource">
<kw name="Input Text" owner="SeleniumLibrary">
<msg time="2024-07-17T09:14:26.403670" level="INFO">Typing text 'sandhiyas' into text field 'css:input[placeholder="User"]'.</msg>
<arg>${username}</arg>
<arg>${user}</arg>
<doc>Types the given ``text`` into the text field identified by ``locator``.</doc>
<status status="PASS" start="2024-07-17T09:14:26.402670" elapsed="0.216903"/>
</kw>
<kw name="Input Password" owner="SeleniumLibrary">
<msg time="2024-07-17T09:14:26.619573" level="INFO">Typing password into text field 'css:input[placeholder="Password"]'.</msg>
<msg time="2024-07-17T09:14:26.685927" level="INFO">Temporally setting log level to: NONE</msg>
<arg>${password}</arg>
<arg>${pass}</arg>
<doc>Types the given password into the text field identified by ``locator``.</doc>
<status status="PASS" start="2024-07-17T09:14:26.619573" elapsed="0.207424"/>
</kw>
<arg>sandhiyas</arg>
<arg>Sand@123</arg>
<status status="PASS" start="2024-07-17T09:14:26.402670" elapsed="0.424327"/>
</kw>
<kw name="click the login button" owner="LoginResource">
<kw name="Click Button" owner="SeleniumLibrary">
<msg time="2024-07-17T09:14:26.827991" level="INFO">Clicking button 'xpath://button[@class="btn d-flex justify-content-center align-items-center w-100 h-100 btn-primary btn-action-primary"]'.</msg>
<arg>${submit_btn}</arg>
<doc>Clicks the button identified by ``locator``.</doc>
<status status="PASS" start="2024-07-17T09:14:26.827991" elapsed="0.121763"/>
</kw>
<status status="PASS" start="2024-07-17T09:14:26.826997" elapsed="0.122757"/>
</kw>
<kw name="Click the Banking Option" owner="HomeResource">
<kw name="Wait Until Element Is Visible" owner="SeleniumLibrary">
<arg>${Banking}</arg>
<doc>Waits until the element ``locator`` is visible.</doc>
<status status="PASS" start="2024-07-17T09:14:26.951009" elapsed="1.898304"/>
</kw>
<kw name="Click Element" owner="SeleniumLibrary">
<msg time="2024-07-17T09:14:28.850327" level="INFO">Clicking element 'xpath://div[text()='Banking']'.</msg>
<arg>${Banking}</arg>
<doc>Click the element identified by ``locator``.</doc>
<status status="PASS" start="2024-07-17T09:14:28.850327" elapsed="0.114246"/>
</kw>
<status status="PASS" start="2024-07-17T09:14:26.951009" elapsed="2.013564"/>
</kw>
<kw name="Verify the Banking page is displayed" owner="HomeResource">
<kw name="Element Text Should Be" owner="SeleniumLibrary">
<msg time="2024-07-17T09:14:28.965579" level="INFO">Verifying element 'xpath://div[text()='Banking']' contains exact text 'Banking'.</msg>
<arg>${Banking_page_verify}</arg>
<arg>${Banking_page_keyword}</arg>
<doc>Verifies that element ``locator`` contains exact the text ``expected``.</doc>
<status status="PASS" start="2024-07-17T09:14:28.965579" elapsed="0.050751"/>
</kw>
<status status="PASS" start="2024-07-17T09:14:28.964573" elapsed="0.051757"/>
</kw>
<kw name="Verify the Receive qr code page" owner="ReceiveQRcodeResources">
<kw name="Wait Until Element Is Visible" owner="SeleniumLibrary">
<arg>${receive_qr}</arg>
<doc>Waits until the element ``locator`` is visible.</doc>
<status status="PASS" start="2024-07-17T09:14:29.017331" elapsed="3.090706"/>
</kw>
<kw name="Click Element" owner="SeleniumLibrary">
<msg time="2024-07-17T09:14:32.109036" level="INFO">Clicking element 'xpath://div[text()='Receive QR-code']'.</msg>
<arg>${receive_qr}</arg>
<doc>Click the element identified by ``locator``.</doc>
<status status="PASS" start="2024-07-17T09:14:32.108037" elapsed="0.399068"/>
</kw>
<kw name="Element Text Should Be" owner="SeleniumLibrary">
<msg time="2024-07-17T09:14:32.510115" level="INFO">Verifying element 'xpath://div[text()=' Receive QR-code payment ']' contains exact text 'Receive QR-code payment'.</msg>
<arg>${Receive_qr_key_xpath}</arg>
<arg>${receive_qr_keyword}</arg>
<doc>Verifies that element ``locator`` contains exact the text ``expected``.</doc>
<status status="PASS" start="2024-07-17T09:14:32.508115" elapsed="0.535683"/>
</kw>
<status status="PASS" start="2024-07-17T09:14:29.016330" elapsed="4.028473"/>
</kw>
<kw name="Fill the payment form with data" owner="ReceiveQRcodeResources">
<kw name="Input Text" owner="SeleniumLibrary">
<msg time="2024-07-17T09:14:33.046802" level="INFO">Typing text '' into text field 'css:div[class='input-group'] input'.</msg>
<arg>${amount_css}</arg>
<arg>${amount}</arg>
<doc>Types the given ``text`` into the text field identified by ``locator``.</doc>
<status status="PASS" start="2024-07-17T09:14:33.045802" elapsed="0.339618"/>
</kw>
<kw name="Input Text" owner="SeleniumLibrary">
<msg time="2024-07-17T09:14:33.387428" level="INFO">Typing text '"Payment through QR code"' into text field 'css:div[class='label-value-container'] textarea'.</msg>
<arg>${descript_css}</arg>
<arg>${description}</arg>
<doc>Types the given ``text`` into the text field identified by ``locator``.</doc>
<status status="PASS" start="2024-07-17T09:14:33.386427" elapsed="0.908494"/>
</kw>
<kw name="Click Button" owner="SeleniumLibrary">
<msg time="2024-07-17T09:14:34.295922" level="INFO">Clicking button 'xpath://button[@class='btn d-flex justify-content-center align-items-center w-100 h-100 btn-primary']'.</msg>
<arg>${gen_qr}</arg>
<doc>Clicks the button identified by ``locator``.</doc>
<status status="PASS" start="2024-07-17T09:14:34.295922" elapsed="0.881970"/>
</kw>
<arg>${blank_amount}</arg>
<arg>${description}</arg>
<status status="PASS" start="2024-07-17T09:14:33.044803" elapsed="2.134091"/>
</kw>
<kw name="verify error message is displayed" owner="ReceiveQRcodeResources">
<kw name="Element Should Be Visible" owner="SeleniumLibrary">
<msg time="2024-07-17T09:14:35.249159" level="INFO">Element 'xpath:(//div[@class='d-flex label-value-value']/field-errors/div)' is displayed.</msg>
<arg>${error_mess}</arg>
<doc>Verifies that the element identified by ``locator`` is visible.</doc>
<status status="PASS" start="2024-07-17T09:14:35.184053" elapsed="0.066106"/>
</kw>
<status status="PASS" start="2024-07-17T09:14:35.178894" elapsed="0.071265"/>
</kw>
<kw name="Close Browser Session" owner="GenericResource" type="TEARDOWN">
<kw name="Close Browser" owner="SeleniumLibrary">
<doc>Closes the current browser.</doc>
<status status="PASS" start="2024-07-17T09:14:35.252482" elapsed="4.178576"/>
</kw>
<status status="PASS" start="2024-07-17T09:14:35.251156" elapsed="4.180855"/>
</kw>
<doc>To validate the Receive qr code feature</doc>
<tag>Smoke</tag>
<status status="PASS" start="2024-07-17T09:14:16.758562" elapsed="22.673449"/>
</test>
<test id="s1-s1-s1-t4" name="Validate the Receive QR code functionality with blank description" line="54">
<kw name="Open the Browser with URL" owner="GenericResource" type="SETUP">
<kw name="Create Webdriver" owner="SeleniumLibrary">
<msg time="2024-07-17T09:14:39.436076" level="INFO">Creating an instance of the Chrome WebDriver.</msg>
<arg>${brower_name}</arg>
<doc>Creates an instance of Selenium WebDriver.</doc>
<status status="PASS" start="2024-07-17T09:14:39.435076" elapsed="2.491735"/>
</kw>
<kw name="Go To" owner="SeleniumLibrary">
<msg time="2024-07-17T09:14:41.929844" level="INFO">Opening url 'https://demo.cyclos.org/ui/home'</msg>
<arg>${url}</arg>
<doc>Navigates the current browser window to the provided ``url``.</doc>
<status status="PASS" start="2024-07-17T09:14:41.927820" elapsed="1.156658"/>
</kw>
<kw name="Maximize Browser Window" owner="SeleniumLibrary">
<doc>Maximizes current browser window.</doc>
<status status="PASS" start="2024-07-17T09:14:43.084478" elapsed="1.578048"/>
</kw>
<kw name="Set Selenium Implicit Wait" owner="SeleniumLibrary">
<arg>5</arg>
<doc>Sets the implicit wait value used by Selenium.</doc>
<status status="PASS" start="2024-07-17T09:14:44.662526" elapsed="0.003057"/>
</kw>
<status status="PASS" start="2024-07-17T09:14:39.434059" elapsed="5.231524"/>
</kw>
<kw name="Go to Login Page" owner="HomeResource">
<kw name="Wait Until Element Is Visible" owner="SeleniumLibrary">
<arg>${login_btn}</arg>
<doc>Waits until the element ``locator`` is visible.</doc>
<status status="PASS" start="2024-07-17T09:14:44.666588" elapsed="2.225837"/>
</kw>
<kw name="Click Element" owner="SeleniumLibrary">
<msg time="2024-07-17T09:14:46.893425" level="INFO">Clicking element 'xpath:(//div[@class="ml-2"])[3]'.</msg>
<arg>${login_btn}</arg>
<doc>Click the element identified by ``locator``.</doc>
<status status="PASS" start="2024-07-17T09:14:46.892425" elapsed="0.085949"/>
</kw>
<status status="PASS" start="2024-07-17T09:14:44.666588" elapsed="2.311786"/>
</kw>
<kw name="Fill the login form" owner="LoginResource">
<kw name="Input Text" owner="SeleniumLibrary">
<msg time="2024-07-17T09:14:46.979523" level="INFO">Typing text 'sandhiyas' into text field 'css:input[placeholder="User"]'.</msg>
<arg>${username}</arg>
<arg>${user}</arg>
<doc>Types the given ``text`` into the text field identified by ``locator``.</doc>
<status status="PASS" start="2024-07-17T09:14:46.979523" elapsed="0.119065"/>
</kw>
<kw name="Input Password" owner="SeleniumLibrary">
<msg time="2024-07-17T09:14:47.099586" level="INFO">Typing password into text field 'css:input[placeholder="Password"]'.</msg>
<msg time="2024-07-17T09:14:47.130804" level="INFO">Temporally setting log level to: NONE</msg>
<arg>${password}</arg>
<arg>${pass}</arg>
<doc>Types the given password into the text field identified by ``locator``.</doc>
<status status="PASS" start="2024-07-17T09:14:47.098588" elapsed="0.105466"/>
</kw>
<arg>sandhiyas</arg>
<arg>Sand@123</arg>
<status status="PASS" start="2024-07-17T09:14:46.978374" elapsed="0.225680"/>
</kw>
<kw name="click the login button" owner="LoginResource">
<kw name="Click Button" owner="SeleniumLibrary">
<msg time="2024-07-17T09:14:47.205226" level="INFO">Clicking button 'xpath://button[@class="btn d-flex justify-content-center align-items-center w-100 h-100 btn-primary btn-action-primary"]'.</msg>
<arg>${submit_btn}</arg>
<doc>Clicks the button identified by ``locator``.</doc>
<status status="PASS" start="2024-07-17T09:14:47.205226" elapsed="0.093398"/>
</kw>
<status status="PASS" start="2024-07-17T09:14:47.205226" elapsed="0.093398"/>
</kw>
<kw name="Click the Banking Option" owner="HomeResource">
<kw name="Wait Until Element Is Visible" owner="SeleniumLibrary">
<arg>${Banking}</arg>
<doc>Waits until the element ``locator`` is visible.</doc>
<status status="PASS" start="2024-07-17T09:14:47.299830" elapsed="1.164347"/>
</kw>
<kw name="Click Element" owner="SeleniumLibrary">
<msg time="2024-07-17T09:14:48.464177" level="INFO">Clicking element 'xpath://div[text()='Banking']'.</msg>
<arg>${Banking}</arg>
<doc>Click the element identified by ``locator``.</doc>
<status status="PASS" start="2024-07-17T09:14:48.464177" elapsed="0.044451"/>
</kw>
<status status="PASS" start="2024-07-17T09:14:47.298624" elapsed="1.211010"/>
</kw>
<kw name="Verify the Banking page is displayed" owner="HomeResource">
<kw name="Element Text Should Be" owner="SeleniumLibrary">
<msg time="2024-07-17T09:14:48.510644" level="INFO">Verifying element 'xpath://div[text()='Banking']' contains exact text 'Banking'.</msg>
<arg>${Banking_page_verify}</arg>
<arg>${Banking_page_keyword}</arg>
<doc>Verifies that element ``locator`` contains exact the text ``expected``.</doc>
<status status="PASS" start="2024-07-17T09:14:48.509634" elapsed="0.021401"/>
</kw>
<status status="PASS" start="2024-07-17T09:14:48.509634" elapsed="0.021401"/>
</kw>
<kw name="Verify the Receive qr code page" owner="ReceiveQRcodeResources">
<kw name="Wait Until Element Is Visible" owner="SeleniumLibrary">
<arg>${receive_qr}</arg>
<doc>Waits until the element ``locator`` is visible.</doc>
<status status="PASS" start="2024-07-17T09:14:48.532079" elapsed="1.323900"/>
</kw>
<kw name="Click Element" owner="SeleniumLibrary">
<msg time="2024-07-17T09:14:49.855979" level="INFO">Clicking element 'xpath://div[text()='Receive QR-code']'.</msg>
<arg>${receive_qr}</arg>
<doc>Click the element identified by ``locator``.</doc>
<status status="PASS" start="2024-07-17T09:14:49.855979" elapsed="0.073310"/>
</kw>
<kw name="Element Text Should Be" owner="SeleniumLibrary">
<msg time="2024-07-17T09:14:49.930767" level="INFO">Verifying element 'xpath://div[text()=' Receive QR-code payment ']' contains exact text 'Receive QR-code payment'.</msg>
<arg>${Receive_qr_key_xpath}</arg>
<arg>${receive_qr_keyword}</arg>
<doc>Verifies that element ``locator`` contains exact the text ``expected``.</doc>
<status status="PASS" start="2024-07-17T09:14:49.930767" elapsed="0.269260"/>
</kw>
<status status="PASS" start="2024-07-17T09:14:48.531035" elapsed="1.668992"/>
</kw>
<kw name="Fill the payment form with data" owner="ReceiveQRcodeResources">
<kw name="Input Text" owner="SeleniumLibrary">
<msg time="2024-07-17T09:14:50.201038" level="INFO">Typing text '100' into text field 'css:div[class='input-group'] input'.</msg>
<arg>${amount_css}</arg>
<arg>${amount}</arg>
<doc>Types the given ``text`` into the text field identified by ``locator``.</doc>
<status status="PASS" start="2024-07-17T09:14:50.201038" elapsed="0.074677"/>
</kw>
<kw name="Input Text" owner="SeleniumLibrary">
<msg time="2024-07-17T09:14:50.275715" level="INFO">Typing text '' into text field 'css:div[class='label-value-container'] textarea'.</msg>
<arg>${descript_css}</arg>
<arg>${description}</arg>
<doc>Types the given ``text`` into the text field identified by ``locator``.</doc>
<status status="PASS" start="2024-07-17T09:14:50.275715" elapsed="0.062921"/>
</kw>
<kw name="Click Button" owner="SeleniumLibrary">
<msg time="2024-07-17T09:14:50.339638" level="INFO">Clicking button 'xpath://button[@class='btn d-flex justify-content-center align-items-center w-100 h-100 btn-primary']'.</msg>
<arg>${gen_qr}</arg>
<doc>Clicks the button identified by ``locator``.</doc>
<status status="PASS" start="2024-07-17T09:14:50.338636" elapsed="0.063128"/>
</kw>
<arg>${amount}</arg>
<arg>${blank_description}</arg>
<status status="PASS" start="2024-07-17T09:14:50.200027" elapsed="0.201737"/>
</kw>
<kw name="Verify the qr code is displayed" owner="ReceiveQRcodeResources">
<kw name="Wait Until Element Is Visible" owner="SeleniumLibrary">
<arg>${gen_qr}</arg>
<doc>Waits until the element ``locator`` is visible.</doc>
<status status="PASS" start="2024-07-17T09:14:50.403251" elapsed="0.011182"/>
</kw>
<kw name="Element Should Be Visible" owner="SeleniumLibrary">
<msg time="2024-07-17T09:14:50.427027" level="INFO">Element 'xpath://button[@class='btn d-flex justify-content-center align-items-center w-100 h-100 btn-primary']' is displayed.</msg>
<arg>${gen_qr}</arg>
<doc>Verifies that the element identified by ``locator`` is visible.</doc>
<status status="PASS" start="2024-07-17T09:14:50.414433" elapsed="0.013607"/>
</kw>
<status status="PASS" start="2024-07-17T09:14:50.403251" elapsed="0.024789"/>
</kw>
<kw name="Close Browser Session" owner="GenericResource" type="TEARDOWN">
<kw name="Close Browser" owner="SeleniumLibrary">
<doc>Closes the current browser.</doc>
<status status="PASS" start="2024-07-17T09:14:50.428040" elapsed="2.164843"/>
</kw>
<status status="PASS" start="2024-07-17T09:14:50.428040" elapsed="2.164843"/>
</kw>
<doc>To validate the Receive qr code feature</doc>
<tag>Smoke</tag>
<status status="PASS" start="2024-07-17T09:14:39.432011" elapsed="13.161973"/>
</test>
<doc>This checks the Receive QR code fubctionality</doc>
<status status="PASS" start="2024-07-17T09:13:44.117047" elapsed="68.477940"/>
</suite>
<status status="PASS" start="2024-07-17T09:13:44.109046" elapsed="68.486948"/>
</suite>
<status status="PASS" start="2024-07-17T09:13:44.050002" elapsed="68.546983"/>
</suite>
<statistics>
<total>
<stat pass="4" fail="0" skip="0">All Tests</stat>
</total>
<tag>
<stat pass="4" fail="0" skip="0">Smoke</stat>
</tag>
<suite>
<stat pass="4" fail="0" skip="0" id="s1" name="PilotProject Cyclos Team1-1">PilotProject Cyclos Team1-1</stat>
<stat pass="4" fail="0" skip="0" id="s1-s1" name="TestCases">PilotProject Cyclos Team1-1.TestCases</stat>
<stat pass="4" fail="0" skip="0" id="s1-s1-s1" name="test receiveQRcode">PilotProject Cyclos Team1-1.TestCases.test receiveQRcode</stat>
</suite>
</statistics>
<errors>
</errors>
</robot>
