<?xml version="1.0" encoding="UTF-8"?>
<robot generator="Robot 7.0 (Python 3.12.2 on win32)" generated="2024-07-17T09:13:47.370515" rpa="false" schemaversion="5">
<suite id="s1" name="PilotProject Cyclos Team1-1" source="C:\Users\ASUS\Desktop\PilotProject_Cyclos_Team1-1">
<suite id="s1-s1" name="TestCases" source="C:\Users\ASUS\Desktop\PilotProject_Cyclos_Team1-1\TestCases">
<suite id="s1-s1-s1" name="test recurringPayment" source="C:\Users\ASUS\Desktop\PilotProject_Cyclos_Team1-1\TestCases\test_recurringPayment.robot">
<test id="s1-s1-s1-t1" name="To validate payment" line="16">
<kw name="Open the Browser with URL" owner="GenericResource" type="SETUP">
<kw name="Create Webdriver" owner="SeleniumLibrary">
<msg time="2024-07-17T09:13:50.481057" level="INFO">Creating an instance of the Chrome WebDriver.</msg>
<arg>${brower_name}</arg>
<doc>Creates an instance of Selenium WebDriver.</doc>
<status status="PASS" start="2024-07-17T09:13:50.481057" elapsed="3.586562"/>
</kw>
<kw name="Go To" owner="SeleniumLibrary">
<msg time="2024-07-17T09:13:54.068910" level="INFO">Opening url 'https://demo.cyclos.org/ui/home'</msg>
<arg>${url}</arg>
<doc>Navigates the current browser window to the provided ``url``.</doc>
<status status="PASS" start="2024-07-17T09:13:54.067619" elapsed="3.699112"/>
</kw>
<kw name="Maximize Browser Window" owner="SeleniumLibrary">
<doc>Maximizes current browser window.</doc>
<status status="PASS" start="2024-07-17T09:13:57.767732" elapsed="0.079195"/>
</kw>
<kw name="Set Selenium Implicit Wait" owner="SeleniumLibrary">
<arg>5</arg>
<doc>Sets the implicit wait value used by Selenium.</doc>
<status status="PASS" start="2024-07-17T09:13:57.847929" elapsed="0.008242"/>
</kw>
<status status="PASS" start="2024-07-17T09:13:50.479056" elapsed="7.378127"/>
</kw>
<kw name="To validate the payment to user functionality with Recurring payment">
<kw name="Go to Login Page" owner="HomeResource">
<kw name="Wait Until Element Is Visible" owner="SeleniumLibrary">
<arg>${login_btn}</arg>
<doc>Waits until the element ``locator`` is visible.</doc>
<status status="PASS" start="2024-07-17T09:13:57.862212" elapsed="2.179806"/>
</kw>
<kw name="Click Element" owner="SeleniumLibrary">
<msg time="2024-07-17T09:14:00.043023" level="INFO">Clicking element 'xpath:(//div[@class="ml-2"])[3]'.</msg>
<arg>${login_btn}</arg>
<doc>Click the element identified by ``locator``.</doc>
<status status="PASS" start="2024-07-17T09:14:00.043023" elapsed="0.197716"/>
</kw>
<status status="PASS" start="2024-07-17T09:13:57.861200" elapsed="2.380545"/>
</kw>
<kw name="Fill the login form" owner="LoginResource">
<kw name="Input Text" owner="SeleniumLibrary">
<msg time="2024-07-17T09:14:00.243745" level="INFO">Typing text 'sathish_sk' into text field 'css:input[placeholder="User"]'.</msg>
<arg>${username}</arg>
<arg>${user}</arg>
<doc>Types the given ``text`` into the text field identified by ``locator``.</doc>
<status status="PASS" start="2024-07-17T09:14:00.242745" elapsed="0.314187"/>
</kw>
<kw name="Input Password" owner="SeleniumLibrary">
<msg time="2024-07-17T09:14:00.557931" level="INFO">Typing password into text field 'css:input[placeholder="Password"]'.</msg>
<msg time="2024-07-17T09:14:00.638411" level="INFO">Temporally setting log level to: NONE</msg>
<arg>${password}</arg>
<arg>${pass}</arg>
<doc>Types the given password into the text field identified by ``locator``.</doc>
<status status="PASS" start="2024-07-17T09:14:00.556932" elapsed="0.186813"/>
</kw>
<arg>sathish_sk</arg>
<arg>sathish123</arg>
<status status="PASS" start="2024-07-17T09:14:00.241745" elapsed="0.503002"/>
</kw>
<kw name="click the login button" owner="LoginResource">
<kw name="Click Button" owner="SeleniumLibrary">
<msg time="2024-07-17T09:14:00.747228" level="INFO">Clicking button 'xpath://button[@class="btn d-flex justify-content-center align-items-center w-100 h-100 btn-primary btn-action-primary"]'.</msg>
<arg>${submit_btn}</arg>
<doc>Clicks the button identified by ``locator``.</doc>
<status status="PASS" start="2024-07-17T09:14:00.747228" elapsed="0.114124"/>
</kw>
<status status="PASS" start="2024-07-17T09:14:00.744747" elapsed="0.116605"/>
</kw>
<kw name="Click on the Banking button" owner="HomeResource">
<kw name="Wait Until Element Is Visible" owner="SeleniumLibrary">
<arg>${Banking}</arg>
<doc>Waits until the element ``locator`` is visible.</doc>
<status status="PASS" start="2024-07-17T09:14:00.863352" elapsed="0.747298"/>
</kw>
<kw name="Click Element" owner="SeleniumLibrary">
<msg time="2024-07-17T09:14:01.612655" level="INFO">Clicking element 'xpath://div[text()='Banking']'.</msg>
<arg>${Banking}</arg>
<doc>Click the element identified by ``locator``.</doc>
<status status="PASS" start="2024-07-17T09:14:01.610650" elapsed="0.074668"/>
</kw>
<status status="PASS" start="2024-07-17T09:14:00.862351" elapsed="0.822967"/>
</kw>
<kw name="verify the Banking page open" owner="PaymentUser">
<kw name="Wait Until Element Is Visible" owner="SeleniumLibrary">
<arg>${Banking_title}</arg>
<doc>Waits until the element ``locator`` is visible.</doc>
<status status="PASS" start="2024-07-17T09:14:01.687319" elapsed="1.594721"/>
</kw>
<kw name="Element Text Should Be" owner="SeleniumLibrary">
<msg time="2024-07-17T09:14:03.283041" level="INFO">Verifying element 'xpath://div[@class="side-menu-header"]//following-sibling::div' contains exact text 'Banking'.</msg>
<arg>${Banking_title}</arg>
<arg>Banking</arg>
<doc>Verifies that element ``locator`` contains exact the text ``expected``.</doc>
<status status="PASS" start="2024-07-17T09:14:03.282040" elapsed="0.026561"/>
</kw>
<status status="PASS" start="2024-07-17T09:14:01.685318" elapsed="1.623283"/>
</kw>
<kw name="Select the option payment to user" owner="PaymentUser">
<kw name="Wait Until Element Is Visible" owner="SeleniumLibrary">
<arg>${select_payment_to_user}</arg>
<doc>Waits until the element ``locator`` is visible.</doc>
<status status="PASS" start="2024-07-17T09:14:03.310627" elapsed="0.024904"/>
</kw>
<kw name="Click Element" owner="SeleniumLibrary">
<msg time="2024-07-17T09:14:03.337540" level="INFO">Clicking element 'xpath://div[text()="Payment to user"]'.</msg>
<arg>${select_payment_to_user}</arg>
<doc>Click the element identified by ``locator``.</doc>
<status status="PASS" start="2024-07-17T09:14:03.336539" elapsed="0.081545"/>
</kw>
<status status="PASS" start="2024-07-17T09:14:03.308601" elapsed="0.109483"/>
</kw>
<kw name="verify the payment to user page open" owner="PaymentUser">
<kw name="Element Text Should Be" owner="SeleniumLibrary">
<msg time="2024-07-17T09:14:03.420495" level="INFO">Verifying element 'xpath://div[@class="content-title d-flex"]//div' contains exact text 'Payment to user'.</msg>
<arg>${payment_user_title}</arg>
<arg>Payment to user</arg>
<doc>Verifies that element ``locator`` contains exact the text ``expected``.</doc>
<status status="PASS" start="2024-07-17T09:14:03.420495" elapsed="0.248579"/>
</kw>
<status status="PASS" start="2024-07-17T09:14:03.419474" elapsed="0.249600"/>
</kw>
<kw name="Enter the username in the to user field" owner="PaymentUser">
<kw name="Input Text" owner="SeleniumLibrary">
<msg time="2024-07-17T09:14:03.671111" level="INFO">Typing text 'keerthisan' into text field 'xpath://input[@placeholder="Type to search"]'.</msg>
<arg>${to_User}</arg>
<arg>${user_name}</arg>
<doc>Types the given ``text`` into the text field identified by ``locator``.</doc>
<status status="PASS" start="2024-07-17T09:14:03.671111" elapsed="0.119668"/>
</kw>
<arg>${user_name}</arg>
<status status="PASS" start="2024-07-17T09:14:03.670093" elapsed="0.120686"/>
</kw>
<kw name="Select the user" owner="PaymentUser">
<kw name="Click Element" owner="SeleniumLibrary">
<msg time="2024-07-17T09:14:03.792796" level="INFO">Clicking element 'xpath://div[@class="dropdown-menu show"]//a[1]'.</msg>
<msg time="2024-07-17T09:14:09.025406" level="INFO" html="true">&lt;/td&gt;&lt;/tr&gt;&lt;tr&gt;&lt;td colspan="3"&gt;&lt;a href="selenium-screenshot-1.png"&gt;&lt;img src="selenium-screenshot-1.png" width="800px"&gt;&lt;/a&gt;</msg>
<msg time="2024-07-17T09:14:09.025406" level="FAIL">Element with locator 'xpath://div[@class="dropdown-menu show"]//a[1]' not found.</msg>
<arg>${select_user}</arg>
<doc>Click the element identified by ``locator``.</doc>
<status status="FAIL" start="2024-07-17T09:14:03.791789" elapsed="5.293658">Element with locator 'xpath://div[@class="dropdown-menu show"]//a[1]' not found.</status>
</kw>
<status status="FAIL" start="2024-07-17T09:14:03.791789" elapsed="5.294664">Element with locator 'xpath://div[@class="dropdown-menu show"]//a[1]' not found.</status>
</kw>
<kw name="Enter the valid amount in the amount field" owner="PaymentUser">
<arg>${amount_data}</arg>
<status status="NOT RUN" start="2024-07-17T09:14:09.086453" elapsed="0.000000"/>
</kw>
<kw name="Click the scheduling dropdown button" owner="PaymentUser">
<status status="NOT RUN" start="2024-07-17T09:14:09.086453" elapsed="0.001329"/>
</kw>
<kw name="Select the Recurring payment option" owner="PaymentUser">
<status status="NOT RUN" start="2024-07-17T09:14:09.087782" elapsed="0.001261"/>
</kw>
<kw name="Click the process every dropdown list" owner="PaymentUser">
<status status="NOT RUN" start="2024-07-17T09:14:09.090117" elapsed="0.000000"/>
</kw>
<kw name="Select the week in process every dropdown list" owner="PaymentUser">
<status status="NOT RUN" start="2024-07-17T09:14:09.090117" elapsed="0.000000"/>
</kw>
<kw name="Click the next Button in payment page" owner="PaymentUser">
<status status="NOT RUN" start="2024-07-17T09:14:09.090117" elapsed="0.001004"/>
</kw>
<kw name="Click the confirm button in the payment page" owner="PaymentUser">
<status status="NOT RUN" start="2024-07-17T09:14:09.091121" elapsed="0.000000"/>
</kw>
<kw name="verify the succesfull payment notification" owner="PaymentUser">
<status status="NOT RUN" start="2024-07-17T09:14:09.091121" elapsed="0.000000"/>
</kw>
<arg>user_name=keerthisan</arg>
<arg>amount_data=10</arg>
<tag>Smoke</tag>
<doc>To verify that the successful recurring payment</doc>
<status status="FAIL" start="2024-07-17T09:13:57.859184" elapsed="11.231937">Element with locator 'xpath://div[@class="dropdown-menu show"]//a[1]' not found.</status>
</kw>
<kw name="Close Browser Session" owner="GenericResource" type="TEARDOWN">
<kw name="Close Browser" owner="SeleniumLibrary">
<doc>Closes the current browser.</doc>
<status status="PASS" start="2024-07-17T09:14:09.093829" elapsed="3.347480"/>
</kw>
<status status="PASS" start="2024-07-17T09:14:09.092493" elapsed="3.349814"/>
</kw>
<status status="FAIL" start="2024-07-17T09:13:50.475052" elapsed="21.967255">Element with locator 'xpath://div[@class="dropdown-menu show"]//a[1]' not found.</status>
</test>
<doc>To validate Banking - payment to user Functionality</doc>
<status status="FAIL" start="2024-07-17T09:13:47.680846" elapsed="24.762974"/>
</suite>
<status status="FAIL" start="2024-07-17T09:13:47.673340" elapsed="24.772480"/>
</suite>
<status status="FAIL" start="2024-07-17T09:13:47.615540" elapsed="24.832280"/>
</suite>
<statistics>
<total>
<stat pass="0" fail="1" skip="0">All Tests</stat>
</total>
<tag>
</tag>
<suite>
<stat pass="0" fail="1" skip="0" id="s1" name="PilotProject Cyclos Team1-1">PilotProject Cyclos Team1-1</stat>
<stat pass="0" fail="1" skip="0" id="s1-s1" name="TestCases">PilotProject Cyclos Team1-1.TestCases</stat>
<stat pass="0" fail="1" skip="0" id="s1-s1-s1" name="test recurringPayment">PilotProject Cyclos Team1-1.TestCases.test recurringPayment</stat>
</suite>
</statistics>
<errors>
</errors>
</robot>
