<?xml version="1.0" encoding="UTF-8"?>
<robot generator="Robot 7.0 (Python 3.12.2 on win32)" generated="2024-07-10T11:53:38.589640" rpa="false" schemaversion="5">
<suite id="s1" name="TestCases" source="C:\Users\ASUS\Desktop\PilotProject_Cyclos_Team1-1\TestCases">
<suite id="s1-s1" name="Test Register" source="C:\Users\ASUS\Desktop\PilotProject_Cyclos_Team1-1\TestCases\test_register.robot">
<test id="s1-s1-t1" name="valid register Test case" line="13">
<kw name="Open the Browser with URL" owner="GenericResource" type="SETUP">
<kw name="Create Webdriver" owner="SeleniumLibrary">
<msg time="2024-07-10T11:53:43.173239" level="INFO">Creating an instance of the Chrome WebDriver.</msg>
<arg>${brower_name}</arg>
<doc>Creates an instance of Selenium WebDriver.</doc>
<status status="PASS" start="2024-07-10T11:53:43.172239" elapsed="2.405460"/>
</kw>
<kw name="Go To" owner="SeleniumLibrary">
<msg time="2024-07-10T11:53:45.579703" level="INFO">Opening url 'https://demo.cyclos.org/ui/home'</msg>
<arg>${url}</arg>
<doc>Navigates the current browser window to the provided ``url``.</doc>
<status status="PASS" start="2024-07-10T11:53:45.578700" elapsed="3.471114"/>
</kw>
<kw name="Maximize Browser Window" owner="SeleniumLibrary">
<doc>Maximizes current browser window.</doc>
<status status="PASS" start="2024-07-10T11:53:49.050813" elapsed="0.034685"/>
</kw>
<kw name="Set Selenium Implicit Wait" owner="SeleniumLibrary">
<arg>5</arg>
<doc>Sets the implicit wait value used by Selenium.</doc>
<status status="PASS" start="2024-07-10T11:53:49.086503" elapsed="0.003000"/>
</kw>
<status status="PASS" start="2024-07-10T11:53:43.171240" elapsed="5.918263"/>
</kw>
<kw name="Valid register with all the fields">
<kw name="Go to Register Page" owner="HomeResource">
<kw name="Sleep" owner="BuiltIn">
<msg time="2024-07-10T11:53:54.092993" level="INFO">Slept 5 seconds.</msg>
<arg>5s</arg>
<doc>Pauses the test executed for the given time.</doc>
<status status="PASS" start="2024-07-10T11:53:49.091502" elapsed="5.001491"/>
</kw>
<kw name="Click Element" owner="SeleniumLibrary">
<msg time="2024-07-10T11:53:54.092993" level="INFO">Clicking element 'xpath://div[text()=" Register "]'.</msg>
<arg>${register_btn}</arg>
<doc>Click the element identified by ``locator``.</doc>
<status status="PASS" start="2024-07-10T11:53:54.092993" elapsed="0.084102"/>
</kw>
<status status="PASS" start="2024-07-10T11:53:49.091502" elapsed="5.085593"/>
</kw>
<kw name="Verify Register Page opens" owner="RegisterResource">
<kw name="Element Should Contain" owner="SeleniumLibrary">
<msg time="2024-07-10T11:53:56.724177" level="INFO">Element 'xpath://div[text()=" User registration "]' contains text 'User registration'.</msg>
<arg>${verify_register}</arg>
<arg>User registration</arg>
<doc>Verifies that element ``locator`` contains text ``expected``.</doc>
<status status="PASS" start="2024-07-10T11:53:54.178094" elapsed="2.546083"/>
</kw>
<status status="PASS" start="2024-07-10T11:53:54.177095" elapsed="2.547082"/>
</kw>
<kw name="Fill the Required feilds" owner="RegisterResource">
<kw name="Input Text" owner="SeleniumLibrary">
<msg time="2024-07-10T11:53:56.726181" level="INFO">Typing text '  abc' into text field 'xpath://input-field[@formcontrolname="name"]/label-value/div/div/input'.</msg>
<arg>${name_field}</arg>
<arg>${name}</arg>
<doc>Types the given ``text`` into the text field identified by ``locator``.</doc>
<status status="PASS" start="2024-07-10T11:53:56.725181" elapsed="0.338377"/>
</kw>
<kw name="Input Text" owner="SeleniumLibrary">
<msg time="2024-07-10T11:53:57.063558" level="INFO">Typing text 'abc12345' into text field 'xpath://input-field[@formcontrolname="username"]/label-value/div/div/input'.</msg>
<arg>${loginName_field}</arg>
<arg>${login_name}</arg>
<doc>Types the given ``text`` into the text field identified by ``locator``.</doc>
<status status="PASS" start="2024-07-10T11:53:57.063558" elapsed="0.298414"/>
</kw>
<kw name="Input Text" owner="SeleniumLibrary">
<msg time="2024-07-10T11:53:57.362973" level="INFO">Typing text 'abc123@gmail.com' into text field 'xpath://input-field[@formcontrolname="email"]/input'.</msg>
<arg>${email_field}</arg>
<arg>${email}</arg>
<doc>Types the given ``text`` into the text field identified by ``locator``.</doc>
<status status="PASS" start="2024-07-10T11:53:57.361972" elapsed="0.245530"/>
</kw>
<arg>${name}</arg>
<arg>${login}</arg>
<arg>${email}</arg>
<status status="PASS" start="2024-07-10T11:53:56.725181" elapsed="0.882321"/>
</kw>
<kw name="Fill the Remaining profile feilds" owner="RegisterResource">
<kw name="Input Text" owner="SeleniumLibrary">
<msg time="2024-07-10T11:53:57.609506" level="INFO">Typing text 'www.google.com' into text field 'css:input[name="website"]'.</msg>
<arg>${website_field}</arg>
<arg>${website}</arg>
<doc>Types the given ``text`` into the text field identified by ``locator``.</doc>
<status status="PASS" start="2024-07-10T11:53:57.608506" elapsed="0.133043"/>
</kw>
<kw name="Click Element" owner="SeleniumLibrary">
<msg time="2024-07-10T11:53:57.742542" level="INFO">Clicking element 'css:button#business_type'.</msg>
<arg>${business_type}</arg>
<doc>Click the element identified by ``locator``.</doc>
<status status="PASS" start="2024-07-10T11:53:57.742542" elapsed="0.053292"/>
</kw>
<kw name="Click Link" owner="SeleniumLibrary">
<msg time="2024-07-10T11:53:57.797284" level="INFO">Clicking link 'css:a#business_type_clothing'.</msg>
<arg>${clothing}</arg>
<doc>Clicks a link identified by ``locator``.</doc>
<status status="PASS" start="2024-07-10T11:53:57.797284" elapsed="0.229493"/>
</kw>
<kw name="Input Text" owner="SeleniumLibrary">
<msg time="2024-07-10T11:53:58.027776" level="INFO">Typing text '9856743210' into text field 'xpath:(//input-field[@formcontrolname="number"]/input)[1]'.</msg>
<arg>${mobile_number}</arg>
<arg>${mobile_number1}</arg>
<doc>Types the given ``text`` into the text field identified by ``locator``.</doc>
<status status="PASS" start="2024-07-10T11:53:58.026777" elapsed="0.132787"/>
</kw>
<kw name="Input Text" owner="SeleniumLibrary">
<msg time="2024-07-10T11:53:58.160563" level="INFO">Typing text '(201) 555-0123' into text field 'xpath:(//input-field[@formcontrolname="number"]/input)[2]'.</msg>
<arg>${Landline_number}</arg>
<arg>${landline}</arg>
<doc>Types the given ``text`` into the text field identified by ``locator``.</doc>
<status status="PASS" start="2024-07-10T11:53:58.160563" elapsed="0.248682"/>
</kw>
<arg>${website}</arg>
<arg>${gender}</arg>
<arg>${mobile}</arg>
<arg>${land_line}</arg>
<status status="PASS" start="2024-07-10T11:53:57.607502" elapsed="0.802743"/>
</kw>
<kw name="Enable address fields" owner="RegisterResource">
<kw name="Click Element" owner="SeleniumLibrary">
<msg time="2024-07-10T11:53:58.411244" level="INFO">Clicking element 'xpath:(//label[@class="custom-control-label"])[3]'.</msg>
<arg>${address_enable}</arg>
<doc>Click the element identified by ``locator``.</doc>
<status status="PASS" start="2024-07-10T11:53:58.410245" elapsed="0.122083"/>
</kw>
<status status="PASS" start="2024-07-10T11:53:58.410245" elapsed="0.123127"/>
</kw>
<kw name="Fill the address fields" owner="RegisterResource">
<kw name="Input Text" owner="SeleniumLibrary">
<msg time="2024-07-10T11:53:58.535374" level="INFO">Typing text 'gandhi street' into text field 'xpath:(//label-value[@class="label-on-side label-value any-label-value field"]/div/div/input)[3]'.</msg>
<arg>${address_line1}</arg>
<arg>${address}</arg>
<doc>Types the given ``text`` into the text field identified by ``locator``.</doc>
<status status="PASS" start="2024-07-10T11:53:58.534373" elapsed="0.324041"/>
</kw>
<kw name="Input Text" owner="SeleniumLibrary">
<msg time="2024-07-10T11:53:58.859415" level="INFO">Typing text '637503' into text field 'css:input#zip'.</msg>
<arg>${zip_code}</arg>
<arg>${zip}</arg>
<doc>Types the given ``text`` into the text field identified by ``locator``.</doc>
<status status="PASS" start="2024-07-10T11:53:58.858414" elapsed="0.165857"/>
</kw>
<kw name="Input Text" owner="SeleniumLibrary">
<msg time="2024-07-10T11:53:59.025275" level="INFO">Typing text 'salem' into text field 'css:input#city'.</msg>
<arg>${city_field}</arg>
<arg>${city}</arg>
<doc>Types the given ``text`` into the text field identified by ``locator``.</doc>
<status status="PASS" start="2024-07-10T11:53:59.024271" elapsed="0.237869"/>
</kw>
<kw name="Input Text" owner="SeleniumLibrary">
<msg time="2024-07-10T11:53:59.262648" level="INFO">Typing text 'tamilnadu' into text field 'css:input#region'.</msg>
<arg>${region_field}</arg>
<arg>${region}</arg>
<doc>Types the given ``text`` into the text field identified by ``locator``.</doc>
<status status="PASS" start="2024-07-10T11:53:59.262140" elapsed="0.966516"/>
</kw>
<arg>${address}</arg>
<arg>${zip}</arg>
<arg>${city}</arg>
<arg>${region}</arg>
<status status="PASS" start="2024-07-10T11:53:58.533372" elapsed="1.695284"/>
</kw>
<kw name="Click next button" owner="RegisterResource">
<kw name="Wait Until Element Is Visible" owner="SeleniumLibrary">
<arg>${next_btn}</arg>
<doc>Waits until the element ``locator`` is visible.</doc>
<status status="PASS" start="2024-07-10T11:54:00.229655" elapsed="0.045577"/>
</kw>
<kw name="Click Button" owner="SeleniumLibrary">
<msg time="2024-07-10T11:54:00.276230" level="INFO">Clicking button 'xpath:(//action-button[@class="d-inline-block button"]/button)[3]'.</msg>
<arg>${next_btn}</arg>
<doc>Clicks the button identified by ``locator``.</doc>
<status status="PASS" start="2024-07-10T11:54:00.275232" elapsed="0.080745"/>
</kw>
<status status="PASS" start="2024-07-10T11:54:00.228656" elapsed="0.127321"/>
</kw>
<kw name="fill password fields" owner="RegisterResource">
<kw name="Input Password" owner="SeleniumLibrary">
<msg time="2024-07-10T11:54:00.357983" level="INFO">Typing password into text field 'xpath://input-field[@formcontrolname="value"]/label-value/div/div/input'.</msg>
<msg time="2024-07-10T11:54:03.801482" level="INFO">Temporally setting log level to: NONE</msg>
<arg>${password_field}</arg>
<arg>${pass}</arg>
<doc>Types the given password into the text field identified by ``locator``.</doc>
<status status="PASS" start="2024-07-10T11:54:00.356983" elapsed="5.829445"/>
</kw>
<kw name="Execute Javascript" owner="SeleniumLibrary">
<msg time="2024-07-10T11:54:06.187428" level="INFO">Executing JavaScript:
window.scrollTo(0, document.body.scrollHeight)
Without any arguments.</msg>
<arg>window.scrollTo(0, document.body.scrollHeight)</arg>
<doc>Executes the given JavaScript code with possible arguments.</doc>
<status status="PASS" start="2024-07-10T11:54:06.186428" elapsed="0.023739"/>
</kw>
<kw name="Wait Until Element Is Enabled" owner="SeleniumLibrary">
<arg>${confirm_password}</arg>
<doc>Waits until the element ``locator`` is enabled.</doc>
<status status="PASS" start="2024-07-10T11:54:06.211172" elapsed="0.321136"/>
</kw>
<kw name="Input Text" owner="SeleniumLibrary">
<msg time="2024-07-10T11:54:06.533310" level="INFO">Typing text 'abc@123' into text field 'xpath://input-field[@formcontrolname="confirmationValue"]/label-value/div/div/input'.</msg>
<arg>${confirm_password}</arg>
<arg>${cpass}</arg>
<doc>Types the given ``text`` into the text field identified by ``locator``.</doc>
<status status="PASS" start="2024-07-10T11:54:06.533310" elapsed="1.351467"/>
</kw>
<arg>${password}</arg>
<arg>${confirm_password}</arg>
<status status="PASS" start="2024-07-10T11:54:00.356983" elapsed="7.527794"/>
</kw>
<kw name="click Registration confirmation checkbox" owner="RegisterResource">
<kw name="Click Element" owner="SeleniumLibrary">
<msg time="2024-07-10T11:54:07.886774" level="INFO">Clicking element 'xpath://accept-agreements[@formcontrolname="acceptAgreements"]/div/div/div/boolean-field/div/label'.</msg>
<arg>${demo_checkbox}</arg>
<doc>Click the element identified by ``locator``.</doc>
<status status="PASS" start="2024-07-10T11:54:07.885774" elapsed="0.203936"/>
</kw>
<status status="PASS" start="2024-07-10T11:54:07.885774" elapsed="0.203936"/>
</kw>
<kw name="click submit button" owner="RegisterResource">
<kw name="Click Button" owner="SeleniumLibrary">
<msg time="2024-07-10T11:54:08.097388" level="INFO">Clicking button 'xpath:(//action-button[@class="d-inline-block button"]/button)[1]'.</msg>
<arg>${submit_btn}</arg>
<doc>Clicks the button identified by ``locator``.</doc>
<status status="PASS" start="2024-07-10T11:54:08.095262" elapsed="0.249493"/>
</kw>
<status status="PASS" start="2024-07-10T11:54:08.090717" elapsed="0.254038"/>
</kw>
<kw name="verify the registration is successful" owner="RegisterResource">
<kw name="Element Text Should Be" owner="SeleniumLibrary">
<msg time="2024-07-10T11:54:08.346820" level="INFO">Verifying element 'css:div[class="invalid-feedback"]' contains exact text 'This field is required'.</msg>
<arg>${field_required}</arg>
<arg>This field is required</arg>
<doc>Verifies that element ``locator`` contains exact the text ``expected``.</doc>
<status status="PASS" start="2024-07-10T11:54:08.346309" elapsed="0.076493"/>
</kw>
<status status="PASS" start="2024-07-10T11:54:08.344755" elapsed="0.079047"/>
</kw>
<arg>name=  abc</arg>
<arg>login=abc12345</arg>
<arg>email=abc123@gmail.com</arg>
<arg>website=www.google.com</arg>
<arg>gender=male</arg>
<arg>mobile=9856743210</arg>
<arg>land_line=(201) 555-0123</arg>
<arg>address=gandhi street</arg>
<arg>zip=637503</arg>
<arg>city=salem</arg>
<arg>region=tamilnadu</arg>
<arg>password=abc@123</arg>
<arg>confirm_password=abc@123</arg>
<tag>Smoke</tag>
<doc>This checks the Register functionality with valid data</doc>
<status status="PASS" start="2024-07-10T11:53:49.090503" elapsed="19.334301"/>
</kw>
<kw name="Close Browser Session" owner="GenericResource" type="TEARDOWN">
<kw name="Close Browser" owner="SeleniumLibrary">
<doc>Closes the current browser.</doc>
<status status="PASS" start="2024-07-10T11:54:08.429824" elapsed="5.871797"/>
</kw>
<status status="PASS" start="2024-07-10T11:54:08.428826" elapsed="5.872795"/>
</kw>
<status status="PASS" start="2024-07-10T11:53:43.163504" elapsed="31.139124"/>
</test>
<doc>Test to Register Page</doc>
<status status="PASS" start="2024-07-10T11:53:38.639601" elapsed="35.665025"/>
</suite>
<status status="PASS" start="2024-07-10T11:53:38.609975" elapsed="35.698757"/>
</suite>
<statistics>
<total>
<stat pass="1" fail="0" skip="0">All Tests</stat>
</total>
<tag>
</tag>
<suite>
<stat pass="1" fail="0" skip="0" id="s1" name="TestCases">TestCases</stat>
<stat pass="1" fail="0" skip="0" id="s1-s1" name="Test Register">TestCases.Test Register</stat>
</suite>
</statistics>
<errors>
</errors>
</robot>
