<?xml version="1.0" encoding="UTF-8"?>
<robot generator="Robot 7.0 (Python 3.12.2 on win32)" generated="2024-07-16T15:12:19.883658" rpa="false" schemaversion="5">
<suite id="s1" name="TestCases" source="C:\Users\ASUS\Desktop\PilotProject_Cyclos_Team1-1\TestCases">
<suite id="s1-s1" name="test cancel recurringPayment" source="C:\Users\ASUS\Desktop\PilotProject_Cyclos_Team1-1\TestCases\test_cancel_recurringPayment.robot">
<test id="s1-s1-t1" name="To validate payment" line="17">
<kw name="Open the Browser with URL" owner="GenericResource" type="SETUP">
<kw name="Create Webdriver" owner="SeleniumLibrary">
<msg time="2024-07-16T15:12:21.622438" level="INFO">Creating an instance of the Chrome WebDriver.</msg>
<arg>${brower_name}</arg>
<doc>Creates an instance of Selenium WebDriver.</doc>
<status status="PASS" start="2024-07-16T15:12:21.622438" elapsed="1.963511"/>
</kw>
<kw name="Go To" owner="SeleniumLibrary">
<msg time="2024-07-16T15:12:23.587117" level="INFO">Opening url 'https://demo.cyclos.org/ui/home'</msg>
<arg>${url}</arg>
<doc>Navigates the current browser window to the provided ``url``.</doc>
<status status="PASS" start="2024-07-16T15:12:23.587117" elapsed="3.262727"/>
</kw>
<kw name="Maximize Browser Window" owner="SeleniumLibrary">
<doc>Maximizes current browser window.</doc>
<status status="PASS" start="2024-07-16T15:12:26.849844" elapsed="0.131651"/>
</kw>
<kw name="Set Selenium Implicit Wait" owner="SeleniumLibrary">
<arg>5</arg>
<doc>Sets the implicit wait value used by Selenium.</doc>
<status status="PASS" start="2024-07-16T15:12:26.981495" elapsed="0.001999"/>
</kw>
<status status="PASS" start="2024-07-16T15:12:21.619545" elapsed="5.363949"/>
</kw>
<kw name="To validate cancel the Recurring payment">
<kw name="Go to Login Page" owner="HomeResource">
<kw name="Wait Until Element Is Visible" owner="SeleniumLibrary">
<arg>${login_btn}</arg>
<doc>Waits until the element ``locator`` is visible.</doc>
<status status="PASS" start="2024-07-16T15:12:26.985495" elapsed="3.090712"/>
</kw>
<kw name="Click Element" owner="SeleniumLibrary">
<msg time="2024-07-16T15:12:30.078247" level="INFO">Clicking element 'xpath:(//div[@class="ml-2"])[3]'.</msg>
<arg>${login_btn}</arg>
<doc>Click the element identified by ``locator``.</doc>
<status status="PASS" start="2024-07-16T15:12:30.077201" elapsed="0.646587"/>
</kw>
<status status="PASS" start="2024-07-16T15:12:26.984495" elapsed="3.740298"/>
</kw>
<kw name="Fill the login form" owner="LoginResource">
<kw name="Input Text" owner="SeleniumLibrary">
<msg time="2024-07-16T15:12:30.726879" level="INFO">Typing text 'Dinesh_dk' into text field 'css:input[placeholder="User"]'.</msg>
<arg>${username}</arg>
<arg>${user}</arg>
<doc>Types the given ``text`` into the text field identified by ``locator``.</doc>
<status status="PASS" start="2024-07-16T15:12:30.725873" elapsed="0.413052"/>
</kw>
<kw name="Input Password" owner="SeleniumLibrary">
<msg time="2024-07-16T15:12:31.139926" level="INFO">Typing password into text field 'css:input[placeholder="Password"]'.</msg>
<msg time="2024-07-16T15:12:31.322412" level="INFO">Temporally setting log level to: NONE</msg>
<arg>${password}</arg>
<arg>${pass}</arg>
<doc>Types the given password into the text field identified by ``locator``.</doc>
<status status="PASS" start="2024-07-16T15:12:31.138925" elapsed="0.275055"/>
</kw>
<arg>Dinesh_dk</arg>
<arg>Dinesh_dk</arg>
<status status="PASS" start="2024-07-16T15:12:30.724793" elapsed="0.690187"/>
</kw>
<kw name="click the login button" owner="LoginResource">
<kw name="Click Button" owner="SeleniumLibrary">
<msg time="2024-07-16T15:12:31.416980" level="INFO">Clicking button 'xpath://button[@class="btn d-flex justify-content-center align-items-center w-100 h-100 btn-primary btn-action-primary"]'.</msg>
<arg>${submit_btn}</arg>
<doc>Clicks the button identified by ``locator``.</doc>
<status status="PASS" start="2024-07-16T15:12:31.416980" elapsed="0.104523"/>
</kw>
<status status="PASS" start="2024-07-16T15:12:31.415979" elapsed="0.105524"/>
</kw>
<kw name="Click on the Banking button" owner="HomeResource">
<kw name="Wait Until Element Is Visible" owner="SeleniumLibrary">
<arg>${Banking}</arg>
<doc>Waits until the element ``locator`` is visible.</doc>
<status status="PASS" start="2024-07-16T15:12:31.522504" elapsed="1.020277"/>
</kw>
<kw name="Click Element" owner="SeleniumLibrary">
<msg time="2024-07-16T15:12:32.544060" level="INFO">Clicking element 'xpath://div[text()='Banking']'.</msg>
<arg>${Banking}</arg>
<doc>Click the element identified by ``locator``.</doc>
<status status="PASS" start="2024-07-16T15:12:32.544060" elapsed="0.495529"/>
</kw>
<status status="PASS" start="2024-07-16T15:12:31.522504" elapsed="1.517085"/>
</kw>
<kw name="verify the Banking page open" owner="PaymentUser">
<kw name="Wait Until Element Is Visible" owner="SeleniumLibrary">
<arg>${Banking_title}</arg>
<doc>Waits until the element ``locator`` is visible.</doc>
<status status="PASS" start="2024-07-16T15:12:33.040586" elapsed="1.679288"/>
</kw>
<kw name="Element Text Should Be" owner="SeleniumLibrary">
<msg time="2024-07-16T15:12:34.722364" level="INFO">Verifying element 'xpath://div[@class="side-menu-header"]//following-sibling::div' contains exact text 'Banking'.</msg>
<arg>${Banking_title}</arg>
<arg>Banking</arg>
<doc>Verifies that element ``locator`` contains exact the text ``expected``.</doc>
<status status="PASS" start="2024-07-16T15:12:34.721360" elapsed="0.187060"/>
</kw>
<status status="PASS" start="2024-07-16T15:12:33.040586" elapsed="1.867834"/>
</kw>
<kw name="Select the option payment to user" owner="PaymentUser">
<kw name="Wait Until Element Is Visible" owner="SeleniumLibrary">
<arg>${select_payment_to_user}</arg>
<doc>Waits until the element ``locator`` is visible.</doc>
<status status="PASS" start="2024-07-16T15:12:34.910419" elapsed="0.116336"/>
</kw>
<kw name="Click Element" owner="SeleniumLibrary">
<msg time="2024-07-16T15:12:35.027759" level="INFO">Clicking element 'xpath://div[text()="Payment to user"]'.</msg>
<arg>${select_payment_to_user}</arg>
<doc>Click the element identified by ``locator``.</doc>
<status status="PASS" start="2024-07-16T15:12:35.026755" elapsed="0.167726"/>
</kw>
<status status="PASS" start="2024-07-16T15:12:34.909420" elapsed="0.285061"/>
</kw>
<kw name="verify the payment to user page open" owner="PaymentUser">
<kw name="Element Text Should Be" owner="SeleniumLibrary">
<msg time="2024-07-16T15:12:35.196480" level="INFO">Verifying element 'xpath://div[@class="content-title d-flex"]//div' contains exact text 'Payment to user'.</msg>
<arg>${payment_user_title}</arg>
<arg>Payment to user</arg>
<doc>Verifies that element ``locator`` contains exact the text ``expected``.</doc>
<status status="PASS" start="2024-07-16T15:12:35.195481" elapsed="0.378186"/>
</kw>
<status status="PASS" start="2024-07-16T15:12:35.194481" elapsed="0.379186"/>
</kw>
<kw name="Enter the username in the to user field" owner="PaymentUser">
<kw name="Input Text" owner="SeleniumLibrary">
<msg time="2024-07-16T15:12:35.575668" level="INFO">Typing text 'keerthisan' into text field 'xpath://input[@placeholder="Type to search"]'.</msg>
<arg>${to_User}</arg>
<arg>${user_name}</arg>
<doc>Types the given ``text`` into the text field identified by ``locator``.</doc>
<status status="PASS" start="2024-07-16T15:12:35.574669" elapsed="0.179433"/>
</kw>
<arg>${user_name}</arg>
<status status="PASS" start="2024-07-16T15:12:35.574669" elapsed="0.180658"/>
</kw>
<kw name="Select the user" owner="PaymentUser">
<kw name="Click Element" owner="SeleniumLibrary">
<msg time="2024-07-16T15:12:35.756350" level="INFO">Clicking element 'xpath://div[@class="dropdown-menu show"]//a[1]'.</msg>
<arg>${select_user}</arg>
<doc>Click the element identified by ``locator``.</doc>
<status status="PASS" start="2024-07-16T15:12:35.756350" elapsed="1.086364"/>
</kw>
<status status="PASS" start="2024-07-16T15:12:35.755327" elapsed="1.087387"/>
</kw>
<kw name="Enter the valid amount in the amount field" owner="PaymentUser">
<kw name="Input Text" owner="SeleniumLibrary">
<msg time="2024-07-16T15:12:36.846716" level="INFO">Typing text '10' into text field 'xpath://div[@class="input-group"]//input'.</msg>
<arg>${amount}</arg>
<arg>${amount_data}</arg>
<doc>Types the given ``text`` into the text field identified by ``locator``.</doc>
<status status="PASS" start="2024-07-16T15:12:36.844718" elapsed="0.589334"/>
</kw>
<arg>${amount_data}</arg>
<status status="PASS" start="2024-07-16T15:12:36.842714" elapsed="0.591338"/>
</kw>
<kw name="Click the scheduling dropdown button" owner="PaymentUser">
<kw name="Click Element" owner="SeleniumLibrary">
<msg time="2024-07-16T15:12:37.436051" level="INFO">Clicking element 'xpath://button[@title="Pay now"]'.</msg>
<arg>${Scheduling}</arg>
<doc>Click the element identified by ``locator``.</doc>
<status status="PASS" start="2024-07-16T15:12:37.435052" elapsed="0.163232"/>
</kw>
<status status="PASS" start="2024-07-16T15:12:37.435052" elapsed="0.164231"/>
</kw>
<kw name="Select the Recurring payment option" owner="PaymentUser">
<kw name="Click Element" owner="SeleniumLibrary">
<msg time="2024-07-16T15:12:37.600284" level="INFO">Clicking element 'xpath://a[text()=" Recurring payments "]'.</msg>
<arg>${recurring_payment}</arg>
<doc>Click the element identified by ``locator``.</doc>
<status status="PASS" start="2024-07-16T15:12:37.600284" elapsed="0.218324"/>
</kw>
<status status="PASS" start="2024-07-16T15:12:37.599283" elapsed="0.220325"/>
</kw>
<kw name="Click the process every dropdown list" owner="PaymentUser">
<kw name="Click Element" owner="SeleniumLibrary">
<msg time="2024-07-16T15:12:37.821606" level="INFO">Clicking element 'xpath:(//div[@class="w-100"])[2]//button'.</msg>
<arg>${click_process_every}</arg>
<doc>Click the element identified by ``locator``.</doc>
<status status="PASS" start="2024-07-16T15:12:37.820610" elapsed="0.400694"/>
</kw>
<status status="PASS" start="2024-07-16T15:12:37.819608" elapsed="0.402696"/>
</kw>
<kw name="Select the week in process every dropdown list" owner="PaymentUser">
<kw name="Click Element" owner="SeleniumLibrary">
<msg time="2024-07-16T15:12:38.224304" level="INFO">Clicking element 'xpath://a[text()=" Weeks "]'.</msg>
<arg>${click_week}</arg>
<doc>Click the element identified by ``locator``.</doc>
<status status="PASS" start="2024-07-16T15:12:38.224304" elapsed="0.163190"/>
</kw>
<status status="PASS" start="2024-07-16T15:12:38.222304" elapsed="0.165190"/>
</kw>
<kw name="Click the next Button in payment page" owner="PaymentUser">
<kw name="Wait Until Element Is Visible" owner="SeleniumLibrary">
<arg>${next}</arg>
<doc>Waits until the element ``locator`` is visible.</doc>
<status status="PASS" start="2024-07-16T15:12:38.389493" elapsed="0.029157"/>
</kw>
<kw name="Click Element" owner="SeleniumLibrary">
<msg time="2024-07-16T15:12:38.420651" level="INFO">Clicking element 'xpath://action-button[@class="d-inline-block button"]/button'.</msg>
<arg>${next}</arg>
<doc>Click the element identified by ``locator``.</doc>
<status status="PASS" start="2024-07-16T15:12:38.419650" elapsed="0.062969"/>
</kw>
<status status="PASS" start="2024-07-16T15:12:38.388495" elapsed="0.094124"/>
</kw>
<kw name="Click the confirm button in the payment page" owner="PaymentUser">
<kw name="Wait Until Element Is Visible" owner="SeleniumLibrary">
<arg>${confirm_button}</arg>
<doc>Waits until the element ``locator`` is visible.</doc>
<status status="PASS" start="2024-07-16T15:12:38.483619" elapsed="0.297545"/>
</kw>
<kw name="Click Element" owner="SeleniumLibrary">
<msg time="2024-07-16T15:12:38.782168" level="INFO">Clicking element 'xpath://span[text()='Confirm']'.</msg>
<arg>${confirm_button}</arg>
<doc>Click the element identified by ``locator``.</doc>
<status status="PASS" start="2024-07-16T15:12:38.782168" elapsed="0.058016"/>
</kw>
<status status="PASS" start="2024-07-16T15:12:38.483619" elapsed="0.357573"/>
</kw>
<kw name="Click Cancel the recurring payment" owner="PaymentUser">
<try>
<branch type="TRY">
<kw name="Wait Until Element Is Visible" owner="SeleniumLibrary">
<msg time="2024-07-16T15:12:44.338538" level="INFO" html="true">&lt;/td&gt;&lt;/tr&gt;&lt;tr&gt;&lt;td colspan="3"&gt;&lt;a href="selenium-screenshot-1.png"&gt;&lt;img src="selenium-screenshot-1.png" width="800px"&gt;&lt;/a&gt;</msg>
<msg time="2024-07-16T15:12:44.338538" level="FAIL">Element 'xpath://div[text()='Cancel this recurring payment']' not visible after 5 seconds.</msg>
<arg>${cancel_recurring_payment}</arg>
<doc>Waits until the element ``locator`` is visible.</doc>
<status status="FAIL" start="2024-07-16T15:12:38.843190" elapsed="5.499347">Element 'xpath://div[text()='Cancel this recurring payment']' not visible after 5 seconds.</status>
</kw>
<kw name="Click Element" owner="SeleniumLibrary">
<arg>${cancel_recurring_payment}</arg>
<doc>Click the element identified by ``locator``.</doc>
<status status="NOT RUN" start="2024-07-16T15:12:44.343537" elapsed="0.000000"/>
</kw>
<kw name="Click Element" owner="SeleniumLibrary">
<arg>${confirm_button}</arg>
<doc>Click the element identified by ``locator``.</doc>
<status status="NOT RUN" start="2024-07-16T15:12:44.344608" elapsed="0.000000"/>
</kw>
<status status="FAIL" start="2024-07-16T15:12:38.843190" elapsed="5.501418">Element 'xpath://div[text()='Cancel this recurring payment']' not visible after 5 seconds.</status>
</branch>
<branch type="EXCEPT">
<kw name="Log" owner="BuiltIn">
<msg time="2024-07-16T15:12:44.345611" level="INFO">intentional failure.</msg>
<arg>intentional failure.</arg>
<doc>Logs the given message with the given level.</doc>
<status status="PASS" start="2024-07-16T15:12:44.344608" elapsed="0.001003"/>
</kw>
<status status="PASS" start="2024-07-16T15:12:44.344608" elapsed="0.001003"/>
</branch>
<status status="PASS" start="2024-07-16T15:12:38.843190" elapsed="5.502421"/>
</try>
<status status="PASS" start="2024-07-16T15:12:38.842190" elapsed="5.503421"/>
</kw>
<kw name="verify the cancellation status" owner="PaymentUser">
<kw name="Wait Until Element Is Visible" owner="SeleniumLibrary">
<msg time="2024-07-16T15:12:49.902171" level="INFO" html="true">&lt;/td&gt;&lt;/tr&gt;&lt;tr&gt;&lt;td colspan="3"&gt;&lt;a href="selenium-screenshot-2.png"&gt;&lt;img src="selenium-screenshot-2.png" width="800px"&gt;&lt;/a&gt;</msg>
<msg time="2024-07-16T15:12:49.902171" level="FAIL">Element 'xpath://div[text()=" Canceled "]' not visible after 5 seconds.</msg>
<arg>${cancellation_status}</arg>
<doc>Waits until the element ``locator`` is visible.</doc>
<status status="FAIL" start="2024-07-16T15:12:44.346611" elapsed="5.557566">Element 'xpath://div[text()=" Canceled "]' not visible after 5 seconds.</status>
</kw>
<kw name="Element Text Should Be" owner="SeleniumLibrary">
<arg>${cancellation_status}</arg>
<arg>Canceled</arg>
<doc>Verifies that element ``locator`` contains exact the text ``expected``.</doc>
<status status="NOT RUN" start="2024-07-16T15:12:49.905178" elapsed="0.000000"/>
</kw>
<status status="FAIL" start="2024-07-16T15:12:44.345611" elapsed="5.560566">Element 'xpath://div[text()=" Canceled "]' not visible after 5 seconds.</status>
</kw>
<arg>user_name=keerthisan</arg>
<arg>amount_data=10</arg>
<tag>Smoke</tag>
<doc>To verify that the recurring payment is cancelled</doc>
<status status="FAIL" start="2024-07-16T15:12:26.984495" elapsed="22.921682">Element 'xpath://div[text()=" Canceled "]' not visible after 5 seconds.</status>
</kw>
<kw name="Close Browser Session" owner="GenericResource" type="TEARDOWN">
<kw name="Close Browser" owner="SeleniumLibrary">
<doc>Closes the current browser.</doc>
<status status="PASS" start="2024-07-16T15:12:49.908177" elapsed="2.355374"/>
</kw>
<status status="PASS" start="2024-07-16T15:12:49.907178" elapsed="2.356373"/>
</kw>
<status status="FAIL" start="2024-07-16T15:12:21.615789" elapsed="30.647762">Element 'xpath://div[text()=" Canceled "]' not visible after 5 seconds.</status>
</test>
<doc>To validate Banking - payment to user Functionality</doc>
<status status="FAIL" start="2024-07-16T15:12:19.925469" elapsed="32.341081"/>
</suite>
<status status="FAIL" start="2024-07-16T15:12:19.904041" elapsed="32.367545"/>
</suite>
<statistics>
<total>
<stat pass="0" fail="1" skip="0">All Tests</stat>
</total>
<tag>
</tag>
<suite>
<stat pass="0" fail="1" skip="0" id="s1" name="TestCases">TestCases</stat>
<stat pass="0" fail="1" skip="0" id="s1-s1" name="test cancel recurringPayment">TestCases.test cancel recurringPayment</stat>
</suite>
</statistics>
<errors>
</errors>
</robot>
