<?xml version="1.0" encoding="UTF-8"?>
<robot generator="Robot 7.0 (Python 3.12.2 on win32)" generated="2024-07-10T11:54:21.867682" rpa="false" schemaversion="5">
<suite id="s1" name="TestCases" source="C:\Users\ASUS\Desktop\PilotProject_Cyclos_Team1-1\TestCases">
<suite id="s1-s1" name="test addUserToContact" source="C:\Users\ASUS\Desktop\PilotProject_Cyclos_Team1-1\TestCases\test_addUserToContact.robot">
<test id="s1-s1-t1" name="Validate add to contact in Business Directory functionality" line="16">
<kw name="Open the Browser with URL" owner="GenericResource" type="SETUP">
<kw name="Create Webdriver" owner="SeleniumLibrary">
<msg time="2024-07-10T11:54:27.236475" level="INFO">Creating an instance of the Chrome WebDriver.</msg>
<arg>${brower_name}</arg>
<doc>Creates an instance of Selenium WebDriver.</doc>
<status status="PASS" start="2024-07-10T11:54:27.236475" elapsed="2.515219"/>
</kw>
<kw name="Go To" owner="SeleniumLibrary">
<msg time="2024-07-10T11:54:29.752695" level="INFO">Opening url 'https://demo.cyclos.org/ui/home'</msg>
<arg>${url}</arg>
<doc>Navigates the current browser window to the provided ``url``.</doc>
<status status="PASS" start="2024-07-10T11:54:29.752695" elapsed="3.347810"/>
</kw>
<kw name="Maximize Browser Window" owner="SeleniumLibrary">
<doc>Maximizes current browser window.</doc>
<status status="PASS" start="2024-07-10T11:54:33.101797" elapsed="0.126674"/>
</kw>
<kw name="Set Selenium Implicit Wait" owner="SeleniumLibrary">
<arg>5</arg>
<doc>Sets the implicit wait value used by Selenium.</doc>
<status status="PASS" start="2024-07-10T11:54:33.228471" elapsed="0.004086"/>
</kw>
<status status="PASS" start="2024-07-10T11:54:27.234966" elapsed="5.998590"/>
</kw>
<kw name="To Validate the add to contact in Business Directory functionality">
<kw name="Go to Login Page" owner="HomeResource">
<kw name="Sleep" owner="BuiltIn">
<msg time="2024-07-10T11:54:38.237369" level="INFO">Slept 5 seconds.</msg>
<arg>5s</arg>
<doc>Pauses the test executed for the given time.</doc>
<status status="PASS" start="2024-07-10T11:54:33.236835" elapsed="5.000534"/>
</kw>
<kw name="Click Element" owner="SeleniumLibrary">
<msg time="2024-07-10T11:54:38.237876" level="INFO">Clicking element 'xpath:(//div[@class="ml-2"])[3]'.</msg>
<arg>${login_btn}</arg>
<doc>Click the element identified by ``locator``.</doc>
<status status="PASS" start="2024-07-10T11:54:38.237876" elapsed="0.174576"/>
</kw>
<status status="PASS" start="2024-07-10T11:54:33.235835" elapsed="5.176617"/>
</kw>
<kw name="Fill the login form" owner="LoginResource">
<kw name="Input Text" owner="SeleniumLibrary">
<msg time="2024-07-10T11:54:38.414456" level="INFO">Typing text 'dharun' into text field 'css:input[placeholder="User"]'.</msg>
<arg>${username}</arg>
<arg>${user}</arg>
<doc>Types the given ``text`` into the text field identified by ``locator``.</doc>
<status status="PASS" start="2024-07-10T11:54:38.413457" elapsed="0.180605"/>
</kw>
<kw name="Input Password" owner="SeleniumLibrary">
<msg time="2024-07-10T11:54:38.594062" level="INFO">Typing password into text field 'css:input[placeholder="Password"]'.</msg>
<msg time="2024-07-10T11:54:38.686856" level="INFO">Temporally setting log level to: NONE</msg>
<arg>${password}</arg>
<arg>${pass}</arg>
<doc>Types the given password into the text field identified by ``locator``.</doc>
<status status="PASS" start="2024-07-10T11:54:38.594062" elapsed="0.178015"/>
</kw>
<arg>dharun</arg>
<arg>1234</arg>
<status status="PASS" start="2024-07-10T11:54:38.412452" elapsed="0.359625"/>
</kw>
<kw name="click the login button" owner="LoginResource">
<kw name="Click Button" owner="SeleniumLibrary">
<msg time="2024-07-10T11:54:38.773076" level="INFO">Clicking button 'xpath://button[@class="btn d-flex justify-content-center align-items-center w-100 h-100 btn-primary btn-action-primary"]'.</msg>
<arg>${submit_btn}</arg>
<doc>Clicks the button identified by ``locator``.</doc>
<status status="PASS" start="2024-07-10T11:54:38.773076" elapsed="0.270548"/>
</kw>
<status status="PASS" start="2024-07-10T11:54:38.772077" elapsed="0.272548"/>
</kw>
<kw name="Click the Marketplace Option" owner="HomeResource">
<kw name="Wait Until Element Is Visible" owner="SeleniumLibrary">
<arg>${Marketplace_Xpath}</arg>
<doc>Waits until the element ``locator`` is visible.</doc>
<status status="PASS" start="2024-07-10T11:54:39.045624" elapsed="1.273872"/>
</kw>
<kw name="Click Element" owner="SeleniumLibrary">
<msg time="2024-07-10T11:54:40.320501" level="INFO">Clicking element 'xpath://a[@id='menu_marketplace']'.</msg>
<arg>${Marketplace_Xpath}</arg>
<doc>Click the element identified by ``locator``.</doc>
<status status="PASS" start="2024-07-10T11:54:40.320501" elapsed="0.469341"/>
</kw>
<status status="PASS" start="2024-07-10T11:54:39.044625" elapsed="1.745217"/>
</kw>
<kw name="Verify the Marketplace page is displayed" owner="HomeResource">
<kw name="Element Text Should Be" owner="SeleniumLibrary">
<msg time="2024-07-10T11:54:40.790848" level="INFO">Verifying element 'xpath://div[@class='side-menu-title' and text()=' Marketplace ']' contains exact text 'Marketplace'.</msg>
<arg>${Marketplace_page_verify}</arg>
<arg>${Marketplace_page_keyword}</arg>
<doc>Verifies that element ``locator`` contains exact the text ``expected``.</doc>
<status status="PASS" start="2024-07-10T11:54:40.790848" elapsed="1.744656"/>
</kw>
<status status="PASS" start="2024-07-10T11:54:40.789842" elapsed="1.746662"/>
</kw>
<kw name="Select the option business directory" owner="BusinessDirectoryResource">
<kw name="Wait Until Element Is Visible" owner="SeleniumLibrary">
<arg>${business_dir}</arg>
<doc>Waits until the element ``locator`` is visible.</doc>
<status status="PASS" start="2024-07-10T11:54:42.537505" elapsed="0.164159"/>
</kw>
<kw name="Click Element" owner="SeleniumLibrary">
<msg time="2024-07-10T11:54:42.702713" level="INFO">Clicking element 'xpath:(//nav[@class='navbar d-flex flex-column align-items-stretch']//a/div)[1]'.</msg>
<arg>${business_dir}</arg>
<doc>Click the element identified by ``locator``.</doc>
<status status="PASS" start="2024-07-10T11:54:42.702713" elapsed="0.270767"/>
</kw>
<status status="PASS" start="2024-07-10T11:54:42.537505" elapsed="0.435975"/>
</kw>
<kw name="verify the business directory page open" owner="BusinessDirectoryResource">
<kw name="Element Text Should Be" owner="SeleniumLibrary">
<msg time="2024-07-10T11:54:42.975524" level="INFO">Verifying element 'xpath://div[text()=' Business directory ']' contains exact text 'Business directory'.</msg>
<arg>${business_dir_title}</arg>
<arg>${business_dir_title_verify}</arg>
<doc>Verifies that element ``locator`` contains exact the text ``expected``.</doc>
<status status="PASS" start="2024-07-10T11:54:42.975524" elapsed="0.605072"/>
</kw>
<status status="PASS" start="2024-07-10T11:54:42.974519" elapsed="0.606077"/>
</kw>
<kw name="Enter the key in keyword field" owner="BusinessDirectoryResource">
<kw name="Input Text" owner="SeleniumLibrary">
<msg time="2024-07-10T11:54:43.584112" level="INFO">Typing text 'shop' into text field 'xpath://div[@class='d-flex label-value-value']/input'.</msg>
<arg>${input_key}</arg>
<arg>${keyword}</arg>
<doc>Types the given ``text`` into the text field identified by ``locator``.</doc>
<status status="PASS" start="2024-07-10T11:54:43.582110" elapsed="0.131742"/>
</kw>
<arg>${valid_keyword}</arg>
<status status="PASS" start="2024-07-10T11:54:43.581103" elapsed="0.132749"/>
</kw>
<kw name="Add user to Contact" owner="BusinessDirectoryResource">
<kw name="Wait Until Element Is Visible" owner="SeleniumLibrary">
<arg>${contact}</arg>
<doc>Waits until the element ``locator`` is visible.</doc>
<status status="PASS" start="2024-07-10T11:54:43.714851" elapsed="0.524420"/>
</kw>
<kw name="Click Element" owner="SeleniumLibrary">
<msg time="2024-07-10T11:54:44.241271" level="INFO">Clicking element 'xpath:(//div[@class='row tiled-results']//a)[3]'.</msg>
<arg>${contact}</arg>
<doc>Click the element identified by ``locator``.</doc>
<status status="PASS" start="2024-07-10T11:54:44.240271" elapsed="0.123156"/>
</kw>
<kw name="Wait Until Element Is Visible" owner="SeleniumLibrary">
<arg>${add_to_contact}</arg>
<doc>Waits until the element ``locator`` is visible.</doc>
<status status="PASS" start="2024-07-10T11:54:44.364428" elapsed="1.136052"/>
</kw>
<kw name="Click Element" owner="SeleniumLibrary">
<msg time="2024-07-10T11:54:45.501480" level="INFO">Clicking element 'xpath://div[text()='Add to contacts']'.</msg>
<arg>${add_to_contact}</arg>
<doc>Click the element identified by ``locator``.</doc>
<status status="PASS" start="2024-07-10T11:54:45.500480" elapsed="0.169346"/>
</kw>
<status status="PASS" start="2024-07-10T11:54:43.714851" elapsed="1.956071"/>
</kw>
<kw name="Verify the contact is added" owner="BusinessDirectoryResource">
<kw name="Element Should Be Visible" owner="SeleniumLibrary">
<msg time="2024-07-10T11:54:46.244305" level="INFO">Element 'xpath://div[text()='Remove from contacts']' is displayed.</msg>
<arg>${add_contact_verify}</arg>
<doc>Verifies that the element identified by ``locator`` is visible.</doc>
<status status="PASS" start="2024-07-10T11:54:45.671925" elapsed="0.572380"/>
</kw>
<status status="PASS" start="2024-07-10T11:54:45.670922" elapsed="0.573383"/>
</kw>
<arg>valid_keyword=shop</arg>
<doc>This checks the add to contact in Business Directory functionality</doc>
<status status="PASS" start="2024-07-10T11:54:33.234832" elapsed="13.009473"/>
</kw>
<kw name="Close Browser Session" owner="GenericResource" type="TEARDOWN">
<kw name="Close Browser" owner="SeleniumLibrary">
<doc>Closes the current browser.</doc>
<status status="PASS" start="2024-07-10T11:54:46.246444" elapsed="4.787323"/>
</kw>
<status status="PASS" start="2024-07-10T11:54:46.245439" elapsed="4.788328"/>
</kw>
<tag>regression</tag>
<status status="PASS" start="2024-07-10T11:54:27.231966" elapsed="23.802799"/>
</test>
<doc>This checks the Business Directory functionality</doc>
<status status="PASS" start="2024-07-10T11:54:21.972917" elapsed="29.062849"/>
</suite>
<status status="PASS" start="2024-07-10T11:54:21.917339" elapsed="29.121795"/>
</suite>
<statistics>
<total>
<stat pass="1" fail="0" skip="0">All Tests</stat>
</total>
<tag>
<stat pass="1" fail="0" skip="0">regression</stat>
</tag>
<suite>
<stat pass="1" fail="0" skip="0" id="s1" name="TestCases">TestCases</stat>
<stat pass="1" fail="0" skip="0" id="s1-s1" name="test addUserToContact">TestCases.test addUserToContact</stat>
</suite>
</statistics>
<errors>
</errors>
</robot>
