<?xml version="1.0" encoding="UTF-8"?>
<robot generator="Robot 7.0 (Python 3.12.2 on win32)" generated="2024-07-10T11:55:28.694935" rpa="false" schemaversion="5">
<suite id="s1" name="TestCases" source="C:\Users\ASUS\Desktop\PilotProject_Cyclos_Team1-1\TestCases">
<suite id="s1-s1" name="test blankAmountReceivePay" source="C:\Users\ASUS\Desktop\PilotProject_Cyclos_Team1-1\TestCases\test_blankAmountReceivePay.robot">
<test id="s1-s1-t1" name="Validate Receive payment with data" line="19">
<kw name="Open the Browser with URL" owner="GenericResource" type="SETUP">
<kw name="Create Webdriver" owner="SeleniumLibrary">
<msg time="2024-07-10T11:55:32.299132" level="INFO">Creating an instance of the Chrome WebDriver.</msg>
<arg>${brower_name}</arg>
<doc>Creates an instance of Selenium WebDriver.</doc>
<status status="PASS" start="2024-07-10T11:55:32.299132" elapsed="2.706930"/>
</kw>
<kw name="Go To" owner="SeleniumLibrary">
<msg time="2024-07-10T11:55:35.006062" level="INFO">Opening url 'https://demo.cyclos.org/ui/home'</msg>
<arg>${url}</arg>
<doc>Navigates the current browser window to the provided ``url``.</doc>
<status status="PASS" start="2024-07-10T11:55:35.006062" elapsed="3.852349"/>
</kw>
<kw name="Maximize Browser Window" owner="SeleniumLibrary">
<doc>Maximizes current browser window.</doc>
<status status="PASS" start="2024-07-10T11:55:38.859417" elapsed="0.088261"/>
</kw>
<kw name="Set Selenium Implicit Wait" owner="SeleniumLibrary">
<arg>5</arg>
<doc>Sets the implicit wait value used by Selenium.</doc>
<status status="PASS" start="2024-07-10T11:55:38.949037" elapsed="0.004287"/>
</kw>
<status status="PASS" start="2024-07-10T11:55:32.297132" elapsed="6.656192"/>
</kw>
<kw name="Validate the Receive payment functionality with empty amount">
<kw name="Go to Login Page" owner="HomeResource">
<kw name="Sleep" owner="BuiltIn">
<msg time="2024-07-10T11:55:43.959738" level="INFO">Slept 5 seconds.</msg>
<arg>5s</arg>
<doc>Pauses the test executed for the given time.</doc>
<status status="PASS" start="2024-07-10T11:55:38.959487" elapsed="5.000251"/>
</kw>
<kw name="Click Element" owner="SeleniumLibrary">
<msg time="2024-07-10T11:55:43.960251" level="INFO">Clicking element 'xpath:(//div[@class="ml-2"])[3]'.</msg>
<arg>${login_btn}</arg>
<doc>Click the element identified by ``locator``.</doc>
<status status="PASS" start="2024-07-10T11:55:43.960251" elapsed="0.218606"/>
</kw>
<status status="PASS" start="2024-07-10T11:55:38.954482" elapsed="5.225373"/>
</kw>
<kw name="Fill the login form" owner="LoginResource">
<kw name="Input Text" owner="SeleniumLibrary">
<msg time="2024-07-10T11:55:44.180856" level="INFO">Typing text 'sandhiyas' into text field 'css:input[placeholder="User"]'.</msg>
<arg>${username}</arg>
<arg>${user}</arg>
<doc>Types the given ``text`` into the text field identified by ``locator``.</doc>
<status status="PASS" start="2024-07-10T11:55:44.180856" elapsed="0.202415"/>
</kw>
<kw name="Input Password" owner="SeleniumLibrary">
<msg time="2024-07-10T11:55:44.384778" level="INFO">Typing password into text field 'css:input[placeholder="Password"]'.</msg>
<msg time="2024-07-10T11:55:44.439369" level="INFO">Temporally setting log level to: NONE</msg>
<arg>${password}</arg>
<arg>${pass}</arg>
<doc>Types the given password into the text field identified by ``locator``.</doc>
<status status="PASS" start="2024-07-10T11:55:44.384778" elapsed="0.158228"/>
</kw>
<arg>sandhiyas</arg>
<arg>Sand@123</arg>
<status status="PASS" start="2024-07-10T11:55:44.179855" elapsed="0.363151"/>
</kw>
<kw name="click the login button" owner="LoginResource">
<kw name="Click Button" owner="SeleniumLibrary">
<msg time="2024-07-10T11:55:44.545238" level="INFO">Clicking button 'xpath://button[@class="btn d-flex justify-content-center align-items-center w-100 h-100 btn-primary btn-action-primary"]'.</msg>
<arg>${submit_btn}</arg>
<doc>Clicks the button identified by ``locator``.</doc>
<status status="PASS" start="2024-07-10T11:55:44.545238" elapsed="0.112924"/>
</kw>
<status status="PASS" start="2024-07-10T11:55:44.544017" elapsed="0.114145"/>
</kw>
<kw name="Click the Banking Option" owner="HomeResource">
<kw name="Wait Until Element Is Visible" owner="SeleniumLibrary">
<arg>${Banking}</arg>
<doc>Waits until the element ``locator`` is visible.</doc>
<status status="PASS" start="2024-07-10T11:55:44.660166" elapsed="0.933414"/>
</kw>
<kw name="Click Element" owner="SeleniumLibrary">
<msg time="2024-07-10T11:55:45.594668" level="INFO">Clicking element 'xpath://div[text()='Banking']'.</msg>
<arg>${Banking}</arg>
<doc>Click the element identified by ``locator``.</doc>
<status status="PASS" start="2024-07-10T11:55:45.594668" elapsed="0.086130"/>
</kw>
<status status="PASS" start="2024-07-10T11:55:44.659167" elapsed="1.022637"/>
</kw>
<kw name="Verify the Banking page is displayed" owner="HomeResource">
<kw name="Element Text Should Be" owner="SeleniumLibrary">
<msg time="2024-07-10T11:55:45.685805" level="INFO">Verifying element 'xpath://div[text()='Banking']' contains exact text 'Banking'.</msg>
<arg>${Banking_page_verify}</arg>
<arg>${Banking_page_keyword}</arg>
<doc>Verifies that element ``locator`` contains exact the text ``expected``.</doc>
<status status="PASS" start="2024-07-10T11:55:45.684805" elapsed="0.044739"/>
</kw>
<status status="PASS" start="2024-07-10T11:55:45.681804" elapsed="0.048787"/>
</kw>
<kw name="Verify the Receive payment page" owner="ReceivePaymentResouce">
<kw name="Wait Until Element Is Visible" owner="SeleniumLibrary">
<arg>${receive_payment}</arg>
<doc>Waits until the element ``locator`` is visible.</doc>
<status status="PASS" start="2024-07-10T11:55:45.731591" elapsed="2.164512"/>
</kw>
<kw name="Click Element" owner="SeleniumLibrary">
<msg time="2024-07-10T11:55:47.899220" level="INFO">Clicking element 'xpath:(//nav[@class='navbar d-flex flex-column align-items-stretch']//a/div)[4]'.</msg>
<arg>${receive_payment}</arg>
<doc>Click the element identified by ``locator``.</doc>
<status status="PASS" start="2024-07-10T11:55:47.897108" elapsed="0.091897"/>
</kw>
<kw name="Element Text Should Be" owner="SeleniumLibrary">
<msg time="2024-07-10T11:55:47.990009" level="INFO">Verifying element 'xpath://div[text()=' Receive payment ']' contains exact text 'Receive payment'.</msg>
<arg>${rec_pay_verify}</arg>
<arg>${rec_pay_verify_keyword}</arg>
<doc>Verifies that element ``locator`` contains exact the text ``expected``.</doc>
<status status="PASS" start="2024-07-10T11:55:47.989005" elapsed="0.797998"/>
</kw>
<status status="PASS" start="2024-07-10T11:55:45.730591" elapsed="3.057417"/>
</kw>
<kw name="Fill the receive payment form with data" owner="ReceivePaymentResouce">
<kw name="Input Text" owner="SeleniumLibrary">
<msg time="2024-07-10T11:55:48.789006" level="INFO">Typing text 'demo' into text field 'xpath://input[@placeholder='Type to search']'.</msg>
<arg>${input_user}</arg>
<arg>${user}</arg>
<doc>Types the given ``text`` into the text field identified by ``locator``.</doc>
<status status="PASS" start="2024-07-10T11:55:48.789006" elapsed="0.481687"/>
</kw>
<kw name="Input Text" owner="SeleniumLibrary">
<msg time="2024-07-10T11:55:49.272056" level="INFO">Typing text ' ' into text field 'xpath://div[@class='label-value-container']//div[@class='input-group']//input'.</msg>
<arg>${input_amount}</arg>
<arg>${amount}</arg>
<doc>Types the given ``text`` into the text field identified by ``locator``.</doc>
<status status="PASS" start="2024-07-10T11:55:49.272056" elapsed="0.367602"/>
</kw>
<arg>${user}</arg>
<arg>${blank_amount}</arg>
<status status="PASS" start="2024-07-10T11:55:48.788008" elapsed="0.853107"/>
</kw>
<kw name="Select the schedule" owner="ReceivePaymentResouce">
<kw name="Click Button" owner="SeleniumLibrary">
<msg time="2024-07-10T11:55:49.642581" level="INFO">Clicking button 'xpath://button[@class='form-control text-left custom-select w-100']'.</msg>
<arg>${schedue}</arg>
<doc>Clicks the button identified by ``locator``.</doc>
<status status="PASS" start="2024-07-10T11:55:49.641115" elapsed="1.062345"/>
</kw>
<kw name="Click Element" owner="SeleniumLibrary">
<msg time="2024-07-10T11:55:50.704459" level="INFO">Clicking element 'xpath://div[@role='listbox']//a[text()=' Pay now ']'.</msg>
<arg>${pay_type}</arg>
<doc>Click the element identified by ``locator``.</doc>
<status status="PASS" start="2024-07-10T11:55:50.703460" elapsed="0.117482"/>
</kw>
<status status="PASS" start="2024-07-10T11:55:49.641115" elapsed="1.180820"/>
</kw>
<kw name="Fill the description" owner="ReceivePaymentResouce">
<kw name="Input Text" owner="SeleniumLibrary">
<msg time="2024-07-10T11:55:50.823934" level="INFO">Typing text 'Receive payment from users' into text field 'xpath://div[@class='d-flex label-value-value']//textarea'.</msg>
<arg>${descrip_xpath}</arg>
<arg>${description}</arg>
<doc>Types the given ``text`` into the text field identified by ``locator``.</doc>
<status status="PASS" start="2024-07-10T11:55:50.822935" elapsed="0.442951"/>
</kw>
<arg>${description}</arg>
<status status="PASS" start="2024-07-10T11:55:50.821935" elapsed="0.444960"/>
</kw>
<kw name="Click the next button" owner="ReceivePaymentResouce">
<kw name="Click Button" owner="SeleniumLibrary">
<msg time="2024-07-10T11:55:51.268115" level="INFO">Clicking button 'xpath://action-button/button'.</msg>
<arg>${next_button}</arg>
<doc>Clicks the button identified by ``locator``.</doc>
<status status="PASS" start="2024-07-10T11:55:51.268115" elapsed="0.955304"/>
</kw>
<status status="PASS" start="2024-07-10T11:55:51.266895" elapsed="0.956524"/>
</kw>
<kw name="verify amount error message is displayed" owner="ReceivePaymentResouce">
<kw name="Element Should Be Visible" owner="SeleniumLibrary">
<msg time="2024-07-10T11:55:52.258525" level="INFO">Element 'xpath:(//div[@class='d-flex label-value-value']/field-errors/div)' is displayed.</msg>
<arg>${amt_error_mesg}</arg>
<doc>Verifies that the element identified by ``locator`` is visible.</doc>
<status status="PASS" start="2024-07-10T11:55:52.224420" elapsed="0.034105"/>
</kw>
<status status="PASS" start="2024-07-10T11:55:52.224420" elapsed="0.034105"/>
</kw>
<arg>user=demo</arg>
<arg>blank_amount= </arg>
<arg>description=Receive payment from users</arg>
<doc>This checks the Receive payment functionality with empty amount</doc>
<status status="PASS" start="2024-07-10T11:55:38.953324" elapsed="13.305201"/>
</kw>
<kw name="Close Browser Session" owner="GenericResource" type="TEARDOWN">
<kw name="Close Browser" owner="SeleniumLibrary">
<doc>Closes the current browser.</doc>
<status status="PASS" start="2024-07-10T11:55:52.260571" elapsed="4.802204"/>
</kw>
<status status="PASS" start="2024-07-10T11:55:52.259528" elapsed="4.804250"/>
</kw>
<tag>smoke</tag>
<status status="PASS" start="2024-07-10T11:55:32.293023" elapsed="24.770755"/>
</test>
<doc>This checks the Receive payment fubctionality</doc>
<status status="PASS" start="2024-07-10T11:55:28.738147" elapsed="28.326628"/>
</suite>
<status status="PASS" start="2024-07-10T11:55:28.715138" elapsed="28.356639"/>
</suite>
<statistics>
<total>
<stat pass="1" fail="0" skip="0">All Tests</stat>
</total>
<tag>
<stat pass="1" fail="0" skip="0">smoke</stat>
</tag>
<suite>
<stat pass="1" fail="0" skip="0" id="s1" name="TestCases">TestCases</stat>
<stat pass="1" fail="0" skip="0" id="s1-s1" name="test blankAmountReceivePay">TestCases.test blankAmountReceivePay</stat>
</suite>
</statistics>
<errors>
</errors>
</robot>
