<?xml version="1.0" encoding="UTF-8"?>
<robot generator="Robot 7.0 (Python 3.12.2 on win32)" generated="2024-07-10T11:52:28.906026" rpa="false" schemaversion="5">
<suite id="s1" name="TestCases" source="C:\Users\ASUS\Desktop\PilotProject_Cyclos_Team1-1\TestCases">
<suite id="s1-s1" name="test Blankfields" source="C:\Users\ASUS\Desktop\PilotProject_Cyclos_Team1-1\TestCases\test_Blankfields.robot">
<test id="s1-s1-t1" name="To validate payment to user functionality with blank fields" line="15">
<kw name="Open the Browser with URL" owner="GenericResource" type="SETUP">
<kw name="Create Webdriver" owner="SeleniumLibrary">
<msg time="2024-07-10T11:52:29.224070" level="INFO">Creating an instance of the Chrome WebDriver.</msg>
<arg>${brower_name}</arg>
<doc>Creates an instance of Selenium WebDriver.</doc>
<status status="PASS" start="2024-07-10T11:52:29.224070" elapsed="2.808048"/>
</kw>
<kw name="Go To" owner="SeleniumLibrary">
<msg time="2024-07-10T11:52:32.033118" level="INFO">Opening url 'https://demo.cyclos.org/ui/home'</msg>
<arg>${url}</arg>
<doc>Navigates the current browser window to the provided ``url``.</doc>
<status status="PASS" start="2024-07-10T11:52:32.033118" elapsed="3.169723"/>
</kw>
<kw name="Maximize Browser Window" owner="SeleniumLibrary">
<doc>Maximizes current browser window.</doc>
<status status="PASS" start="2024-07-10T11:52:35.202841" elapsed="0.231485"/>
</kw>
<kw name="Set Selenium Implicit Wait" owner="SeleniumLibrary">
<arg>5</arg>
<doc>Sets the implicit wait value used by Selenium.</doc>
<status status="PASS" start="2024-07-10T11:52:35.434326" elapsed="0.002786"/>
</kw>
<status status="PASS" start="2024-07-10T11:52:29.222070" elapsed="6.215042"/>
</kw>
<kw name="Go to Login Page" owner="HomeResource">
<kw name="Sleep" owner="BuiltIn">
<msg time="2024-07-10T11:52:40.438481" level="INFO">Slept 5 seconds.</msg>
<arg>5s</arg>
<doc>Pauses the test executed for the given time.</doc>
<status status="PASS" start="2024-07-10T11:52:35.438117" elapsed="5.000364"/>
</kw>
<kw name="Click Element" owner="SeleniumLibrary">
<msg time="2024-07-10T11:52:40.439990" level="INFO">Clicking element 'xpath:(//div[@class="ml-2"])[3]'.</msg>
<arg>${login_btn}</arg>
<doc>Click the element identified by ``locator``.</doc>
<status status="PASS" start="2024-07-10T11:52:40.438987" elapsed="0.179926"/>
</kw>
<status status="PASS" start="2024-07-10T11:52:35.438117" elapsed="5.180796"/>
</kw>
<kw name="Fill the login form" owner="LoginResource">
<kw name="Input Text" owner="SeleniumLibrary">
<msg time="2024-07-10T11:52:40.620912" level="INFO">Typing text 'Sanjay_stark' into text field 'css:input[placeholder="User"]'.</msg>
<arg>${username}</arg>
<arg>${user}</arg>
<doc>Types the given ``text`` into the text field identified by ``locator``.</doc>
<status status="PASS" start="2024-07-10T11:52:40.619913" elapsed="0.125921"/>
</kw>
<kw name="Input Password" owner="SeleniumLibrary">
<msg time="2024-07-10T11:52:40.746840" level="INFO">Typing password into text field 'css:input[placeholder="Password"]'.</msg>
<msg time="2024-07-10T11:52:40.783006" level="INFO">Temporally setting log level to: NONE</msg>
<arg>${password}</arg>
<arg>${pass}</arg>
<doc>Types the given password into the text field identified by ``locator``.</doc>
<status status="PASS" start="2024-07-10T11:52:40.746840" elapsed="0.132926"/>
</kw>
<arg>Sanjay_stark</arg>
<arg>Sanjay</arg>
<status status="PASS" start="2024-07-10T11:52:40.619913" elapsed="0.259853"/>
</kw>
<kw name="click the login button" owner="LoginResource">
<kw name="Click Button" owner="SeleniumLibrary">
<msg time="2024-07-10T11:52:40.880765" level="INFO">Clicking button 'xpath://button[@class="btn d-flex justify-content-center align-items-center w-100 h-100 btn-primary btn-action-primary"]'.</msg>
<arg>${submit_btn}</arg>
<doc>Clicks the button identified by ``locator``.</doc>
<status status="PASS" start="2024-07-10T11:52:40.879766" elapsed="0.666941"/>
</kw>
<status status="PASS" start="2024-07-10T11:52:40.879766" elapsed="0.666941"/>
</kw>
<kw name="Click on the Banking button" owner="HomeResource">
<kw name="Wait Until Element Is Visible" owner="SeleniumLibrary">
<arg>${Banking}</arg>
<doc>Waits until the element ``locator`` is visible.</doc>
<status status="PASS" start="2024-07-10T11:52:41.547214" elapsed="4.371134"/>
</kw>
<kw name="Click Element" owner="SeleniumLibrary">
<msg time="2024-07-10T11:52:45.919349" level="INFO">Clicking element 'xpath://div[text()='Banking']'.</msg>
<arg>${Banking}</arg>
<doc>Click the element identified by ``locator``.</doc>
<status status="PASS" start="2024-07-10T11:52:45.918348" elapsed="0.081372"/>
</kw>
<status status="PASS" start="2024-07-10T11:52:41.547214" elapsed="4.452506"/>
</kw>
<kw name="verify the Banking page open" owner="PaymentUser">
<kw name="Wait Until Element Is Visible" owner="SeleniumLibrary">
<arg>${Banking_title}</arg>
<doc>Waits until the element ``locator`` is visible.</doc>
<status status="PASS" start="2024-07-10T11:52:45.999720" elapsed="1.764396"/>
</kw>
<kw name="Element Text Should Be" owner="SeleniumLibrary">
<msg time="2024-07-10T11:52:47.764116" level="INFO">Verifying element 'xpath://div[@class="side-menu-header"]//following-sibling::div' contains exact text 'Banking'.</msg>
<arg>${Banking_title}</arg>
<arg>Banking</arg>
<doc>Verifies that element ``locator`` contains exact the text ``expected``.</doc>
<status status="PASS" start="2024-07-10T11:52:47.764116" elapsed="0.043137"/>
</kw>
<status status="PASS" start="2024-07-10T11:52:45.999720" elapsed="1.807533"/>
</kw>
<kw name="Select the option payment to user" owner="PaymentUser">
<kw name="Wait Until Element Is Visible" owner="SeleniumLibrary">
<arg>${select_payment_to_user}</arg>
<doc>Waits until the element ``locator`` is visible.</doc>
<status status="PASS" start="2024-07-10T11:52:47.808546" elapsed="0.034275"/>
</kw>
<kw name="Click Element" owner="SeleniumLibrary">
<msg time="2024-07-10T11:52:47.842821" level="INFO">Clicking element 'xpath://div[text()="Payment to user"]'.</msg>
<arg>${select_payment_to_user}</arg>
<doc>Click the element identified by ``locator``.</doc>
<status status="PASS" start="2024-07-10T11:52:47.842821" elapsed="0.086961"/>
</kw>
<status status="PASS" start="2024-07-10T11:52:47.808546" elapsed="0.121236"/>
</kw>
<kw name="verify the payment to user page open" owner="PaymentUser">
<kw name="Element Text Should Be" owner="SeleniumLibrary">
<msg time="2024-07-10T11:52:47.931229" level="INFO">Verifying element 'xpath://div[@class="content-title d-flex"]//div' contains exact text 'Payment to user'.</msg>
<arg>${payment_user_title}</arg>
<arg>Payment to user</arg>
<doc>Verifies that element ``locator`` contains exact the text ``expected``.</doc>
<status status="PASS" start="2024-07-10T11:52:47.929782" elapsed="0.926195"/>
</kw>
<status status="PASS" start="2024-07-10T11:52:47.929782" elapsed="0.926195"/>
</kw>
<kw name="Click the next Button in payment page" owner="PaymentUser">
<kw name="Wait Until Element Is Visible" owner="SeleniumLibrary">
<arg>${next}</arg>
<doc>Waits until the element ``locator`` is visible.</doc>
<status status="PASS" start="2024-07-10T11:52:48.856976" elapsed="1.616129"/>
</kw>
<kw name="Click Element" owner="SeleniumLibrary">
<msg time="2024-07-10T11:52:50.474108" level="INFO">Clicking element 'xpath://action-button[@class="d-inline-block button"]/button'.</msg>
<arg>${next}</arg>
<doc>Click the element identified by ``locator``.</doc>
<status status="PASS" start="2024-07-10T11:52:50.473105" elapsed="1.653220"/>
</kw>
<status status="PASS" start="2024-07-10T11:52:48.855977" elapsed="3.270348"/>
</kw>
<kw name="verify the error message for user to field is given blank" owner="PaymentUser">
<kw name="Wait Until Element Is Visible" owner="SeleniumLibrary">
<arg>${to_user_error_msg}</arg>
<doc>Waits until the element ``locator`` is visible.</doc>
<status status="PASS" start="2024-07-10T11:52:52.128329" elapsed="0.160673"/>
</kw>
<kw name="Element Text Should Be" owner="SeleniumLibrary">
<msg time="2024-07-10T11:52:52.289002" level="INFO">Verifying element 'xpath:(//field-errors)[1]//div' contains exact text 'This field is required'.</msg>
<arg>${to_user_error_msg}</arg>
<arg>This field is required</arg>
<doc>Verifies that element ``locator`` contains exact the text ``expected``.</doc>
<status status="PASS" start="2024-07-10T11:52:52.289002" elapsed="0.117529"/>
</kw>
<status status="PASS" start="2024-07-10T11:52:52.127329" elapsed="0.279202"/>
</kw>
<kw name="verify the error message for amount field is given blank" owner="PaymentUser">
<kw name="Wait Until Element Is Visible" owner="SeleniumLibrary">
<arg>${amount_error_msg}</arg>
<doc>Waits until the element ``locator`` is visible.</doc>
<status status="PASS" start="2024-07-10T11:52:52.407773" elapsed="0.035781"/>
</kw>
<kw name="Element Text Should Be" owner="SeleniumLibrary">
<msg time="2024-07-10T11:52:52.444554" level="INFO">Verifying element 'xpath:(//field-errors)[2]//div' contains exact text 'This field is required'.</msg>
<arg>${amount_error_msg}</arg>
<arg>This field is required</arg>
<doc>Verifies that element ``locator`` contains exact the text ``expected``.</doc>
<status status="PASS" start="2024-07-10T11:52:52.444554" elapsed="0.039309"/>
</kw>
<status status="PASS" start="2024-07-10T11:52:52.406531" elapsed="0.077332"/>
</kw>
<kw name="Close Browser Session" owner="GenericResource" type="TEARDOWN">
<kw name="Close Browser" owner="SeleniumLibrary">
<doc>Closes the current browser.</doc>
<status status="PASS" start="2024-07-10T11:52:52.486864" elapsed="3.371580"/>
</kw>
<status status="PASS" start="2024-07-10T11:52:52.485866" elapsed="3.372578"/>
</kw>
<doc>To validate payment with all the fields are gievn blank</doc>
<tag>Smoke</tag>
<status status="PASS" start="2024-07-10T11:52:29.219401" elapsed="26.639043"/>
</test>
<doc>To validate Banking - payment to user Functionality</doc>
<status status="PASS" start="2024-07-10T11:52:28.940230" elapsed="26.920721"/>
</suite>
<status status="PASS" start="2024-07-10T11:52:28.921252" elapsed="26.940707"/>
</suite>
<statistics>
<total>
<stat pass="1" fail="0" skip="0">All Tests</stat>
</total>
<tag>
<stat pass="1" fail="0" skip="0">Smoke</stat>
</tag>
<suite>
<stat pass="1" fail="0" skip="0" id="s1" name="TestCases">TestCases</stat>
<stat pass="1" fail="0" skip="0" id="s1-s1" name="test Blankfields">TestCases.test Blankfields</stat>
</suite>
</statistics>
<errors>
</errors>
</robot>
