<?xml version="1.0" encoding="UTF-8"?>
<robot generator="Robot 7.0 (Python 3.12.2 on win32)" generated="2024-07-16T15:59:11.352240" rpa="false" schemaversion="5">
<suite id="s1" name="TestCases" source="C:\Users\ASUS\Desktop\PilotProject_Cyclos_Team1-1\TestCases">
<suite id="s1-s1" name="test blankDescReceivePay" source="C:\Users\ASUS\Desktop\PilotProject_Cyclos_Team1-1\TestCases\test_blankDescReceivePay.robot">
<test id="s1-s1-t1" name="Validate Receive payment with data" line="19">
<kw name="Open the Browser with URL" owner="GenericResource" type="SETUP">
<kw name="Create Webdriver" owner="SeleniumLibrary">
<msg time="2024-07-16T15:59:13.492441" level="INFO">Creating an instance of the Chrome WebDriver.</msg>
<arg>${brower_name}</arg>
<doc>Creates an instance of Selenium WebDriver.</doc>
<status status="PASS" start="2024-07-16T15:59:13.491240" elapsed="2.721531"/>
</kw>
<kw name="Go To" owner="SeleniumLibrary">
<msg time="2024-07-16T15:59:16.213771" level="INFO">Opening url 'https://demo.cyclos.org/ui/home'</msg>
<arg>${url}</arg>
<doc>Navigates the current browser window to the provided ``url``.</doc>
<status status="PASS" start="2024-07-16T15:59:16.213771" elapsed="4.111565"/>
</kw>
<kw name="Maximize Browser Window" owner="SeleniumLibrary">
<doc>Maximizes current browser window.</doc>
<status status="PASS" start="2024-07-16T15:59:20.325336" elapsed="0.063815"/>
</kw>
<kw name="Set Selenium Implicit Wait" owner="SeleniumLibrary">
<arg>5</arg>
<doc>Sets the implicit wait value used by Selenium.</doc>
<status status="PASS" start="2024-07-16T15:59:20.389151" elapsed="0.002050"/>
</kw>
<status status="PASS" start="2024-07-16T15:59:13.485247" elapsed="6.905954"/>
</kw>
<kw name="Validate the Receive payment functionality with empty description">
<kw name="Go to Login Page" owner="HomeResource">
<kw name="Wait Until Element Is Visible" owner="SeleniumLibrary">
<arg>${login_btn}</arg>
<doc>Waits until the element ``locator`` is visible.</doc>
<status status="PASS" start="2024-07-16T15:59:20.393205" elapsed="2.510116"/>
</kw>
<kw name="Click Element" owner="SeleniumLibrary">
<msg time="2024-07-16T15:59:22.904537" level="INFO">Clicking element 'xpath:(//div[@class="ml-2"])[3]'.</msg>
<arg>${login_btn}</arg>
<doc>Click the element identified by ``locator``.</doc>
<status status="PASS" start="2024-07-16T15:59:22.903321" elapsed="0.097172"/>
</kw>
<status status="PASS" start="2024-07-16T15:59:20.392205" elapsed="2.608288"/>
</kw>
<kw name="Fill the login form" owner="LoginResource">
<kw name="Input Text" owner="SeleniumLibrary">
<msg time="2024-07-16T15:59:23.001492" level="INFO">Typing text 'dharun' into text field 'css:input[placeholder="User"]'.</msg>
<arg>${username}</arg>
<arg>${user}</arg>
<doc>Types the given ``text`` into the text field identified by ``locator``.</doc>
<status status="PASS" start="2024-07-16T15:59:23.001492" elapsed="0.112801"/>
</kw>
<kw name="Input Password" owner="SeleniumLibrary">
<msg time="2024-07-16T15:59:23.114293" level="INFO">Typing password into text field 'css:input[placeholder="Password"]'.</msg>
<msg time="2024-07-16T15:59:23.142149" level="INFO">Temporally setting log level to: NONE</msg>
<arg>${password}</arg>
<arg>${pass}</arg>
<doc>Types the given password into the text field identified by ``locator``.</doc>
<status status="PASS" start="2024-07-16T15:59:23.114293" elapsed="0.074268"/>
</kw>
<arg>dharun</arg>
<arg>1234</arg>
<status status="PASS" start="2024-07-16T15:59:23.000493" elapsed="0.188068"/>
</kw>
<kw name="click the login button" owner="LoginResource">
<kw name="Click Button" owner="SeleniumLibrary">
<msg time="2024-07-16T15:59:23.189067" level="INFO">Clicking button 'xpath://button[@class="btn d-flex justify-content-center align-items-center w-100 h-100 btn-primary btn-action-primary"]'.</msg>
<arg>${submit_btn}</arg>
<doc>Clicks the button identified by ``locator``.</doc>
<status status="PASS" start="2024-07-16T15:59:23.189067" elapsed="0.133217"/>
</kw>
<status status="PASS" start="2024-07-16T15:59:23.188561" elapsed="0.133723"/>
</kw>
<kw name="Click the Banking Option" owner="HomeResource">
<kw name="Wait Until Element Is Visible" owner="SeleniumLibrary">
<arg>${Banking}</arg>
<doc>Waits until the element ``locator`` is visible.</doc>
<status status="PASS" start="2024-07-16T15:59:23.323420" elapsed="0.766129"/>
</kw>
<kw name="Click Element" owner="SeleniumLibrary">
<msg time="2024-07-16T15:59:24.089549" level="INFO">Clicking element 'xpath://div[text()='Banking']'.</msg>
<arg>${Banking}</arg>
<doc>Click the element identified by ``locator``.</doc>
<status status="PASS" start="2024-07-16T15:59:24.089549" elapsed="0.057229"/>
</kw>
<status status="PASS" start="2024-07-16T15:59:23.323420" elapsed="0.823358"/>
</kw>
<kw name="Verify the Banking page is displayed" owner="HomeResource">
<kw name="Element Text Should Be" owner="SeleniumLibrary">
<msg time="2024-07-16T15:59:24.148928" level="INFO">Verifying element 'xpath://div[text()='Banking']' contains exact text 'Banking'.</msg>
<arg>${Banking_page_verify}</arg>
<arg>${Banking_page_keyword}</arg>
<doc>Verifies that element ``locator`` contains exact the text ``expected``.</doc>
<status status="PASS" start="2024-07-16T15:59:24.147776" elapsed="0.023606"/>
</kw>
<status status="PASS" start="2024-07-16T15:59:24.146778" elapsed="0.024604"/>
</kw>
<kw name="Verify the Receive payment page" owner="ReceivePaymentResouce">
<kw name="Wait Until Element Is Visible" owner="SeleniumLibrary">
<arg>${receive_payment}</arg>
<doc>Waits until the element ``locator`` is visible.</doc>
<status status="PASS" start="2024-07-16T15:59:24.172594" elapsed="2.132520"/>
</kw>
<kw name="Click Element" owner="SeleniumLibrary">
<msg time="2024-07-16T15:59:26.306114" level="INFO">Clicking element 'xpath://div[text()='Receive payment']'.</msg>
<arg>${receive_payment}</arg>
<doc>Click the element identified by ``locator``.</doc>
<status status="PASS" start="2024-07-16T15:59:26.305114" elapsed="0.079244"/>
</kw>
<kw name="Element Text Should Be" owner="SeleniumLibrary">
<msg time="2024-07-16T15:59:26.385358" level="INFO">Verifying element 'xpath://div[text()=' Receive payment ']' contains exact text 'Receive payment'.</msg>
<arg>${rec_pay_verify}</arg>
<arg>${rec_pay_verify_keyword}</arg>
<doc>Verifies that element ``locator`` contains exact the text ``expected``.</doc>
<status status="PASS" start="2024-07-16T15:59:26.384358" elapsed="0.342163"/>
</kw>
<status status="PASS" start="2024-07-16T15:59:24.171382" elapsed="2.556191"/>
</kw>
<kw name="Fill the receive payment form with data" owner="ReceivePaymentResouce">
<kw name="Input Text" owner="SeleniumLibrary">
<msg time="2024-07-16T15:59:26.728573" level="INFO">Typing text 'demo' into text field 'xpath://input[@placeholder='Type to search']'.</msg>
<arg>${input_user}</arg>
<arg>${user}</arg>
<doc>Types the given ``text`` into the text field identified by ``locator``.</doc>
<status status="PASS" start="2024-07-16T15:59:26.728573" elapsed="0.346417"/>
</kw>
<kw name="Input Text" owner="SeleniumLibrary">
<msg time="2024-07-16T15:59:27.075989" level="INFO">Typing text '100' into text field 'xpath://div[@class='label-value-container']//div[@class='input-group']//input'.</msg>
<arg>${input_amount}</arg>
<arg>${amount}</arg>
<doc>Types the given ``text`` into the text field identified by ``locator``.</doc>
<status status="PASS" start="2024-07-16T15:59:27.074990" elapsed="0.145785"/>
</kw>
<arg>${user}</arg>
<arg>${amount}</arg>
<status status="PASS" start="2024-07-16T15:59:26.727573" elapsed="0.493202"/>
</kw>
<kw name="Select the schedule" owner="ReceivePaymentResouce">
<kw name="Click Button" owner="SeleniumLibrary">
<msg time="2024-07-16T15:59:27.222781" level="INFO">Clicking button 'xpath://button[@class='form-control text-left custom-select w-100']'.</msg>
<arg>${schedue}</arg>
<doc>Clicks the button identified by ``locator``.</doc>
<status status="PASS" start="2024-07-16T15:59:27.221781" elapsed="1.208294"/>
</kw>
<kw name="Click Element" owner="SeleniumLibrary">
<msg time="2024-07-16T15:59:28.431080" level="INFO">Clicking element 'xpath://div[@role='listbox']//a[text()=' Pay now ']'.</msg>
<arg>${pay_type}</arg>
<doc>Click the element identified by ``locator``.</doc>
<status status="PASS" start="2024-07-16T15:59:28.431080" elapsed="0.201786"/>
</kw>
<status status="PASS" start="2024-07-16T15:59:27.220775" elapsed="1.412091"/>
</kw>
<kw name="Fill the description" owner="ReceivePaymentResouce">
<kw name="Input Text" owner="SeleniumLibrary">
<msg time="2024-07-16T15:59:28.634871" level="INFO">Typing text '   ' into text field 'xpath://div[@class='d-flex label-value-value']//textarea'.</msg>
<arg>${descrip_xpath}</arg>
<arg>${description}</arg>
<doc>Types the given ``text`` into the text field identified by ``locator``.</doc>
<status status="PASS" start="2024-07-16T15:59:28.633875" elapsed="0.130987"/>
</kw>
<arg>${blank_description}</arg>
<status status="PASS" start="2024-07-16T15:59:28.633875" elapsed="0.130987"/>
</kw>
<kw name="Click the next button" owner="ReceivePaymentResouce">
<kw name="Click Button" owner="SeleniumLibrary">
<msg time="2024-07-16T15:59:28.766871" level="INFO">Clicking button 'xpath://action-button/button'.</msg>
<arg>${next_button}</arg>
<doc>Clicks the button identified by ``locator``.</doc>
<status status="PASS" start="2024-07-16T15:59:28.765863" elapsed="0.092066"/>
</kw>
<status status="PASS" start="2024-07-16T15:59:28.764862" elapsed="0.094067"/>
</kw>
<kw name="Verify the confirmation page is displayed" owner="ReceivePaymentResouce">
<kw name="Wait Until Element Is Visible" owner="SeleniumLibrary">
<arg>${confirm_button}</arg>
<doc>Waits until the element ``locator`` is visible.</doc>
<status status="PASS" start="2024-07-16T15:59:28.859930" elapsed="0.033046"/>
</kw>
<kw name="Click Button" owner="SeleniumLibrary">
<msg time="2024-07-16T15:59:28.893484" level="INFO">Clicking button 'xpath:(//action-button[@class='d-inline-block button']//button)[1]'.</msg>
<arg>${confirm_button}</arg>
<doc>Clicks the button identified by ``locator``.</doc>
<status status="PASS" start="2024-07-16T15:59:28.893484" elapsed="0.405347"/>
</kw>
<status status="PASS" start="2024-07-16T15:59:28.858929" elapsed="0.439902"/>
</kw>
<arg>user=demo</arg>
<arg>amount=100</arg>
<arg>blank_description=   </arg>
<tag>regression</tag>
<doc>This checks the Receive payment functionality with empty description</doc>
<status status="PASS" start="2024-07-16T15:59:20.392205" elapsed="8.906626"/>
</kw>
<kw name="Close Browser Session" owner="GenericResource" type="TEARDOWN">
<kw name="Close Browser" owner="SeleniumLibrary">
<doc>Closes the current browser.</doc>
<status status="PASS" start="2024-07-16T15:59:29.299835" elapsed="6.496241"/>
</kw>
<status status="PASS" start="2024-07-16T15:59:29.299835" elapsed="6.498241"/>
</kw>
<status status="PASS" start="2024-07-16T15:59:13.482238" elapsed="22.316837"/>
</test>
<doc>This checks the Receive payment fubctionality</doc>
<status status="PASS" start="2024-07-16T15:59:11.400979" elapsed="24.399096"/>
</suite>
<status status="PASS" start="2024-07-16T15:59:11.378093" elapsed="24.422982"/>
</suite>
<statistics>
<total>
<stat pass="1" fail="0" skip="0">All Tests</stat>
</total>
<tag>
</tag>
<suite>
<stat pass="1" fail="0" skip="0" id="s1" name="TestCases">TestCases</stat>
<stat pass="1" fail="0" skip="0" id="s1-s1" name="test blankDescReceivePay">TestCases.test blankDescReceivePay</stat>
</suite>
</statistics>
<errors>
</errors>
</robot>
