<?xml version="1.0" encoding="UTF-8"?>
<robot generator="Robot 7.0 (Python 3.12.2 on win32)" generated="2024-07-17T09:10:41.937107" rpa="false" schemaversion="5">
<suite id="s1" name="PilotProject Cyclos Team1-1" source="C:\Users\ASUS\Desktop\PilotProject_Cyclos_Team1-1">
<suite id="s1-s1" name="TestCases" source="C:\Users\ASUS\Desktop\PilotProject_Cyclos_Team1-1\TestCases">
<suite id="s1-s1-s1" name="test addUserToContact" source="C:\Users\ASUS\Desktop\PilotProject_Cyclos_Team1-1\TestCases\test_addUserToContact.robot">
<test id="s1-s1-s1-t1" name="Validate add to contact in Business Directory functionality" line="16">
<kw name="Open the Browser with URL" owner="GenericResource" type="SETUP">
<kw name="Create Webdriver" owner="SeleniumLibrary">
<msg time="2024-07-17T09:10:45.069282" level="INFO">Creating an instance of the Chrome WebDriver.</msg>
<arg>${brower_name}</arg>
<doc>Creates an instance of Selenium WebDriver.</doc>
<status status="PASS" start="2024-07-17T09:10:45.068282" elapsed="2.724770"/>
</kw>
<kw name="Go To" owner="SeleniumLibrary">
<msg time="2024-07-17T09:10:47.796054" level="INFO">Opening url 'https://demo.cyclos.org/ui/home'</msg>
<arg>${url}</arg>
<doc>Navigates the current browser window to the provided ``url``.</doc>
<status status="PASS" start="2024-07-17T09:10:47.794053" elapsed="1.146853"/>
</kw>
<kw name="Maximize Browser Window" owner="SeleniumLibrary">
<doc>Maximizes current browser window.</doc>
<status status="PASS" start="2024-07-17T09:10:48.940906" elapsed="1.794926"/>
</kw>
<kw name="Set Selenium Implicit Wait" owner="SeleniumLibrary">
<arg>5</arg>
<doc>Sets the implicit wait value used by Selenium.</doc>
<status status="PASS" start="2024-07-17T09:10:50.736338" elapsed="0.002004"/>
</kw>
<status status="PASS" start="2024-07-17T09:10:45.066277" elapsed="5.673065"/>
</kw>
<kw name="To Validate the add to contact in Business Directory functionality">
<kw name="Go to Login Page" owner="HomeResource">
<kw name="Wait Until Element Is Visible" owner="SeleniumLibrary">
<arg>${login_btn}</arg>
<doc>Waits until the element ``locator`` is visible.</doc>
<status status="PASS" start="2024-07-17T09:10:50.742342" elapsed="2.881159"/>
</kw>
<kw name="Click Element" owner="SeleniumLibrary">
<msg time="2024-07-17T09:10:53.625500" level="INFO">Clicking element 'xpath:(//div[@class="ml-2"])[3]'.</msg>
<arg>${login_btn}</arg>
<doc>Click the element identified by ``locator``.</doc>
<status status="PASS" start="2024-07-17T09:10:53.624500" elapsed="0.143346"/>
</kw>
<status status="PASS" start="2024-07-17T09:10:50.740342" elapsed="3.027504"/>
</kw>
<kw name="Fill the login form" owner="LoginResource">
<kw name="Input Text" owner="SeleniumLibrary">
<msg time="2024-07-17T09:10:53.770357" level="INFO">Typing text 'dharun' into text field 'css:input[placeholder="User"]'.</msg>
<arg>${username}</arg>
<arg>${user}</arg>
<doc>Types the given ``text`` into the text field identified by ``locator``.</doc>
<status status="PASS" start="2024-07-17T09:10:53.768851" elapsed="0.139329"/>
</kw>
<kw name="Input Password" owner="SeleniumLibrary">
<msg time="2024-07-17T09:10:53.910183" level="INFO">Typing password into text field 'css:input[placeholder="Password"]'.</msg>
<msg time="2024-07-17T09:10:53.975343" level="INFO">Temporally setting log level to: NONE</msg>
<arg>${password}</arg>
<arg>${pass}</arg>
<doc>Types the given password into the text field identified by ``locator``.</doc>
<status status="PASS" start="2024-07-17T09:10:53.909183" elapsed="0.146844"/>
</kw>
<arg>dharun</arg>
<arg>1234</arg>
<status status="PASS" start="2024-07-17T09:10:53.768851" elapsed="0.287176"/>
</kw>
<kw name="click the login button" owner="LoginResource">
<kw name="Click Button" owner="SeleniumLibrary">
<msg time="2024-07-17T09:10:54.059026" level="INFO">Clicking button 'xpath://button[@class="btn d-flex justify-content-center align-items-center w-100 h-100 btn-primary btn-action-primary"]'.</msg>
<arg>${submit_btn}</arg>
<doc>Clicks the button identified by ``locator``.</doc>
<status status="PASS" start="2024-07-17T09:10:54.058026" elapsed="0.133528"/>
</kw>
<status status="PASS" start="2024-07-17T09:10:54.057026" elapsed="0.134528"/>
</kw>
<kw name="Click the Marketplace Option" owner="HomeResource">
<kw name="Wait Until Element Is Visible" owner="SeleniumLibrary">
<arg>${Marketplace_Xpath}</arg>
<doc>Waits until the element ``locator`` is visible.</doc>
<status status="PASS" start="2024-07-17T09:10:54.194558" elapsed="1.036735"/>
</kw>
<kw name="Click Element" owner="SeleniumLibrary">
<msg time="2024-07-17T09:10:55.232298" level="INFO">Clicking element 'xpath://a[@id='menu_marketplace']'.</msg>
<arg>${Marketplace_Xpath}</arg>
<doc>Click the element identified by ``locator``.</doc>
<status status="PASS" start="2024-07-17T09:10:55.231293" elapsed="0.248476"/>
</kw>
<status status="PASS" start="2024-07-17T09:10:54.192557" elapsed="1.287212"/>
</kw>
<kw name="Verify the Marketplace page is displayed" owner="HomeResource">
<kw name="Element Text Should Be" owner="SeleniumLibrary">
<msg time="2024-07-17T09:10:55.483769" level="INFO">Verifying element 'xpath://div[@class='side-menu-title' and text()=' Marketplace ']' contains exact text 'Marketplace'.</msg>
<arg>${Marketplace_page_verify}</arg>
<arg>${Marketplace_page_keyword}</arg>
<doc>Verifies that element ``locator`` contains exact the text ``expected``.</doc>
<status status="PASS" start="2024-07-17T09:10:55.481771" elapsed="1.183508"/>
</kw>
<status status="PASS" start="2024-07-17T09:10:55.480771" elapsed="1.185506"/>
</kw>
<kw name="Select the option business directory" owner="BusinessDirectoryResource">
<kw name="Wait Until Element Is Visible" owner="SeleniumLibrary">
<arg>${business_dir}</arg>
<doc>Waits until the element ``locator`` is visible.</doc>
<status status="PASS" start="2024-07-17T09:10:56.670315" elapsed="0.042422"/>
</kw>
<kw name="Click Element" owner="SeleniumLibrary">
<msg time="2024-07-17T09:10:56.713739" level="INFO">Clicking element 'xpath:(//nav[@class='navbar d-flex flex-column align-items-stretch']//a/div)[1]'.</msg>
<arg>${business_dir}</arg>
<doc>Click the element identified by ``locator``.</doc>
<status status="PASS" start="2024-07-17T09:10:56.712737" elapsed="0.120548"/>
</kw>
<status status="PASS" start="2024-07-17T09:10:56.667277" elapsed="0.167007"/>
</kw>
<kw name="verify the business directory page open" owner="BusinessDirectoryResource">
<kw name="Element Text Should Be" owner="SeleniumLibrary">
<msg time="2024-07-17T09:10:56.837285" level="INFO">Verifying element 'xpath://div[text()=' Business directory ']' contains exact text 'Business directory'.</msg>
<arg>${business_dir_title}</arg>
<arg>${business_dir_title_verify}</arg>
<doc>Verifies that element ``locator`` contains exact the text ``expected``.</doc>
<status status="PASS" start="2024-07-17T09:10:56.837285" elapsed="0.310131"/>
</kw>
<status status="PASS" start="2024-07-17T09:10:56.834284" elapsed="0.314301"/>
</kw>
<kw name="Enter the key in keyword field" owner="BusinessDirectoryResource">
<kw name="Input Text" owner="SeleniumLibrary">
<msg time="2024-07-17T09:10:57.149751" level="INFO">Typing text 'shop' into text field 'xpath://div[@class='d-flex label-value-value']/input'.</msg>
<arg>${input_key}</arg>
<arg>${keyword}</arg>
<doc>Types the given ``text`` into the text field identified by ``locator``.</doc>
<status status="PASS" start="2024-07-17T09:10:57.148585" elapsed="0.198314"/>
</kw>
<arg>${valid_keyword}</arg>
<status status="PASS" start="2024-07-17T09:10:57.148585" elapsed="0.199321"/>
</kw>
<kw name="Add user to Contact" owner="BusinessDirectoryResource">
<kw name="Wait Until Element Is Visible" owner="SeleniumLibrary">
<arg>${contact}</arg>
<doc>Waits until the element ``locator`` is visible.</doc>
<status status="PASS" start="2024-07-17T09:10:57.348906" elapsed="0.207656"/>
</kw>
<kw name="Click Element" owner="SeleniumLibrary">
<msg time="2024-07-17T09:10:57.557562" level="INFO">Clicking element 'xpath:(//div[@class='row tiled-results']//a)[3]'.</msg>
<arg>${contact}</arg>
<doc>Click the element identified by ``locator``.</doc>
<status status="PASS" start="2024-07-17T09:10:57.557562" elapsed="0.159708"/>
</kw>
<kw name="Wait Until Element Is Visible" owner="SeleniumLibrary">
<msg time="2024-07-17T09:11:03.084366" level="INFO" html="true">&lt;/td&gt;&lt;/tr&gt;&lt;tr&gt;&lt;td colspan="3"&gt;&lt;a href="selenium-screenshot-1.png"&gt;&lt;img src="selenium-screenshot-1.png" width="800px"&gt;&lt;/a&gt;</msg>
<msg time="2024-07-17T09:11:03.084366" level="FAIL">Element 'xpath://div[text()='Add to contacts']' not visible after 5 seconds.</msg>
<arg>${add_to_contact}</arg>
<doc>Waits until the element ``locator`` is visible.</doc>
<status status="FAIL" start="2024-07-17T09:10:57.718785" elapsed="5.370643">Element 'xpath://div[text()='Add to contacts']' not visible after 5 seconds.</status>
</kw>
<kw name="Click Element" owner="SeleniumLibrary">
<arg>${add_to_contact}</arg>
<doc>Click the element identified by ``locator``.</doc>
<status status="NOT RUN" start="2024-07-17T09:11:03.090428" elapsed="0.000000"/>
</kw>
<status status="FAIL" start="2024-07-17T09:10:57.347906" elapsed="5.743522">Element 'xpath://div[text()='Add to contacts']' not visible after 5 seconds.</status>
</kw>
<kw name="Verify the contact is added" owner="BusinessDirectoryResource">
<status status="NOT RUN" start="2024-07-17T09:11:03.091428" elapsed="0.001199"/>
</kw>
<arg>valid_keyword=shop</arg>
<tag>regression</tag>
<doc>This checks the add to contact in Business Directory functionality</doc>
<status status="FAIL" start="2024-07-17T09:10:50.739342" elapsed="12.353285">Element 'xpath://div[text()='Add to contacts']' not visible after 5 seconds.</status>
</kw>
<kw name="Close Browser Session" owner="GenericResource" type="TEARDOWN">
<kw name="Close Browser" owner="SeleniumLibrary">
<doc>Closes the current browser.</doc>
<status status="PASS" start="2024-07-17T09:11:03.093799" elapsed="3.513581"/>
</kw>
<status status="PASS" start="2024-07-17T09:11:03.092627" elapsed="3.514753"/>
</kw>
<tag>regression</tag>
<status status="FAIL" start="2024-07-17T09:10:45.062821" elapsed="21.544559">Element 'xpath://div[text()='Add to contacts']' not visible after 5 seconds.</status>
</test>
<doc>This checks the Business Directory functionality</doc>
<status status="FAIL" start="2024-07-17T09:10:41.978358" elapsed="24.630025"/>
</suite>
<status status="FAIL" start="2024-07-17T09:10:41.977350" elapsed="24.633033"/>
</suite>
<status status="FAIL" start="2024-07-17T09:10:41.957094" elapsed="24.654289"/>
</suite>
<statistics>
<total>
<stat pass="0" fail="1" skip="0">All Tests</stat>
</total>
<tag>
<stat pass="0" fail="1" skip="0">regression</stat>
</tag>
<suite>
<stat pass="0" fail="1" skip="0" id="s1" name="PilotProject Cyclos Team1-1">PilotProject Cyclos Team1-1</stat>
<stat pass="0" fail="1" skip="0" id="s1-s1" name="TestCases">PilotProject Cyclos Team1-1.TestCases</stat>
<stat pass="0" fail="1" skip="0" id="s1-s1-s1" name="test addUserToContact">PilotProject Cyclos Team1-1.TestCases.test addUserToContact</stat>
</suite>
</statistics>
<errors>
</errors>
</robot>
